#
# A fatal error has been detected by the Java Runtime Environment:
#
#  EXCEPTION_ACCESS_VIOLATION (0xc0000005) at pc=0x000001db87311039, pid=38824, tid=25568
#
# JRE version: OpenJDK Runtime Environment Temurin-21.0.7+6 (21.0.7+6) (build 21.0.7+6-LTS)
# Java VM: OpenJDK 64-Bit Server VM Temurin-21.0.7+6 (21.0.7+6-LTS, mixed mode, emulated-client, sharing, tiered, compressed oops, compressed class ptrs, g1 gc, windows-amd64)
# Problematic frame:
# v  ~BufferBlob::MethodHandles adapters 0x000001db87311039
#
# No core dump will be written. Minidumps are not enabled by default on client versions of Windows
#
# If you would like to submit a bug report, please visit:
#   https://github.com/adoptium/adoptium-support/issues
#

---------------  S U M M A R Y ------------

Command Line: -XX:+ShowCodeDetailsInExceptionMessages -agentlib:jdwp=transport=dt_socket,suspend=y,address=localhost:64332 -Dcom.sun.management.jmxremote -Dcom.sun.management.jmxremote.port=57295 -Dcom.sun.management.jmxremote.authenticate=false -Dcom.sun.management.jmxremote.ssl=false -Djava.rmi.server.hostname=localhost -Dspring.jmx.enabled=true -Dmanagement.endpoints.jmx.exposure.include=* -Dspring.application.admin.enabled=true -Dspring.output.ansi.enabled=always -XX:TieredStopAtLevel=1 -Dspring.boot.project.name=app-boot -javaagent:C:\Users\Angel Hernandez\Documents\ides\sts-4.31.0.RELEASE\configuration\org.eclipse.osgi\273\0\.cp\lib\javaagent-shaded.jar -Dfile.encoding=UTF-8 -Dstdout.encoding=UTF-8 -Dstderr.encoding=UTF-8 com.bachuco.app_boot.AppBootApplication

Host: Intel(R) Core(TM) i5-6200U CPU @ 2.30GHz, 4 cores, 15G,  Windows 11 , 64 bit Build 22621 (10.0.22621.3958)
Time: Tue Oct 14 10:45:44 2025 Hora estándar central (México) elapsed time: 6138.626722 seconds (0d 1h 42m 18s)

---------------  T H R E A D  ---------------

Current thread (0x000001dbd7bb4d20):  JavaThread "restartedMain"        [_thread_in_Java, id=25568, stack(0x00000097d9900000,0x00000097d9a00000) (1024K)]

Stack: [0x00000097d9900000,0x00000097d9a00000],  sp=0x00000097d99fa888,  free space=1002k
Native frames: (J=compiled Java code, j=interpreted, Vv=VM code, C=native code)
C  0x000001db87311039

The last pc belongs to _linkToSpecial (printed below).

siginfo: EXCEPTION_ACCESS_VIOLATION (0xc0000005), reading address 0x0000000800000008


Registers:
RAX=0x000001db872e9086, RBX=0x00000007fffffff8, RCX=0x00000097d99fa8a8, RDX=0x0000000000000005
RSP=0x00000097d99fa888, RBP=0x00000097d99fa8f0, RSI=0x000001dbd9493048, RDI=0x000001dbdf5aac70
R8 =0x0000000000000004, R9 =0x0000000000000004, R10=0x00007ffcb1bfdfc0, R11=0x000001db920b5ac8
R12=0x0000000000000000, R13=0x00000097d99fa888, R14=0x00000097d99fa928, R15=0x000001dbd7bb4d20
RIP=0x000001db87311039, EFLAGS=0x0000000000010202

XMM[0]=0x0000000000000000 0x0000000000000000
XMM[1]=0x0000000000000000 0x0000000000000000
XMM[2]=0x0000000000000000 0x0000000000000000
XMM[3]=0x0000000000000000 0x0000000000000000
XMM[4]=0x0000000000000000 0x0000000000000000
XMM[5]=0x0000000000000000 0x0000000000000000
XMM[6]=0x0000000000000000 0x0000000000000000
XMM[7]=0x0000000000000000 0x0000000000000000
XMM[8]=0x0000000000000000 0x0000000000000000
XMM[9]=0x0000000000000000 0x0000000000000000
XMM[10]=0x0000000000000000 0x0000000000000000
XMM[11]=0x0000000000000000 0x0000000000000000
XMM[12]=0x0000000000000000 0x0000000000000000
XMM[13]=0x0000000000000000 0x0000000000000000
XMM[14]=0x0000000000000000 0x0000000000000000
XMM[15]=0x0000000000000000 0x0000000000000000
  MXCSR=0x00001fa0


Register to memory mapping:

RAX=0x000001db872e9086 is at code_begin+3078 in an Interpreter codelet
return entry points  [0x000001db872e8480, 0x000001db872ea298]  7704 bytes
RBX=0x00000007fffffff8 is an unallocated location in the heap
RCX=0x00000097d99fa8a8 is pointing into the stack for thread: 0x000001dbd7bb4d20
RDX=0x0000000000000005 is an unknown value
RSP=0x00000097d99fa888 is pointing into the stack for thread: 0x000001dbd7bb4d20
RBP=0x00000097d99fa8f0 is pointing into the stack for thread: 0x000001dbd7bb4d20
RSI=0x000001dbd9493048 points into unknown readable memory: 0x8000281256739072 | 72 90 73 56 12 28 00 80
RDI=0x000001dbdf5aac70 points into unknown readable memory: 0x00000030000000a0 | a0 00 00 00 30 00 00 00
R8 =0x0000000000000004 is an unknown value
R9 =0x0000000000000004 is an unknown value
R10=0x00007ffcb1bfdfc0 jvm.dll
R11={method} {0x000001db920b5ad0} 'newInvokeSpecial' '(Ljava/lang/Object;Ljava/lang/Object;Ljava/lang/Object;Ljava/lang/Object;)Ljava/lang/Object;' in 'java/lang/invoke/DirectMethodHandle$Holder'
R12=0x0 is null
R13=0x00000097d99fa888 is pointing into the stack for thread: 0x000001dbd7bb4d20
R14=0x00000097d99fa928 is pointing into the stack for thread: 0x000001dbd7bb4d20
R15=0x000001dbd7bb4d20 is a thread

Top of Stack: (sp=0x00000097d99fa888)
0x00000097d99fa888:   000001db872e9086 0000000707cb6278
0x00000097d99fa898:   0000000707c74888 0000000707cc38c8
0x00000097d99fa8a8:   00000097d99fa8a8 000001db9272b496
0x00000097d99fa8b8:   0000000000000007 000001db920b1088
0x00000097d99fa8c8:   0000000701edf828 0000000701c49260
0x00000097d99fa8d8:   000001db920b5ac8 00000097d99fa888
0x00000097d99fa8e8:   00000097d99fa930 00000097d99fa9a0
0x00000097d99fa8f8:   000001db872e958b 0000000707cc33f0
0x00000097d99fa908:   0000000707cc38c8 0000000709bf5e50
0x00000097d99fa918:   0000000707cb6278 0000000707c74888
0x00000097d99fa928:   0000000707cc3420 000001db872e958b
0x00000097d99fa938:   0000000709bf5e50 0000000707cb6278
0x00000097d99fa948:   0000000707c74888 0000000707cc3420
0x00000097d99fa958:   00000097d99fa958 000001dbdd009301
0x00000097d99fa968:   000000000000000c 000001dbdd009450
0x00000097d99fa978:   0000000000000000 0000000703a361d0
0x00000097d99fa988:   000001dbdd009310 00000097d99fa938
0x00000097d99fa998:   00000097d99fa9e8 00000097d99faa50
0x00000097d99fa9a8:   000001db872e958b 0000000707cc3420
0x00000097d99fa9b8:   0000000707c74888 0000000707cc3628
0x00000097d99fa9c8:   0000000707cb6278 0000000707cc3728
0x00000097d99fa9d8:   0000000709bf5e50 0000000707cc3830
0x00000097d99fa9e8:   0000000709bf5e50 0000000707cb6278
0x00000097d99fa9f8:   0000000707c74888 0000000707cc3880
0x00000097d99faa08:   00000097d99faa08 000001dbd340ea9e
0x00000097d99faa18:   0000000000000006 000001dbd340ebf0
0x00000097d99faa28:   0000000000000000 0000000701c866a0
0x00000097d99faa38:   000001dbd340eab0 00000097d99fa9e8
0x00000097d99faa48:   00000097d99faa90 00000097d99fade8
0x00000097d99faa58:   000001db87688fba 0000000701c49590
0x00000097d99faa68:   0000000709bf5e50 0000000707cb6278
0x00000097d99faa78:   0000000707c74888 0000000707cc3880 

Instructions: (pc=0x000001db87311039)
0x000001db87310f39:   03 8b 5b 24 48 c1 e3 03 48 8b 5b 10 48 85 db 0f
0x000001db87310f49:   84 10 00 00 00 41 80 bf d8 05 00 00 00 74 03 ff
0x000001db87310f59:   63 38 ff 63 50 e9 9d 16 00 00 66 66 66 0f 1f 84
0x000001db87310f69:   00 00 00 00 00 66 66 66 90 66 66 0f 1f 84 00 00
0x000001db87310f79:   00 00 00 66 66 66 90 48 8b 53 08 0f b7 52 2e 48
0x000001db87310f89:   8b 0c d4 58 5b 50 44 8b 51 08 49 bb 00 00 00 92
0x000001db87310f99:   db 01 00 00 4d 03 d3 4c 8b 5b 10 4b 8b 9c da c0
0x000001db87310fa9:   01 00 00 48 85 db 0f 84 10 00 00 00 41 80 bf d8
0x000001db87310fb9:   05 00 00 00 74 03 ff 63 38 ff 63 50 e9 36 16 00
0x000001db87310fc9:   00 66 66 66 0f 1f 84 00 00 00 00 00 66 66 66 90
0x000001db87310fd9:   0f 1f 80 00 00 00 00 58 5b 50 8b 5b 24 48 c1 e3
0x000001db87310fe9:   03 48 8b 5b 10 48 85 db 0f 84 10 00 00 00 41 80
0x000001db87310ff9:   bf d8 05 00 00 00 74 03 ff 63 38 ff 63 50 e9 f4
0x000001db87311009:   15 00 00 66 66 66 0f 1f 84 00 00 00 00 00 66 66
0x000001db87311019:   66 90 0f 1f 44 00 00 48 8b 53 08 0f b7 52 2e 48
0x000001db87311029:   8b 0c d4 58 5b 50 48 3b 01 8b 5b 24 48 c1 e3 03
0x000001db87311039:   48 8b 5b 10 48 85 db 0f 84 10 00 00 00 41 80 bf
0x000001db87311049:   d8 05 00 00 00 74 03 ff 63 38 ff 63 50 e9 a5 15
0x000001db87311059:   00 00 0f 1f 44 00 00 48 8b 53 08 0f b7 52 2e 48
0x000001db87311069:   8b 0c d4 58 5b 50 44 8b 51 08 49 bb 00 00 00 92
0x000001db87311079:   db 01 00 00 4d 03 d3 8b 43 18 48 c1 e0 03 48 8b
0x000001db87311089:   40 10 48 8b 5b 10 45 8b 9a a0 00 00 00 4f 8d 9c
0x000001db87311099:   da c0 01 00 00 4d 8d 14 da 49 8b 1b 48 3b c3 74
0x000001db873110a9:   15 48 85 db 0f 84 32 00 00 00 49 83 c3 10 49 8b
0x000001db873110b9:   1b 48 3b c3 75 eb 45 8b 5b 08 4b 8b 1c 1a 48 85
0x000001db873110c9:   db 0f 84 10 00 00 00 41 80 bf d8 05 00 00 00 74
0x000001db873110d9:   03 ff 63 38 ff 63 50 e9 1b 15 00 00 e9 16 12 00
0x000001db873110e9:   00 f4 00 00 00 00 00 00 00 00 00 00 00 00 00 00
0x000001db873110f9:   00 00 00 00 00 00 00 00 00 00 00 00 00 00 00 00
0x000001db87311109:   00 00 00 00 00 00 00 00 00 00 00 00 00 00 00 00
0x000001db87311119:   00 00 00 00 00 00 00 00 00 00 00 00 00 00 00 00
0x000001db87311129:   00 00 00 00 00 00 00 00 00 00 00 00 00 00 00 00 


Stack slot to memory mapping:

stack at sp + 0 slots: 0x000001db872e9086 is at code_begin+3078 in an Interpreter codelet
return entry points  [0x000001db872e8480, 0x000001db872ea298]  7704 bytes
stack at sp + 1 slots: 0x0000000707cb6278 is an oop: com.bachuco.persistence.adapter.PedidoCompraSapWebClientAdapter 
{0x0000000707cb6278} - klass: 'com/bachuco/persistence/adapter/PedidoCompraSapWebClientAdapter'
 - ---- fields (total size 3 words):
 - private final 'username' 'Ljava/lang/String;' @12  "CONS_LATBC01"{0x0000000702bf95f8} (0xe057f2bf)
 - private final 'password' 'Ljava/lang/String;' @16  "Snorlax25"{0x0000000702bf95c0} (0xe057f2b8)
stack at sp + 2 slots: 0x0000000707c74888 is an oop: com.bachuco.persistence.repository.PedidoCompraJdbcRepository$$SpringCGLIB$$0 
{0x0000000707c74888} - klass: 'com/bachuco/persistence/repository/PedidoCompraJdbcRepository$$SpringCGLIB$$0'
 - ---- fields (total size 8 words):
 - private final 'jdbcTemplate' 'Lorg/springframework/jdbc/core/JdbcTemplate;' @12  null (0x00000000)
 - private final 'namedParameterJdbcTemplate' 'Lorg/springframework/jdbc/core/namedparam/NamedParameterJdbcTemplate;' @16  null (0x00000000)
 - private 'simpleJdbcCall' 'Lorg/springframework/jdbc/core/simple/SimpleJdbcCall;' @20  null (0x00000000)
 - private final 'dataSource' 'Ljavax/sql/DataSource;' @24  null (0x00000000)
 - private final 'pedidoCompraRowMapper' 'Lcom/bachuco/mapper/rowMapper/PedidoCompraRowMapper;' @28  null (0x00000000)
 - private 'CGLIB$BOUND' 'Z' @32  false (0x00)
 - private 'CGLIB$CALLBACK_0' 'Lorg/springframework/cglib/proxy/MethodInterceptor;' @36  a 'org/springframework/aop/framework/CglibAopProxy$DynamicAdvisedInterceptor'{0x0000000707fd9588} (0xe0ffb2b1)
 - private 'CGLIB$CALLBACK_1' 'Lorg/springframework/cglib/proxy/MethodInterceptor;' @40  a 'org/springframework/aop/framework/CglibAopProxy$StaticUnadvisedInterceptor'{0x0000000707fd9598} (0xe0ffb2b3)
 - private 'CGLIB$CALLBACK_2' 'Lorg/springframework/cglib/proxy/NoOp;' @44  a 'org/springframework/aop/framework/CglibAopProxy$SerializableNoOp'{0x0000000707fd95e8} (0xe0ffb2bd)
 - private 'CGLIB$CALLBACK_3' 'Lorg/springframework/cglib/proxy/Dispatcher;' @48  a 'org/springframework/aop/framework/CglibAopProxy$StaticDispatcher'{0x0000000707fd95a8} (0xe0ffb2b5)
 - private 'CGLIB$CALLBACK_4' 'Lorg/springframework/cglib/proxy/Dispatcher;' @52  a 'org/springframework/aop/framework/CglibAopProxy$AdvisedDispatcher'{0x0000000707fd90d0} (0xe0ffb21a)
 - private 'CGLIB$CALLBACK_5' 'Lorg/springframework/cglib/proxy/MethodInterceptor;' @56  a 'org/springframework/aop/framework/CglibAopProxy$EqualsInterceptor'{0x0000000707fd95f8} (0xe0ffb2bf)
 - private 'CGLIB$CALLBACK_6' 'Lorg/springframework/cglib/proxy/MethodInterceptor;' @60  a 'org/springframework/aop/framework/CglibAopProxy$HashCodeInterceptor'{0x0000000707fd9608} (0xe0ffb2c1)
stack at sp + 3 slots: 0x0000000707cc38c8 is an oop: com.bachuco.persistence.adapter.PedidoCompraJdbcRepositoryAdapter 
{0x0000000707cc38c8} - klass: 'com/bachuco/persistence/adapter/PedidoCompraJdbcRepositoryAdapter'
 - ---- fields (total size 5 words):
 - private final 'pedidoCompraJdbcRepository' 'Lcom/bachuco/persistence/repository/PedidoCompraJdbcRepository;' @12  null (0x00000000)
 - private final 'pedidoCompraSapWebClientAdapter' 'Lcom/bachuco/port/PedidoCompraSapPort;' @16  null (0x00000000)
 - private final 'jdbcTemplate' 'Lorg/springframework/jdbc/core/JdbcTemplate;' @20  null (0x00000000)
 - private 'em' 'Ljakarta/persistence/EntityManager;' @24  null (0x00000000)
 - private final 'urlPedCompra' 'Ljava/lang/String;' @28  null (0x00000000)
 - private 'pedidosSap' 'Ljava/util/List;' @32  null (0x00000000)
stack at sp + 4 slots: 0x00000097d99fa8a8 is pointing into the stack for thread: 0x000001dbd7bb4d20
stack at sp + 5 slots: 0x000001db9272b496 is pointing into metadata
stack at sp + 6 slots: 0x0000000000000007 is an unknown value
stack at sp + 7 slots: 0x000001db920b1088 is pointing into metadata

MethodHandle::interpreter_entry::_linkToSpecial [0x000001db8731100c, 0x000001db8731105b] (79 bytes)
[MachCode]
  0x000001db8731100c: 6666 660f | 1f84 0000 | 0000 0066 | 6666 900f | 1f44 0000 | 488b 5308 | 0fb7 522e | 488b 0cd4 
  0x000001db8731102c: 585b 5048 | 3b01 8b5b | 2448 c1e3 | 0348 8b5b | 1048 85db | 0f84 1000 | 0000 4180 | bfd8 0500 
  0x000001db8731104c: 0000 7403 | ff63 38ff | 6350 e9a5 | 
[/MachCode]

---------------  P R O C E S S  ---------------

Threads class SMR info:
_java_thread_list=0x000001dbd9c67210, length=28, elements={
0x000001db91666bf0, 0x000001db91667f90, 0x000001db916698d0, 0x000001db9166b9c0,
0x000001db9166d630, 0x000001db916758c0, 0x000001db916966d0, 0x000001db917253d0,
0x000001db917ecfc0, 0x000001db917f8f90, 0x000001db917fda30, 0x000001dbd71ca510,
0x000001dbd7385c90, 0x000001dbd73ac920, 0x000001dbd73be300, 0x000001dbd7b31600,
0x000001dbd7b35c70, 0x000001dbd7b64710, 0x000001dbd7bb81a0, 0x000001dbda852e90,
0x000001dbda8a75a0, 0x000001dbd7bb53b0, 0x000001dbd7bb4d20, 0x000001dbda8ac460,
0x000001dbda8acaf0, 0x000001dbda8ad180, 0x000001dbda8a8950, 0x000001dbda8aa390
}

Java Threads: ( => current thread )
  0x000001db91666bf0 JavaThread "Reference Handler"          daemon [_thread_blocked, id=3708, stack(0x00000097d7e00000,0x00000097d7f00000) (1024K)]
  0x000001db91667f90 JavaThread "Finalizer"                  daemon [_thread_blocked, id=40396, stack(0x00000097d7f00000,0x00000097d8000000) (1024K)]
  0x000001db916698d0 JavaThread "Signal Dispatcher"          daemon [_thread_blocked, id=39676, stack(0x00000097d8000000,0x00000097d8100000) (1024K)]
  0x000001db9166b9c0 JavaThread "Attach Listener"            daemon [_thread_blocked, id=36296, stack(0x00000097d8100000,0x00000097d8200000) (1024K)]
  0x000001db9166d630 JavaThread "Service Thread"             daemon [_thread_blocked, id=39436, stack(0x00000097d8200000,0x00000097d8300000) (1024K)]
  0x000001db916758c0 JavaThread "Monitor Deflation Thread"   daemon [_thread_blocked, id=37444, stack(0x00000097d8300000,0x00000097d8400000) (1024K)]
  0x000001db916966d0 JavaThread "C1 CompilerThread0"         daemon [_thread_blocked, id=42336, stack(0x00000097d8400000,0x00000097d8500000) (1024K)]
  0x000001db917253d0 JavaThread "Common-Cleaner"             daemon [_thread_blocked, id=34944, stack(0x00000097d8500000,0x00000097d8600000) (1024K)]
  0x000001db917ecfc0 JavaThread "JDWP Transport Listener: dt_socket" daemon [_thread_blocked, id=42572, stack(0x00000097d8600000,0x00000097d8700000) (1024K)]
  0x000001db917f8f90 JavaThread "JDWP Event Helper Thread"   daemon [_thread_blocked, id=38856, stack(0x00000097d8700000,0x00000097d8800000) (1024K)]
  0x000001db917fda30 JavaThread "JDWP Command Reader"        daemon [_thread_in_native, id=34552, stack(0x00000097d8800000,0x00000097d8900000) (1024K)]
  0x000001dbd71ca510 JavaThread "Notification Thread"        daemon [_thread_blocked, id=40456, stack(0x00000097d8b00000,0x00000097d8c00000) (1024K)]
  0x000001dbd7385c90 JavaThread "RMI TCP Accept-0"           daemon [_thread_in_native, id=33700, stack(0x00000097d8f00000,0x00000097d9000000) (1024K)]
  0x000001dbd73ac920 JavaThread "RMI TCP Accept-57295"       daemon [_thread_in_native, id=26680, stack(0x00000097d9000000,0x00000097d9100000) (1024K)]
  0x000001dbd73be300 JavaThread "RMI TCP Accept-0"           daemon [_thread_in_native, id=24976, stack(0x00000097d9100000,0x00000097d9200000) (1024K)]
  0x000001dbd7b31600 JavaThread "RMI Scheduler(0)"           daemon [_thread_blocked, id=13184, stack(0x00000097d9300000,0x00000097d9400000) (1024K)]
  0x000001dbd7b35c70 JavaThread "RMI TCP Connection(idle)"   daemon [_thread_blocked, id=12036, stack(0x00000097d9400000,0x00000097d9500000) (1024K)]
  0x000001dbd7b64710 JavaThread "JMX server connection timeout 33" daemon [_thread_blocked, id=28384, stack(0x00000097d9500000,0x00000097d9600000) (1024K)]
  0x000001dbd7bb81a0 JavaThread "mysql-cj-abandoned-connection-cleanup" daemon [_thread_blocked, id=34896, stack(0x00000097d9800000,0x00000097d9900000) (1024K)]
  0x000001dbda852e90 JavaThread "Live Reload Server"         daemon [_thread_in_native, id=38464, stack(0x00000097da100000,0x00000097da200000) (1024K)]
  0x000001dbda8a75a0 JavaThread "DestroyJavaVM"                     [_thread_blocked, id=32216, stack(0x00000097d7600000,0x00000097d7700000) (1024K)]
  0x000001dbd7bb53b0 JavaThread "Thread-43"                         [_thread_blocked, id=7276, stack(0x00000097d8a00000,0x00000097d8b00000) (1024K)]
=>0x000001dbd7bb4d20 JavaThread "restartedMain"                     [_thread_in_Java, id=25568, stack(0x00000097d9900000,0x00000097d9a00000) (1024K)]
  0x000001dbda8ac460 JavaThread "HikariPool-12:housekeeper"  daemon [_thread_blocked, id=39868, stack(0x00000097d7300000,0x00000097d7400000) (1024K)]
  0x000001dbda8acaf0 JavaThread "Catalina-utility-1"                [_thread_blocked, id=27068, stack(0x00000097d7500000,0x00000097d7600000) (1024K)]
  0x000001dbda8ad180 JavaThread "Catalina-utility-2"                [_thread_blocked, id=21096, stack(0x00000097d9600000,0x00000097d9700000) (1024K)]
  0x000001dbda8a8950 JavaThread "container-0"                       [_thread_blocked, id=30848, stack(0x00000097d9a00000,0x00000097d9b00000) (1024K)]
  0x000001dbda8aa390 JavaThread "HttpClient-12-SelectorManager" daemon [_thread_in_native, id=30336, stack(0x00000097d9b00000,0x00000097d9c00000) (1024K)]
Total: 28

Other Threads:
  0x000001db91648560 VMThread "VM Thread"                           [id=40596, stack(0x00000097d7d00000,0x00000097d7e00000) (1024K)]
  0x000001db916365e0 WatcherThread "VM Periodic Task Thread"        [id=22272, stack(0x00000097d7c00000,0x00000097d7d00000) (1024K)]
  0x000001db839b8600 WorkerThread "GC Thread#0"                     [id=25908, stack(0x00000097d7700000,0x00000097d7800000) (1024K)]
  0x000001dbd71ff690 WorkerThread "GC Thread#1"                     [id=33652, stack(0x00000097d8c00000,0x00000097d8d00000) (1024K)]
  0x000001dbd71ffa30 WorkerThread "GC Thread#2"                     [id=32312, stack(0x00000097d8d00000,0x00000097d8e00000) (1024K)]
  0x000001dbd71ffdd0 WorkerThread "GC Thread#3"                     [id=41728, stack(0x00000097d8e00000,0x00000097d8f00000) (1024K)]
  0x000001db839c9360 ConcurrentGCThread "G1 Main Marker"            [id=39132, stack(0x00000097d7800000,0x00000097d7900000) (1024K)]
  0x000001db839ca6b0 WorkerThread "G1 Conc#0"                       [id=10648, stack(0x00000097d7900000,0x00000097d7a00000) (1024K)]
  0x000001db914f7940 ConcurrentGCThread "G1 Refine#0"               [id=41568, stack(0x00000097d7a00000,0x00000097d7b00000) (1024K)]
  0x000001db914f84d0 ConcurrentGCThread "G1 Service"                [id=17156, stack(0x00000097d7b00000,0x00000097d7c00000) (1024K)]
Total: 10

Threads with active compile tasks:
Total: 0

VM state: not at safepoint (normal execution)

VM Mutex/Monitor currently owned by a thread: None

Heap address: 0x0000000701800000, size: 4072 MB, Compressed Oops mode: Zero based, Oop shift amount: 3

CDS archive(s) mapped at: [0x000001db92000000-0x000001db92c80000-0x000001db92c80000), size 13107200, SharedBaseAddress: 0x000001db92000000, ArchiveRelocationMode: 1.
Compressed class space mapped at: 0x000001db93000000-0x000001dbd3000000, reserved size: 1073741824
Narrow klass base: 0x000001db92000000, Narrow klass shift: 0, Narrow klass range: 0x100000000

GC Precious Log:
 CardTable entry size: 512
 Card Set container configuration: InlinePtr #cards 4 size 8 Array Of Cards #cards 16 size 48 Howl #buckets 8 coarsen threshold 3686 Howl Bitmap #cards 512 size 80 coarsen threshold 460 Card regions per heap region 1 cards per card region 4096
 CPUs: 4 total, 4 available
 Memory: 16280M
 Large Page Support: Disabled
 NUMA Support: Disabled
 Compressed Oops: Enabled (Zero based)
 Heap Region Size: 2M
 Heap Min Capacity: 8M
 Heap Initial Capacity: 256M
 Heap Max Capacity: 4072M
 Pre-touch: Disabled
 Parallel Workers: 4
 Concurrent Workers: 1
 Concurrent Refinement Workers: 4
 Periodic GC: Disabled

Heap:
 garbage-first heap   total 137216K, used 80641K [0x0000000701800000, 0x0000000800000000)
  region size 2048K, 20 young (40960K), 3 survivors (6144K)
 Metaspace       used 114330K, committed 115264K, reserved 1179648K
  class space    used 15334K, committed 15808K, reserved 1048576K

Heap Regions: E=young(eden), S=young(survivor), O=old, HS=humongous(starts), HC=humongous(continues), CS=collection set, F=free, TAMS=top-at-mark-start, PB=parsable bottom
|   0|0x0000000701800000, 0x0000000701a00000, 0x0000000701a00000|100%| O|  |TAMS 0x0000000701800000| PB 0x0000000701800000| Untracked 
|   1|0x0000000701a00000, 0x0000000701c00000, 0x0000000701c00000|100%| O|  |TAMS 0x0000000701a00000| PB 0x0000000701a00000| Untracked 
|   2|0x0000000701c00000, 0x0000000701dffff8, 0x0000000701e00000| 99%| O|  |TAMS 0x0000000701c00000| PB 0x0000000701c00000| Untracked 
|   3|0x0000000701e00000, 0x0000000702000000, 0x0000000702000000|100%| O|  |TAMS 0x0000000701e00000| PB 0x0000000701e00000| Untracked 
|   4|0x0000000702000000, 0x00000007021ffe70, 0x0000000702200000| 99%| O|  |TAMS 0x0000000702000000| PB 0x0000000702000000| Untracked 
|   5|0x0000000702200000, 0x00000007023ffff0, 0x0000000702400000| 99%| O|  |TAMS 0x0000000702200000| PB 0x0000000702200000| Untracked 
|   6|0x0000000702400000, 0x00000007025ffff8, 0x0000000702600000| 99%| O|  |TAMS 0x0000000702400000| PB 0x0000000702400000| Untracked 
|   7|0x0000000702600000, 0x00000007027ffff0, 0x0000000702800000| 99%| O|  |TAMS 0x0000000702600000| PB 0x0000000702600000| Untracked 
|   8|0x0000000702800000, 0x00000007029ffff0, 0x0000000702a00000| 99%| O|  |TAMS 0x0000000702800000| PB 0x0000000702800000| Untracked 
|   9|0x0000000702a00000, 0x0000000702bffff8, 0x0000000702c00000| 99%| O|  |TAMS 0x0000000702a00000| PB 0x0000000702a00000| Untracked 
|  10|0x0000000702c00000, 0x0000000702dffff0, 0x0000000702e00000| 99%| O|  |TAMS 0x0000000702c00000| PB 0x0000000702c00000| Untracked 
|  11|0x0000000702e00000, 0x0000000702ffffa8, 0x0000000703000000| 99%| O|  |TAMS 0x0000000702e00000| PB 0x0000000702e00000| Untracked 
|  12|0x0000000703000000, 0x00000007031fffd0, 0x0000000703200000| 99%| O|  |TAMS 0x0000000703000000| PB 0x0000000703000000| Untracked 
|  13|0x0000000703200000, 0x00000007033fffb8, 0x0000000703400000| 99%| O|  |TAMS 0x0000000703200000| PB 0x0000000703200000| Untracked 
|  14|0x0000000703400000, 0x00000007035859e8, 0x0000000703600000| 76%| O|  |TAMS 0x0000000703400000| PB 0x0000000703400000| Untracked 
|  15|0x0000000703600000, 0x00000007037fffd8, 0x0000000703800000| 99%| O|  |TAMS 0x0000000703600000| PB 0x0000000703600000| Untracked 
|  16|0x0000000703800000, 0x00000007039fffe0, 0x0000000703a00000| 99%| O|  |TAMS 0x0000000703800000| PB 0x0000000703800000| Untracked 
|  17|0x0000000703a00000, 0x0000000703c00000, 0x0000000703c00000|100%| O|  |TAMS 0x0000000703a00000| PB 0x0000000703a00000| Untracked 
|  18|0x0000000703c00000, 0x0000000703dfcf38, 0x0000000703e00000| 99%| O|  |TAMS 0x0000000703c00000| PB 0x0000000703c00000| Untracked 
|  19|0x0000000703e00000, 0x0000000703ea70f0, 0x0000000704000000| 32%| O|  |TAMS 0x0000000703e00000| PB 0x0000000703e00000| Untracked 
|  20|0x0000000704000000, 0x0000000704200000, 0x0000000704200000|100%| O|  |TAMS 0x0000000704000000| PB 0x0000000704000000| Untracked 
|  21|0x0000000704200000, 0x0000000704220228, 0x0000000704400000|  6%| O|Cm|TAMS 0x0000000704200000| PB 0x0000000704200000| Complete 
|  22|0x0000000704400000, 0x000000070459b300, 0x0000000704600000| 80%| O|  |TAMS 0x0000000704400000| PB 0x0000000704400000| Untracked 
|  23|0x0000000704600000, 0x0000000704600000, 0x0000000704800000|  0%| F|  |TAMS 0x0000000704600000| PB 0x0000000704600000| Untracked 
|  24|0x0000000704800000, 0x0000000704800000, 0x0000000704a00000|  0%| F|  |TAMS 0x0000000704800000| PB 0x0000000704800000| Untracked 
|  25|0x0000000704a00000, 0x0000000704a00000, 0x0000000704c00000|  0%| F|  |TAMS 0x0000000704a00000| PB 0x0000000704a00000| Untracked 
|  26|0x0000000704c00000, 0x0000000704c00000, 0x0000000704e00000|  0%| F|  |TAMS 0x0000000704c00000| PB 0x0000000704c00000| Untracked 
|  27|0x0000000704e00000, 0x0000000704edb9e0, 0x0000000705000000| 42%| S|CS|TAMS 0x0000000704e00000| PB 0x0000000704e00000| Complete 
|  28|0x0000000705000000, 0x0000000705200000, 0x0000000705200000|100%| S|CS|TAMS 0x0000000705000000| PB 0x0000000705000000| Complete 
|  29|0x0000000705200000, 0x0000000705400000, 0x0000000705400000|100%| S|CS|TAMS 0x0000000705200000| PB 0x0000000705200000| Complete 
|  30|0x0000000705400000, 0x0000000705400000, 0x0000000705600000|  0%| F|  |TAMS 0x0000000705400000| PB 0x0000000705400000| Untracked 
|  31|0x0000000705600000, 0x0000000705600000, 0x0000000705800000|  0%| F|  |TAMS 0x0000000705600000| PB 0x0000000705600000| Untracked 
|  32|0x0000000705800000, 0x0000000705800000, 0x0000000705a00000|  0%| F|  |TAMS 0x0000000705800000| PB 0x0000000705800000| Untracked 
|  33|0x0000000705a00000, 0x0000000705a00000, 0x0000000705c00000|  0%| F|  |TAMS 0x0000000705a00000| PB 0x0000000705a00000| Untracked 
|  34|0x0000000705c00000, 0x0000000705c00000, 0x0000000705e00000|  0%| F|  |TAMS 0x0000000705c00000| PB 0x0000000705c00000| Untracked 
|  35|0x0000000705e00000, 0x0000000705e00000, 0x0000000706000000|  0%| F|  |TAMS 0x0000000705e00000| PB 0x0000000705e00000| Untracked 
|  36|0x0000000706000000, 0x0000000706000000, 0x0000000706200000|  0%| F|  |TAMS 0x0000000706000000| PB 0x0000000706000000| Untracked 
|  37|0x0000000706200000, 0x0000000706200000, 0x0000000706400000|  0%| F|  |TAMS 0x0000000706200000| PB 0x0000000706200000| Untracked 
|  38|0x0000000706400000, 0x0000000706400000, 0x0000000706600000|  0%| F|  |TAMS 0x0000000706400000| PB 0x0000000706400000| Untracked 
|  39|0x0000000706600000, 0x0000000706600000, 0x0000000706800000|  0%| F|  |TAMS 0x0000000706600000| PB 0x0000000706600000| Untracked 
|  40|0x0000000706800000, 0x0000000706800000, 0x0000000706a00000|  0%| F|  |TAMS 0x0000000706800000| PB 0x0000000706800000| Untracked 
|  41|0x0000000706a00000, 0x0000000706a00000, 0x0000000706c00000|  0%| F|  |TAMS 0x0000000706a00000| PB 0x0000000706a00000| Untracked 
|  42|0x0000000706c00000, 0x0000000706c00000, 0x0000000706e00000|  0%| F|  |TAMS 0x0000000706c00000| PB 0x0000000706c00000| Untracked 
|  43|0x0000000706e00000, 0x0000000706e00000, 0x0000000707000000|  0%| F|  |TAMS 0x0000000706e00000| PB 0x0000000706e00000| Untracked 
|  44|0x0000000707000000, 0x0000000707000000, 0x0000000707200000|  0%| F|  |TAMS 0x0000000707000000| PB 0x0000000707000000| Untracked 
|  45|0x0000000707200000, 0x0000000707200000, 0x0000000707400000|  0%| F|  |TAMS 0x0000000707200000| PB 0x0000000707200000| Untracked 
|  46|0x0000000707400000, 0x0000000707400000, 0x0000000707600000|  0%| F|  |TAMS 0x0000000707400000| PB 0x0000000707400000| Untracked 
|  47|0x0000000707600000, 0x0000000707600000, 0x0000000707800000|  0%| F|  |TAMS 0x0000000707600000| PB 0x0000000707600000| Untracked 
|  48|0x0000000707800000, 0x0000000707800000, 0x0000000707a00000|  0%| F|  |TAMS 0x0000000707800000| PB 0x0000000707800000| Untracked 
|  49|0x0000000707a00000, 0x0000000707a00000, 0x0000000707c00000|  0%| F|  |TAMS 0x0000000707a00000| PB 0x0000000707a00000| Untracked 
|  50|0x0000000707c00000, 0x0000000707dc3f98, 0x0000000707e00000| 88%| E|  |TAMS 0x0000000707c00000| PB 0x0000000707c00000| Complete 
|  51|0x0000000707e00000, 0x0000000708000000, 0x0000000708000000|100%| E|CS|TAMS 0x0000000707e00000| PB 0x0000000707e00000| Complete 
|  52|0x0000000708000000, 0x0000000708200000, 0x0000000708200000|100%| E|CS|TAMS 0x0000000708000000| PB 0x0000000708000000| Complete 
|  53|0x0000000708200000, 0x0000000708400000, 0x0000000708400000|100%| E|CS|TAMS 0x0000000708200000| PB 0x0000000708200000| Complete 
|  54|0x0000000708400000, 0x0000000708600000, 0x0000000708600000|100%| E|CS|TAMS 0x0000000708400000| PB 0x0000000708400000| Complete 
|  55|0x0000000708600000, 0x0000000708800000, 0x0000000708800000|100%| E|CS|TAMS 0x0000000708600000| PB 0x0000000708600000| Complete 
|  56|0x0000000708800000, 0x0000000708a00000, 0x0000000708a00000|100%| E|CS|TAMS 0x0000000708800000| PB 0x0000000708800000| Complete 
|  57|0x0000000708a00000, 0x0000000708c00000, 0x0000000708c00000|100%| E|CS|TAMS 0x0000000708a00000| PB 0x0000000708a00000| Complete 
|  58|0x0000000708c00000, 0x0000000708e00000, 0x0000000708e00000|100%| E|CS|TAMS 0x0000000708c00000| PB 0x0000000708c00000| Complete 
|  59|0x0000000708e00000, 0x0000000709000000, 0x0000000709000000|100%| E|CS|TAMS 0x0000000708e00000| PB 0x0000000708e00000| Complete 
|  60|0x0000000709000000, 0x0000000709200000, 0x0000000709200000|100%| E|CS|TAMS 0x0000000709000000| PB 0x0000000709000000| Complete 
|  61|0x0000000709200000, 0x0000000709400000, 0x0000000709400000|100%| E|CS|TAMS 0x0000000709200000| PB 0x0000000709200000| Complete 
|  62|0x0000000709400000, 0x0000000709600000, 0x0000000709600000|100%| E|CS|TAMS 0x0000000709400000| PB 0x0000000709400000| Complete 
|  63|0x0000000709600000, 0x0000000709800000, 0x0000000709800000|100%| E|CS|TAMS 0x0000000709600000| PB 0x0000000709600000| Complete 
|  64|0x0000000709800000, 0x0000000709a00000, 0x0000000709a00000|100%| E|CS|TAMS 0x0000000709800000| PB 0x0000000709800000| Complete 
|  65|0x0000000709a00000, 0x0000000709c00000, 0x0000000709c00000|100%| E|CS|TAMS 0x0000000709a00000| PB 0x0000000709a00000| Complete 
|  66|0x0000000709c00000, 0x0000000709e00000, 0x0000000709e00000|100%| E|CS|TAMS 0x0000000709c00000| PB 0x0000000709c00000| Complete 

Card table byte_map: [0x000001db8aae0000,0x000001db8b2e0000] _byte_map_base: 0x000001db872d4000

Marking Bits: (CMBitMap*) 0x000001db839b8c00
 Bits: [0x000001db8b2e0000, 0x000001db8f280000)

Polling page: 0x000001db816c0000

Metaspace:

Usage:
  Non-class:     96.68 MB used.
      Class:     14.97 MB used.
       Both:    111.65 MB used.

Virtual space:
  Non-class space:      128.00 MB reserved,      97.12 MB ( 76%) committed,  2 nodes.
      Class space:        1.00 GB reserved,      15.44 MB (  2%) committed,  1 nodes.
             Both:        1.12 GB reserved,     112.56 MB ( 10%) committed. 

Chunk freelists:
   Non-Class:  14.82 MB
       Class:  578.00 KB
        Both:  15.38 MB

MaxMetaspaceSize: unlimited
CompressedClassSpaceSize: 1.00 GB
Initial GC threshold: 21.00 MB
Current GC threshold: 186.69 MB
CDS: on
 - commit_granule_bytes: 65536.
 - commit_granule_words: 8192.
 - virtual_space_node_default_size: 8388608.
 - enlarge_chunks_in_place: 1.
 - use_allocation_guard: 0.


Internal statistics:

num_allocs_failed_limit: 6.
num_arena_births: 3700.
num_arena_deaths: 2394.
num_vsnodes_births: 3.
num_vsnodes_deaths: 0.
num_space_committed: 1800.
num_space_uncommitted: 0.
num_chunks_returned_to_freelist: 3146.
num_chunks_taken_from_freelist: 10475.
num_chunk_merges: 703.
num_chunk_splits: 5375.
num_chunks_enlarged: 3384.
num_inconsistent_stats: 0.

CodeCache: size=49152Kb used=17166Kb max_used=23437Kb free=31985Kb
 bounds [0x000001db872e0000, 0x000001db88a60000, 0x000001db8a2e0000]
 total_blobs=9325 nmethods=8557 adapters=691
 compilation: enabled
              stopped_count=0, restarted_count=0
 full_count=0

Compilation events (20 events):
Event: 5832.405 Thread 0x000001dbdf70e4e0 23302       1       java.lang.Module::isOpen (18 bytes)
Event: 5832.405 Thread 0x000001dbdf70e4e0 nmethod 23302 0x000001db8843ff10 code [0x000001db884400e0, 0x000001db88440330]
Event: 5832.419 Thread 0x000001dbdf70e4e0 23303       1       org.springframework.cglib.core.CodeEmitter::newarray (33 bytes)
Event: 5832.420 Thread 0x000001dbdf70e4e0 nmethod 23303 0x000001db8843f890 code [0x000001db8843fa80, 0x000001db8843fd10]
Event: 5832.420 Thread 0x000001dbdf70e4e0 23304       1       org.springframework.cglib.core.CodeEmitter::dup2 (10 bytes)
Event: 5832.421 Thread 0x000001dbdf70e4e0 nmethod 23304 0x000001db8843f510 code [0x000001db8843f6c0, 0x000001db8843f7c8]
Event: 5832.431 Thread 0x000001dbdf711490 23305       1       org.springframework.orm.jpa.AbstractEntityManagerFactoryBean::getObjectType (20 bytes)
Event: 5832.432 Thread 0x000001dbdf711490 nmethod 23305 0x000001db8843f190 code [0x000001db8843f340, 0x000001db8843f468]
Event: 5832.436 Thread 0x000001dbdf70e4e0 23306       1       java.lang.Class::toString (36 bytes)
Event: 5832.436 Thread 0x000001db916966d0 23307       1       org.springframework.cglib.core.CollectionUtils::filter (15 bytes)
Event: 5832.437 Thread 0x000001db916966d0 nmethod 23307 0x000001db8843ec90 code [0x000001db8843ee40, 0x000001db8843efd0]
Event: 5832.437 Thread 0x000001dbdf70e4e0 nmethod 23306 0x000001db8843db90 code [0x000001db8843de40, 0x000001db8843e728]
Event: 5832.440 Thread 0x000001dbdf70e4e0 23308       1       org.springframework.cglib.core.AbstractClassGenerator::getAttemptLoad (5 bytes)
Event: 5832.440 Thread 0x000001dbdf711490 23309       1       org.springframework.cglib.core.AbstractClassGenerator::getStrategy (5 bytes)
Event: 5832.440 Thread 0x000001dbdf711490 nmethod 23309 0x000001db8843d890 code [0x000001db8843da20, 0x000001db8843daf0]
Event: 5832.440 Thread 0x000001dbdf70e4e0 nmethod 23308 0x000001db8843d590 code [0x000001db8843d720, 0x000001db8843d7f0]
Event: 5958.371 Thread 0x000001db916966d0 23310       1       sun.nio.ch.Net::getSocketOption (143 bytes)
Event: 5958.372 Thread 0x000001db916966d0 nmethod 23310 0x000001db8843c810 code [0x000001db8843ca80, 0x000001db8843d178]
Event: 6082.903 Thread 0x000001db916966d0 23312       1       org.eclipse.jdt.launching.internal.org.objectweb.asm.Handle::hashCode (43 bytes)
Event: 6082.904 Thread 0x000001db916966d0 nmethod 23312 0x000001db8843bf90 code [0x000001db8843c140, 0x000001db8843c2c8]

GC Heap History (20 events):
Event: 4450.072 GC heap before
{Heap before GC invocations=106 (full 10):
 garbage-first heap   total 137216K, used 122788K [0x0000000701800000, 0x0000000800000000)
  region size 2048K, 40 young (81920K), 1 survivors (2048K)
 Metaspace       used 112402K, committed 113536K, reserved 1179648K
  class space    used 15086K, committed 15616K, reserved 1048576K
}
Event: 4450.074 GC heap after
{Heap after GC invocations=107 (full 10):
 garbage-first heap   total 137216K, used 42937K [0x0000000701800000, 0x0000000800000000)
  region size 2048K, 1 young (2048K), 1 survivors (2048K)
 Metaspace       used 112402K, committed 113536K, reserved 1179648K
  class space    used 15086K, committed 15616K, reserved 1048576K
}
Event: 4645.979 GC heap before
{Heap before GC invocations=107 (full 10):
 garbage-first heap   total 137216K, used 122809K [0x0000000701800000, 0x0000000800000000)
  region size 2048K, 40 young (81920K), 1 survivors (2048K)
 Metaspace       used 112414K, committed 113536K, reserved 1179648K
  class space    used 15088K, committed 15616K, reserved 1048576K
}
Event: 4645.982 GC heap after
{Heap after GC invocations=108 (full 10):
 garbage-first heap   total 137216K, used 42138K [0x0000000701800000, 0x0000000800000000)
  region size 2048K, 1 young (2048K), 1 survivors (2048K)
 Metaspace       used 112414K, committed 113536K, reserved 1179648K
  class space    used 15088K, committed 15616K, reserved 1048576K
}
Event: 4843.102 GC heap before
{Heap before GC invocations=108 (full 10):
 garbage-first heap   total 137216K, used 122010K [0x0000000701800000, 0x0000000800000000)
  region size 2048K, 40 young (81920K), 1 survivors (2048K)
 Metaspace       used 112414K, committed 113536K, reserved 1179648K
  class space    used 15088K, committed 15616K, reserved 1048576K
}
Event: 4843.107 GC heap after
{Heap after GC invocations=109 (full 10):
 garbage-first heap   total 137216K, used 42196K [0x0000000701800000, 0x0000000800000000)
  region size 2048K, 1 young (2048K), 1 survivors (2048K)
 Metaspace       used 112414K, committed 113536K, reserved 1179648K
  class space    used 15088K, committed 15616K, reserved 1048576K
}
Event: 5043.160 GC heap before
{Heap before GC invocations=110 (full 10):
 garbage-first heap   total 137216K, used 122068K [0x0000000701800000, 0x0000000800000000)
  region size 2048K, 40 young (81920K), 1 survivors (2048K)
 Metaspace       used 112403K, committed 113536K, reserved 1179648K
  class space    used 15087K, committed 15616K, reserved 1048576K
}
Event: 5043.163 GC heap after
{Heap after GC invocations=111 (full 10):
 garbage-first heap   total 137216K, used 42218K [0x0000000701800000, 0x0000000800000000)
  region size 2048K, 1 young (2048K), 1 survivors (2048K)
 Metaspace       used 112403K, committed 113536K, reserved 1179648K
  class space    used 15087K, committed 15616K, reserved 1048576K
}
Event: 5245.792 GC heap before
{Heap before GC invocations=111 (full 10):
 garbage-first heap   total 137216K, used 122090K [0x0000000701800000, 0x0000000800000000)
  region size 2048K, 40 young (81920K), 1 survivors (2048K)
 Metaspace       used 112414K, committed 113536K, reserved 1179648K
  class space    used 15088K, committed 15616K, reserved 1048576K
}
Event: 5245.797 GC heap after
{Heap after GC invocations=112 (full 10):
 garbage-first heap   total 137216K, used 41574K [0x0000000701800000, 0x0000000800000000)
  region size 2048K, 1 young (2048K), 1 survivors (2048K)
 Metaspace       used 112414K, committed 113536K, reserved 1179648K
  class space    used 15088K, committed 15616K, reserved 1048576K
}
Event: 5443.790 GC heap before
{Heap before GC invocations=112 (full 10):
 garbage-first heap   total 137216K, used 121446K [0x0000000701800000, 0x0000000800000000)
  region size 2048K, 40 young (81920K), 1 survivors (2048K)
 Metaspace       used 112415K, committed 113536K, reserved 1179648K
  class space    used 15089K, committed 15616K, reserved 1048576K
}
Event: 5443.792 GC heap after
{Heap after GC invocations=113 (full 10):
 garbage-first heap   total 137216K, used 41777K [0x0000000701800000, 0x0000000800000000)
  region size 2048K, 1 young (2048K), 1 survivors (2048K)
 Metaspace       used 112415K, committed 113536K, reserved 1179648K
  class space    used 15089K, committed 15616K, reserved 1048576K
}
Event: 5643.260 GC heap before
{Heap before GC invocations=114 (full 10):
 garbage-first heap   total 137216K, used 121649K [0x0000000701800000, 0x0000000800000000)
  region size 2048K, 40 young (81920K), 1 survivors (2048K)
 Metaspace       used 112405K, committed 113536K, reserved 1179648K
  class space    used 15087K, committed 15616K, reserved 1048576K
}
Event: 5643.262 GC heap after
{Heap after GC invocations=115 (full 10):
 garbage-first heap   total 137216K, used 41718K [0x0000000701800000, 0x0000000800000000)
  region size 2048K, 1 young (2048K), 1 survivors (2048K)
 Metaspace       used 112405K, committed 113536K, reserved 1179648K
  class space    used 15087K, committed 15616K, reserved 1048576K
}
Event: 5827.279 GC heap before
{Heap before GC invocations=115 (full 10):
 garbage-first heap   total 137216K, used 117494K [0x0000000701800000, 0x0000000800000000)
  region size 2048K, 39 young (79872K), 1 survivors (2048K)
 Metaspace       used 112422K, committed 113536K, reserved 1179648K
  class space    used 15090K, committed 15616K, reserved 1048576K
}
Event: 5827.359 GC heap after
{Heap after GC invocations=116 (full 11):
 garbage-first heap   total 137216K, used 37158K [0x0000000701800000, 0x0000000800000000)
  region size 2048K, 0 young (0K), 0 survivors (0K)
 Metaspace       used 112347K, committed 113536K, reserved 1179648K
  class space    used 15077K, committed 15616K, reserved 1048576K
}
Event: 5829.868 GC heap before
{Heap before GC invocations=116 (full 11):
 garbage-first heap   total 137216K, used 104742K [0x0000000701800000, 0x0000000800000000)
  region size 2048K, 34 young (69632K), 0 survivors (0K)
 Metaspace       used 113072K, committed 113984K, reserved 1179648K
  class space    used 15199K, committed 15680K, reserved 1048576K
}
Event: 5829.877 GC heap after
{Heap after GC invocations=117 (full 11):
 garbage-first heap   total 137216K, used 43242K [0x0000000701800000, 0x0000000800000000)
  region size 2048K, 3 young (6144K), 3 survivors (6144K)
 Metaspace       used 113072K, committed 113984K, reserved 1179648K
  class space    used 15199K, committed 15680K, reserved 1048576K
}
Event: 5831.896 GC heap before
{Heap before GC invocations=118 (full 11):
 garbage-first heap   total 137216K, used 110826K [0x0000000701800000, 0x0000000800000000)
  region size 2048K, 37 young (75776K), 3 survivors (6144K)
 Metaspace       used 113669K, committed 114624K, reserved 1179648K
  class space    used 15272K, committed 15744K, reserved 1048576K
}
Event: 5831.912 GC heap after
{Heap after GC invocations=119 (full 11):
 garbage-first heap   total 137216K, used 47873K [0x0000000701800000, 0x0000000800000000)
  region size 2048K, 3 young (6144K), 3 survivors (6144K)
 Metaspace       used 113669K, committed 114624K, reserved 1179648K
  class space    used 15272K, committed 15744K, reserved 1048576K
}

Dll operation events (12 events):
Event: 0.036 Loaded shared library C:\Users\Angel Hernandez\Documents\ides\sts-4.31.0.RELEASE\plugins\org.eclipse.justj.openjdk.hotspot.jre.full.win32.x86_64_21.0.7.v20250502-0916\jre\bin\java.dll
Event: 0.103 Loaded shared library C:\Users\Angel Hernandez\Documents\ides\sts-4.31.0.RELEASE\plugins\org.eclipse.justj.openjdk.hotspot.jre.full.win32.x86_64_21.0.7.v20250502-0916\jre\bin\zip.dll
Event: 0.481 Loaded shared library C:\Users\Angel Hernandez\Documents\ides\sts-4.31.0.RELEASE\plugins\org.eclipse.justj.openjdk.hotspot.jre.full.win32.x86_64_21.0.7.v20250502-0916\jre\bin\instrument.dll
Event: 0.489 Loaded shared library C:\Users\Angel Hernandez\Documents\ides\sts-4.31.0.RELEASE\plugins\org.eclipse.justj.openjdk.hotspot.jre.full.win32.x86_64_21.0.7.v20250502-0916\jre\bin\net.dll
Event: 0.493 Loaded shared library C:\Users\Angel Hernandez\Documents\ides\sts-4.31.0.RELEASE\plugins\org.eclipse.justj.openjdk.hotspot.jre.full.win32.x86_64_21.0.7.v20250502-0916\jre\bin\nio.dll
Event: 0.498 Loaded shared library C:\Users\Angel Hernandez\Documents\ides\sts-4.31.0.RELEASE\plugins\org.eclipse.justj.openjdk.hotspot.jre.full.win32.x86_64_21.0.7.v20250502-0916\jre\bin\zip.dll
Event: 0.745 Loaded shared library C:\Users\Angel Hernandez\Documents\ides\sts-4.31.0.RELEASE\plugins\org.eclipse.justj.openjdk.hotspot.jre.full.win32.x86_64_21.0.7.v20250502-0916\jre\bin\jimage.dll
Event: 0.815 Loaded shared library C:\Users\Angel Hernandez\Documents\ides\sts-4.31.0.RELEASE\plugins\org.eclipse.justj.openjdk.hotspot.jre.full.win32.x86_64_21.0.7.v20250502-0916\jre\bin\management.dll
Event: 0.842 Loaded shared library C:\Users\Angel Hernandez\Documents\ides\sts-4.31.0.RELEASE\plugins\org.eclipse.justj.openjdk.hotspot.jre.full.win32.x86_64_21.0.7.v20250502-0916\jre\bin\management_ext.dll
Event: 1.324 Loaded shared library C:\Users\Angel Hernandez\Documents\ides\sts-4.31.0.RELEASE\plugins\org.eclipse.justj.openjdk.hotspot.jre.full.win32.x86_64_21.0.7.v20250502-0916\jre\bin\extnet.dll
Event: 1.378 Loaded shared library C:\Users\Angel Hernandez\Documents\ides\sts-4.31.0.RELEASE\plugins\org.eclipse.justj.openjdk.hotspot.jre.full.win32.x86_64_21.0.7.v20250502-0916\jre\bin\verify.dll
Event: 3.954 Loaded shared library C:\Users\Angel Hernandez\Documents\ides\sts-4.31.0.RELEASE\plugins\org.eclipse.justj.openjdk.hotspot.jre.full.win32.x86_64_21.0.7.v20250502-0916\jre\bin\sunmscapi.dll

Deoptimization events (20 events):
Event: 6002.082 Thread 0x000001dbd7b35c70 DEOPT PACKING pc=0x000001db881cad74 sp=0x00000097d94fd780
Event: 6002.082 Thread 0x000001dbd7b35c70 DEOPT UNPACKING pc=0x000001db87334e42 sp=0x00000097d94fcce8 mode 1
Event: 6002.082 Thread 0x000001dbd7b35c70 DEOPT PACKING pc=0x000001db881cad74 sp=0x00000097d94fd780
Event: 6002.082 Thread 0x000001dbd7b35c70 DEOPT UNPACKING pc=0x000001db87334e42 sp=0x00000097d94fcce8 mode 1
Event: 6002.083 Thread 0x000001dbd7b35c70 DEOPT PACKING pc=0x000001db880039bc sp=0x00000097d94fd2c0
Event: 6002.083 Thread 0x000001dbd7b35c70 DEOPT UNPACKING pc=0x000001db87334e42 sp=0x00000097d94fc828 mode 1
Event: 6002.083 Thread 0x000001dbd7b35c70 DEOPT PACKING pc=0x000001db881cad74 sp=0x00000097d94fd330
Event: 6002.083 Thread 0x000001dbd7b35c70 DEOPT UNPACKING pc=0x000001db87334e42 sp=0x00000097d94fc898 mode 1
Event: 6002.083 Thread 0x000001dbd7b35c70 DEOPT PACKING pc=0x000001db881cad74 sp=0x00000097d94fd330
Event: 6002.083 Thread 0x000001dbd7b35c70 DEOPT UNPACKING pc=0x000001db87334e42 sp=0x00000097d94fc898 mode 1
Event: 6002.084 Thread 0x000001dbd7b35c70 DEOPT PACKING pc=0x000001db881cad74 sp=0x00000097d94fd330
Event: 6002.084 Thread 0x000001dbd7b35c70 DEOPT UNPACKING pc=0x000001db87334e42 sp=0x00000097d94fc898 mode 1
Event: 6002.084 Thread 0x000001dbd7b35c70 DEOPT PACKING pc=0x000001db881cad74 sp=0x00000097d94fd330
Event: 6002.084 Thread 0x000001dbd7b35c70 DEOPT UNPACKING pc=0x000001db87334e42 sp=0x00000097d94fc898 mode 1
Event: 6002.084 Thread 0x000001dbd7b35c70 DEOPT PACKING pc=0x000001db881cad74 sp=0x00000097d94fd330
Event: 6002.084 Thread 0x000001dbd7b35c70 DEOPT UNPACKING pc=0x000001db87334e42 sp=0x00000097d94fc898 mode 1
Event: 6002.084 Thread 0x000001dbd7b35c70 DEOPT PACKING pc=0x000001db881cad74 sp=0x00000097d94fd330
Event: 6002.084 Thread 0x000001dbd7b35c70 DEOPT UNPACKING pc=0x000001db87334e42 sp=0x00000097d94fc898 mode 1
Event: 6002.084 Thread 0x000001dbd7b35c70 DEOPT PACKING pc=0x000001db881cad74 sp=0x00000097d94fd330
Event: 6002.084 Thread 0x000001dbd7b35c70 DEOPT UNPACKING pc=0x000001db87334e42 sp=0x00000097d94fc898 mode 1

Classes loaded (20 events):
Event: 249.892 Loading class javax/crypto/BadPaddingException
Event: 249.893 Loading class javax/crypto/BadPaddingException done
Event: 250.009 Loading class java/lang/ref/Finalizer$2
Event: 250.012 Loading class java/lang/ref/Finalizer$2 done
Event: 250.012 Loading class java/lang/ref/Finalizer$1
Event: 250.012 Loading class java/lang/ref/Finalizer$1 done
Event: 254.028 Loading class java/time/DurationEditor
Event: 254.028 Loading class java/time/DurationEditor done
Event: 268.470 Loading class sun/reflect/annotation/AnnotationInvocationHandler$1
Event: 268.470 Loading class sun/reflect/annotation/AnnotationInvocationHandler$1 done
Event: 406.157 Loading class java/util/ImmutableCollections$SubList
Event: 406.161 Loading class java/util/ImmutableCollections$SubList done
Event: 697.368 Loading class java/time/DurationEditor
Event: 697.368 Loading class java/time/DurationEditor done
Event: 806.936 Loading class java/time/DurationEditor
Event: 806.936 Loading class java/time/DurationEditor done
Event: 1071.188 Loading class java/time/DurationEditor
Event: 1071.188 Loading class java/time/DurationEditor done
Event: 1176.419 Loading class java/time/DurationEditor
Event: 1176.419 Loading class java/time/DurationEditor done

Classes unloaded (20 events):
Event: 5827.316 Thread 0x000001db91648560 Unloading class 0x000001db93e78000 'jdk/internal/reflect/GeneratedSerializationConstructorAccessor239'
Event: 5827.316 Thread 0x000001db91648560 Unloading class 0x000001db93e79000 'jdk/internal/reflect/GeneratedSerializationConstructorAccessor238'
Event: 5827.316 Thread 0x000001db91648560 Unloading class 0x000001db93e80000 'jdk/internal/reflect/GeneratedSerializationConstructorAccessor237'
Event: 5827.316 Thread 0x000001db91648560 Unloading class 0x000001db93eb2c00 'jdk/internal/reflect/GeneratedSerializationConstructorAccessor236'
Event: 5827.316 Thread 0x000001db91648560 Unloading class 0x000001db93eb9c00 'jdk/internal/reflect/GeneratedSerializationConstructorAccessor235'
Event: 5827.316 Thread 0x000001db91648560 Unloading class 0x000001db93ec2000 'jdk/internal/reflect/GeneratedSerializationConstructorAccessor234'
Event: 5827.316 Thread 0x000001db91648560 Unloading class 0x000001db93d79c00 'jdk/internal/reflect/GeneratedSerializationConstructorAccessor233'
Event: 5827.316 Thread 0x000001db91648560 Unloading class 0x000001db93eddc00 'jdk/internal/reflect/GeneratedSerializationConstructorAccessor232'
Event: 5827.316 Thread 0x000001db91648560 Unloading class 0x000001db93ee4800 'java/lang/invoke/LambdaForm$MH+0x000001db93ee4800'
Event: 5827.316 Thread 0x000001db91648560 Unloading class 0x000001db93ee5800 'jdk/internal/reflect/GeneratedSerializationConstructorAccessor231'
Event: 5827.316 Thread 0x000001db91648560 Unloading class 0x000001db93ee6000 'jdk/internal/reflect/GeneratedSerializationConstructorAccessor230'
Event: 5827.316 Thread 0x000001db91648560 Unloading class 0x000001db93ee8c00 'jdk/internal/reflect/GeneratedSerializationConstructorAccessor229'
Event: 5827.317 Thread 0x000001db91648560 Unloading class 0x000001db931c8c00 'java/lang/invoke/LambdaForm$MH+0x000001db931c8c00'
Event: 5827.317 Thread 0x000001db91648560 Unloading class 0x000001db930c9800 'java/lang/invoke/LambdaForm$MH+0x000001db930c9800'
Event: 5827.317 Thread 0x000001db91648560 Unloading class 0x000001db93d00400 'java/lang/invoke/LambdaForm$DMH+0x000001db93d00400'
Event: 5827.317 Thread 0x000001db91648560 Unloading class 0x000001db93d33000 'java/lang/invoke/LambdaForm$MH+0x000001db93d33000'
Event: 5829.977 Thread 0x000001db91648560 Unloading class 0x000001db93e8a400 'jdk/internal/reflect/GeneratedSerializationConstructorAccessor250'
Event: 5829.977 Thread 0x000001db91648560 Unloading class 0x000001db93d72000 'jdk/internal/reflect/GeneratedSerializationConstructorAccessor249'
Event: 5829.977 Thread 0x000001db91648560 Unloading class 0x000001db93ee9800 'jdk/internal/reflect/GeneratedSerializationConstructorAccessor248'
Event: 5829.977 Thread 0x000001db91648560 Unloading class 0x000001db93eea800 'jdk/internal/reflect/GeneratedSerializationConstructorAccessor244'

Classes redefined (2 events):
Event: 248.554 Thread 0x000001db91648560 redefined class name=com.bachuco.persistence.repository.PedidoTrasladoJdbcRepository, count=1
Event: 1286.597 Thread 0x000001db91648560 redefined class name=com.bachuco.mapper.PedidoTrasladoSapClientMapper, count=1

Internal exceptions (20 events):
Event: 5829.952 Thread 0x000001dbd7bb4d20 Exception <a 'java/lang/NoSuchMethodError'{0x00000007098ad7b0}: 'int java.lang.invoke.DirectMethodHandle$Holder.invokeVirtual(java.lang.Object, java.lang.Object, java.lang.Object, java.lang.Object)'> (0x00000007098ad7b0) 
thrown [s\src\hotspot\share\interpreter\linkResolver.cpp, line 773]
Event: 5829.952 Thread 0x000001dbd7bb4d20 Exception <a 'java/lang/NoSuchMethodError'{0x00000007098b0da8}: 'int java.lang.invoke.DelegatingMethodHandle$Holder.reinvoke_L(java.lang.Object, java.lang.Object, java.lang.Object, java.lang.Object)'> (0x00000007098b0da8) 
thrown [s\src\hotspot\share\interpreter\linkResolver.cpp, line 773]
Event: 5829.975 Thread 0x000001dbd7bb4d20 Exception <a 'java/io/FileNotFoundException'{0x0000000709910aa8}> (0x0000000709910aa8) 
thrown [s\src\hotspot\share\prims\jni.cpp, line 520]
Event: 5830.034 Thread 0x000001dbd7bb4d20 Exception <a 'java/io/FileNotFoundException'{0x00000007096404b8}> (0x00000007096404b8) 
thrown [s\src\hotspot\share\prims\jni.cpp, line 520]
Event: 5830.035 Thread 0x000001dbd7bb4d20 Exception <a 'java/io/FileNotFoundException'{0x0000000709641ff8}> (0x0000000709641ff8) 
thrown [s\src\hotspot\share\prims\jni.cpp, line 520]
Event: 5830.036 Thread 0x000001dbd7bb4d20 Exception <a 'java/io/FileNotFoundException'{0x0000000709645598}> (0x0000000709645598) 
thrown [s\src\hotspot\share\prims\jni.cpp, line 520]
Event: 5830.263 Thread 0x000001dbd7bb4d20 Exception <a 'sun/nio/fs/WindowsException'{0x0000000709020080}> (0x0000000709020080) 
thrown [s\src\hotspot\share\prims\jni.cpp, line 520]
Event: 5830.263 Thread 0x000001dbd7bb4d20 Exception <a 'sun/nio/fs/WindowsException'{0x00000007090233c8}> (0x00000007090233c8) 
thrown [s\src\hotspot\share\prims\jni.cpp, line 520]
Event: 5830.264 Thread 0x000001dbd7bb4d20 Exception <a 'sun/nio/fs/WindowsException'{0x00000007090266b8}> (0x00000007090266b8) 
thrown [s\src\hotspot\share\prims\jni.cpp, line 520]
Event: 5830.264 Thread 0x000001dbd7bb4d20 Exception <a 'sun/nio/fs/WindowsException'{0x00000007090299b8}> (0x00000007090299b8) 
thrown [s\src\hotspot\share\prims\jni.cpp, line 520]
Event: 5830.265 Thread 0x000001dbd7bb4d20 Exception <a 'sun/nio/fs/WindowsException'{0x000000070902cf98}> (0x000000070902cf98) 
thrown [s\src\hotspot\share\prims\jni.cpp, line 520]
Event: 5830.265 Thread 0x000001dbd7bb4d20 Exception <a 'sun/nio/fs/WindowsException'{0x0000000709030100}> (0x0000000709030100) 
thrown [s\src\hotspot\share\prims\jni.cpp, line 520]
Event: 5830.266 Thread 0x000001dbd7bb4d20 Exception <a 'sun/nio/fs/WindowsException'{0x0000000709033208}> (0x0000000709033208) 
thrown [s\src\hotspot\share\prims\jni.cpp, line 520]
Event: 5831.701 Thread 0x000001dbd7bb4d20 Exception <a 'java/io/FileNotFoundException'{0x0000000706217678}> (0x0000000706217678) 
thrown [s\src\hotspot\share\prims\jni.cpp, line 520]
Event: 5831.840 Thread 0x000001dbd7bb4d20 Exception <a 'java/io/FileNotFoundException'{0x0000000705dc3398}> (0x0000000705dc3398) 
thrown [s\src\hotspot\share\prims\jni.cpp, line 520]
Event: 5831.841 Thread 0x000001dbd7bb4d20 Exception <a 'java/io/FileNotFoundException'{0x0000000705dcee98}> (0x0000000705dcee98) 
thrown [s\src\hotspot\share\prims\jni.cpp, line 520]
Event: 5832.249 Thread 0x000001dbd7bb4d20 Exception <a 'sun/nio/fs/WindowsException'{0x0000000708baffc8}> (0x0000000708baffc8) 
thrown [s\src\hotspot\share\prims\jni.cpp, line 520]
Event: 5832.250 Thread 0x000001dbd7bb4d20 Exception <a 'sun/nio/fs/WindowsException'{0x0000000708bb3a28}> (0x0000000708bb3a28) 
thrown [s\src\hotspot\share\prims\jni.cpp, line 520]
Event: 5832.250 Thread 0x000001dbd7bb4d20 Exception <a 'sun/nio/fs/WindowsException'{0x0000000708bb7500}> (0x0000000708bb7500) 
thrown [s\src\hotspot\share\prims\jni.cpp, line 520]
Event: 6002.084 Thread 0x000001dbd7b35c70 Exception <a 'java/lang/NoSuchMethodError'{0x0000000707d9e1c8}: static [B.<clinit>()V> (0x0000000707d9e1c8) 
thrown [s\src\hotspot\share\prims\jni.cpp, line 1111]

ZGC Phase Switch (0 events):
No events

VM Operations (20 events):
Event: 6012.442 Executing VM operation: RendezvousGCThreads
Event: 6012.442 Executing VM operation: RendezvousGCThreads done
Event: 6115.863 Executing VM operation: ChangeBreakpoints
Event: 6115.866 Executing VM operation: ChangeBreakpoints done
Event: 6115.871 Executing VM operation: ChangeBreakpoints
Event: 6115.876 Executing VM operation: ChangeBreakpoints done
Event: 6115.882 Executing VM operation: ChangeBreakpoints
Event: 6115.886 Executing VM operation: ChangeBreakpoints done
Event: 6115.891 Executing VM operation: ChangeBreakpoints
Event: 6115.893 Executing VM operation: ChangeBreakpoints done
Event: 6115.897 Executing VM operation: ChangeBreakpoints
Event: 6115.900 Executing VM operation: ChangeBreakpoints done
Event: 6115.908 Executing VM operation: ChangeBreakpoints
Event: 6115.911 Executing VM operation: ChangeBreakpoints done
Event: 6115.915 Executing VM operation: ChangeBreakpoints
Event: 6115.918 Executing VM operation: ChangeBreakpoints done
Event: 6115.922 Executing VM operation: ChangeBreakpoints
Event: 6115.925 Executing VM operation: ChangeBreakpoints done
Event: 6115.926 Executing VM operation: ChangeBreakpoints
Event: 6115.928 Executing VM operation: ChangeBreakpoints done

Memory protections (0 events):
No events

Nmethod flushes (20 events):
Event: 5829.985 Thread 0x000001db91648560 flushing  nmethod 0x000001db8802f290
Event: 5829.985 Thread 0x000001db91648560 flushing  nmethod 0x000001db888bdb90
Event: 5829.985 Thread 0x000001db91648560 flushing  nmethod 0x000001db87431410
Event: 5829.985 Thread 0x000001db91648560 flushing  nmethod 0x000001db87432090
Event: 5829.985 Thread 0x000001db91648560 flushing  nmethod 0x000001db874cb690
Event: 5829.985 Thread 0x000001db91648560 flushing  nmethod 0x000001db8756c390
Event: 5829.985 Thread 0x000001db91648560 flushing  nmethod 0x000001db8756cb90
Event: 5829.985 Thread 0x000001db91648560 flushing  nmethod 0x000001db87687a90
Event: 5829.985 Thread 0x000001db91648560 flushing  nmethod 0x000001db876e7b10
Event: 5829.985 Thread 0x000001db91648560 flushing  nmethod 0x000001db87df9a90
Event: 5829.985 Thread 0x000001db91648560 flushing  nmethod 0x000001db884b0d10
Event: 5829.985 Thread 0x000001db91648560 flushing  nmethod 0x000001db87427490
Event: 5829.985 Thread 0x000001db91648560 flushing  nmethod 0x000001db874a8f90
Event: 5829.985 Thread 0x000001db91648560 flushing  nmethod 0x000001db874a9910
Event: 5829.985 Thread 0x000001db91648560 flushing  nmethod 0x000001db875a0490
Event: 5829.985 Thread 0x000001db91648560 flushing  nmethod 0x000001db875a1090
Event: 5829.985 Thread 0x000001db91648560 flushing  nmethod 0x000001db87a40a10
Event: 5829.985 Thread 0x000001db91648560 flushing  nmethod 0x000001db88617190
Event: 5832.037 Thread 0x000001db91648560 flushing  nmethod 0x000001db873f6310
Event: 5832.037 Thread 0x000001db91648560 flushing  nmethod 0x000001db87609890

Events (20 events):
Event: 5827.258 Thread 0x000001dbd7bb6df0 Thread exited: 0x000001dbd7bb6df0
Event: 5827.267 Thread 0x000001dbd7bb5a40 Thread exited: 0x000001dbd7bb5a40
Event: 5827.278 Thread 0x000001dbda8ad810 Thread exited: 0x000001dbda8ad810
Event: 5827.278 Thread 0x000001dbd7bb4d20 Thread exited: 0x000001dbd7bb4d20
Event: 5827.360 Thread 0x000001dbd7bb53b0 Thread added: 0x000001dbd7bb7480
Event: 5827.360 Thread 0x000001dbda8acaf0 Thread exited: 0x000001dbda8acaf0
Event: 5827.366 Thread 0x000001dbd7bb53b0 Thread added: 0x000001dbd7bb4d20
Event: 5827.366 Thread 0x000001dbd7bb7480 Thread exited: 0x000001dbd7bb7480
Event: 5827.813 Thread 0x000001dbda8a6880 Thread exited: 0x000001dbda8a6880
Event: 5828.258 Thread 0x000001dbd7bb4d20 Thread added: 0x000001dbd7bb60d0
Event: 5828.374 Thread 0x000001dbd7bb60d0 Thread exited: 0x000001dbd7bb60d0
Event: 5830.353 Thread 0x000001dbd7bb4d20 Thread added: 0x000001dbda8ac460
Event: 5830.463 Thread 0x000001dbda8ac460 Thread added: 0x000001dbda8a9670
Event: 5831.702 Thread 0x000001dbd7bb4d20 Thread added: 0x000001dbda8acaf0
Event: 5831.702 Thread 0x000001dbd7bb4d20 Thread added: 0x000001dbda8ad180
Event: 5831.703 Thread 0x000001dbd7bb4d20 Thread added: 0x000001dbda8a8950
Event: 5832.298 Thread 0x000001dbd7bb4d20 Thread added: 0x000001dbda8aa390
Event: 5835.890 Thread 0x000001dbda8a9670 Thread exited: 0x000001dbda8a9670
Event: 5837.449 Thread 0x000001dbdf70e4e0 Thread exited: 0x000001dbdf70e4e0
Event: 5837.449 Thread 0x000001dbdf711490 Thread exited: 0x000001dbdf711490


Dynamic libraries:
0x00007ff69ff50000 - 0x00007ff69ff5e000 	C:\Users\Angel Hernandez\Documents\ides\sts-4.31.0.RELEASE\plugins\org.eclipse.justj.openjdk.hotspot.jre.full.win32.x86_64_21.0.7.v20250502-0916\jre\bin\javaw.exe
0x00007ffd80b90000 - 0x00007ffd80da7000 	C:\Windows\SYSTEM32\ntdll.dll
0x00007ffd7f8a0000 - 0x00007ffd7f964000 	C:\Windows\System32\KERNEL32.DLL
0x00007ffd7e0b0000 - 0x00007ffd7e467000 	C:\Windows\System32\KERNELBASE.dll
0x00007ffd7de70000 - 0x00007ffd7df81000 	C:\Windows\System32\ucrtbase.dll
0x00007ffd76ee0000 - 0x00007ffd76ef8000 	C:\Users\Angel Hernandez\Documents\ides\sts-4.31.0.RELEASE\plugins\org.eclipse.justj.openjdk.hotspot.jre.full.win32.x86_64_21.0.7.v20250502-0916\jre\bin\jli.dll
0x00007ffd7f580000 - 0x00007ffd7f72f000 	C:\Windows\System32\USER32.dll
0x00007ffd7e470000 - 0x00007ffd7e496000 	C:\Windows\System32\win32u.dll
0x00007ffd7f360000 - 0x00007ffd7f389000 	C:\Windows\System32\GDI32.dll
0x00007ffd7e770000 - 0x00007ffd7e888000 	C:\Windows\System32\gdi32full.dll
0x00007ffd7e010000 - 0x00007ffd7e0aa000 	C:\Windows\System32\msvcp_win.dll
0x00007ffd77180000 - 0x00007ffd7719e000 	C:\Users\Angel Hernandez\Documents\ides\sts-4.31.0.RELEASE\plugins\org.eclipse.justj.openjdk.hotspot.jre.full.win32.x86_64_21.0.7.v20250502-0916\jre\bin\VCRUNTIME140.dll
0x00007ffd61c80000 - 0x00007ffd61f13000 	C:\Windows\WinSxS\amd64_microsoft.windows.common-controls_6595b64144ccf1df_6.0.22621.3672_none_2713b9d173822955\COMCTL32.dll
0x00007ffd7f290000 - 0x00007ffd7f337000 	C:\Windows\System32\msvcrt.dll
0x00007ffd7ead0000 - 0x00007ffd7eb01000 	C:\Windows\System32\IMM32.DLL
0x00007ffd77170000 - 0x00007ffd7717c000 	C:\Users\Angel Hernandez\Documents\ides\sts-4.31.0.RELEASE\plugins\org.eclipse.justj.openjdk.hotspot.jre.full.win32.x86_64_21.0.7.v20250502-0916\jre\bin\vcruntime140_1.dll
0x00007ffd3a400000 - 0x00007ffd3a48d000 	C:\Users\Angel Hernandez\Documents\ides\sts-4.31.0.RELEASE\plugins\org.eclipse.justj.openjdk.hotspot.jre.full.win32.x86_64_21.0.7.v20250502-0916\jre\bin\msvcp140.dll
0x00007ffcb0f40000 - 0x00007ffcb1cd0000 	C:\Users\Angel Hernandez\Documents\ides\sts-4.31.0.RELEASE\plugins\org.eclipse.justj.openjdk.hotspot.jre.full.win32.x86_64_21.0.7.v20250502-0916\jre\bin\server\jvm.dll
0x00007ffd7f390000 - 0x00007ffd7f442000 	C:\Windows\System32\ADVAPI32.dll
0x00007ffd7f450000 - 0x00007ffd7f4f8000 	C:\Windows\System32\sechost.dll
0x00007ffd7e610000 - 0x00007ffd7e638000 	C:\Windows\System32\bcrypt.dll
0x00007ffd80a00000 - 0x00007ffd80b14000 	C:\Windows\System32\RPCRT4.dll
0x00007ffd7ff20000 - 0x00007ffd7ff91000 	C:\Windows\System32\WS2_32.dll
0x00007ffd7dd40000 - 0x00007ffd7dd8d000 	C:\Windows\SYSTEM32\POWRPROF.dll
0x00007ffd73300000 - 0x00007ffd7330a000 	C:\Windows\SYSTEM32\VERSION.dll
0x00007ffd746c0000 - 0x00007ffd746f4000 	C:\Windows\SYSTEM32\WINMM.dll
0x00007ffd7dd20000 - 0x00007ffd7dd33000 	C:\Windows\SYSTEM32\UMPDC.dll
0x00007ffd7cec0000 - 0x00007ffd7ced8000 	C:\Windows\SYSTEM32\kernel.appcore.dll
0x00007ffd7b4b0000 - 0x00007ffd7b4ba000 	C:\Users\Angel Hernandez\Documents\ides\sts-4.31.0.RELEASE\plugins\org.eclipse.justj.openjdk.hotspot.jre.full.win32.x86_64_21.0.7.v20250502-0916\jre\bin\jimage.dll
0x00007ffd77630000 - 0x00007ffd77862000 	C:\Windows\SYSTEM32\DBGHELP.DLL
0x00007ffd7f970000 - 0x00007ffd7fcfe000 	C:\Windows\System32\combase.dll
0x00007ffd7e8f0000 - 0x00007ffd7e9c7000 	C:\Windows\System32\OLEAUT32.dll
0x00007ffd5d9c0000 - 0x00007ffd5d9f2000 	C:\Windows\SYSTEM32\dbgcore.DLL
0x00007ffd7df90000 - 0x00007ffd7e00b000 	C:\Windows\System32\bcryptPrimitives.dll
0x00007ffd3a3c0000 - 0x00007ffd3a3fc000 	C:\Users\Angel Hernandez\Documents\ides\sts-4.31.0.RELEASE\plugins\org.eclipse.justj.openjdk.hotspot.jre.full.win32.x86_64_21.0.7.v20250502-0916\jre\bin\jdwp.dll
0x00007ffd7b4a0000 - 0x00007ffd7b4af000 	C:\Users\Angel Hernandez\Documents\ides\sts-4.31.0.RELEASE\plugins\org.eclipse.justj.openjdk.hotspot.jre.full.win32.x86_64_21.0.7.v20250502-0916\jre\bin\instrument.dll
0x00007ffd77030000 - 0x00007ffd7704f000 	C:\Users\Angel Hernandez\Documents\ides\sts-4.31.0.RELEASE\plugins\org.eclipse.justj.openjdk.hotspot.jre.full.win32.x86_64_21.0.7.v20250502-0916\jre\bin\java.dll
0x00007ffd80100000 - 0x00007ffd80969000 	C:\Windows\System32\SHELL32.dll
0x00007ffd7bde0000 - 0x00007ffd7c6df000 	C:\Windows\SYSTEM32\windows.storage.dll
0x00007ffd7bca0000 - 0x00007ffd7bddf000 	C:\Windows\SYSTEM32\wintypes.dll
0x00007ffd7e9d0000 - 0x00007ffd7eac9000 	C:\Windows\System32\SHCORE.dll
0x00007ffd7fd00000 - 0x00007ffd7fd5e000 	C:\Windows\System32\shlwapi.dll
0x00007ffd7dda0000 - 0x00007ffd7ddc7000 	C:\Windows\SYSTEM32\profapi.dll
0x00007ffd76ec0000 - 0x00007ffd76ed8000 	C:\Users\Angel Hernandez\Documents\ides\sts-4.31.0.RELEASE\plugins\org.eclipse.justj.openjdk.hotspot.jre.full.win32.x86_64_21.0.7.v20250502-0916\jre\bin\zip.dll
0x00007ffd76a40000 - 0x00007ffd76a4b000 	C:\Users\Angel Hernandez\Documents\ides\sts-4.31.0.RELEASE\plugins\org.eclipse.justj.openjdk.hotspot.jre.full.win32.x86_64_21.0.7.v20250502-0916\jre\bin\dt_socket.dll
0x00007ffd7c940000 - 0x00007ffd7c96d000 	C:\Windows\SYSTEM32\IPHLPAPI.DLL
0x00007ffd7d330000 - 0x00007ffd7d399000 	C:\Windows\system32\mswsock.dll
0x00007ffd7c9b0000 - 0x00007ffd7cab2000 	C:\Windows\SYSTEM32\DNSAPI.dll
0x00007ffd7f890000 - 0x00007ffd7f899000 	C:\Windows\System32\NSI.dll
0x00007ffd642b0000 - 0x00007ffd642ba000 	C:\Windows\System32\rasadhlp.dll
0x00007ffd73310000 - 0x00007ffd73393000 	C:\Windows\System32\fwpuclnt.dll
0x00007ffd76de0000 - 0x00007ffd76df0000 	C:\Users\Angel Hernandez\Documents\ides\sts-4.31.0.RELEASE\plugins\org.eclipse.justj.openjdk.hotspot.jre.full.win32.x86_64_21.0.7.v20250502-0916\jre\bin\net.dll
0x00007ffd73e00000 - 0x00007ffd73f36000 	C:\Windows\SYSTEM32\WINHTTP.dll
0x00007ffd76dc0000 - 0x00007ffd76dd6000 	C:\Users\Angel Hernandez\Documents\ides\sts-4.31.0.RELEASE\plugins\org.eclipse.justj.openjdk.hotspot.jre.full.win32.x86_64_21.0.7.v20250502-0916\jre\bin\nio.dll
0x00007ffd76da0000 - 0x00007ffd76daa000 	C:\Users\Angel Hernandez\Documents\ides\sts-4.31.0.RELEASE\plugins\org.eclipse.justj.openjdk.hotspot.jre.full.win32.x86_64_21.0.7.v20250502-0916\jre\bin\management.dll
0x00007ffd76d90000 - 0x00007ffd76d9b000 	C:\Users\Angel Hernandez\Documents\ides\sts-4.31.0.RELEASE\plugins\org.eclipse.justj.openjdk.hotspot.jre.full.win32.x86_64_21.0.7.v20250502-0916\jre\bin\management_ext.dll
0x00007ffd7eb10000 - 0x00007ffd7eb18000 	C:\Windows\System32\PSAPI.DLL
0x00007ffd59b00000 - 0x00007ffd59b17000 	C:\Windows\system32\napinsp.dll
0x00007ffd59ae0000 - 0x00007ffd59afb000 	C:\Windows\system32\pnrpnsp.dll
0x00007ffd59ac0000 - 0x00007ffd59ad1000 	C:\Windows\System32\winrnr.dll
0x00007ffd59aa0000 - 0x00007ffd59ab5000 	C:\Windows\system32\wshbth.dll
0x00007ffd59a70000 - 0x00007ffd59a97000 	C:\Windows\system32\nlansp_c.dll
0x00007ffd7d590000 - 0x00007ffd7d5ab000 	C:\Windows\SYSTEM32\CRYPTSP.dll
0x00007ffd7ce20000 - 0x00007ffd7ce55000 	C:\Windows\system32\rsaenh.dll
0x00007ffd7d420000 - 0x00007ffd7d448000 	C:\Windows\SYSTEM32\USERENV.dll
0x00007ffd7d580000 - 0x00007ffd7d58c000 	C:\Windows\SYSTEM32\CRYPTBASE.dll
0x00007ffd770b0000 - 0x00007ffd770b9000 	C:\Users\Angel Hernandez\Documents\ides\sts-4.31.0.RELEASE\plugins\org.eclipse.justj.openjdk.hotspot.jre.full.win32.x86_64_21.0.7.v20250502-0916\jre\bin\extnet.dll
0x00007ffd76db0000 - 0x00007ffd76dc0000 	C:\Users\Angel Hernandez\Documents\ides\sts-4.31.0.RELEASE\plugins\org.eclipse.justj.openjdk.hotspot.jre.full.win32.x86_64_21.0.7.v20250502-0916\jre\bin\verify.dll
0x00007ffd7bb20000 - 0x00007ffd7bb2e000 	C:\Users\Angel Hernandez\Documents\ides\sts-4.31.0.RELEASE\plugins\org.eclipse.justj.openjdk.hotspot.jre.full.win32.x86_64_21.0.7.v20250502-0916\jre\bin\sunmscapi.dll
0x00007ffd7e4a0000 - 0x00007ffd7e606000 	C:\Windows\System32\CRYPT32.dll
0x00007ffd7d740000 - 0x00007ffd7d76d000 	C:\Windows\SYSTEM32\ncrypt.dll
0x00007ffd7d700000 - 0x00007ffd7d737000 	C:\Windows\SYSTEM32\NTASN1.dll
0x00007ffd70820000 - 0x00007ffd70828000 	C:\Windows\system32\wshunix.dll

dbghelp: loaded successfully - version: 4.0.5 - missing functions: none
symbol engine: initialized successfully - sym options: 0x614 - pdb path: .;C:\Users\Angel Hernandez\Documents\ides\sts-4.31.0.RELEASE\plugins\org.eclipse.justj.openjdk.hotspot.jre.full.win32.x86_64_21.0.7.v20250502-0916\jre\bin;C:\Windows\SYSTEM32;C:\Windows\WinSxS\amd64_microsoft.windows.common-controls_6595b64144ccf1df_6.0.22621.3672_none_2713b9d173822955;C:\Users\Angel Hernandez\Documents\ides\sts-4.31.0.RELEASE\plugins\org.eclipse.justj.openjdk.hotspot.jre.full.win32.x86_64_21.0.7.v20250502-0916\jre\bin\server

VM Arguments:
jvm_args: -XX:+ShowCodeDetailsInExceptionMessages -agentlib:jdwp=transport=dt_socket,suspend=y,address=localhost:64332 -Dcom.sun.management.jmxremote -Dcom.sun.management.jmxremote.port=57295 -Dcom.sun.management.jmxremote.authenticate=false -Dcom.sun.management.jmxremote.ssl=false -Djava.rmi.server.hostname=localhost -Dspring.jmx.enabled=true -Dmanagement.endpoints.jmx.exposure.include=* -Dspring.application.admin.enabled=true -Dspring.output.ansi.enabled=always -XX:TieredStopAtLevel=1 -Dspring.boot.project.name=app-boot -javaagent:C:\Users\Angel Hernandez\Documents\ides\sts-4.31.0.RELEASE\configuration\org.eclipse.osgi\273\0\.cp\lib\javaagent-shaded.jar -Dfile.encoding=UTF-8 -Dstdout.encoding=UTF-8 -Dstderr.encoding=UTF-8 
java_command: com.bachuco.app_boot.AppBootApplication
java_class_path (initial): C:\Users\Angel Hernandez\Documents\proyecto-bachuco\proyecto-bachuco-arq-hexagonal\portalBachuco\app-boot\target\classes;C:\Users\Angel Hernandez\.m2\repository\org\springframework\boot\spring-boot-starter-data-jpa\3.5.4\spring-boot-starter-data-jpa-3.5.4.jar;C:\Users\Angel Hernandez\.m2\repository\org\springframework\boot\spring-boot-starter\3.5.4\spring-boot-starter-3.5.4.jar;C:\Users\Angel Hernandez\.m2\repository\org\springframework\boot\spring-boot-starter-logging\3.5.4\spring-boot-starter-logging-3.5.4.jar;C:\Users\Angel Hernandez\.m2\repository\ch\qos\logback\logback-classic\1.5.18\logback-classic-1.5.18.jar;C:\Users\Angel Hernandez\.m2\repository\ch\qos\logback\logback-core\1.5.18\logback-core-1.5.18.jar;C:\Users\Angel Hernandez\.m2\repository\org\apache\logging\log4j\log4j-to-slf4j\2.24.3\log4j-to-slf4j-2.24.3.jar;C:\Users\Angel Hernandez\.m2\repository\org\apache\logging\log4j\log4j-api\2.24.3\log4j-api-2.24.3.jar;C:\Users\Angel Hernandez\.m2\repository\org\slf4j\jul-to-slf4j\2.0.17\jul-to-slf4j-2.0.17.jar;C:\Users\Angel Hernandez\.m2\repository\jakarta\annotation\jakarta.annotation-api\2.1.1\jakarta.annotation-api-2.1.1.jar;C:\Users\Angel Hernandez\.m2\repository\org\yaml\snakeyaml\2.4\snakeyaml-2.4.jar;C:\Users\Angel Hernandez\.m2\repository\org\springframework\boot\spring-boot-starter-jdbc\3.5.4\spring-boot-starter-jdbc-3.5.4.jar;C:\Users\Angel Hernandez\.m2\repository\com\zaxxer\HikariCP\6.3.1\HikariCP-6.3.1.jar;C:\Users\Angel Hernandez\.m2\repository\org\springframework\spring-jdbc\6.2.9\spring-jdbc-6.2.9.jar;C:\Users\Angel Hernandez\.m2\repository\org\hibernate\orm\hibernate-core\6.6.22.Final\hibernate-core-6.6.22.Final.jar;C:\Users\Angel Hernandez\.m2\repository\jakarta\transaction\jakarta.transaction-api\2.0.1\jakarta.transaction-api-2.0.1.jar;C:\Users\Angel Hernandez\.m2\repository\org\jboss\logging\jboss-logging\3.6.1.Final\jboss-logging-3.6.1.Final.jar;C:\Users\Angel Hernandez\.m2\repository\org\hibernate\common\hibernate-commons-annotations\7.0.3.Final\hibernate-commons-annotations-7.0.3.Final.jar;C:\Users\Angel Hernandez\.m2\repository\io\smallrye\jandex\3.2.0\jandex-3.2.0.jar;C:\Users\Angel Hernandez\.m2\repository\com\fasterxml\classmate\1.7.0\classmate-1.7.0.jar;C:\Users\Angel Hernandez\.m2\repository\net\bytebuddy\byte-buddy\1.17.6\byte-buddy-1.17.6.jar;C:\Users\Angel Hernandez\.m2\repository\org\glassfish\jaxb\jaxb-runtime\4.0.5\jaxb-runtime-4.0.5.jar;C:\Users\Angel Hernandez\.m2\repository\org\glassfish\jaxb\jaxb-core\4.0.5\jaxb-core-4.0.5.jar;C:\Users\Angel Hernandez\.m2\repository\org\glassfish\jaxb\txw2\4.0.5\txw2-4.0.5.jar;C:\Users\Angel Hernandez\.m2\repository\com\sun\istack\istack-commons-runtime\4.1.2\istack-commons-runtime-4.1.2.jar;C:\Users\Angel Hernandez\.m2\repository\jakarta\inject\jakarta.inject-api\2.0.1\jakarta.inject-api-2.0.1.jar;C:\Users\Angel Hernandez\.m2\repository\org\antlr\antlr4-runtime\4.13.0\antlr4-runtime-4.13.0.jar;C:\Users\Angel Hernandez\.m2\repository\org\springframework\data\spring-data-jpa\3.5.2\spring-data-jpa-3.5.2.jar;C:\Users\Angel Hernandez\.m2\repository\org\springframework\data\spring-data-commons\3.5.2\spring-data-commons-3.5.2.jar;C:\Users\Angel Hernandez\.m2\repository\org\springframework\spring-orm\6.2.9\spring-orm-6.2.9.jar;C:\Users\Angel Hernandez\.m2\repository\org\springframework\spring-context\6.2.9\spring-context-6.2.9.jar;C:\Users\Angel Hernandez\.m2\repository\org\springframework\spring-aop\6.2.9\spring-aop-6.2.9.jar;C:\Users\Angel Hernandez\.m2\repository\org\springframework\spring-tx\6.2.9\spring-tx-6.2.9.jar;C:\Users\Angel Hernandez\.m2\repository\org\springframework\spring-beans\6.2.9\spring-beans-6.2.9.jar;C:\Users\Angel Hernandez\.m2\repository\org\slf4j\slf4j-api\2.0.17\slf4j-api-2.0.17.jar;C:\Users\Angel Hernandez\.m2\repository\org\springframework\spring-aspects\6.2.9\spring-aspects-6.2.9.jar;C:\Users\Angel Hernandez\.m2\repository\org\aspectj\aspectjweaver\1.9.24\aspectjweaver-1.9.24.jar;C:\Users\Angel Hernandez\.m2\repository\org\springframework\boot\spring-boot-starter-validation\3.5.4\spring-boot-starter-validation-3.5.4.jar;C:\Users\Angel Hernandez\.m2\repository\org\apache\tomcat\embed\tomcat-embed-el\10.1.43\tomcat-embed-el-10.1.43.jar;C:\Users\Angel Hernandez\.m2\repository\org\hibernate\validator\hibernate-validator\8.0.2.Final\hibernate-validator-8.0.2.Final.jar;C:\Users\Angel Hernandez\.m2\repository\jakarta\validation\jakarta.validation-api\3.0.2\jakarta.validation-api-3.0.2.jar;C:\Users\Angel Hernandez\.m2\repository\org\springframework\boot\spring-boot-starter-web\3.5.4\spring-boot-starter-web-3.5.4.jar;C:\Users\Angel Hernandez\.m2\repository\org\springframework\boot\spring-boot-starter-json\3.5.4\spring-boot-starter-json-3.5.4.jar;C:\Users\Angel Hernandez\.m2\repository\com\fasterxml\jackson\core\jackson-databind\2.19.2\jackson-databind-2.19.2.jar;C:\Users\Angel Hernandez\.m2\repository\com\fasterxml\jackson\core\jackson-annotations\2.19.2\jackson-annotations-2.19.2.jar;C:\Users\Angel Hernandez\.m2\repository\com\fasterxml\jackson\core\jackson-core\2.19.2\jackson-core-2.19.2.jar;C:\Users\Angel Hernandez\.m2\repository\com\fasterxml\jackson\datatype\jackson-datatype-jdk8\2.19.2\jackson-datatype-jdk8-2.19.2.jar;C:\Users\Angel Hernandez\.m2\repository\com\fasterxml\jackson\datatype\jackson-datatype-jsr310\2.19.2\jackson-datatype-jsr310-2.19.2.jar;C:\Users\Angel Hernandez\.m2\repository\com\fasterxml\jackson\module\jackson-module-parameter-names\2.19.2\jackson-module-parameter-names-2.19.2.jar;C:\Users\Angel Hernandez\.m2\repository\org\springframework\boot\spring-boot-starter-tomcat\3.5.4\spring-boot-starter-tomcat-3.5.4.jar;C:\Users\Angel Hernandez\.m2\repository\org\apache\tomcat\embed\tomcat-embed-core\10.1.43\tomcat-embed-core-10.1.43.jar;C:\Users\Angel Hernandez\.m2\repository\org\apache\tomcat\embed\tomcat-embed-websocket\10.1.43\tomcat-embed-websocket-10.1.43.jar;C:\Users\Angel Hernandez\.m2\repository\org\springframework\spring-web\6.2.9\spring-web-6.2.9.jar;C:\Users\Angel Hernandez\.m2\repository\io\micrometer\micrometer-observation\1.15.2\micrometer-observation-1.15.2.jar;C:\Users\Angel Hernandez\.m2\repository\io\micrometer\micrometer-commons\1.15.2\micrometer-commons-1.15.2.jar;C:\Users\Angel Hernandez\.m2\repository\org\springframework\spring-webmvc\6.2.9\spring-webmvc-6.2.9.jar;C:\Users\Angel Hernandez\.m2\repository\org\springframework\spring-expression\6.2.9\spring-expression-6.2.9.jar;C:\Users\Angel Hernandez\.m2\repository\org\springframework\boot\spring-boot-devtools\3.5.4\spring-boot-devtools-3.5.4.jar;C:\Users\Angel Hernandez\.m2\repository\org\springframework\boot\spring-boot\3.5.4\spring-boot-3.5.4.jar;C:\Users\Angel Hernandez\.m2\repository\org\springframework\boot\spring-boot-autoconfigure\3.5.4\spring-boot-autoconfigure-3.5.4.jar;C:\Users\Angel Hernandez\.m2\repository\com\mysql\mysql-connector-j\9.3.0\mysql-connector-j-9.3.0.jar;C:\Users\Angel Hernandez\.m2\repository\org\springframework\boot\spring-boot-starter-mail\3.5.4\spring-boot-starter-mail-3.5.4.jar;C:\Users\Angel Hernandez\.m2\repository\org\springframework\spring-context-support\6.2.9\spring-context-support-6.2.9.jar;C:\Users\Angel Hernandez\.m2\repository\org\eclipse\angus\jakarta.mail\2.0.3\jakarta.mail-2.0.3.jar;C:\Users\Angel Hernandez\.m2\repository\jakarta\activation\jakarta.activation-api\2.1.3\jakarta.activation-api-2.1.3.jar;C:\Users\Angel Hernandez\.m2\repository\org\eclipse\angus\angus-activation\2.0.2\angus-activation-2.0.2.jar;C:\Users\Angel Hernandez\.m2\repository\jakarta\xml\bind\jakarta.xml.bind-api\4.0.2\jakarta.xml.bind-api-4.0.2.jar;C:\Users\Angel Hernandez\.m2\repository\org\springframework\spring-core\6.2.9\spring-core-6.2.9.jar;C:\Users\Angel Hernandez\.m2\repository\org\springframework\spring-jcl\6.2.9\spring-jcl-6.2.9.jar;C:\Users\Angel Hernandez\Documents\proyecto-bachuco\proyecto-bachuco-arq-hexagonal\portalBachuco\core-application\target\classes;C:\Users\Angel Hernandez\Documents\proyecto-bachuco\proyecto-bachuco-arq-hexagonal\portalBachuco\core-domain\target\classes;C:\Users\Angel Hernandez\.m2\repository\jakarta\persistence\jakarta.persistence-api\3.1.0\jakarta.persistence-api-3.1.0.jar;C:\Users\Angel Hernandez\Documents\proyecto-bachuco\proyecto-bachuco-arq-hexagonal\portalBachuco\infrastructure\target\classes;C:\Users\Angel Hernandez\.m2\repository\org\springframework\boot\spring-boot-starter-security\3.5.4\spring-boot-starter-security-3.5.4.jar;C:\Users\Angel Hernandez\.m2\repository\org\springframework\security\spring-security-config\6.5.2\spring-security-config-6.5.2.jar;C:\Users\Angel Hernandez\.m2\repository\org\springframework\security\spring-security-core\6.5.2\spring-security-core-6.5.2.jar;C:\Users\Angel Hernandez\.m2\repository\org\springframework\security\spring-security-crypto\6.5.2\spring-security-crypto-6.5.2.jar;C:\Users\Angel Hernandez\.m2\repository\org\springframework\security\spring-security-web\6.5.2\spring-security-web-6.5.2.jar;C:\Users\Angel Hernandez\.m2\repository\io\jsonwebtoken\jjwt-api\0.12.5\jjwt-api-0.12.5.jar;C:\Users\Angel Hernandez\.m2\repository\io\jsonwebtoken\jjwt-impl\0.12.5\jjwt-impl-0.12.5.jar;C:\Users\Angel Hernandez\.m2\repository\io\jsonwebtoken\jjwt-jackson\0.12.5\jjwt-jackson-0.12.5.jar
Launcher Type: SUN_STANDARD

[Global flags]
     intx CICompilerCount                          = 3                                         {product} {ergonomic}
     uint ConcGCThreads                            = 1                                         {product} {ergonomic}
     uint G1ConcRefinementThreads                  = 4                                         {product} {ergonomic}
   size_t G1HeapRegionSize                         = 2097152                                   {product} {ergonomic}
    uintx GCDrainStackTargetSize                   = 64                                        {product} {ergonomic}
   size_t InitialHeapSize                          = 268435456                                 {product} {ergonomic}
     bool ManagementServer                         = true                                      {product} {command line}
   size_t MarkStackSize                            = 4194304                                   {product} {ergonomic}
   size_t MaxHeapSize                              = 4269801472                                {product} {ergonomic}
   size_t MaxNewSize                               = 2560622592                                {product} {ergonomic}
   size_t MinHeapDeltaBytes                        = 2097152                                   {product} {ergonomic}
   size_t MinHeapSize                              = 8388608                                   {product} {ergonomic}
    uintx NonNMethodCodeHeapSize                   = 4096                                   {pd product} {ergonomic}
    uintx NonProfiledCodeHeapSize                  = 0                                      {pd product} {ergonomic}
     bool ProfileInterpreter                       = false                                  {pd product} {command line}
    uintx ProfiledCodeHeapSize                     = 0                                      {pd product} {ergonomic}
     bool ShowCodeDetailsInExceptionMessages       = true                                   {manageable} {command line}
   size_t SoftMaxHeapSize                          = 4269801472                             {manageable} {ergonomic}
     intx TieredStopAtLevel                        = 1                                         {product} {command line}
     bool UseCompressedOops                        = true                           {product lp64_product} {ergonomic}
     bool UseG1GC                                  = true                                      {product} {ergonomic}
     bool UseLargePagesIndividualAllocation        = false                                  {pd product} {ergonomic}

Logging:
Log output configuration:
 #0: stdout all=warning uptime,level,tags foldmultilines=false
 #1: stderr all=off uptime,level,tags foldmultilines=false

Environment Variables:
JAVA_HOME=C:\Users\Angel Hernandez\Documents\Jdks\jdk-17.0.2
PATH=C:\Users\Angel Hernandez\Documents\ides\sts-4.31.0.RELEASE\plugins\org.eclipse.justj.openjdk.hotspot.jre.full.win32.x86_64_21.0.7.v20250502-0916\jre\bin;C:/Users/Angel Hernandez/Documents/ides/sts-4.31.0.RELEASE//plugins/org.eclipse.justj.openjdk.hotspot.jre.full.win32.x86_64_21.0.7.v20250502-0916/jre/bin/server;C:/Users/Angel Hernandez/Documents/ides/sts-4.31.0.RELEASE//plugins/org.eclipse.justj.openjdk.hotspot.jre.full.win32.x86_64_21.0.7.v20250502-0916/jre/bin;C:\Windows\system32;C:\Windows;C:\Windows\System32\Wbem;C:\Windows\System32\WindowsPowerShell\v1.0\;C:\Windows\System32\OpenSSH\;C:\Program Files\Git\cmd;C:\Users\Angel Hernandez\Documents\Jdks\jdk-17.0.2\bin;C:\Program Files (x86)\Microsoft SQL Server\160\Tools\Binn\;C:\Program Files\Microsoft SQL Server\160\Tools\Binn\;C:\Program Files\Microsoft SQL Server\Client SDK\ODBC\170\Tools\Binn\;C:\Program Files\Microsoft SQL Server\160\DTS\Binn\;C:\apache-maven-3.9.11\bin;C:\Users\Angel Hernandez\AppData\Local\nvm;C:\nvm4w\nodejs;C:\Users\Angel Hernandez\AppData\Local\Microsoft\WindowsApps;C:\Users\Angel Hernandez\AppData\Local\Programs\Microsoft VS Code\bin;C:\Users\Angel Hernandez\Documents\Jdks\jdk-17.0.2\bin;C:\apache-maven-3.9.11\bin;C:\Users\Angel Hernandez\AppData\Local\nvm;C:\nvm4w\nodejs;C:\Users\Angel Hernandez\Documents\ides\sts-4.31.0.RELEASE;
USERNAME=Angel Hernandez
OS=Windows_NT
PROCESSOR_IDENTIFIER=Intel64 Family 6 Model 78 Stepping 3, GenuineIntel
TMP=C:\Users\ANGELH~1\AppData\Local\Temp
TEMP=C:\Users\ANGELH~1\AppData\Local\Temp




Periodic native trim disabled

---------------  S Y S T E M  ---------------

OS:
 Windows 11 , 64 bit Build 22621 (10.0.22621.3958)
OS uptime: 7 days 23:03 hours

CPU: total 4 (initial active 4) (2 cores per cpu, 2 threads per core) family 6 model 78 stepping 3 microcode 0xea, cx8, cmov, fxsr, ht, mmx, 3dnowpref, sse, sse2, sse3, ssse3, sse4.1, sse4.2, popcnt, lzcnt, tsc, tscinvbit, avx, avx2, aes, erms, clmul, bmi1, bmi2, adx, fma, vzeroupper, clflush, clflushopt, rdtscp, f16c
Processor Information for the first 4 processors :
  Max Mhz: 2400, Current Mhz: 2300, Mhz Limit: 2280

Memory: 4k page, system-wide physical 16280M (2195M free)
TotalPageFile size 32561M (AvailPageFile size 8044M)
current process WorkingSet (physical memory assigned to process): 352M, peak: 380M
current process commit charge ("private bytes"): 408M, peak: 413M

vm_info: OpenJDK 64-Bit Server VM (21.0.7+6-LTS) for windows-amd64 JRE (21.0.7+6-LTS), built on 2025-04-15T00:00:00Z by "admin" with MS VC++ 17.7 (VS2022)

END.
