#
# A fatal error has been detected by the Java Runtime Environment:
#
#  EXCEPTION_ACCESS_VIOLATION (0xc0000005) at pc=0x000002d5eafd0fa4, pid=33812, tid=40932
#
# JRE version: OpenJDK Runtime Environment Temurin-21.0.7+6 (21.0.7+6) (build 21.0.7+6-LTS)
# Java VM: OpenJDK 64-Bit Server VM Temurin-21.0.7+6 (21.0.7+6-LTS, mixed mode, emulated-client, sharing, tiered, compressed oops, compressed class ptrs, g1 gc, windows-amd64)
# Problematic frame:
# v  ~BufferBlob::MethodHandles adapters 0x000002d5eafd0fa4
#
# No core dump will be written. Minidumps are not enabled by default on client versions of Windows
#
# If you would like to submit a bug report, please visit:
#   https://github.com/adoptium/adoptium-support/issues
#

---------------  S U M M A R Y ------------

Command Line: -XX:+ShowCodeDetailsInExceptionMessages -agentlib:jdwp=transport=dt_socket,suspend=y,address=localhost:57450 -Dcom.sun.management.jmxremote -Dcom.sun.management.jmxremote.port=61616 -Dcom.sun.management.jmxremote.authenticate=false -Dcom.sun.management.jmxremote.ssl=false -Djava.rmi.server.hostname=localhost -Dspring.jmx.enabled=true -Dmanagement.endpoints.jmx.exposure.include=* -Dspring.application.admin.enabled=true -Dspring.profiles.active=dev -Dspring.output.ansi.enabled=always -XX:TieredStopAtLevel=1 -Dspring.boot.project.name=app-boot -javaagent:C:\Users\Angel Hernandez\Documents\ides\sts-4.31.0.RELEASE\configuration\org.eclipse.osgi\273\0\.cp\lib\javaagent-shaded.jar -Dfile.encoding=UTF-8 -Dstdout.encoding=UTF-8 -Dstderr.encoding=UTF-8 com.bachoco.app_boot.AppBootApplication

Host: Intel(R) Core(TM) i5-6200U CPU @ 2.30GHz, 4 cores, 15G,  Windows 11 , 64 bit Build 22621 (10.0.22621.3958)
Time: Sun Nov  2 23:44:49 2025 Hora estándar central (México) elapsed time: 14809.684509 seconds (0d 4h 6m 49s)

---------------  T H R E A D  ---------------

Current thread (0x000002d5fd834db0):  JavaThread "http-nio-8080-exec-9" daemon [_thread_in_Java, id=40932, stack(0x000000e96a500000,0x000000e96a600000) (1024K)]

Stack: [0x000000e96a500000,0x000000e96a600000],  sp=0x000000e96a5f84f8,  free space=993k
Native frames: (J=compiled Java code, j=interpreted, Vv=VM code, C=native code)
C  0x000002d5eafd0fa4

The last pc belongs to _linkToVirtual (printed below).

siginfo: EXCEPTION_ACCESS_VIOLATION (0xc0000005), reading address 0xffffffffffffffff


Registers:
RAX=0x000002d5eafa958b, RBX=0x000000070d150fc8, RCX=0x000000e96a5f8520, RDX=0x0000000000000006
RSP=0x000000e96a5f84f8, RBP=0x000000e96a5f8568, RSI=0x000002d5fa2d2fd8, RDI=0x000002d5c5de92f0
R8 =0x0000000000000004, R9 =0x0000000000000004, R10=0x000002d677d0c27a, R11=0xe1a2a1fc00000000
R12=0x0000000000000000, R13=0x000000e96a5f84f8, R14=0x000000e96a5f85a8, R15=0x000002d5fd834db0
RIP=0x000002d5eafd0fa4, EFLAGS=0x0000000000010202

XMM[0]=0x0000000000000000 0x0000000000000000
XMM[1]=0x0000000000000000 0x0000000000000000
XMM[2]=0x0000000000000000 0x0000000000000000
XMM[3]=0x0000000000000000 0x0000000000000000
XMM[4]=0x0000000000000000 0x0000000000000000
XMM[5]=0x0000000000000000 0x0000000000000000
XMM[6]=0x0000000000000000 0x3e9612e8afad1255
XMM[7]=0x0000000000000000 0x3ea7c130cf2d7ce2
XMM[8]=0x0000000000000000 0x0000000000000000
XMM[9]=0x0000000000000000 0x0000000000000000
XMM[10]=0x0000000000000000 0x0000000000000000
XMM[11]=0x0000000000000000 0x0000000000000000
XMM[12]=0x0000000000000000 0x0000000000000000
XMM[13]=0x0000000000000000 0x0000000000000000
XMM[14]=0x0000000000000000 0x0000000000000000
XMM[15]=0x0000000000000000 0x0000000000000000
  MXCSR=0x00001fa1


Register to memory mapping:

RAX=0x000002d5eafa958b is at code_begin+4363 in an Interpreter codelet
return entry points  [0x000002d5eafa8480, 0x000002d5eafaa298]  7704 bytes
RBX=0x000000070d150fc8 is an oop: java.lang.String 
{0x000000070d150fc8} - klass: 'java/lang/String'
 - string: "2025-11-02"
 - ---- fields (total size 3 words):
 - private 'hash' 'I' @12  0 (0x00000000)
 - private final 'coder' 'B' @16  0 (0x00)
 - private 'hashIsZero' 'Z' @17  false (0x00)
 - injected 'flags' 'B' @18  0 (0x00)
 - private final 'value' '[B' @20  [B{0x000000070d150fe0} (0xe1a2a1fc)
RCX=0x000000e96a5f8520 is pointing into the stack for thread: 0x000002d5fd834db0
RDX=0x0000000000000006 is an unknown value
RSP=0x000000e96a5f84f8 is pointing into the stack for thread: 0x000002d5fd834db0
RBP=0x000000e96a5f8568 is pointing into the stack for thread: 0x000002d5fd834db0
RSI=0x000002d5fa2d2fd8 points into unknown readable memory: 0x80001f2f4c4c0a05 | 05 0a 4c 4c 2f 1f 00 80
RDI=0x000002d5c5de92f0 points into unknown readable memory: 0x00000038000000a0 | a0 00 00 00 38 00 00 00
R8 =0x0000000000000004 is an unknown value
R9 =0x0000000000000004 is an unknown value
R10=0x000002d677d0c27a is an unknown value
R11=0xe1a2a1fc00000000 is an unknown value
R12=0x0 is null
R13=0x000000e96a5f84f8 is pointing into the stack for thread: 0x000002d5fd834db0
R14=0x000000e96a5f85a8 is pointing into the stack for thread: 0x000002d5fd834db0
R15=0x000002d5fd834db0 is a thread

Top of Stack: (sp=0x000000e96a5f84f8)
0x000000e96a5f84f8:   000002d5eafa958b 000000070d150de0
0x000000e96a5f8508:   000000070d150be0 000000070d1509d8
0x000000e96a5f8518:   0000000711453e00 000000e96a5f8520
0x000000e96a5f8528:   000002d5f7d0c27a 0000000000000008
0x000000e96a5f8538:   000002d5f7d0c3c8 0000000701d99858
0x000000e96a5f8548:   00000007030f38e0 000002d5f7d0c288
0x000000e96a5f8558:   000000e96a5f84f8 000000e96a5f85b0
0x000000e96a5f8568:   000000e96a5f8630 000002d5eafa958b
0x000000e96a5f8578:   000000070e0f3b98 000000070d150fc8
0x000000e96a5f8588:   000000070d150de0 000000070d150be0
0x000000e96a5f8598:   000000070d1509d8 0000000711453e00
0x000000e96a5f85a8:   000000070e0f3d58 000002d5eafa958b
0x000000e96a5f85b8:   000000070d150fc8 000000070d150de0
0x000000e96a5f85c8:   000000070d150be0 000000070d1509d8
0x000000e96a5f85d8:   0000000711453e00 000000070e0f3d58
0x000000e96a5f85e8:   000000e96a5f85e8 000002d5cccfe76f
0x000000e96a5f85f8:   0000000000000010 000002d5cccfd8d0
0x000000e96a5f8608:   0000000000000000 0000000705b21990
0x000000e96a5f8618:   000002d5cccfe780 000000e96a5f85b8
0x000000e96a5f8628:   000000e96a5f86c0 000000e96a5f8d30
0x000000e96a5f8638:   000002d5ecabd3de 000000070e0f3d58
0x000000e96a5f8648:   000000070d1509d8 000000070d150be0
0x000000e96a5f8658:   000000070d150de0 000000070d150fc8
0x000000e96a5f8668:   000000070e0f4090 000000070d150fc8
0x000000e96a5f8678:   000000070d150de0 000000070d150be0
0x000000e96a5f8688:   000000070d1509d8 0000000711453e00
0x000000e96a5f8698:   000000070e0f4438 000000070d153130
0x000000e96a5f86a8:   0000000711453e00 000000070e0f4488
0x000000e96a5f86b8:   000002d5ecabd2cc 000000e96a5fc4a0
0x000000e96a5f86c8:   000000e96a5fc4a4 00000007081a92a0
0x000000e96a5f86d8:   000002d5eb1f891e 000000070e0f3ad0
0x000000e96a5f86e8:   00000007081a92a0 000000e96a5fb7e0 

Instructions: (pc=0x000002d5eafd0fa4)
0x000002d5eafd0ea4:   d5 02 00 00 00 0f fd ea d5 02 00 00 80 1f fd ea
0x000002d5eafd0eb4:   d5 02 00 00 f0 0e fd ea d5 02 00 00 f0 0e fd ea
0x000002d5eafd0ec4:   d5 02 00 00 00 00 00 00 00 00 00 00 38 87 c4 7b
0x000002d5eafd0ed4:   fe 7f 00 00 f0 10 00 00 60 00 00 00 ff ff ff ff
0x000002d5eafd0ee4:   f0 10 00 00 00 00 00 00 00 00 00 00 00 00 00 00
0x000002d5eafd0ef4:   00 00 00 00 00 00 00 00 00 00 00 00 f4 66 66 66
0x000002d5eafd0f04:   0f 1f 84 00 00 00 00 00 66 66 66 90 66 66 66 0f
0x000002d5eafd0f14:   1f 84 00 00 00 00 00 66 66 66 90 90 48 8b 53 08
0x000002d5eafd0f24:   0f b7 52 2e 48 8b 0c d4 8b 59 14 48 c1 e3 03 8b
0x000002d5eafd0f34:   5b 28 48 c1 e3 03 8b 5b 24 48 c1 e3 03 48 8b 5b
0x000002d5eafd0f44:   10 48 85 db 0f 84 10 00 00 00 41 80 bf d8 05 00
0x000002d5eafd0f54:   00 00 74 03 ff 63 38 ff 63 50 e9 9d 16 00 00 66
0x000002d5eafd0f64:   66 66 0f 1f 84 00 00 00 00 00 66 66 66 90 66 66
0x000002d5eafd0f74:   0f 1f 84 00 00 00 00 00 66 66 66 90 48 8b 53 08
0x000002d5eafd0f84:   0f b7 52 2e 48 8b 0c d4 58 5b 50 44 8b 51 08 49
0x000002d5eafd0f94:   bb 00 00 00 80 d5 02 00 00 4d 03 d3 4c 8b 5b 10
0x000002d5eafd0fa4:   4b 8b 9c da c0 01 00 00 48 85 db 0f 84 10 00 00
0x000002d5eafd0fb4:   00 41 80 bf d8 05 00 00 00 74 03 ff 63 38 ff 63
0x000002d5eafd0fc4:   50 e9 36 16 00 00 66 66 66 0f 1f 84 00 00 00 00
0x000002d5eafd0fd4:   00 66 66 66 90 0f 1f 80 00 00 00 00 58 5b 50 8b
0x000002d5eafd0fe4:   5b 24 48 c1 e3 03 48 8b 5b 10 48 85 db 0f 84 10
0x000002d5eafd0ff4:   00 00 00 41 80 bf d8 05 00 00 00 74 03 ff 63 38
0x000002d5eafd1004:   ff 63 50 e9 f4 15 00 00 66 66 66 0f 1f 84 00 00
0x000002d5eafd1014:   00 00 00 66 66 66 90 0f 1f 44 00 00 48 8b 53 08
0x000002d5eafd1024:   0f b7 52 2e 48 8b 0c d4 58 5b 50 48 3b 01 8b 5b
0x000002d5eafd1034:   24 48 c1 e3 03 48 8b 5b 10 48 85 db 0f 84 10 00
0x000002d5eafd1044:   00 00 41 80 bf d8 05 00 00 00 74 03 ff 63 38 ff
0x000002d5eafd1054:   63 50 e9 a5 15 00 00 0f 1f 44 00 00 48 8b 53 08
0x000002d5eafd1064:   0f b7 52 2e 48 8b 0c d4 58 5b 50 44 8b 51 08 49
0x000002d5eafd1074:   bb 00 00 00 80 d5 02 00 00 4d 03 d3 8b 43 18 48
0x000002d5eafd1084:   c1 e0 03 48 8b 40 10 48 8b 5b 10 45 8b 9a a0 00
0x000002d5eafd1094:   00 00 4f 8d 9c da c0 01 00 00 4d 8d 14 da 49 8b 


Stack slot to memory mapping:

stack at sp + 0 slots: 0x000002d5eafa958b is at code_begin+4363 in an Interpreter codelet
return entry points  [0x000002d5eafa8480, 0x000002d5eafaa298]  7704 bytes
stack at sp + 1 slots: 0x000000070d150de0 is an oop: java.lang.String 
{0x000000070d150de0} - klass: 'java/lang/String'
 - string: "2025-11-02"
 - ---- fields (total size 3 words):
 - private 'hash' 'I' @12  0 (0x00000000)
 - private final 'coder' 'B' @16  0 (0x00)
 - private 'hashIsZero' 'Z' @17  false (0x00)
 - injected 'flags' 'B' @18  0 (0x00)
 - private final 'value' '[B' @20  [B{0x000000070d150df8} (0xe1a2a1bf)
stack at sp + 2 slots: 0x000000070d150be0 is an oop: java.lang.String 
{0x000000070d150be0} - klass: 'java/lang/String'
 - string: "000000000000100011"
 - ---- fields (total size 3 words):
 - private 'hash' 'I' @12  0 (0x00000000)
 - private final 'coder' 'B' @16  0 (0x00)
 - private 'hashIsZero' 'Z' @17  false (0x00)
 - injected 'flags' 'B' @18  0 (0x00)
 - private final 'value' '[B' @20  [B{0x000000070d150bf8} (0xe1a2a17f)
stack at sp + 3 slots: 0x000000070d1509d8 is an oop: java.lang.String 
{0x000000070d1509d8} - klass: 'java/lang/String'
 - string: "CP12"
 - ---- fields (total size 3 words):
 - private 'hash' 'I' @12  0 (0x00000000)
 - private final 'coder' 'B' @16  0 (0x00)
 - private 'hashIsZero' 'Z' @17  false (0x00)
 - injected 'flags' 'B' @18  0 (0x00)
 - private final 'value' '[B' @20  [B{0x000000070d1509f0} (0xe1a2a13e)
stack at sp + 4 slots: 0x0000000711453e00 is an oop: com.bachoco.persistence.adapter.PedidoTrasladoJdbcRepositoryAdapter 
{0x0000000711453e00} - klass: 'com/bachoco/persistence/adapter/PedidoTrasladoJdbcRepositoryAdapter'
 - ---- fields (total size 5 words):
 - private final 'pedidoTrasladoJdbcRepository' 'Lcom/bachoco/persistence/repository/PedidoTrasladoJdbcRepository;' @12  a 'com/bachoco/persistence/repository/PedidoTrasladoJdbcRepository$$SpringCGLIB$$0'{0x00000007123edcd0} (0xe247db9a)
 - private final 'pedidoTrasladoSapWebClientoAdapter' 'Lcom/bachoco/persistence/adapter/PedidoTrasladoSapWebClientoAdapter;' @16  a 'com/bachoco/persistence/adapter/PedidoTrasladoSapWebClientoAdapter'{0x0000000711a65bd8} (0xe234cb7b)
 - private final 'catalogJdbcRepository' 'Lcom/bachoco/persistence/repository/CatalogJdbcRepository;' @20  a 'com/bachoco/persistence/repository/CatalogJdbcRepository'{0x0000000707e4b378} (0xe0fc966f)
 - private final 'plantaJpaRepository' 'Lcom/bachoco/persistence/repository/PlantaJpaRepository;' @24  a 'jdk/proxy174/$Proxy1619'{0x000000071173d848} (0xe22e7b09)
 - private final 'materiaJpalRepository' 'Lcom/bachoco/persistence/repository/MateriaJpalRepository;' @28  a 'jdk/proxy174/$Proxy1617'{0x0000000711ed56c0} (0xe23daad8)
 - private 'urlPedTraslado' 'Ljava/lang/String;' @32  "http://bopaxqas01.bachoco.net:50000/RESTAdapter/portal-cosecha"{0x0000000711a7c3f8} (0xe234f87f)
stack at sp + 5 slots: 0x000000e96a5f8520 is pointing into the stack for thread: 0x000002d5fd834db0
stack at sp + 6 slots: 0x000002d5f7d0c27a is pointing into metadata
stack at sp + 7 slots: 0x0000000000000008 is an unknown value

MethodHandle::interpreter_entry::_linkToVirtual [0x000002d5eafd0f63, 0x000002d5eafd0fca] (103 bytes)
[MachCode]
  0x000002d5eafd0f63: 6666 660f | 1f84 0000 | 0000 0066 | 6666 9066 | 660f 1f84 | 0000 0000 | 0066 6666 | 9048 8b53 
  0x000002d5eafd0f83: 080f b752 | 2e48 8b0c | d458 5b50 | 448b 5108 | 49bb 0000 | 0080 d502 | 0000 4d03 | d34c 8b5b 
  0x000002d5eafd0fa3: 104b 8b9c | dac0 0100 | 0048 85db | 0f84 1000 | 0000 4180 | bfd8 0500 | 0000 7403 | ff63 38ff 
  0x000002d5eafd0fc3: 6350 e936 | 
[/MachCode]

---------------  P R O C E S S  ---------------

Threads class SMR info:
_java_thread_list=0x000002d5c58e4310, length=40, elements={
0x000002d5f5213a70, 0x000002d5f52153c0, 0x000002d5f5217b70, 0x000002d5f5219040,
0x000002d5f5219bc0, 0x000002d5f521a9c0, 0x000002d5f521d430, 0x000002d5f51ea080,
0x000002d5f5384a20, 0x000002d5f53892d0, 0x000002d5f538d960, 0x000002d5fa22f280,
0x000002d5fa2bfe90, 0x000002d5fa44ef60, 0x000002d5fa4aa770, 0x000002d5fab9c330,
0x000002d5fab908c0, 0x000002d5faba8ba0, 0x000002d5fac6b730, 0x000002d5fd839c70,
0x000002d5fd8395e0, 0x000002d5fda783b0, 0x000002d5fda76970, 0x000002d5fda7d900,
0x000002d5fda7c550, 0x000002d5fd835ad0, 0x000002d5fd83a300, 0x000002d5fd83a990,
0x000002d5fd837510, 0x000002d5fd8388c0, 0x000002d5fd83b020, 0x000002d5fd834090,
0x000002d5fd83b6b0, 0x000002d5fd836160, 0x000002d5fd834db0, 0x000002d5fd8367f0,
0x000002d5fac6bdc0, 0x000002d5fac6cae0, 0x000002d5fac6de90, 0x000002d5fac6d170
}

Java Threads: ( => current thread )
  0x000002d5f5213a70 JavaThread "Reference Handler"          daemon [_thread_blocked, id=40416, stack(0x000000e967c00000,0x000000e967d00000) (1024K)]
  0x000002d5f52153c0 JavaThread "Finalizer"                  daemon [_thread_blocked, id=35780, stack(0x000000e967d00000,0x000000e967e00000) (1024K)]
  0x000002d5f5217b70 JavaThread "Signal Dispatcher"          daemon [_thread_blocked, id=39168, stack(0x000000e967e00000,0x000000e967f00000) (1024K)]
  0x000002d5f5219040 JavaThread "Attach Listener"            daemon [_thread_blocked, id=34512, stack(0x000000e967f00000,0x000000e968000000) (1024K)]
  0x000002d5f5219bc0 JavaThread "Service Thread"             daemon [_thread_blocked, id=40200, stack(0x000000e968000000,0x000000e968100000) (1024K)]
  0x000002d5f521a9c0 JavaThread "Monitor Deflation Thread"   daemon [_thread_blocked, id=38984, stack(0x000000e968100000,0x000000e968200000) (1024K)]
  0x000002d5f521d430 JavaThread "C1 CompilerThread0"         daemon [_thread_blocked, id=30884, stack(0x000000e968200000,0x000000e968300000) (1024K)]
  0x000002d5f51ea080 JavaThread "Common-Cleaner"             daemon [_thread_blocked, id=28820, stack(0x000000e968300000,0x000000e968400000) (1024K)]
  0x000002d5f5384a20 JavaThread "JDWP Transport Listener: dt_socket" daemon [_thread_blocked, id=34152, stack(0x000000e968600000,0x000000e968700000) (1024K)]
  0x000002d5f53892d0 JavaThread "JDWP Event Helper Thread"   daemon [_thread_blocked, id=39976, stack(0x000000e968700000,0x000000e968800000) (1024K)]
  0x000002d5f538d960 JavaThread "JDWP Command Reader"        daemon [_thread_in_native, id=29952, stack(0x000000e968800000,0x000000e968900000) (1024K)]
  0x000002d5fa22f280 JavaThread "Notification Thread"        daemon [_thread_blocked, id=39552, stack(0x000000e968900000,0x000000e968a00000) (1024K)]
  0x000002d5fa2bfe90 JavaThread "RMI TCP Accept-0"           daemon [_thread_in_native, id=40832, stack(0x000000e968e00000,0x000000e968f00000) (1024K)]
  0x000002d5fa44ef60 JavaThread "RMI TCP Accept-61616"       daemon [_thread_in_native, id=39576, stack(0x000000e968f00000,0x000000e969000000) (1024K)]
  0x000002d5fa4aa770 JavaThread "RMI TCP Accept-0"           daemon [_thread_in_native, id=28436, stack(0x000000e969000000,0x000000e969100000) (1024K)]
  0x000002d5fab9c330 JavaThread "RMI Scheduler(0)"           daemon [_thread_blocked, id=35880, stack(0x000000e969200000,0x000000e969300000) (1024K)]
  0x000002d5fab908c0 JavaThread "RMI TCP Connection(idle)"   daemon [_thread_blocked, id=5756, stack(0x000000e969300000,0x000000e969400000) (1024K)]
  0x000002d5faba8ba0 JavaThread "JMX server connection timeout 33" daemon [_thread_blocked, id=40916, stack(0x000000e969400000,0x000000e969500000) (1024K)]
  0x000002d5fac6b730 JavaThread "mysql-cj-abandoned-connection-cleanup" daemon [_thread_blocked, id=17236, stack(0x000000e969700000,0x000000e969800000) (1024K)]
  0x000002d5fd839c70 JavaThread "Live Reload Server"         daemon [_thread_in_native, id=40480, stack(0x000000e96a200000,0x000000e96a300000) (1024K)]
  0x000002d5fd8395e0 JavaThread "DestroyJavaVM"                     [_thread_blocked, id=32224, stack(0x000000e967400000,0x000000e967500000) (1024K)]
  0x000002d5fda783b0 JavaThread "HikariPool-86:housekeeper"  daemon [_thread_blocked, id=37164, stack(0x000000e968d00000,0x000000e968e00000) (1024K)]
  0x000002d5fda76970 JavaThread "Catalina-utility-1"                [_thread_blocked, id=38616, stack(0x000000e969600000,0x000000e969700000) (1024K)]
  0x000002d5fda7d900 JavaThread "Catalina-utility-2"                [_thread_blocked, id=38916, stack(0x000000e969800000,0x000000e969900000) (1024K)]
  0x000002d5fda7c550 JavaThread "container-0"                       [_thread_blocked, id=7768, stack(0x000000e969900000,0x000000e969a00000) (1024K)]
  0x000002d5fd835ad0 JavaThread "HttpClient-86-SelectorManager" daemon [_thread_in_native, id=35292, stack(0x000000e969a00000,0x000000e969b00000) (1024K)]
  0x000002d5fd83a300 JavaThread "http-nio-8080-exec-1"       daemon [_thread_blocked, id=31552, stack(0x000000e969c00000,0x000000e969d00000) (1024K)]
  0x000002d5fd83a990 JavaThread "http-nio-8080-exec-2"       daemon [_thread_blocked, id=7808, stack(0x000000e969d00000,0x000000e969e00000) (1024K)]
  0x000002d5fd837510 JavaThread "http-nio-8080-exec-3"       daemon [_thread_blocked, id=20412, stack(0x000000e969e00000,0x000000e969f00000) (1024K)]
  0x000002d5fd8388c0 JavaThread "http-nio-8080-exec-4"       daemon [_thread_blocked, id=38840, stack(0x000000e969f00000,0x000000e96a000000) (1024K)]
  0x000002d5fd83b020 JavaThread "http-nio-8080-exec-5"       daemon [_thread_blocked, id=39224, stack(0x000000e96a000000,0x000000e96a100000) (1024K)]
  0x000002d5fd834090 JavaThread "http-nio-8080-exec-6"       daemon [_thread_blocked, id=1972, stack(0x000000e96a100000,0x000000e96a200000) (1024K)]
  0x000002d5fd83b6b0 JavaThread "http-nio-8080-exec-7"       daemon [_thread_blocked, id=39996, stack(0x000000e96a300000,0x000000e96a400000) (1024K)]
  0x000002d5fd836160 JavaThread "http-nio-8080-exec-8"       daemon [_thread_blocked, id=13000, stack(0x000000e96a400000,0x000000e96a500000) (1024K)]
=>0x000002d5fd834db0 JavaThread "http-nio-8080-exec-9"       daemon [_thread_in_Java, id=40932, stack(0x000000e96a500000,0x000000e96a600000) (1024K)]
  0x000002d5fd8367f0 JavaThread "http-nio-8080-exec-10"      daemon [_thread_blocked, id=40224, stack(0x000000e96a600000,0x000000e96a700000) (1024K)]
  0x000002d5fac6bdc0 JavaThread "http-nio-8080-Poller"       daemon [_thread_in_native, id=34864, stack(0x000000e96a700000,0x000000e96a800000) (1024K)]
  0x000002d5fac6cae0 JavaThread "scheduling-1"                      [_thread_blocked, id=35748, stack(0x000000e96a900000,0x000000e96aa00000) (1024K)]
  0x000002d5fac6de90 JavaThread "Thread-343"                        [_thread_blocked, id=13032, stack(0x000000e967200000,0x000000e967300000) (1024K)]
  0x000002d5fac6d170 JavaThread "tomcat-shutdown"                   [_thread_blocked, id=33060, stack(0x000000e967300000,0x000000e967400000) (1024K)]
Total: 40

Other Threads:
  0x000002d5f51f65a0 VMThread "VM Thread"                           [id=32340, stack(0x000000e967b00000,0x000000e967c00000) (1024K)]
  0x000002d5f51e8b00 WatcherThread "VM Periodic Task Thread"        [id=36292, stack(0x000000e967a00000,0x000000e967b00000) (1024K)]
  0x000002d5e7680ed0 WorkerThread "GC Thread#0"                     [id=34776, stack(0x000000e967500000,0x000000e967600000) (1024K)]
  0x000002d5fa270ff0 WorkerThread "GC Thread#1"                     [id=35888, stack(0x000000e968a00000,0x000000e968b00000) (1024K)]
  0x000002d5fa271390 WorkerThread "GC Thread#2"                     [id=29500, stack(0x000000e968b00000,0x000000e968c00000) (1024K)]
  0x000002d5fa271730 WorkerThread "GC Thread#3"                     [id=31044, stack(0x000000e968c00000,0x000000e968d00000) (1024K)]
  0x000002d5e548df80 ConcurrentGCThread "G1 Main Marker"            [id=28944, stack(0x000000e967600000,0x000000e967700000) (1024K)]
  0x000002d5e548e9d0 WorkerThread "G1 Conc#0"                       [id=21084, stack(0x000000e967700000,0x000000e967800000) (1024K)]
  0x000002d5f50a89c0 ConcurrentGCThread "G1 Refine#0"               [id=12080, stack(0x000000e967800000,0x000000e967900000) (1024K)]
  0x000002d5f50a9c20 ConcurrentGCThread "G1 Service"                [id=37420, stack(0x000000e967900000,0x000000e967a00000) (1024K)]
Total: 10

Threads with active compile tasks:
Total: 0

VM state: not at safepoint (normal execution)

VM Mutex/Monitor currently owned by a thread: None

Heap address: 0x0000000701800000, size: 4072 MB, Compressed Oops mode: Zero based, Oop shift amount: 3

CDS archive(s) mapped at: [0x000002d580000000-0x000002d580c80000-0x000002d580c80000), size 13107200, SharedBaseAddress: 0x000002d580000000, ArchiveRelocationMode: 1.
Compressed class space mapped at: 0x000002d581000000-0x000002d5c1000000, reserved size: 1073741824
Narrow klass base: 0x000002d580000000, Narrow klass shift: 0, Narrow klass range: 0x100000000

GC Precious Log:
 CardTable entry size: 512
 Card Set container configuration: InlinePtr #cards 4 size 8 Array Of Cards #cards 16 size 48 Howl #buckets 8 coarsen threshold 3686 Howl Bitmap #cards 512 size 80 coarsen threshold 460 Card regions per heap region 1 cards per card region 4096
 CPUs: 4 total, 4 available
 Memory: 16280M
 Large Page Support: Disabled
 NUMA Support: Disabled
 Compressed Oops: Enabled (Zero based)
 Heap Region Size: 2M
 Heap Min Capacity: 8M
 Heap Initial Capacity: 256M
 Heap Max Capacity: 4072M
 Pre-touch: Disabled
 Parallel Workers: 4
 Concurrent Workers: 1
 Concurrent Refinement Workers: 4
 Periodic GC: Disabled

Heap:
 garbage-first heap   total 274432K, used 202415K [0x0000000701800000, 0x0000000800000000)
  region size 2048K, 61 young (124928K), 5 survivors (10240K)
 Metaspace       used 289933K, committed 292672K, reserved 1310720K
  class space    used 34470K, committed 35840K, reserved 1048576K

Heap Regions: E=young(eden), S=young(survivor), O=old, HS=humongous(starts), HC=humongous(continues), CS=collection set, F=free, TAMS=top-at-mark-start, PB=parsable bottom
|   0|0x0000000701800000, 0x0000000701a00000, 0x0000000701a00000|100%| O|  |TAMS 0x0000000701800000| PB 0x0000000701800000| Untracked 
|   1|0x0000000701a00000, 0x0000000701c00000, 0x0000000701c00000|100%| O|  |TAMS 0x0000000701a00000| PB 0x0000000701a00000| Untracked 
|   2|0x0000000701c00000, 0x0000000701dffff8, 0x0000000701e00000| 99%| O|  |TAMS 0x0000000701c00000| PB 0x0000000701c00000| Untracked 
|   3|0x0000000701e00000, 0x0000000701fffff8, 0x0000000702000000| 99%| O|  |TAMS 0x0000000701e00000| PB 0x0000000701e00000| Untracked 
|   4|0x0000000702000000, 0x00000007021fffe8, 0x0000000702200000| 99%| O|  |TAMS 0x0000000702000000| PB 0x0000000702000000| Untracked 
|   5|0x0000000702200000, 0x0000000702400000, 0x0000000702400000|100%| O|  |TAMS 0x0000000702200000| PB 0x0000000702200000| Untracked 
|   6|0x0000000702400000, 0x00000007025fe0b8, 0x0000000702600000| 99%| O|  |TAMS 0x0000000702400000| PB 0x0000000702400000| Untracked 
|   7|0x0000000702600000, 0x00000007027ffec8, 0x0000000702800000| 99%| O|  |TAMS 0x0000000702600000| PB 0x0000000702600000| Untracked 
|   8|0x0000000702800000, 0x00000007029ffff8, 0x0000000702a00000| 99%| O|  |TAMS 0x0000000702800000| PB 0x0000000702800000| Untracked 
|   9|0x0000000702a00000, 0x0000000702bfff18, 0x0000000702c00000| 99%| O|  |TAMS 0x0000000702a00000| PB 0x0000000702a00000| Untracked 
|  10|0x0000000702c00000, 0x0000000702e00000, 0x0000000702e00000|100%| O|  |TAMS 0x0000000702c00000| PB 0x0000000702c00000| Untracked 
|  11|0x0000000702e00000, 0x0000000702fffff0, 0x0000000703000000| 99%| O|  |TAMS 0x0000000702e00000| PB 0x0000000702e00000| Untracked 
|  12|0x0000000703000000, 0x00000007031fffe8, 0x0000000703200000| 99%| O|  |TAMS 0x0000000703000000| PB 0x0000000703000000| Untracked 
|  13|0x0000000703200000, 0x00000007033fffe8, 0x0000000703400000| 99%| O|  |TAMS 0x0000000703200000| PB 0x0000000703200000| Untracked 
|  14|0x0000000703400000, 0x00000007035fffb8, 0x0000000703600000| 99%| O|  |TAMS 0x0000000703400000| PB 0x0000000703400000| Untracked 
|  15|0x0000000703600000, 0x00000007037fffc8, 0x0000000703800000| 99%| O|  |TAMS 0x0000000703600000| PB 0x0000000703600000| Untracked 
|  16|0x0000000703800000, 0x00000007039ffff0, 0x0000000703a00000| 99%| O|  |TAMS 0x0000000703800000| PB 0x0000000703800000| Untracked 
|  17|0x0000000703a00000, 0x0000000703bfffd0, 0x0000000703c00000| 99%| O|  |TAMS 0x0000000703a00000| PB 0x0000000703a00000| Untracked 
|  18|0x0000000703c00000, 0x0000000703dffff8, 0x0000000703e00000| 99%| O|  |TAMS 0x0000000703c00000| PB 0x0000000703c00000| Untracked 
|  19|0x0000000703e00000, 0x0000000704000000, 0x0000000704000000|100%| O|  |TAMS 0x0000000703e00000| PB 0x0000000703e00000| Untracked 
|  20|0x0000000704000000, 0x0000000704200000, 0x0000000704200000|100%| O|  |TAMS 0x0000000704000000| PB 0x0000000704000000| Untracked 
|  21|0x0000000704200000, 0x00000007043fffc8, 0x0000000704400000| 99%| O|  |TAMS 0x0000000704200000| PB 0x0000000704200000| Untracked 
|  22|0x0000000704400000, 0x00000007045fffb0, 0x0000000704600000| 99%| O|  |TAMS 0x0000000704400000| PB 0x0000000704400000| Untracked 
|  23|0x0000000704600000, 0x00000007047fffd8, 0x0000000704800000| 99%| O|  |TAMS 0x0000000704600000| PB 0x0000000704600000| Untracked 
|  24|0x0000000704800000, 0x0000000704a00000, 0x0000000704a00000|100%| O|  |TAMS 0x0000000704800000| PB 0x0000000704800000| Untracked 
|  25|0x0000000704a00000, 0x0000000704c00000, 0x0000000704c00000|100%| O|  |TAMS 0x0000000704a00000| PB 0x0000000704a00000| Untracked 
|  26|0x0000000704c00000, 0x0000000704dfffe0, 0x0000000704e00000| 99%| O|  |TAMS 0x0000000704c00000| PB 0x0000000704c00000| Untracked 
|  27|0x0000000704e00000, 0x0000000704fffff0, 0x0000000705000000| 99%| O|  |TAMS 0x0000000704e00000| PB 0x0000000704e00000| Untracked 
|  28|0x0000000705000000, 0x0000000705200000, 0x0000000705200000|100%| O|  |TAMS 0x0000000705000000| PB 0x0000000705000000| Untracked 
|  29|0x0000000705200000, 0x0000000705400000, 0x0000000705400000|100%| O|  |TAMS 0x0000000705200000| PB 0x0000000705200000| Untracked 
|  30|0x0000000705400000, 0x00000007055fffb8, 0x0000000705600000| 99%| O|  |TAMS 0x0000000705400000| PB 0x0000000705400000| Untracked 
|  31|0x0000000705600000, 0x00000007057ffff8, 0x0000000705800000| 99%| O|  |TAMS 0x0000000705600000| PB 0x0000000705600000| Untracked 
|  32|0x0000000705800000, 0x00000007059ffff0, 0x0000000705a00000| 99%| O|  |TAMS 0x0000000705800000| PB 0x0000000705800000| Untracked 
|  33|0x0000000705a00000, 0x0000000705bfff78, 0x0000000705c00000| 99%| O|  |TAMS 0x0000000705a00000| PB 0x0000000705a00000| Untracked 
|  34|0x0000000705c00000, 0x0000000705e00000, 0x0000000705e00000|100%| O|  |TAMS 0x0000000705c00000| PB 0x0000000705c00000| Untracked 
|  35|0x0000000705e00000, 0x0000000705fffff8, 0x0000000706000000| 99%| O|  |TAMS 0x0000000705e00000| PB 0x0000000705e00000| Untracked 
|  36|0x0000000706000000, 0x00000007061d3fd8, 0x0000000706200000| 91%| O|  |TAMS 0x0000000706000000| PB 0x0000000706000000| Untracked 
|  37|0x0000000706200000, 0x0000000706400000, 0x0000000706400000|100%| O|  |TAMS 0x0000000706200000| PB 0x0000000706200000| Untracked 
|  38|0x0000000706400000, 0x00000007064c2ce8, 0x0000000706600000| 38%| O|  |TAMS 0x0000000706400000| PB 0x0000000706400000| Untracked 
|  39|0x0000000706600000, 0x00000007066776d8, 0x0000000706800000| 23%| O|Cm|TAMS 0x0000000706600000| PB 0x0000000706600000| Complete 
|  40|0x0000000706800000, 0x0000000706800000, 0x0000000706a00000|  0%| F|  |TAMS 0x0000000706800000| PB 0x0000000706800000| Untracked 
|  41|0x0000000706a00000, 0x0000000706abfe20, 0x0000000706c00000| 37%| O|  |TAMS 0x0000000706a00000| PB 0x0000000706a00000| Untracked 
|  42|0x0000000706c00000, 0x0000000706c00000, 0x0000000706e00000|  0%| F|  |TAMS 0x0000000706c00000| PB 0x0000000706c00000| Untracked 
|  43|0x0000000706e00000, 0x0000000706e00000, 0x0000000707000000|  0%| F|  |TAMS 0x0000000706e00000| PB 0x0000000706e00000| Untracked 
|  44|0x0000000707000000, 0x0000000707000000, 0x0000000707200000|  0%| F|  |TAMS 0x0000000707000000| PB 0x0000000707000000| Untracked 
|  45|0x0000000707200000, 0x0000000707200000, 0x0000000707400000|  0%| F|  |TAMS 0x0000000707200000| PB 0x0000000707200000| Untracked 
|  46|0x0000000707400000, 0x0000000707400000, 0x0000000707600000|  0%| F|  |TAMS 0x0000000707400000| PB 0x0000000707400000| Untracked 
|  47|0x0000000707600000, 0x0000000707600000, 0x0000000707800000|  0%| F|  |TAMS 0x0000000707600000| PB 0x0000000707600000| Untracked 
|  48|0x0000000707800000, 0x0000000707800000, 0x0000000707a00000|  0%| F|  |TAMS 0x0000000707800000| PB 0x0000000707800000| Untracked 
|  49|0x0000000707a00000, 0x0000000707be0160, 0x0000000707c00000| 93%| S|CS|TAMS 0x0000000707a00000| PB 0x0000000707a00000| Complete 
|  50|0x0000000707c00000, 0x0000000707e00000, 0x0000000707e00000|100%| S|CS|TAMS 0x0000000707c00000| PB 0x0000000707c00000| Complete 
|  51|0x0000000707e00000, 0x0000000708000000, 0x0000000708000000|100%| S|CS|TAMS 0x0000000707e00000| PB 0x0000000707e00000| Complete 
|  52|0x0000000708000000, 0x0000000708200000, 0x0000000708200000|100%| S|CS|TAMS 0x0000000708000000| PB 0x0000000708000000| Complete 
|  53|0x0000000708200000, 0x0000000708400000, 0x0000000708400000|100%| S|CS|TAMS 0x0000000708200000| PB 0x0000000708200000| Complete 
|  54|0x0000000708400000, 0x0000000708400000, 0x0000000708600000|  0%| F|  |TAMS 0x0000000708400000| PB 0x0000000708400000| Untracked 
|  55|0x0000000708600000, 0x0000000708600000, 0x0000000708800000|  0%| F|  |TAMS 0x0000000708600000| PB 0x0000000708600000| Untracked 
|  56|0x0000000708800000, 0x0000000708800000, 0x0000000708a00000|  0%| F|  |TAMS 0x0000000708800000| PB 0x0000000708800000| Untracked 
|  57|0x0000000708a00000, 0x0000000708a00000, 0x0000000708c00000|  0%| F|  |TAMS 0x0000000708a00000| PB 0x0000000708a00000| Untracked 
|  58|0x0000000708c00000, 0x0000000708c00000, 0x0000000708e00000|  0%| F|  |TAMS 0x0000000708c00000| PB 0x0000000708c00000| Untracked 
|  59|0x0000000708e00000, 0x0000000708e00000, 0x0000000709000000|  0%| F|  |TAMS 0x0000000708e00000| PB 0x0000000708e00000| Untracked 
|  60|0x0000000709000000, 0x0000000709000000, 0x0000000709200000|  0%| F|  |TAMS 0x0000000709000000| PB 0x0000000709000000| Untracked 
|  61|0x0000000709200000, 0x0000000709200000, 0x0000000709400000|  0%| F|  |TAMS 0x0000000709200000| PB 0x0000000709200000| Untracked 
|  62|0x0000000709400000, 0x0000000709400000, 0x0000000709600000|  0%| F|  |TAMS 0x0000000709400000| PB 0x0000000709400000| Untracked 
|  63|0x0000000709600000, 0x0000000709600000, 0x0000000709800000|  0%| F|  |TAMS 0x0000000709600000| PB 0x0000000709600000| Untracked 
|  64|0x0000000709800000, 0x0000000709800000, 0x0000000709a00000|  0%| F|  |TAMS 0x0000000709800000| PB 0x0000000709800000| Untracked 
|  65|0x0000000709a00000, 0x0000000709a00000, 0x0000000709c00000|  0%| F|  |TAMS 0x0000000709a00000| PB 0x0000000709a00000| Untracked 
|  66|0x0000000709c00000, 0x0000000709c00000, 0x0000000709e00000|  0%| F|  |TAMS 0x0000000709c00000| PB 0x0000000709c00000| Untracked 
|  67|0x0000000709e00000, 0x0000000709e00000, 0x000000070a000000|  0%| F|  |TAMS 0x0000000709e00000| PB 0x0000000709e00000| Untracked 
|  68|0x000000070a000000, 0x000000070a000000, 0x000000070a200000|  0%| F|  |TAMS 0x000000070a000000| PB 0x000000070a000000| Untracked 
|  69|0x000000070a200000, 0x000000070a200000, 0x000000070a400000|  0%| F|  |TAMS 0x000000070a200000| PB 0x000000070a200000| Untracked 
|  70|0x000000070a400000, 0x000000070a400000, 0x000000070a600000|  0%| F|  |TAMS 0x000000070a400000| PB 0x000000070a400000| Untracked 
|  71|0x000000070a600000, 0x000000070a600000, 0x000000070a800000|  0%| F|  |TAMS 0x000000070a600000| PB 0x000000070a600000| Untracked 
|  72|0x000000070a800000, 0x000000070a800000, 0x000000070aa00000|  0%| F|  |TAMS 0x000000070a800000| PB 0x000000070a800000| Untracked 
|  73|0x000000070aa00000, 0x000000070aa00000, 0x000000070ac00000|  0%| F|  |TAMS 0x000000070aa00000| PB 0x000000070aa00000| Untracked 
|  74|0x000000070ac00000, 0x000000070ac00000, 0x000000070ae00000|  0%| F|  |TAMS 0x000000070ac00000| PB 0x000000070ac00000| Untracked 
|  75|0x000000070ae00000, 0x000000070ae00000, 0x000000070b000000|  0%| F|  |TAMS 0x000000070ae00000| PB 0x000000070ae00000| Untracked 
|  76|0x000000070b000000, 0x000000070b000000, 0x000000070b200000|  0%| F|  |TAMS 0x000000070b000000| PB 0x000000070b000000| Untracked 
|  77|0x000000070b200000, 0x000000070b200000, 0x000000070b400000|  0%| F|  |TAMS 0x000000070b200000| PB 0x000000070b200000| Untracked 
|  78|0x000000070b400000, 0x000000070b500240, 0x000000070b600000| 50%| E|  |TAMS 0x000000070b400000| PB 0x000000070b400000| Complete 
|  79|0x000000070b600000, 0x000000070b800000, 0x000000070b800000|100%| E|CS|TAMS 0x000000070b600000| PB 0x000000070b600000| Complete 
|  80|0x000000070b800000, 0x000000070ba00000, 0x000000070ba00000|100%| E|CS|TAMS 0x000000070b800000| PB 0x000000070b800000| Complete 
|  81|0x000000070ba00000, 0x000000070bc00000, 0x000000070bc00000|100%| E|CS|TAMS 0x000000070ba00000| PB 0x000000070ba00000| Complete 
|  82|0x000000070bc00000, 0x000000070be00000, 0x000000070be00000|100%| E|CS|TAMS 0x000000070bc00000| PB 0x000000070bc00000| Complete 
|  83|0x000000070be00000, 0x000000070c000000, 0x000000070c000000|100%| E|CS|TAMS 0x000000070be00000| PB 0x000000070be00000| Complete 
|  84|0x000000070c000000, 0x000000070c200000, 0x000000070c200000|100%| E|CS|TAMS 0x000000070c000000| PB 0x000000070c000000| Complete 
|  85|0x000000070c200000, 0x000000070c400000, 0x000000070c400000|100%| E|CS|TAMS 0x000000070c200000| PB 0x000000070c200000| Complete 
|  86|0x000000070c400000, 0x000000070c600000, 0x000000070c600000|100%| E|CS|TAMS 0x000000070c400000| PB 0x000000070c400000| Complete 
|  87|0x000000070c600000, 0x000000070c800000, 0x000000070c800000|100%| E|CS|TAMS 0x000000070c600000| PB 0x000000070c600000| Complete 
|  88|0x000000070c800000, 0x000000070ca00000, 0x000000070ca00000|100%| E|CS|TAMS 0x000000070c800000| PB 0x000000070c800000| Complete 
|  89|0x000000070ca00000, 0x000000070cc00000, 0x000000070cc00000|100%| E|CS|TAMS 0x000000070ca00000| PB 0x000000070ca00000| Complete 
|  90|0x000000070cc00000, 0x000000070ce00000, 0x000000070ce00000|100%| E|CS|TAMS 0x000000070cc00000| PB 0x000000070cc00000| Complete 
|  91|0x000000070ce00000, 0x000000070d000000, 0x000000070d000000|100%| E|CS|TAMS 0x000000070ce00000| PB 0x000000070ce00000| Complete 
|  92|0x000000070d000000, 0x000000070d200000, 0x000000070d200000|100%| E|CS|TAMS 0x000000070d000000| PB 0x000000070d000000| Complete 
|  93|0x000000070d200000, 0x000000070d400000, 0x000000070d400000|100%| E|CS|TAMS 0x000000070d200000| PB 0x000000070d200000| Complete 
|  94|0x000000070d400000, 0x000000070d600000, 0x000000070d600000|100%| E|CS|TAMS 0x000000070d400000| PB 0x000000070d400000| Complete 
|  95|0x000000070d600000, 0x000000070d800000, 0x000000070d800000|100%| E|CS|TAMS 0x000000070d600000| PB 0x000000070d600000| Complete 
|  96|0x000000070d800000, 0x000000070da00000, 0x000000070da00000|100%| E|CS|TAMS 0x000000070d800000| PB 0x000000070d800000| Complete 
|  97|0x000000070da00000, 0x000000070dc00000, 0x000000070dc00000|100%| E|CS|TAMS 0x000000070da00000| PB 0x000000070da00000| Complete 
|  98|0x000000070dc00000, 0x000000070de00000, 0x000000070de00000|100%| E|CS|TAMS 0x000000070dc00000| PB 0x000000070dc00000| Complete 
|  99|0x000000070de00000, 0x000000070e000000, 0x000000070e000000|100%| E|CS|TAMS 0x000000070de00000| PB 0x000000070de00000| Complete 
| 100|0x000000070e000000, 0x000000070e200000, 0x000000070e200000|100%| E|CS|TAMS 0x000000070e000000| PB 0x000000070e000000| Complete 
| 101|0x000000070e200000, 0x000000070e400000, 0x000000070e400000|100%| E|CS|TAMS 0x000000070e200000| PB 0x000000070e200000| Complete 
| 102|0x000000070e400000, 0x000000070e600000, 0x000000070e600000|100%| E|CS|TAMS 0x000000070e400000| PB 0x000000070e400000| Complete 
| 103|0x000000070e600000, 0x000000070e800000, 0x000000070e800000|100%| E|CS|TAMS 0x000000070e600000| PB 0x000000070e600000| Complete 
| 104|0x000000070e800000, 0x000000070ea00000, 0x000000070ea00000|100%| E|CS|TAMS 0x000000070e800000| PB 0x000000070e800000| Complete 
| 105|0x000000070ea00000, 0x000000070ec00000, 0x000000070ec00000|100%| E|CS|TAMS 0x000000070ea00000| PB 0x000000070ea00000| Complete 
| 106|0x000000070ec00000, 0x000000070ee00000, 0x000000070ee00000|100%| E|CS|TAMS 0x000000070ec00000| PB 0x000000070ec00000| Complete 
| 107|0x000000070ee00000, 0x000000070f000000, 0x000000070f000000|100%| E|CS|TAMS 0x000000070ee00000| PB 0x000000070ee00000| Complete 
| 108|0x000000070f000000, 0x000000070f200000, 0x000000070f200000|100%| E|CS|TAMS 0x000000070f000000| PB 0x000000070f000000| Complete 
| 109|0x000000070f200000, 0x000000070f400000, 0x000000070f400000|100%| E|CS|TAMS 0x000000070f200000| PB 0x000000070f200000| Complete 
| 110|0x000000070f400000, 0x000000070f600000, 0x000000070f600000|100%| E|CS|TAMS 0x000000070f400000| PB 0x000000070f400000| Complete 
| 111|0x000000070f600000, 0x000000070f800000, 0x000000070f800000|100%| E|CS|TAMS 0x000000070f600000| PB 0x000000070f600000| Complete 
| 112|0x000000070f800000, 0x000000070fa00000, 0x000000070fa00000|100%| E|CS|TAMS 0x000000070f800000| PB 0x000000070f800000| Complete 
| 113|0x000000070fa00000, 0x000000070fc00000, 0x000000070fc00000|100%| E|CS|TAMS 0x000000070fa00000| PB 0x000000070fa00000| Complete 
| 114|0x000000070fc00000, 0x000000070fe00000, 0x000000070fe00000|100%| E|CS|TAMS 0x000000070fc00000| PB 0x000000070fc00000| Complete 
| 115|0x000000070fe00000, 0x0000000710000000, 0x0000000710000000|100%| E|CS|TAMS 0x000000070fe00000| PB 0x000000070fe00000| Complete 
| 116|0x0000000710000000, 0x0000000710200000, 0x0000000710200000|100%| E|CS|TAMS 0x0000000710000000| PB 0x0000000710000000| Complete 
| 117|0x0000000710200000, 0x0000000710400000, 0x0000000710400000|100%| E|CS|TAMS 0x0000000710200000| PB 0x0000000710200000| Complete 
| 118|0x0000000710400000, 0x0000000710600000, 0x0000000710600000|100%| E|CS|TAMS 0x0000000710400000| PB 0x0000000710400000| Complete 
| 119|0x0000000710600000, 0x0000000710800000, 0x0000000710800000|100%| E|CS|TAMS 0x0000000710600000| PB 0x0000000710600000| Complete 
| 120|0x0000000710800000, 0x0000000710a00000, 0x0000000710a00000|100%| E|CS|TAMS 0x0000000710800000| PB 0x0000000710800000| Complete 
| 121|0x0000000710a00000, 0x0000000710c00000, 0x0000000710c00000|100%| E|CS|TAMS 0x0000000710a00000| PB 0x0000000710a00000| Complete 
| 122|0x0000000710c00000, 0x0000000710e00000, 0x0000000710e00000|100%| E|CS|TAMS 0x0000000710c00000| PB 0x0000000710c00000| Complete 
| 123|0x0000000710e00000, 0x0000000711000000, 0x0000000711000000|100%| E|CS|TAMS 0x0000000710e00000| PB 0x0000000710e00000| Complete 
| 124|0x0000000711000000, 0x0000000711200000, 0x0000000711200000|100%| E|CS|TAMS 0x0000000711000000| PB 0x0000000711000000| Complete 
| 125|0x0000000711200000, 0x0000000711400000, 0x0000000711400000|100%| E|CS|TAMS 0x0000000711200000| PB 0x0000000711200000| Complete 
| 126|0x0000000711400000, 0x0000000711600000, 0x0000000711600000|100%| E|CS|TAMS 0x0000000711400000| PB 0x0000000711400000| Complete 
| 127|0x0000000711600000, 0x0000000711800000, 0x0000000711800000|100%| E|CS|TAMS 0x0000000711600000| PB 0x0000000711600000| Complete 
| 128|0x0000000711800000, 0x0000000711a00000, 0x0000000711a00000|100%| E|CS|TAMS 0x0000000711800000| PB 0x0000000711800000| Complete 
| 129|0x0000000711a00000, 0x0000000711c00000, 0x0000000711c00000|100%| E|CS|TAMS 0x0000000711a00000| PB 0x0000000711a00000| Complete 
| 130|0x0000000711c00000, 0x0000000711e00000, 0x0000000711e00000|100%| E|CS|TAMS 0x0000000711c00000| PB 0x0000000711c00000| Complete 
| 131|0x0000000711e00000, 0x0000000712000000, 0x0000000712000000|100%| E|CS|TAMS 0x0000000711e00000| PB 0x0000000711e00000| Complete 
| 132|0x0000000712000000, 0x0000000712200000, 0x0000000712200000|100%| E|CS|TAMS 0x0000000712000000| PB 0x0000000712000000| Complete 
| 133|0x0000000712200000, 0x0000000712400000, 0x0000000712400000|100%| E|CS|TAMS 0x0000000712200000| PB 0x0000000712200000| Complete 

Card table byte_map: [0x000002d5ee7a0000,0x000002d5eefa0000] _byte_map_base: 0x000002d5eaf94000

Marking Bits: (CMBitMap*) 0x000002d5e7681b80
 Bits: [0x000002d5eefa0000, 0x000002d5f2f40000)

Polling page: 0x000002d5e5370000

Metaspace:

Usage:
  Non-class:    249.48 MB used.
      Class:     33.66 MB used.
       Both:    283.14 MB used.

Virtual space:
  Non-class space:      256.00 MB reserved,     250.81 MB ( 98%) committed,  4 nodes.
      Class space:        1.00 GB reserved,      35.00 MB (  3%) committed,  1 nodes.
             Both:        1.25 GB reserved,     285.81 MB ( 22%) committed. 

Chunk freelists:
   Non-Class:  4.59 MB
       Class:  12.94 MB
        Both:  17.53 MB

MaxMetaspaceSize: unlimited
CompressedClassSpaceSize: 1.00 GB
Initial GC threshold: 21.00 MB
Current GC threshold: 475.94 MB
CDS: on
 - commit_granule_bytes: 65536.
 - commit_granule_words: 8192.
 - virtual_space_node_default_size: 8388608.
 - enlarge_chunks_in_place: 1.
 - use_allocation_guard: 0.


Internal statistics:

num_allocs_failed_limit: 6.
num_arena_births: 17064.
num_arena_deaths: 14126.
num_vsnodes_births: 5.
num_vsnodes_deaths: 0.
num_space_committed: 4574.
num_space_uncommitted: 2.
num_chunks_returned_to_freelist: 18995.
num_chunks_taken_from_freelist: 45773.
num_chunk_merges: 4071.
num_chunk_splits: 18932.
num_chunks_enlarged: 9115.
num_inconsistent_stats: 0.

CodeCache: size=49152Kb used=37323Kb max_used=39097Kb free=11828Kb
 bounds [0x000002d5eafa0000, 0x000002d5ed5d0000, 0x000002d5edfa0000]
 total_blobs=16831 nmethods=16055 adapters=698
 compilation: enabled
              stopped_count=0, restarted_count=0
 full_count=0

Compilation events (20 events):
Event: 14744.190 Thread 0x000002d5f521d430 60339       1       com.bachoco.model.PedidoTrasladoSapResponseDTO::getPosicion (5 bytes)
Event: 14744.190 Thread 0x000002d5f521d430 nmethod 60339 0x000002d5ed181a10 code [0x000002d5ed181ba0, 0x000002d5ed181c70]
Event: 14760.228 Thread 0x000002d5f521d430 60340   !   1       org.springframework.transaction.interceptor.DefaultTransactionAttribute::resolveAttributeStrings (156 bytes)
Event: 14760.230 Thread 0x000002d5f521d430 nmethod 60340 0x000002d5ed180690 code [0x000002d5ed1809c0, 0x000002d5ed1813b8]
Event: 14760.231 Thread 0x000002d5f521d430 60341       1       org.hibernate.query.sqm.tree.domain.AbstractSqmPath::getLhs (5 bytes)
Event: 14760.231 Thread 0x000002d5f521d430 nmethod 60341 0x000002d5ed180390 code [0x000002d5ed180520, 0x000002d5ed1805f0]
Event: 14764.400 Thread 0x000002d5f521d430 60342       1       java.io.ObjectOutputStream$BlockDataOutputStream::drain (45 bytes)
Event: 14764.401 Thread 0x000002d5f521d430 nmethod 60342 0x000002d5ed17ff90 code [0x000002d5ed180140, 0x000002d5ed1802c8]
Event: 14764.401 Thread 0x000002d5f521d430 60343       1       java.io.ObjectOutputStream$BlockDataOutputStream::writeShort (47 bytes)
Event: 14764.402 Thread 0x000002d5f521d430 nmethod 60343 0x000002d5ed17f810 code [0x000002d5ed17f9c0, 0x000002d5ed17fc80]
Event: 14796.756 Thread 0x000002d5f521d430 60344       1       java.util.Collections$SetFromMap::clear (10 bytes)
Event: 14796.757 Thread 0x000002d5f521d430 nmethod 60344 0x000002d5ed17f490 code [0x000002d5ed17f640, 0x000002d5ed17f740]
Event: 14796.774 Thread 0x000002d5f521d430 60345       1       java.util.concurrent.locks.AbstractQueuedSynchronizer$SharedNode::<init> (5 bytes)
Event: 14796.774 Thread 0x000002d5f521d430 nmethod 60345 0x000002d5ed17f190 code [0x000002d5ed17f320, 0x000002d5ed17f3e8]
Event: 14801.426 Thread 0x000002d5f521d430 60346   !   1       org.springframework.boot.web.embedded.tomcat.GracefulShutdown::isActive (70 bytes)
Event: 14801.427 Thread 0x000002d5f521d430 nmethod 60346 0x000002d5ed17e890 code [0x000002d5ed17ea80, 0x000002d5ed17edf0]
Event: 14801.427 Thread 0x000002d5f521d430 60347       1       org.apache.catalina.core.StandardContext::getInProgressAsyncCount (8 bytes)
Event: 14801.427 Thread 0x000002d5f521d430 nmethod 60347 0x000002d5ed17e590 code [0x000002d5ed17e720, 0x000002d5ed17e800]
Event: 14801.427 Thread 0x000002d5f521d430 60348       1       org.apache.catalina.core.StandardWrapper::getCountAllocated (8 bytes)
Event: 14801.427 Thread 0x000002d5f521d430 nmethod 60348 0x000002d5ed17e290 code [0x000002d5ed17e420, 0x000002d5ed17e4f8]

GC Heap History (20 events):
Event: 14331.386 GC heap before
{Heap before GC invocations=441 (full 81):
 garbage-first heap   total 280576K, used 135336K [0x0000000701800000, 0x0000000800000000)
  region size 2048K, 28 young (57344K), 5 survivors (10240K)
 Metaspace       used 280971K, committed 283776K, reserved 1310720K
  class space    used 33521K, committed 34944K, reserved 1048576K
}
Event: 14331.639 GC heap after
{Heap after GC invocations=442 (full 82):
 garbage-first heap   total 274432K, used 77857K [0x0000000701800000, 0x0000000800000000)
  region size 2048K, 0 young (0K), 0 survivors (0K)
 Metaspace       used 280511K, committed 283776K, reserved 1310720K
  class space    used 33418K, committed 34944K, reserved 1048576K
}
Event: 14341.110 GC heap before
{Heap before GC invocations=442 (full 82):
 garbage-first heap   total 274432K, used 239649K [0x0000000701800000, 0x0000000800000000)
  region size 2048K, 80 young (163840K), 0 survivors (0K)
 Metaspace       used 282270K, committed 284992K, reserved 1310720K
  class space    used 33631K, committed 35008K, reserved 1048576K
}
Event: 14341.126 GC heap after
{Heap after GC invocations=443 (full 82):
 garbage-first heap   total 274432K, used 88097K [0x0000000701800000, 0x0000000800000000)
  region size 2048K, 5 young (10240K), 5 survivors (10240K)
 Metaspace       used 282270K, committed 284992K, reserved 1310720K
  class space    used 33631K, committed 35008K, reserved 1048576K
}
Event: 14399.411 GC heap before
{Heap before GC invocations=444 (full 82):
 garbage-first heap   total 274432K, used 184353K [0x0000000701800000, 0x0000000800000000)
  region size 2048K, 53 young (108544K), 5 survivors (10240K)
 Metaspace       used 282847K, committed 285504K, reserved 1310720K
  class space    used 33677K, committed 35008K, reserved 1048576K
}
Event: 14399.427 GC heap after
{Heap after GC invocations=445 (full 82):
 garbage-first heap   total 274432K, used 89546K [0x0000000701800000, 0x0000000800000000)
  region size 2048K, 6 young (12288K), 6 survivors (12288K)
 Metaspace       used 282847K, committed 285504K, reserved 1310720K
  class space    used 33677K, committed 35008K, reserved 1048576K
}
Event: 14507.287 GC heap before
{Heap before GC invocations=446 (full 82):
 garbage-first heap   total 274432K, used 153034K [0x0000000701800000, 0x0000000800000000)
  region size 2048K, 38 young (77824K), 6 survivors (12288K)
 Metaspace       used 282921K, committed 285568K, reserved 1310720K
  class space    used 33695K, committed 35008K, reserved 1048576K
}
Event: 14507.489 GC heap after
{Heap after GC invocations=447 (full 83):
 garbage-first heap   total 274432K, used 78186K [0x0000000701800000, 0x0000000800000000)
  region size 2048K, 0 young (0K), 0 survivors (0K)
 Metaspace       used 282842K, committed 285568K, reserved 1310720K
  class space    used 33684K, committed 35008K, reserved 1048576K
}
Event: 14510.083 GC heap before
{Heap before GC invocations=447 (full 83):
 garbage-first heap   total 274432K, used 239978K [0x0000000701800000, 0x0000000800000000)
  region size 2048K, 80 young (163840K), 0 survivors (0K)
 Metaspace       used 284591K, committed 287296K, reserved 1310720K
  class space    used 33878K, committed 35200K, reserved 1048576K
}
Event: 14510.097 GC heap after
{Heap after GC invocations=448 (full 83):
 garbage-first heap   total 274432K, used 88419K [0x0000000701800000, 0x0000000800000000)
  region size 2048K, 5 young (10240K), 5 survivors (10240K)
 Metaspace       used 284591K, committed 287296K, reserved 1310720K
  class space    used 33878K, committed 35200K, reserved 1048576K
}
Event: 14549.528 GC heap before
{Heap before GC invocations=449 (full 83):
 garbage-first heap   total 274432K, used 176483K [0x0000000701800000, 0x0000000800000000)
  region size 2048K, 49 young (100352K), 5 survivors (10240K)
 Metaspace       used 285310K, committed 288064K, reserved 1310720K
  class space    used 33961K, committed 35328K, reserved 1048576K
}
Event: 14549.544 GC heap after
{Heap after GC invocations=450 (full 83):
 garbage-first heap   total 274432K, used 88264K [0x0000000701800000, 0x0000000800000000)
  region size 2048K, 5 young (10240K), 5 survivors (10240K)
 Metaspace       used 285310K, committed 288064K, reserved 1310720K
  class space    used 33961K, committed 35328K, reserved 1048576K
}
Event: 14595.286 GC heap before
{Heap before GC invocations=451 (full 83):
 garbage-first heap   total 274432K, used 116936K [0x0000000701800000, 0x0000000800000000)
  region size 2048K, 20 young (40960K), 5 survivors (10240K)
 Metaspace       used 285227K, committed 288064K, reserved 1310720K
  class space    used 33942K, committed 35328K, reserved 1048576K
}
Event: 14595.597 GC heap after
{Heap after GC invocations=452 (full 84):
 garbage-first heap   total 274432K, used 78480K [0x0000000701800000, 0x0000000800000000)
  region size 2048K, 0 young (0K), 0 survivors (0K)
 Metaspace       used 285147K, committed 288064K, reserved 1310720K
  class space    used 33931K, committed 35328K, reserved 1048576K
}
Event: 14598.240 GC heap before
{Heap before GC invocations=452 (full 84):
 garbage-first heap   total 274432K, used 240272K [0x0000000701800000, 0x0000000800000000)
  region size 2048K, 80 young (163840K), 0 survivors (0K)
 Metaspace       used 286930K, committed 289664K, reserved 1310720K
  class space    used 34141K, committed 35520K, reserved 1048576K
}
Event: 14598.254 GC heap after
{Heap after GC invocations=453 (full 84):
 garbage-first heap   total 274432K, used 88597K [0x0000000701800000, 0x0000000800000000)
  region size 2048K, 5 young (10240K), 5 survivors (10240K)
 Metaspace       used 286930K, committed 289664K, reserved 1310720K
  class space    used 34141K, committed 35520K, reserved 1048576K
}
Event: 14705.408 GC heap before
{Heap before GC invocations=454 (full 84):
 garbage-first heap   total 274432K, used 211477K [0x0000000701800000, 0x0000000800000000)
  region size 2048K, 66 young (135168K), 5 survivors (10240K)
 Metaspace       used 287624K, committed 290368K, reserved 1310720K
  class space    used 34219K, committed 35584K, reserved 1048576K
}
Event: 14705.595 GC heap after
{Heap after GC invocations=455 (full 85):
 garbage-first heap   total 274432K, used 79663K [0x0000000701800000, 0x0000000800000000)
  region size 2048K, 0 young (0K), 0 survivors (0K)
 Metaspace       used 287545K, committed 290368K, reserved 1310720K
  class space    used 34208K, committed 35584K, reserved 1048576K
}
Event: 14708.542 GC heap before
{Heap before GC invocations=455 (full 85):
 garbage-first heap   total 274432K, used 241455K [0x0000000701800000, 0x0000000800000000)
  region size 2048K, 80 young (163840K), 0 survivors (0K)
 Metaspace       used 289294K, committed 292032K, reserved 1310720K
  class space    used 34401K, committed 35776K, reserved 1048576K
}
Event: 14708.557 GC heap after
{Heap after GC invocations=456 (full 85):
 garbage-first heap   total 274432K, used 89775K [0x0000000701800000, 0x0000000800000000)
  region size 2048K, 5 young (10240K), 5 survivors (10240K)
 Metaspace       used 289294K, committed 292032K, reserved 1310720K
  class space    used 34401K, committed 35776K, reserved 1048576K
}

Dll operation events (12 events):
Event: 0.036 Loaded shared library C:\Users\Angel Hernandez\Documents\ides\sts-4.31.0.RELEASE\plugins\org.eclipse.justj.openjdk.hotspot.jre.full.win32.x86_64_21.0.7.v20250502-0916\jre\bin\java.dll
Event: 0.198 Loaded shared library C:\Users\Angel Hernandez\Documents\ides\sts-4.31.0.RELEASE\plugins\org.eclipse.justj.openjdk.hotspot.jre.full.win32.x86_64_21.0.7.v20250502-0916\jre\bin\zip.dll
Event: 0.615 Loaded shared library C:\Users\Angel Hernandez\Documents\ides\sts-4.31.0.RELEASE\plugins\org.eclipse.justj.openjdk.hotspot.jre.full.win32.x86_64_21.0.7.v20250502-0916\jre\bin\instrument.dll
Event: 0.626 Loaded shared library C:\Users\Angel Hernandez\Documents\ides\sts-4.31.0.RELEASE\plugins\org.eclipse.justj.openjdk.hotspot.jre.full.win32.x86_64_21.0.7.v20250502-0916\jre\bin\net.dll
Event: 0.629 Loaded shared library C:\Users\Angel Hernandez\Documents\ides\sts-4.31.0.RELEASE\plugins\org.eclipse.justj.openjdk.hotspot.jre.full.win32.x86_64_21.0.7.v20250502-0916\jre\bin\nio.dll
Event: 0.635 Loaded shared library C:\Users\Angel Hernandez\Documents\ides\sts-4.31.0.RELEASE\plugins\org.eclipse.justj.openjdk.hotspot.jre.full.win32.x86_64_21.0.7.v20250502-0916\jre\bin\zip.dll
Event: 0.949 Loaded shared library C:\Users\Angel Hernandez\Documents\ides\sts-4.31.0.RELEASE\plugins\org.eclipse.justj.openjdk.hotspot.jre.full.win32.x86_64_21.0.7.v20250502-0916\jre\bin\jimage.dll
Event: 1.039 Loaded shared library C:\Users\Angel Hernandez\Documents\ides\sts-4.31.0.RELEASE\plugins\org.eclipse.justj.openjdk.hotspot.jre.full.win32.x86_64_21.0.7.v20250502-0916\jre\bin\management.dll
Event: 1.057 Loaded shared library C:\Users\Angel Hernandez\Documents\ides\sts-4.31.0.RELEASE\plugins\org.eclipse.justj.openjdk.hotspot.jre.full.win32.x86_64_21.0.7.v20250502-0916\jre\bin\management_ext.dll
Event: 1.456 Loaded shared library C:\Users\Angel Hernandez\Documents\ides\sts-4.31.0.RELEASE\plugins\org.eclipse.justj.openjdk.hotspot.jre.full.win32.x86_64_21.0.7.v20250502-0916\jre\bin\extnet.dll
Event: 1.506 Loaded shared library C:\Users\Angel Hernandez\Documents\ides\sts-4.31.0.RELEASE\plugins\org.eclipse.justj.openjdk.hotspot.jre.full.win32.x86_64_21.0.7.v20250502-0916\jre\bin\verify.dll
Event: 4.308 Loaded shared library C:\Users\Angel Hernandez\Documents\ides\sts-4.31.0.RELEASE\plugins\org.eclipse.justj.openjdk.hotspot.jre.full.win32.x86_64_21.0.7.v20250502-0916\jre\bin\sunmscapi.dll

Deoptimization events (20 events):
Event: 14796.748 Thread 0x000002d5fd838230 DEOPT PACKING pc=0x000002d5eb6a043c sp=0x000000e969bfef70
Event: 14796.748 Thread 0x000002d5fd838230 DEOPT UNPACKING pc=0x000002d5eaff4e42 sp=0x000000e969bfe430 mode 1
Event: 14796.748 Thread 0x000002d5fd838230 DEOPT PACKING pc=0x000002d5ebe23ad9 sp=0x000000e969bfe160
Event: 14796.748 Thread 0x000002d5fd838230 DEOPT UNPACKING pc=0x000002d5eaff4e42 sp=0x000000e969bfd5b8 mode 1
Event: 14796.748 Thread 0x000002d5fd838230 DEOPT PACKING pc=0x000002d5eba1d92c sp=0x000000e969bfe1f0
Event: 14796.748 Thread 0x000002d5fd838230 DEOPT UNPACKING pc=0x000002d5eaff4e42 sp=0x000000e969bfd698 mode 1
Event: 14796.748 Thread 0x000002d5fd838230 DEOPT PACKING pc=0x000002d5eb4dcc14 sp=0x000000e969bfec70
Event: 14796.748 Thread 0x000002d5fd838230 DEOPT UNPACKING pc=0x000002d5eaff4e42 sp=0x000000e969bfe138 mode 1
Event: 14796.748 Thread 0x000002d5fd838230 DEOPT PACKING pc=0x000002d5eb4cddd4 sp=0x000000e969bfed00
Event: 14796.748 Thread 0x000002d5fd838230 DEOPT UNPACKING pc=0x000002d5eaff4e42 sp=0x000000e969bfe310 mode 1
Event: 14796.748 Thread 0x000002d5fd838230 DEOPT PACKING pc=0x000002d5eb6a043c sp=0x000000e969bfef70
Event: 14796.748 Thread 0x000002d5fd838230 DEOPT UNPACKING pc=0x000002d5eaff4e42 sp=0x000000e969bfe430 mode 1
Event: 14796.757 Thread 0x000002d5fac6cae0 DEOPT PACKING pc=0x000002d5eb12f77c sp=0x000000e96a9ff170
Event: 14796.757 Thread 0x000002d5fac6cae0 DEOPT UNPACKING pc=0x000002d5eaff4e42 sp=0x000000e96a9fe700 mode 1
Event: 14796.757 Thread 0x000002d5fac6cae0 DEOPT PACKING pc=0x000002d5eb605f94 sp=0x000000e96a9ff300
Event: 14796.757 Thread 0x000002d5fac6cae0 DEOPT UNPACKING pc=0x000002d5eaff4e42 sp=0x000000e96a9fe858 mode 1
Event: 14796.757 Thread 0x000002d5fac6cae0 DEOPT PACKING pc=0x000002d5eb0bb58c sp=0x000000e96a9ff430
Event: 14796.757 Thread 0x000002d5fac6cae0 DEOPT UNPACKING pc=0x000002d5eaff4e42 sp=0x000000e96a9fe8c0 mode 1
Event: 14796.757 Thread 0x000002d5fac6cae0 DEOPT PACKING pc=0x000002d5eb12819c sp=0x000000e96a9ff460
Event: 14796.757 Thread 0x000002d5fac6cae0 DEOPT UNPACKING pc=0x000002d5eaff4e42 sp=0x000000e96a9fe958 mode 1

Classes loaded (20 events):
Event: 7231.362 Loading class java/time/DurationEditor
Event: 7231.362 Loading class java/time/DurationEditor done
Event: 7518.979 Loading class java/time/DurationEditor
Event: 7518.979 Loading class java/time/DurationEditor done
Event: 8857.065 Loading class java/time/DurationEditor
Event: 8857.065 Loading class java/time/DurationEditor done
Event: 9040.398 Loading class java/time/DurationEditor
Event: 9040.398 Loading class java/time/DurationEditor done
Event: 9809.401 Loading class java/time/DurationEditor
Event: 9809.401 Loading class java/time/DurationEditor done
Event: 10343.206 Loading class java/time/DurationEditor
Event: 10343.206 Loading class java/time/DurationEditor done
Event: 11794.262 Loading class java/time/DurationEditor
Event: 11794.262 Loading class java/time/DurationEditor done
Event: 13421.344 Loading class java/time/DurationEditor
Event: 13421.347 Loading class java/time/DurationEditor done
Event: 13781.722 Loading class java/time/DurationEditor
Event: 13781.722 Loading class java/time/DurationEditor done
Event: 14344.590 Loading class java/time/DurationEditor
Event: 14344.590 Loading class java/time/DurationEditor done

Classes unloaded (20 events):
Event: 14708.851 Thread 0x000002d5f51f65a0 Unloading class 0x000002d58326a000 'java/lang/invoke/LambdaForm$MH+0x000002d58326a000'
Event: 14708.851 Thread 0x000002d5f51f65a0 Unloading class 0x000002d583269c00 'java/lang/invoke/LambdaForm$MH+0x000002d583269c00'
Event: 14708.851 Thread 0x000002d5f51f65a0 Unloading class 0x000002d583268c00 'java/lang/invoke/LambdaForm$MH+0x000002d583268c00'
Event: 14708.851 Thread 0x000002d5f51f65a0 Unloading class 0x000002d583268400 'java/lang/invoke/LambdaForm$MH+0x000002d583268400'
Event: 14708.851 Thread 0x000002d5f51f65a0 Unloading class 0x000002d583262800 'java/lang/invoke/LambdaForm$MH+0x000002d583262800'
Event: 14708.851 Thread 0x000002d5f51f65a0 Unloading class 0x000002d583261000 'java/lang/invoke/LambdaForm$MH+0x000002d583261000'
Event: 14708.851 Thread 0x000002d5f51f65a0 Unloading class 0x000002d583260c00 'java/lang/invoke/LambdaForm$MH+0x000002d583260c00'
Event: 14708.852 Thread 0x000002d5f51f65a0 Unloading class 0x000002d583260800 'java/lang/invoke/LambdaForm$MH+0x000002d583260800'
Event: 14708.852 Thread 0x000002d5f51f65a0 Unloading class 0x000002d583260000 'java/lang/invoke/LambdaForm$MH+0x000002d583260000'
Event: 14708.852 Thread 0x000002d5f51f65a0 Unloading class 0x000002d58325dc00 'java/lang/invoke/LambdaForm$MH+0x000002d58325dc00'
Event: 14708.852 Thread 0x000002d5f51f65a0 Unloading class 0x000002d58325d800 'java/lang/invoke/LambdaForm$MH+0x000002d58325d800'
Event: 14708.852 Thread 0x000002d5f51f65a0 Unloading class 0x000002d582f5a400 'java/lang/invoke/LambdaForm$MH+0x000002d582f5a400'
Event: 14708.852 Thread 0x000002d5f51f65a0 Unloading class 0x000002d582fd3000 'java/lang/invoke/LambdaForm$MH+0x000002d582fd3000'
Event: 14708.852 Thread 0x000002d5f51f65a0 Unloading class 0x000002d583010000 'java/lang/invoke/LambdaForm$MH+0x000002d583010000'
Event: 14708.852 Thread 0x000002d5f51f65a0 Unloading class 0x000002d583011c00 'java/lang/invoke/LambdaForm$MH+0x000002d583011c00'
Event: 14708.852 Thread 0x000002d5f51f65a0 Unloading class 0x000002d583054c00 'java/lang/invoke/LambdaForm$MH+0x000002d583054c00'
Event: 14708.852 Thread 0x000002d5f51f65a0 Unloading class 0x000002d583059000 'java/lang/invoke/LambdaForm$MH+0x000002d583059000'
Event: 14708.852 Thread 0x000002d5f51f65a0 Unloading class 0x000002d58307cc00 'java/lang/invoke/LambdaForm$MH+0x000002d58307cc00'
Event: 14708.852 Thread 0x000002d5f51f65a0 Unloading class 0x000002d583080000 'java/lang/invoke/LambdaForm$MH+0x000002d583080000'
Event: 14708.852 Thread 0x000002d5f51f65a0 Unloading class 0x000002d583082400 'java/lang/invoke/LambdaForm$MH+0x000002d583082400'

Classes redefined (20 events):
Event: 14057.088 Thread 0x000002d5f51f65a0 redefined class name=com.bachoco.service.usecase.PedidoTrasladoJdbcUseCase, count=3
Event: 14057.088 Thread 0x000002d5f51f65a0 redefined class name=com.bachoco.service.usecase.PedidoTrasladoJdbcUseCase, count=3
Event: 14057.088 Thread 0x000002d5f51f65a0 redefined class name=com.bachoco.service.usecase.PedidoTrasladoJdbcUseCase, count=3
Event: 14057.088 Thread 0x000002d5f51f65a0 redefined class name=com.bachoco.service.usecase.PedidoTrasladoJdbcUseCase, count=2
Event: 14057.088 Thread 0x000002d5f51f65a0 redefined class name=com.bachoco.service.usecase.PedidoTrasladoJdbcUseCase, count=3
Event: 14057.088 Thread 0x000002d5f51f65a0 redefined class name=com.bachoco.service.usecase.PedidoTrasladoJdbcUseCase, count=3
Event: 14057.088 Thread 0x000002d5f51f65a0 redefined class name=com.bachoco.service.usecase.PedidoTrasladoJdbcUseCase, count=3
Event: 14057.088 Thread 0x000002d5f51f65a0 redefined class name=com.bachoco.service.usecase.PedidoTrasladoJdbcUseCase, count=3
Event: 14057.088 Thread 0x000002d5f51f65a0 redefined class name=com.bachoco.service.usecase.PedidoTrasladoJdbcUseCase, count=3
Event: 14057.088 Thread 0x000002d5f51f65a0 redefined class name=com.bachoco.service.usecase.PedidoTrasladoJdbcUseCase, count=3
Event: 14057.088 Thread 0x000002d5f51f65a0 redefined class name=com.bachoco.service.usecase.PedidoTrasladoJdbcUseCase, count=3
Event: 14057.088 Thread 0x000002d5f51f65a0 redefined class name=com.bachoco.service.usecase.PedidoTrasladoJdbcUseCase, count=3
Event: 14057.088 Thread 0x000002d5f51f65a0 redefined class name=com.bachoco.service.usecase.PedidoTrasladoJdbcUseCase, count=3
Event: 14057.088 Thread 0x000002d5f51f65a0 redefined class name=com.bachoco.service.usecase.PedidoTrasladoJdbcUseCase, count=3
Event: 14057.088 Thread 0x000002d5f51f65a0 redefined class name=com.bachoco.service.usecase.PedidoTrasladoJdbcUseCase, count=3
Event: 14057.088 Thread 0x000002d5f51f65a0 redefined class name=com.bachoco.service.usecase.PedidoTrasladoJdbcUseCase, count=3
Event: 14057.088 Thread 0x000002d5f51f65a0 redefined class name=com.bachoco.service.usecase.PedidoTrasladoJdbcUseCase, count=3
Event: 14057.088 Thread 0x000002d5f51f65a0 redefined class name=com.bachoco.service.usecase.PedidoTrasladoJdbcUseCase, count=3
Event: 14057.088 Thread 0x000002d5f51f65a0 redefined class name=com.bachoco.service.usecase.PedidoTrasladoJdbcUseCase, count=3
Event: 14057.088 Thread 0x000002d5f51f65a0 redefined class name=com.bachoco.service.usecase.PedidoTrasladoJdbcUseCase, count=3

Internal exceptions (20 events):
Event: 14707.077 Thread 0x000002d5fda762e0 Exception <a 'java/lang/NoClassDefFoundError'{0x000000070e5787f0}: org/springframework/batch/core/repository/JobRepository> (0x000000070e5787f0) 
thrown [s\src\hotspot\share\oops\constantPool.cpp, line 873]
Event: 14707.079 Thread 0x000002d5fda762e0 Exception <a 'java/lang/NoClassDefFoundError'{0x000000070e578e48}: org/quartz/Scheduler> (0x000000070e578e48) 
thrown [s\src\hotspot\share\oops\constantPool.cpp, line 873]
Event: 14707.080 Thread 0x000002d5fda762e0 Exception <a 'java/lang/NoClassDefFoundError'{0x000000070e5794c8}: org/springframework/session/jdbc/JdbcIndexedSessionRepository> (0x000000070e5794c8) 
thrown [s\src\hotspot\share\oops\constantPool.cpp, line 873]
Event: 14707.261 Thread 0x000002d5fda762e0 Exception <a 'java/io/FileNotFoundException'{0x000000070d81ebf0}> (0x000000070d81ebf0) 
thrown [s\src\hotspot\share\prims\jni.cpp, line 520]
Event: 14707.274 Thread 0x000002d5fda762e0 Exception <a 'java/io/FileNotFoundException'{0x000000070d93ec18}> (0x000000070d93ec18) 
thrown [s\src\hotspot\share\prims\jni.cpp, line 520]
Event: 14707.275 Thread 0x000002d5fda762e0 Exception <a 'java/io/FileNotFoundException'{0x000000070d940758}> (0x000000070d940758) 
thrown [s\src\hotspot\share\prims\jni.cpp, line 520]
Event: 14707.275 Thread 0x000002d5fda762e0 Exception <a 'java/io/FileNotFoundException'{0x000000070d943cf8}> (0x000000070d943cf8) 
thrown [s\src\hotspot\share\prims\jni.cpp, line 520]
Event: 14707.377 Thread 0x000002d5fda762e0 Exception <a 'sun/nio/fs/WindowsException'{0x000000070d34cdf8}> (0x000000070d34cdf8) 
thrown [s\src\hotspot\share\prims\jni.cpp, line 520]
Event: 14707.378 Thread 0x000002d5fda762e0 Exception <a 'sun/nio/fs/WindowsException'{0x000000070d350140}> (0x000000070d350140) 
thrown [s\src\hotspot\share\prims\jni.cpp, line 520]
Event: 14707.378 Thread 0x000002d5fda762e0 Exception <a 'sun/nio/fs/WindowsException'{0x000000070d353430}> (0x000000070d353430) 
thrown [s\src\hotspot\share\prims\jni.cpp, line 520]
Event: 14707.379 Thread 0x000002d5fda762e0 Exception <a 'sun/nio/fs/WindowsException'{0x000000070d356750}> (0x000000070d356750) 
thrown [s\src\hotspot\share\prims\jni.cpp, line 520]
Event: 14707.379 Thread 0x000002d5fda762e0 Exception <a 'sun/nio/fs/WindowsException'{0x000000070d359d30}> (0x000000070d359d30) 
thrown [s\src\hotspot\share\prims\jni.cpp, line 520]
Event: 14707.380 Thread 0x000002d5fda762e0 Exception <a 'sun/nio/fs/WindowsException'{0x000000070d35ce98}> (0x000000070d35ce98) 
thrown [s\src\hotspot\share\prims\jni.cpp, line 520]
Event: 14707.380 Thread 0x000002d5fda762e0 Exception <a 'sun/nio/fs/WindowsException'{0x000000070d35ffa0}> (0x000000070d35ffa0) 
thrown [s\src\hotspot\share\prims\jni.cpp, line 520]
Event: 14708.152 Thread 0x000002d5fda762e0 Exception <a 'java/io/FileNotFoundException'{0x000000070a1e3c48}> (0x000000070a1e3c48) 
thrown [s\src\hotspot\share\prims\jni.cpp, line 520]
Event: 14708.384 Thread 0x000002d5fda762e0 Exception <a 'java/io/FileNotFoundException'{0x0000000708c6cfe8}> (0x0000000708c6cfe8) 
thrown [s\src\hotspot\share\prims\jni.cpp, line 520]
Event: 14708.385 Thread 0x000002d5fda762e0 Exception <a 'java/io/FileNotFoundException'{0x0000000708c78ae8}> (0x0000000708c78ae8) 
thrown [s\src\hotspot\share\prims\jni.cpp, line 520]
Event: 14710.323 Thread 0x000002d5fda762e0 Exception <a 'sun/nio/fs/WindowsException'{0x0000000710f81f48}> (0x0000000710f81f48) 
thrown [s\src\hotspot\share\prims\jni.cpp, line 520]
Event: 14710.324 Thread 0x000002d5fda762e0 Exception <a 'sun/nio/fs/WindowsException'{0x0000000710f856f8}> (0x0000000710f856f8) 
thrown [s\src\hotspot\share\prims\jni.cpp, line 520]
Event: 14710.324 Thread 0x000002d5fda762e0 Exception <a 'sun/nio/fs/WindowsException'{0x0000000710f88f20}> (0x0000000710f88f20) 
thrown [s\src\hotspot\share\prims\jni.cpp, line 520]

ZGC Phase Switch (0 events):
No events

VM Operations (20 events):
Event: 14796.388 Executing VM operation: get/set locals
Event: 14796.388 Executing VM operation: get/set locals done
Event: 14796.389 Executing VM operation: get/set locals
Event: 14796.390 Executing VM operation: get/set locals done
Event: 14796.399 Executing VM operation: get/set locals
Event: 14796.399 Executing VM operation: get/set locals done
Event: 14796.404 Executing VM operation: get/set locals
Event: 14796.405 Executing VM operation: get/set locals done
Event: 14796.406 Executing VM operation: get/set locals
Event: 14796.406 Executing VM operation: get/set locals done
Event: 14796.407 Executing VM operation: get/set locals
Event: 14796.407 Executing VM operation: get/set locals done
Event: 14796.423 Executing VM operation: get/set locals
Event: 14796.423 Executing VM operation: get/set locals done
Event: 14796.531 Executing VM operation: get/set locals
Event: 14796.531 Executing VM operation: get/set locals done
Event: 14796.548 Executing VM operation: get/set locals
Event: 14796.548 Executing VM operation: get/set locals done
Event: 14796.885 Executing VM operation: get/set locals
Event: 14796.885 Executing VM operation: get/set locals done

Memory protections (0 events):
No events

Nmethod flushes (20 events):
Event: 14705.528 Thread 0x000002d5f51f65a0 flushing  nmethod 0x000002d5ece76410
Event: 14705.528 Thread 0x000002d5f51f65a0 flushing  nmethod 0x000002d5ece77590
Event: 14705.528 Thread 0x000002d5f51f65a0 flushing  nmethod 0x000002d5ecffbe90
Event: 14705.528 Thread 0x000002d5f51f65a0 flushing  nmethod 0x000002d5ed0e3d10
Event: 14705.528 Thread 0x000002d5f51f65a0 flushing  nmethod 0x000002d5ed0e7810
Event: 14705.528 Thread 0x000002d5f51f65a0 flushing  nmethod 0x000002d5ed0f6810
Event: 14705.528 Thread 0x000002d5f51f65a0 flushing  nmethod 0x000002d5ed0f6d10
Event: 14705.528 Thread 0x000002d5f51f65a0 flushing  nmethod 0x000002d5ed0f7390
Event: 14705.528 Thread 0x000002d5f51f65a0 flushing  nmethod 0x000002d5ed0f8e10
Event: 14705.528 Thread 0x000002d5f51f65a0 flushing  nmethod 0x000002d5ed0f9110
Event: 14705.528 Thread 0x000002d5f51f65a0 flushing  nmethod 0x000002d5ed1d8990
Event: 14705.528 Thread 0x000002d5f51f65a0 flushing  nmethod 0x000002d5ed1d8f90
Event: 14705.528 Thread 0x000002d5f51f65a0 flushing  nmethod 0x000002d5ed246410
Event: 14705.528 Thread 0x000002d5f51f65a0 flushing  nmethod 0x000002d5ed30df90
Event: 14705.528 Thread 0x000002d5f51f65a0 flushing  nmethod 0x000002d5ed310610
Event: 14705.528 Thread 0x000002d5f51f65a0 flushing  nmethod 0x000002d5ed312290
Event: 14705.528 Thread 0x000002d5f51f65a0 flushing  nmethod 0x000002d5ed312590
Event: 14705.528 Thread 0x000002d5f51f65a0 flushing  nmethod 0x000002d5ed313590
Event: 14705.528 Thread 0x000002d5f51f65a0 flushing  nmethod 0x000002d5ed45ac10
Event: 14705.528 Thread 0x000002d5f51f65a0 flushing  nmethod 0x000002d5ed519510

Events (20 events):
Event: 14710.872 Thread 0x000002d5fda762e0 Thread added: 0x000002d5fac6cae0
Event: 14710.914 Thread 0x000002d5fda762e0 Thread exited: 0x000002d5fda762e0
Event: 14710.916 Thread 0x000002d5fda79760 Thread exited: 0x000002d5fda79760
Event: 14712.974 Thread 0x000002d5fda7b1a0 Thread exited: 0x000002d5fda7b1a0
Event: 14714.874 Thread 0x000002d5fd83a300 Thread added: 0x000002d5fac6d170
Event: 14715.119 Thread 0x000002d5fc0d38f0 Thread exited: 0x000002d5fc0d38f0
Event: 14715.133 Thread 0x000002d5fc0d1db0 Thread added: 0x000002d5fde8c040
Event: 14720.415 Thread 0x000002d5fde8c040 Thread exited: 0x000002d5fde8c040
Event: 14720.415 Thread 0x000002d5fc0d1db0 Thread exited: 0x000002d5fc0d1db0
Event: 14729.912 Thread 0x000002d5fac6d170 Thread exited: 0x000002d5fac6d170
Event: 14743.669 Thread 0x000002d5fd83b6b0 Thread added: 0x000002d5fac6d170
Event: 14743.673 Thread 0x000002d5f521d430 Thread added: 0x000002d5fde8c040
Event: 14743.674 Thread 0x000002d5f521d430 Thread added: 0x000002d5fde89090
Event: 14749.196 Thread 0x000002d5fde89090 Thread exited: 0x000002d5fde89090
Event: 14754.207 Thread 0x000002d5fde8c040 Thread exited: 0x000002d5fde8c040
Event: 14758.694 Thread 0x000002d5fac6d170 Thread exited: 0x000002d5fac6d170
Event: 14796.749 Thread 0x000002d5fd838230 Thread added: 0x000002d5fac6de90
Event: 14796.749 Thread 0x000002d5fd838230 Thread exited: 0x000002d5fd838230
Event: 14796.761 Thread 0x000002d5fac6de90 Thread added: 0x000002d5fac6d170
Event: 14796.777 Thread 0x000002d5fac6c450 Thread exited: 0x000002d5fac6c450


Dynamic libraries:
0x00007ff6d11b0000 - 0x00007ff6d11be000 	C:\Users\Angel Hernandez\Documents\ides\sts-4.31.0.RELEASE\plugins\org.eclipse.justj.openjdk.hotspot.jre.full.win32.x86_64_21.0.7.v20250502-0916\jre\bin\javaw.exe
0x00007ffec9170000 - 0x00007ffec9387000 	C:\Windows\SYSTEM32\ntdll.dll
0x00007ffec7760000 - 0x00007ffec7824000 	C:\Windows\System32\KERNEL32.DLL
0x00007ffec6750000 - 0x00007ffec6b07000 	C:\Windows\System32\KERNELBASE.dll
0x00007ffec6bb0000 - 0x00007ffec6cc1000 	C:\Windows\System32\ucrtbase.dll
0x00007ffeb2c10000 - 0x00007ffeb2c28000 	C:\Users\Angel Hernandez\Documents\ides\sts-4.31.0.RELEASE\plugins\org.eclipse.justj.openjdk.hotspot.jre.full.win32.x86_64_21.0.7.v20250502-0916\jre\bin\jli.dll
0x00007ffec7340000 - 0x00007ffec74ef000 	C:\Windows\System32\USER32.dll
0x00007ffec6cd0000 - 0x00007ffec6cf6000 	C:\Windows\System32\win32u.dll
0x00007ffec8330000 - 0x00007ffec8359000 	C:\Windows\System32\GDI32.dll
0x00007ffec6450000 - 0x00007ffec6568000 	C:\Windows\System32\gdi32full.dll
0x00007ffec6b10000 - 0x00007ffec6baa000 	C:\Windows\System32\msvcp_win.dll
0x00007ffeb2410000 - 0x00007ffeb242e000 	C:\Users\Angel Hernandez\Documents\ides\sts-4.31.0.RELEASE\plugins\org.eclipse.justj.openjdk.hotspot.jre.full.win32.x86_64_21.0.7.v20250502-0916\jre\bin\VCRUNTIME140.dll
0x00007ffea6ac0000 - 0x00007ffea6d53000 	C:\Windows\WinSxS\amd64_microsoft.windows.common-controls_6595b64144ccf1df_6.0.22621.3672_none_2713b9d173822955\COMCTL32.dll
0x00007ffec7550000 - 0x00007ffec75f7000 	C:\Windows\System32\msvcrt.dll
0x00007ffec72e0000 - 0x00007ffec7311000 	C:\Windows\System32\IMM32.DLL
0x00007ffebcd20000 - 0x00007ffebcd2c000 	C:\Users\Angel Hernandez\Documents\ides\sts-4.31.0.RELEASE\plugins\org.eclipse.justj.openjdk.hotspot.jre.full.win32.x86_64_21.0.7.v20250502-0916\jre\bin\vcruntime140_1.dll
0x00007ffe8ac70000 - 0x00007ffe8acfd000 	C:\Users\Angel Hernandez\Documents\ides\sts-4.31.0.RELEASE\plugins\org.eclipse.justj.openjdk.hotspot.jre.full.win32.x86_64_21.0.7.v20250502-0916\jre\bin\msvcp140.dll
0x00007ffe7b240000 - 0x00007ffe7bfd0000 	C:\Users\Angel Hernandez\Documents\ides\sts-4.31.0.RELEASE\plugins\org.eclipse.justj.openjdk.hotspot.jre.full.win32.x86_64_21.0.7.v20250502-0916\jre\bin\server\jvm.dll
0x00007ffec8eb0000 - 0x00007ffec8f62000 	C:\Windows\System32\ADVAPI32.dll
0x00007ffec9050000 - 0x00007ffec90f8000 	C:\Windows\System32\sechost.dll
0x00007ffec66a0000 - 0x00007ffec66c8000 	C:\Windows\System32\bcrypt.dll
0x00007ffec86f0000 - 0x00007ffec8804000 	C:\Windows\System32\RPCRT4.dll
0x00007ffec8810000 - 0x00007ffec8881000 	C:\Windows\System32\WS2_32.dll
0x00007ffec6320000 - 0x00007ffec636d000 	C:\Windows\SYSTEM32\POWRPROF.dll
0x00007ffebcb50000 - 0x00007ffebcb84000 	C:\Windows\SYSTEM32\WINMM.dll
0x00007ffebb700000 - 0x00007ffebb70a000 	C:\Windows\SYSTEM32\VERSION.dll
0x00007ffec6300000 - 0x00007ffec6313000 	C:\Windows\SYSTEM32\UMPDC.dll
0x00007ffec5460000 - 0x00007ffec5478000 	C:\Windows\SYSTEM32\kernel.appcore.dll
0x00007ffeb8d50000 - 0x00007ffeb8d5a000 	C:\Users\Angel Hernandez\Documents\ides\sts-4.31.0.RELEASE\plugins\org.eclipse.justj.openjdk.hotspot.jre.full.win32.x86_64_21.0.7.v20250502-0916\jre\bin\jimage.dll
0x00007ffebfcc0000 - 0x00007ffebfef2000 	C:\Windows\SYSTEM32\DBGHELP.DLL
0x00007ffec8360000 - 0x00007ffec86ee000 	C:\Windows\System32\combase.dll
0x00007ffec8f70000 - 0x00007ffec9047000 	C:\Windows\System32\OLEAUT32.dll
0x00007ffebb650000 - 0x00007ffebb682000 	C:\Windows\SYSTEM32\dbgcore.DLL
0x00007ffec66d0000 - 0x00007ffec674b000 	C:\Windows\System32\bcryptPrimitives.dll
0x00007ffe874c0000 - 0x00007ffe874fc000 	C:\Users\Angel Hernandez\Documents\ides\sts-4.31.0.RELEASE\plugins\org.eclipse.justj.openjdk.hotspot.jre.full.win32.x86_64_21.0.7.v20250502-0916\jre\bin\jdwp.dll
0x00007ffeb8b20000 - 0x00007ffeb8b2f000 	C:\Users\Angel Hernandez\Documents\ides\sts-4.31.0.RELEASE\plugins\org.eclipse.justj.openjdk.hotspot.jre.full.win32.x86_64_21.0.7.v20250502-0916\jre\bin\instrument.dll
0x00007ffead670000 - 0x00007ffead68f000 	C:\Users\Angel Hernandez\Documents\ides\sts-4.31.0.RELEASE\plugins\org.eclipse.justj.openjdk.hotspot.jre.full.win32.x86_64_21.0.7.v20250502-0916\jre\bin\java.dll
0x00007ffec7830000 - 0x00007ffec8099000 	C:\Windows\System32\SHELL32.dll
0x00007ffec4370000 - 0x00007ffec4c6f000 	C:\Windows\SYSTEM32\windows.storage.dll
0x00007ffec4230000 - 0x00007ffec436f000 	C:\Windows\SYSTEM32\wintypes.dll
0x00007ffec71e0000 - 0x00007ffec72d9000 	C:\Windows\System32\SHCORE.dll
0x00007ffec88f0000 - 0x00007ffec894e000 	C:\Windows\System32\shlwapi.dll
0x00007ffec6380000 - 0x00007ffec63a7000 	C:\Windows\SYSTEM32\profapi.dll
0x00007ffea8850000 - 0x00007ffea8868000 	C:\Users\Angel Hernandez\Documents\ides\sts-4.31.0.RELEASE\plugins\org.eclipse.justj.openjdk.hotspot.jre.full.win32.x86_64_21.0.7.v20250502-0916\jre\bin\zip.dll
0x00007ffebf7d0000 - 0x00007ffebf7db000 	C:\Users\Angel Hernandez\Documents\ides\sts-4.31.0.RELEASE\plugins\org.eclipse.justj.openjdk.hotspot.jre.full.win32.x86_64_21.0.7.v20250502-0916\jre\bin\dt_socket.dll
0x00007ffec4ed0000 - 0x00007ffec4efd000 	C:\Windows\SYSTEM32\IPHLPAPI.DLL
0x00007ffec58c0000 - 0x00007ffec5929000 	C:\Windows\system32\mswsock.dll
0x00007ffec4f40000 - 0x00007ffec5042000 	C:\Windows\SYSTEM32\DNSAPI.dll
0x00007ffec8320000 - 0x00007ffec8329000 	C:\Windows\System32\NSI.dll
0x00007ffeb37d0000 - 0x00007ffeb37da000 	C:\Windows\System32\rasadhlp.dll
0x00007ffebc050000 - 0x00007ffebc0d3000 	C:\Windows\System32\fwpuclnt.dll
0x00007ffeb8640000 - 0x00007ffeb8650000 	C:\Users\Angel Hernandez\Documents\ides\sts-4.31.0.RELEASE\plugins\org.eclipse.justj.openjdk.hotspot.jre.full.win32.x86_64_21.0.7.v20250502-0916\jre\bin\net.dll
0x00007ffebce50000 - 0x00007ffebcf86000 	C:\Windows\SYSTEM32\WINHTTP.dll
0x00007ffea0d30000 - 0x00007ffea0d46000 	C:\Users\Angel Hernandez\Documents\ides\sts-4.31.0.RELEASE\plugins\org.eclipse.justj.openjdk.hotspot.jre.full.win32.x86_64_21.0.7.v20250502-0916\jre\bin\nio.dll
0x00007ffeb13c0000 - 0x00007ffeb13ca000 	C:\Users\Angel Hernandez\Documents\ides\sts-4.31.0.RELEASE\plugins\org.eclipse.justj.openjdk.hotspot.jre.full.win32.x86_64_21.0.7.v20250502-0916\jre\bin\management.dll
0x00007ffeb13b0000 - 0x00007ffeb13bb000 	C:\Users\Angel Hernandez\Documents\ides\sts-4.31.0.RELEASE\plugins\org.eclipse.justj.openjdk.hotspot.jre.full.win32.x86_64_21.0.7.v20250502-0916\jre\bin\management_ext.dll
0x00007ffec88e0000 - 0x00007ffec88e8000 	C:\Windows\System32\PSAPI.DLL
0x00007ffe9f4c0000 - 0x00007ffe9f4d7000 	C:\Windows\system32\napinsp.dll
0x00007ffe9f4a0000 - 0x00007ffe9f4bb000 	C:\Windows\system32\pnrpnsp.dll
0x00007ffe9f480000 - 0x00007ffe9f491000 	C:\Windows\System32\winrnr.dll
0x00007ffe9f460000 - 0x00007ffe9f475000 	C:\Windows\system32\wshbth.dll
0x00007ffe9f430000 - 0x00007ffe9f457000 	C:\Windows\system32\nlansp_c.dll
0x00007ffec5c10000 - 0x00007ffec5c2b000 	C:\Windows\SYSTEM32\CRYPTSP.dll
0x00007ffec53c0000 - 0x00007ffec53f5000 	C:\Windows\system32\rsaenh.dll
0x00007ffec5960000 - 0x00007ffec5988000 	C:\Windows\SYSTEM32\USERENV.dll
0x00007ffec5bf0000 - 0x00007ffec5bfc000 	C:\Windows\SYSTEM32\CRYPTBASE.dll
0x00007ffeacbb0000 - 0x00007ffeacbb9000 	C:\Users\Angel Hernandez\Documents\ides\sts-4.31.0.RELEASE\plugins\org.eclipse.justj.openjdk.hotspot.jre.full.win32.x86_64_21.0.7.v20250502-0916\jre\bin\extnet.dll
0x00007ffeb8450000 - 0x00007ffeb8460000 	C:\Users\Angel Hernandez\Documents\ides\sts-4.31.0.RELEASE\plugins\org.eclipse.justj.openjdk.hotspot.jre.full.win32.x86_64_21.0.7.v20250502-0916\jre\bin\verify.dll
0x00007ffebaa80000 - 0x00007ffebaa8e000 	C:\Users\Angel Hernandez\Documents\ides\sts-4.31.0.RELEASE\plugins\org.eclipse.justj.openjdk.hotspot.jre.full.win32.x86_64_21.0.7.v20250502-0916\jre\bin\sunmscapi.dll
0x00007ffec6d00000 - 0x00007ffec6e66000 	C:\Windows\System32\CRYPT32.dll
0x00007ffec5d20000 - 0x00007ffec5d4d000 	C:\Windows\SYSTEM32\ncrypt.dll
0x00007ffec5ce0000 - 0x00007ffec5d17000 	C:\Windows\SYSTEM32\NTASN1.dll
0x00007ffeacdf0000 - 0x00007ffeacdf8000 	C:\Windows\system32\wshunix.dll

dbghelp: loaded successfully - version: 4.0.5 - missing functions: none
symbol engine: initialized successfully - sym options: 0x614 - pdb path: .;C:\Users\Angel Hernandez\Documents\ides\sts-4.31.0.RELEASE\plugins\org.eclipse.justj.openjdk.hotspot.jre.full.win32.x86_64_21.0.7.v20250502-0916\jre\bin;C:\Windows\SYSTEM32;C:\Windows\WinSxS\amd64_microsoft.windows.common-controls_6595b64144ccf1df_6.0.22621.3672_none_2713b9d173822955;C:\Users\Angel Hernandez\Documents\ides\sts-4.31.0.RELEASE\plugins\org.eclipse.justj.openjdk.hotspot.jre.full.win32.x86_64_21.0.7.v20250502-0916\jre\bin\server

VM Arguments:
jvm_args: -XX:+ShowCodeDetailsInExceptionMessages -agentlib:jdwp=transport=dt_socket,suspend=y,address=localhost:57450 -Dcom.sun.management.jmxremote -Dcom.sun.management.jmxremote.port=61616 -Dcom.sun.management.jmxremote.authenticate=false -Dcom.sun.management.jmxremote.ssl=false -Djava.rmi.server.hostname=localhost -Dspring.jmx.enabled=true -Dmanagement.endpoints.jmx.exposure.include=* -Dspring.application.admin.enabled=true -Dspring.profiles.active=dev -Dspring.output.ansi.enabled=always -XX:TieredStopAtLevel=1 -Dspring.boot.project.name=app-boot -javaagent:C:\Users\Angel Hernandez\Documents\ides\sts-4.31.0.RELEASE\configuration\org.eclipse.osgi\273\0\.cp\lib\javaagent-shaded.jar -Dfile.encoding=UTF-8 -Dstdout.encoding=UTF-8 -Dstderr.encoding=UTF-8 
java_command: com.bachoco.app_boot.AppBootApplication
java_class_path (initial): C:\Users\Angel Hernandez\Documents\proyecto-bachuco\proyecto-bachuco-arq-hexagonal\portalBachuco\app-boot\target\classes;C:\Users\Angel Hernandez\.m2\repository\org\springframework\boot\spring-boot-starter-data-jpa\3.5.4\spring-boot-starter-data-jpa-3.5.4.jar;C:\Users\Angel Hernandez\.m2\repository\org\springframework\boot\spring-boot-starter\3.5.4\spring-boot-starter-3.5.4.jar;C:\Users\Angel Hernandez\.m2\repository\org\springframework\boot\spring-boot-starter-logging\3.5.4\spring-boot-starter-logging-3.5.4.jar;C:\Users\Angel Hernandez\.m2\repository\ch\qos\logback\logback-classic\1.5.18\logback-classic-1.5.18.jar;C:\Users\Angel Hernandez\.m2\repository\ch\qos\logback\logback-core\1.5.18\logback-core-1.5.18.jar;C:\Users\Angel Hernandez\.m2\repository\org\apache\logging\log4j\log4j-to-slf4j\2.24.3\log4j-to-slf4j-2.24.3.jar;C:\Users\Angel Hernandez\.m2\repository\org\apache\logging\log4j\log4j-api\2.24.3\log4j-api-2.24.3.jar;C:\Users\Angel Hernandez\.m2\repository\org\slf4j\jul-to-slf4j\2.0.17\jul-to-slf4j-2.0.17.jar;C:\Users\Angel Hernandez\.m2\repository\org\yaml\snakeyaml\2.4\snakeyaml-2.4.jar;C:\Users\Angel Hernandez\.m2\repository\org\springframework\boot\spring-boot-starter-jdbc\3.5.4\spring-boot-starter-jdbc-3.5.4.jar;C:\Users\Angel Hernandez\.m2\repository\com\zaxxer\HikariCP\6.3.1\HikariCP-6.3.1.jar;C:\Users\Angel Hernandez\.m2\repository\org\springframework\spring-jdbc\6.2.9\spring-jdbc-6.2.9.jar;C:\Users\Angel Hernandez\.m2\repository\org\hibernate\orm\hibernate-core\6.6.22.Final\hibernate-core-6.6.22.Final.jar;C:\Users\Angel Hernandez\.m2\repository\jakarta\transaction\jakarta.transaction-api\2.0.1\jakarta.transaction-api-2.0.1.jar;C:\Users\Angel Hernandez\.m2\repository\org\jboss\logging\jboss-logging\3.6.1.Final\jboss-logging-3.6.1.Final.jar;C:\Users\Angel Hernandez\.m2\repository\org\hibernate\common\hibernate-commons-annotations\7.0.3.Final\hibernate-commons-annotations-7.0.3.Final.jar;C:\Users\Angel Hernandez\.m2\repository\io\smallrye\jandex\3.2.0\jandex-3.2.0.jar;C:\Users\Angel Hernandez\.m2\repository\com\fasterxml\classmate\1.7.0\classmate-1.7.0.jar;C:\Users\Angel Hernandez\.m2\repository\net\bytebuddy\byte-buddy\1.17.6\byte-buddy-1.17.6.jar;C:\Users\Angel Hernandez\.m2\repository\org\glassfish\jaxb\jaxb-runtime\4.0.5\jaxb-runtime-4.0.5.jar;C:\Users\Angel Hernandez\.m2\repository\org\glassfish\jaxb\jaxb-core\4.0.5\jaxb-core-4.0.5.jar;C:\Users\Angel Hernandez\.m2\repository\org\glassfish\jaxb\txw2\4.0.5\txw2-4.0.5.jar;C:\Users\Angel Hernandez\.m2\repository\com\sun\istack\istack-commons-runtime\4.1.2\istack-commons-runtime-4.1.2.jar;C:\Users\Angel Hernandez\.m2\repository\jakarta\inject\jakarta.inject-api\2.0.1\jakarta.inject-api-2.0.1.jar;C:\Users\Angel Hernandez\.m2\repository\org\antlr\antlr4-runtime\4.13.0\antlr4-runtime-4.13.0.jar;C:\Users\Angel Hernandez\.m2\repository\org\springframework\data\spring-data-jpa\3.5.2\spring-data-jpa-3.5.2.jar;C:\Users\Angel Hernandez\.m2\repository\org\springframework\data\spring-data-commons\3.5.2\spring-data-commons-3.5.2.jar;C:\Users\Angel Hernandez\.m2\repository\org\springframework\spring-orm\6.2.9\spring-orm-6.2.9.jar;C:\Users\Angel Hernandez\.m2\repository\org\springframework\spring-context\6.2.9\spring-context-6.2.9.jar;C:\Users\Angel Hernandez\.m2\repository\org\springframework\spring-aop\6.2.9\spring-aop-6.2.9.jar;C:\Users\Angel Hernandez\.m2\repository\org\springframework\spring-tx\6.2.9\spring-tx-6.2.9.jar;C:\Users\Angel Hernandez\.m2\repository\org\springframework\spring-beans\6.2.9\spring-beans-6.2.9.jar;C:\Users\Angel Hernandez\.m2\repository\org\slf4j\slf4j-api\2.0.17\slf4j-api-2.0.17.jar;C:\Users\Angel Hernandez\.m2\repository\org\springframework\spring-aspects\6.2.9\spring-aspects-6.2.9.jar;C:\Users\Angel Hernandez\.m2\repository\org\aspectj\aspectjweaver\1.9.24\aspectjweaver-1.9.24.jar;C:\Users\Angel Hernandez\.m2\repository\org\springframework\boot\spring-boot-starter-validation\3.5.4\spring-boot-starter-validation-3.5.4.jar;C:\Users\Angel Hernandez\.m2\repository\org\apache\tomcat\embed\tomcat-embed-el\10.1.43\tomcat-embed-el-10.1.43.jar;C:\Users\Angel Hernandez\.m2\repository\org\hibernate\validator\hibernate-validator\8.0.2.Final\hibernate-validator-8.0.2.Final.jar;C:\Users\Angel Hernandez\.m2\repository\jakarta\validation\jakarta.validation-api\3.0.2\jakarta.validation-api-3.0.2.jar;C:\Users\Angel Hernandez\.m2\repository\org\springframework\boot\spring-boot-starter-web\3.5.4\spring-boot-starter-web-3.5.4.jar;C:\Users\Angel Hernandez\.m2\repository\org\springframework\boot\spring-boot-starter-json\3.5.4\spring-boot-starter-json-3.5.4.jar;C:\Users\Angel Hernandez\.m2\repository\com\fasterxml\jackson\core\jackson-databind\2.19.2\jackson-databind-2.19.2.jar;C:\Users\Angel Hernandez\.m2\repository\com\fasterxml\jackson\core\jackson-annotations\2.19.2\jackson-annotations-2.19.2.jar;C:\Users\Angel Hernandez\.m2\repository\com\fasterxml\jackson\core\jackson-core\2.19.2\jackson-core-2.19.2.jar;C:\Users\Angel Hernandez\.m2\repository\com\fasterxml\jackson\datatype\jackson-datatype-jdk8\2.19.2\jackson-datatype-jdk8-2.19.2.jar;C:\Users\Angel Hernandez\.m2\repository\com\fasterxml\jackson\datatype\jackson-datatype-jsr310\2.19.2\jackson-datatype-jsr310-2.19.2.jar;C:\Users\Angel Hernandez\.m2\repository\com\fasterxml\jackson\module\jackson-module-parameter-names\2.19.2\jackson-module-parameter-names-2.19.2.jar;C:\Users\Angel Hernandez\.m2\repository\org\springframework\spring-web\6.2.9\spring-web-6.2.9.jar;C:\Users\Angel Hernandez\.m2\repository\io\micrometer\micrometer-observation\1.15.2\micrometer-observation-1.15.2.jar;C:\Users\Angel Hernandez\.m2\repository\io\micrometer\micrometer-commons\1.15.2\micrometer-commons-1.15.2.jar;C:\Users\Angel Hernandez\.m2\repository\org\springframework\spring-webmvc\6.2.9\spring-webmvc-6.2.9.jar;C:\Users\Angel Hernandez\.m2\repository\org\springframework\spring-expression\6.2.9\spring-expression-6.2.9.jar;C:\Users\Angel Hernandez\.m2\repository\org\springframework\boot\spring-boot-devtools\3.5.4\spring-boot-devtools-3.5.4.jar;C:\Users\Angel Hernandez\.m2\repository\org\springframework\boot\spring-boot\3.5.4\spring-boot-3.5.4.jar;C:\Users\Angel Hernandez\.m2\repository\org\springframework\boot\spring-boot-autoconfigure\3.5.4\spring-boot-autoconfigure-3.5.4.jar;C:\Users\Angel Hernandez\.m2\repository\org\springframework\boot\spring-boot-starter-tomcat\3.5.4\spring-boot-starter-tomcat-3.5.4.jar;C:\Users\Angel Hernandez\.m2\repository\jakarta\annotation\jakarta.annotation-api\2.1.1\jakarta.annotation-api-2.1.1.jar;C:\Users\Angel Hernandez\.m2\repository\org\apache\tomcat\embed\tomcat-embed-core\10.1.43\tomcat-embed-core-10.1.43.jar;C:\Users\Angel Hernandez\.m2\repository\org\apache\tomcat\embed\tomcat-embed-websocket\10.1.43\tomcat-embed-websocket-10.1.43.jar;C:\Users\Angel Hernandez\.m2\repository\com\mysql\mysql-connector-j\9.3.0\mysql-connector-j-9.3.0.jar;C:\Users\Angel Hernandez\.m2\repository\org\springframework\boot\spring-boot-starter-mail\3.5.4\spring-boot-starter-mail-3.5.4.jar;C:\Users\Angel Hernandez\.m2\repository\org\springframework\spring-context-support\6.2.9\spring-context-support-6.2.9.jar;C:\Users\Angel Hernandez\.m2\repository\org\eclipse\angus\jakarta.mail\2.0.3\jakarta.mail-2.0.3.jar;C:\Users\Angel Hernandez\.m2\repository\jakarta\activation\jakarta.activation-api\2.1.3\jakarta.activation-api-2.1.3.jar;C:\Users\Angel Hernandez\.m2\repository\org\eclipse\angus\angus-activation\2.0.2\angus-activation-2.0.2.jar;C:\Users\Angel Hernandez\.m2\repository\jakarta\xml\bind\jakarta.xml.bind-api\4.0.2\jakarta.xml.bind-api-4.0.2.jar;C:\Users\Angel Hernandez\.m2\repository\org\springframework\spring-core\6.2.9\spring-core-6.2.9.jar;C:\Users\Angel Hernandez\.m2\repository\org\springframework\spring-jcl\6.2.9\spring-jcl-6.2.9.jar;C:\Users\Angel Hernandez\Documents\proyecto-bachuco\proyecto-bachuco-arq-hexagonal\portalBachuco\core-application\target\classes;C:\Users\Angel Hernandez\Documents\proyecto-bachuco\proyecto-bachuco-arq-hexagonal\portalBachuco\core-domain\target\classes;C:\Users\Angel Hernandez\.m2\repository\jakarta\persistence\jakarta.persistence-api\3.1.0\jakarta.persistence-api-3.1.0.jar;C:\Users\Angel Hernandez\Documents\proyecto-bachuco\proyecto-bachuco-arq-hexagonal\portalBachuco\infrastructure\target\classes;C:\Users\Angel Hernandez\.m2\repository\org\springframework\boot\spring-boot-starter-security\3.5.4\spring-boot-starter-security-3.5.4.jar;C:\Users\Angel Hernandez\.m2\repository\org\springframework\security\spring-security-config\6.5.2\spring-security-config-6.5.2.jar;C:\Users\Angel Hernandez\.m2\repository\org\springframework\security\spring-security-core\6.5.2\spring-security-core-6.5.2.jar;C:\Users\Angel Hernandez\.m2\repository\org\springframework\security\spring-security-crypto\6.5.2\spring-security-crypto-6.5.2.jar;C:\Users\Angel Hernandez\.m2\repository\org\springframework\security\spring-security-web\6.5.2\spring-security-web-6.5.2.jar;C:\Users\Angel Hernandez\.m2\repository\com\itextpdf\kernel\8.0.3\kernel-8.0.3.jar;C:\Users\Angel Hernandez\.m2\repository\com\itextpdf\bouncy-castle-connector\8.0.3\bouncy-castle-connector-8.0.3.jar;C:\Users\Angel Hernandez\.m2\repository\com\itextpdf\layout\8.0.3\layout-8.0.3.jar;C:\Users\Angel Hernandez\.m2\repository\com\itextpdf\io\8.0.3\io-8.0.3.jar;C:\Users\Angel Hernandez\.m2\repository\com\itextpdf\commons\8.0.3\commons-8.0.3.jar;C:\Users\Angel Hernandez\.m2\repository\org\springframework\boot\spring-boot-starter-thymeleaf\3.5.4\spring-boot-starter-thymeleaf-3.5.4.jar;C:\Users\Angel Hernandez\.m2\repository\org\thymeleaf\thymeleaf-spring6\3.1.3.RELEASE\thymeleaf-spring6-3.1.3.RELEASE.jar;C:\Users\Angel Hernandez\.m2\repository\org\thymeleaf\thymeleaf\3.1.3.RELEASE\thymeleaf-3.1.3.RELEASE.jar;C:\Users\Angel Hernandez\.m2\repository\org\attoparser\attoparser\2.0.7.RELEASE\attoparser-2.0.7.RELEASE.jar;C:\Users\Angel Hernandez\.m2\repository\org\unbescape\unbescape\1.1.6.RELEASE\unbescape-1.1.6.RELEASE.jar;C:\Users\Angel Hernandez\.m2\repository\com\openhtmltopdf\openhtmltopdf-pdfbox\1.0.10\openhtmltopdf-pdfbox-1.0.10.jar;C:\Users\Angel Hernandez\.m2\repository\org\apache\pdfbox\pdfbox\2.0.24\pdfbox-2.0.24.jar;C:\Users\Angel Hernandez\.m2\repository\org\apache\pdfbox\fontbox\2.0.24\fontbox-2.0.24.jar;C:\Users\Angel Hernandez\.m2\repository\commons-logging\commons-logging\1.2\commons-logging-1.2.jar;C:\Users\Angel Hernandez\.m2\repository\org\apache\pdfbox\xmpbox\2.0.24\xmpbox-2.0.24.jar;C:\Users\Angel Hernandez\.m2\repository\com\openhtmltopdf\openhtmltopdf-core\1.0.10\openhtmltopdf-core-1.0.10.jar;C:\Users\Angel Hernandez\.m2\repository\de\rototor\pdfbox\graphics2d\0.32\graphics2d-0.32.jar;C:\Users\Angel Hernandez\.m2\repository\com\openhtmltopdf\openhtmltopdf-slf4j\1.0.10\openhtmltopdf-slf4j-1.0.10.jar;C:\Users\Angel Hernandez\.m2\repository\io\jsonwebtoken\jjwt-api\0.12.5\jjwt-api-0.12.5.jar;C:\Users\Angel Hernandez\.m2\repository\io\jsonwebtoken\jjwt-impl\0.12.5\jjwt-impl-0.12.5.jar;C:\Users\Angel Hernandez\.m2\repository\io\jsonwebtoken\jjwt-jackson\0.12.5\jjwt-jackson-0.12.5.jar
Launcher Type: SUN_STANDARD

[Global flags]
     intx CICompilerCount                          = 3                                         {product} {ergonomic}
     uint ConcGCThreads                            = 1                                         {product} {ergonomic}
     uint G1ConcRefinementThreads                  = 4                                         {product} {ergonomic}
   size_t G1HeapRegionSize                         = 2097152                                   {product} {ergonomic}
    uintx GCDrainStackTargetSize                   = 64                                        {product} {ergonomic}
   size_t InitialHeapSize                          = 268435456                                 {product} {ergonomic}
     bool ManagementServer                         = true                                      {product} {command line}
   size_t MarkStackSize                            = 4194304                                   {product} {ergonomic}
   size_t MaxHeapSize                              = 4269801472                                {product} {ergonomic}
   size_t MaxNewSize                               = 2560622592                                {product} {ergonomic}
   size_t MinHeapDeltaBytes                        = 2097152                                   {product} {ergonomic}
   size_t MinHeapSize                              = 8388608                                   {product} {ergonomic}
    uintx NonNMethodCodeHeapSize                   = 4096                                   {pd product} {ergonomic}
    uintx NonProfiledCodeHeapSize                  = 0                                      {pd product} {ergonomic}
     bool ProfileInterpreter                       = false                                  {pd product} {command line}
    uintx ProfiledCodeHeapSize                     = 0                                      {pd product} {ergonomic}
     bool ShowCodeDetailsInExceptionMessages       = true                                   {manageable} {command line}
   size_t SoftMaxHeapSize                          = 4269801472                             {manageable} {ergonomic}
     intx TieredStopAtLevel                        = 1                                         {product} {command line}
     bool UseCompressedOops                        = true                           {product lp64_product} {ergonomic}
     bool UseG1GC                                  = true                                      {product} {ergonomic}
     bool UseLargePagesIndividualAllocation        = false                                  {pd product} {ergonomic}

Logging:
Log output configuration:
 #0: stdout all=warning uptime,level,tags foldmultilines=false
 #1: stderr all=off uptime,level,tags foldmultilines=false

Environment Variables:
JAVA_HOME=C:\Users\Angel Hernandez\Documents\Jdks\jdk-21.0.2
PATH=C:\Users\Angel Hernandez\Documents\ides\sts-4.31.0.RELEASE\plugins\org.eclipse.justj.openjdk.hotspot.jre.full.win32.x86_64_21.0.7.v20250502-0916\jre\bin;C:/Users/Angel Hernandez/Documents/ides/sts-4.31.0.RELEASE//plugins/org.eclipse.justj.openjdk.hotspot.jre.full.win32.x86_64_21.0.7.v20250502-0916/jre/bin/server;C:/Users/Angel Hernandez/Documents/ides/sts-4.31.0.RELEASE//plugins/org.eclipse.justj.openjdk.hotspot.jre.full.win32.x86_64_21.0.7.v20250502-0916/jre/bin;C:\Windows\system32;C:\Windows;C:\Windows\System32\Wbem;C:\Windows\System32\WindowsPowerShell\v1.0\;C:\Windows\System32\OpenSSH\;C:\Program Files\Git\cmd;C:\Users\Angel Hernandez\Documents\Jdks\jdk-21.0.2\bin;C:\Program Files (x86)\Microsoft SQL Server\160\Tools\Binn\;C:\Program Files\Microsoft SQL Server\160\Tools\Binn\;C:\Program Files\Microsoft SQL Server\Client SDK\ODBC\170\Tools\Binn\;C:\Program Files\Microsoft SQL Server\160\DTS\Binn\;C:\apache-maven-3.9.11\bin;C:\Program Files\Docker\Docker\resources\bin;C:\Users\Angel Hernandez\AppData\Local\nvm;C:\nvm4w\nodejs;C:\Program Files\nodejs\;C:\Users\Angel Hernandez\AppData\Local\Microsoft\WindowsApps;C:\Users\Angel Hernandez\AppData\Local\Programs\Microsoft VS Code\bin;C:\Users\Angel Hernandez\Documents\Jdks\jdk-21.0.2\bin;C:\apache-maven-3.9.11\bin;C:\Users\Angel Hernandez\AppData\Local\GitHubDesktop\bin;C:\Users\Angel Hernandez\AppData\Local\nvm;C:\nvm4w\nodejs;C:\Users\Angel Hernandez\AppData\Roaming\npm;C:\Users\Angel Hernandez\Documents\ides\sts-4.31.0.RELEASE;
USERNAME=Angel Hernandez
OS=Windows_NT
PROCESSOR_IDENTIFIER=Intel64 Family 6 Model 78 Stepping 3, GenuineIntel
TMP=C:\Users\ANGELH~1\AppData\Local\Temp
TEMP=C:\Users\ANGELH~1\AppData\Local\Temp




Periodic native trim disabled

---------------  S Y S T E M  ---------------

OS:
 Windows 11 , 64 bit Build 22621 (10.0.22621.3958)
OS uptime: 4 days 0:03 hours
Hyper-V role detected

CPU: total 4 (initial active 4) (2 cores per cpu, 2 threads per core) family 6 model 78 stepping 3 microcode 0xea, cx8, cmov, fxsr, ht, mmx, 3dnowpref, sse, sse2, sse3, ssse3, sse4.1, sse4.2, popcnt, lzcnt, tsc, tscinvbit, avx, avx2, aes, erms, clmul, bmi1, bmi2, adx, fma, vzeroupper, clflush, clflushopt, hv, rdtscp, f16c
Processor Information for the first 4 processors :
  Max Mhz: 2400, Current Mhz: 2300, Mhz Limit: 2280

Memory: 4k page, system-wide physical 16280M (3454M free)
TotalPageFile size 32561M (AvailPageFile size 5398M)
current process WorkingSet (physical memory assigned to process): 713M, peak: 714M
current process commit charge ("private bytes"): 769M, peak: 1112M

vm_info: OpenJDK 64-Bit Server VM (21.0.7+6-LTS) for windows-amd64 JRE (21.0.7+6-LTS), built on 2025-04-15T00:00:00Z by "admin" with MS VC++ 17.7 (VS2022)

END.
