#
# A fatal error has been detected by the Java Runtime Environment:
#
#  EXCEPTION_ACCESS_VIOLATION (0xc0000005) at pc=0x000002291a541039, pid=15304, tid=35684
#
# JRE version: OpenJDK Runtime Environment Temurin-21.0.7+6 (21.0.7+6) (build 21.0.7+6-LTS)
# Java VM: OpenJDK 64-Bit Server VM Temurin-21.0.7+6 (21.0.7+6-LTS, mixed mode, emulated-client, sharing, tiered, compressed oops, compressed class ptrs, g1 gc, windows-amd64)
# Problematic frame:
# v  ~BufferBlob::MethodHandles adapters 0x000002291a541039
#
# No core dump will be written. Minidumps are not enabled by default on client versions of Windows
#
# If you would like to submit a bug report, please visit:
#   https://github.com/adoptium/adoptium-support/issues
#

---------------  S U M M A R Y ------------

Command Line: -XX:+ShowCodeDetailsInExceptionMessages -agentlib:jdwp=transport=dt_socket,suspend=y,address=localhost:57162 -Dcom.sun.management.jmxremote -Dcom.sun.management.jmxremote.port=57157 -Dcom.sun.management.jmxremote.authenticate=false -Dcom.sun.management.jmxremote.ssl=false -Djava.rmi.server.hostname=localhost -Dspring.jmx.enabled=true -Dmanagement.endpoints.jmx.exposure.include=* -Dspring.application.admin.enabled=true -Dspring.output.ansi.enabled=always -XX:TieredStopAtLevel=1 -Dspring.boot.project.name=app-boot -javaagent:C:\Users\Angel Hernandez\Documents\ides\sts-4.31.0.RELEASE\configuration\org.eclipse.osgi\273\0\.cp\lib\javaagent-shaded.jar -Dfile.encoding=UTF-8 -Dstdout.encoding=UTF-8 -Dstderr.encoding=UTF-8 com.bachuco.app_boot.AppBootApplication

Host: Intel(R) Core(TM) i5-6200U CPU @ 2.30GHz, 4 cores, 15G,  Windows 11 , 64 bit Build 22621 (10.0.22621.3958)
Time: Mon Oct 13 22:56:35 2025 Hora estándar central (México) elapsed time: 15087.987988 seconds (0d 4h 11m 27s)

---------------  T H R E A D  ---------------

Current thread (0x000002296c28a9d0):  JavaThread "restartedMain"        [_thread_in_Java, id=35684, stack(0x00000034f8c00000,0x00000034f8d00000) (1024K)]

Stack: [0x00000034f8c00000,0x00000034f8d00000],  sp=0x00000034f8cf9268,  free space=996k
Native frames: (J=compiled Java code, j=interpreted, Vv=VM code, C=native code)
C  0x000002291a541039

The last pc belongs to _linkToSpecial (printed below).

siginfo: EXCEPTION_ACCESS_VIOLATION (0xc0000005), reading address 0x0000000000080010


Registers:
RAX=0x000002291a519086, RBX=0x0000000000080000, RCX=0x00000034f8cf9290, RDX=0x0000000000000006
RSP=0x00000034f8cf9268, RBP=0x00000034f8cf92d8, RSI=0x000002296cd09128, RDI=0x000002297327ec70
R8 =0x0000000000000004, R9 =0x0000000000000004, R10=0x00007ffcb1bfdfc0, R11=0x00000229669282a8
R12=0x0000000000000000, R13=0x00000034f8cf9268, R14=0x00000034f8cf9318, R15=0x000002296c28a9d0
RIP=0x000002291a541039, EFLAGS=0x0000000000010206

XMM[0]=0x0000000000000000 0x0000000000000000
XMM[1]=0x0000000000000000 0x0000000000000000
XMM[2]=0x0000000000000000 0x0000000000000000
XMM[3]=0x0000000000000000 0x0000000000000000
XMM[4]=0x0000000000000000 0x0000000000000000
XMM[5]=0x0000000000000000 0x0000000000000000
XMM[6]=0x0000000000000000 0x0000000000000000
XMM[7]=0x0000000000000000 0x0000000000000000
XMM[8]=0x0000000000000000 0x0000000000000000
XMM[9]=0x0000000000000000 0x0000000000000000
XMM[10]=0x0000000000000000 0x0000000000000000
XMM[11]=0x0000000000000000 0x0000000000000000
XMM[12]=0x0000000000000000 0x0000000000000000
XMM[13]=0x0000000000000000 0x0000000000000000
XMM[14]=0x0000000000000000 0x0000000000000000
XMM[15]=0x0000000000000000 0x0000000000000000
  MXCSR=0x00001fa0


Register to memory mapping:

RAX=0x000002291a519086 is at code_begin+3078 in an Interpreter codelet
return entry points  [0x000002291a518480, 0x000002291a51a298]  7704 bytes
RBX=0x0000000000080000 is an unknown value
RCX=0x00000034f8cf9290 is pointing into the stack for thread: 0x000002296c28a9d0
RDX=0x0000000000000006 is an unknown value
RSP=0x00000034f8cf9268 is pointing into the stack for thread: 0x000002296c28a9d0
RBP=0x00000034f8cf92d8 is pointing into the stack for thread: 0x000002296c28a9d0
RSI=0x000002296cd09128 points into unknown readable memory: 0x88002b2838b5ed0d | 0d ed b5 38 28 2b 00 88
RDI=0x000002297327ec70 points into unknown readable memory: 0x00000038000000b0 | b0 00 00 00 38 00 00 00
R8 =0x0000000000000004 is an unknown value
R9 =0x0000000000000004 is an unknown value
R10=0x00007ffcb1bfdfc0 jvm.dll
R11={method} {0x00000229669282b0} 'newInvokeSpecial' '(Ljava/lang/Object;Ljava/lang/Object;Ljava/lang/Object;Ljava/lang/Object;Ljava/lang/Object;)Ljava/lang/Object;' in 'java/lang/invoke/LambdaForm$DMH+0x0000022926135800'
R12=0x0 is null
R13=0x00000034f8cf9268 is pointing into the stack for thread: 0x000002296c28a9d0
R14=0x00000034f8cf9318 is pointing into the stack for thread: 0x000002296c28a9d0
R15=0x000002296c28a9d0 is a thread

Top of Stack: (sp=0x00000034f8cf9268)
0x00000034f8cf9268:   000002291a519086 0000000706600208
0x00000034f8cf9278:   0000000706600150 0000000706600120
0x00000034f8cf9288:   0000000706600100 00000034f8cf9290
0x00000034f8cf9298:   0000022966928298 0000000000000008
0x00000034f8cf92a8:   00000229669283e8 00000007019c81b8
0x00000034f8cf92b8:   0000000702056590 00000229669282a8
0x00000034f8cf92c8:   00000034f8cf9268 00000034f8cf9320
0x00000034f8cf92d8:   00000034f8cf9398 000002291a51958b
0x00000034f8cf92e8:   0000000706600260 0000000706600100
0x00000034f8cf92f8:   0000000706600218 0000000706600208
0x00000034f8cf9308:   0000000706600150 0000000706600120
0x00000034f8cf9318:   0000000706600230 000002291a51958b
0x00000034f8cf9328:   000000070b5cc2f8 0000000709249138
0x00000034f8cf9338:   0000000707c189b8 000000070b501ac0
0x00000034f8cf9348:   0000000709254118 00000034f8cf9350
0x00000034f8cf9358:   0000022976bc53a2 0000000000000010
0x00000034f8cf9368:   0000022976bc54f0 0000000000000000
0x00000034f8cf9378:   0000000706600290 0000022976bc53b0
0x00000034f8cf9388:   00000034f8cf9328 00000034f8cf9420
0x00000034f8cf9398:   00000034f8cf97f8 000002291ad38a46
0x00000034f8cf93a8:   0000000706600230 0000000706600150
0x00000034f8cf93b8:   00000007066003d8 0000000706600120
0x00000034f8cf93c8:   00000007066003b0 0000000706600218
0x00000034f8cf93d8:   0000000706600388 0000000706600208
0x00000034f8cf93e8:   0000000706600360 0000000706600218
0x00000034f8cf93f8:   0000000706600208 0000000706600150
0x00000034f8cf9408:   0000000706600120 0000000706600340
0x00000034f8cf9418:   0000000706600308 00000007092488f0
0x00000034f8cf9428:   00007ffcb13654c5 0000000000000000
0x00000034f8cf9438:   0000000000000000 0000000000000000
0x00000034f8cf9448:   000000070923c368 0000000707553130
0x00000034f8cf9458:   0000000000000004 0000000706600340 

Instructions: (pc=0x000002291a541039)
0x000002291a540f39:   03 8b 5b 24 48 c1 e3 03 48 8b 5b 10 48 85 db 0f
0x000002291a540f49:   84 10 00 00 00 41 80 bf d8 05 00 00 00 74 03 ff
0x000002291a540f59:   63 38 ff 63 50 e9 9d 16 00 00 66 66 66 0f 1f 84
0x000002291a540f69:   00 00 00 00 00 66 66 66 90 66 66 0f 1f 84 00 00
0x000002291a540f79:   00 00 00 66 66 66 90 48 8b 53 08 0f b7 52 2e 48
0x000002291a540f89:   8b 0c d4 58 5b 50 44 8b 51 08 49 bb 00 00 00 25
0x000002291a540f99:   29 02 00 00 4d 03 d3 4c 8b 5b 10 4b 8b 9c da c0
0x000002291a540fa9:   01 00 00 48 85 db 0f 84 10 00 00 00 41 80 bf d8
0x000002291a540fb9:   05 00 00 00 74 03 ff 63 38 ff 63 50 e9 36 16 00
0x000002291a540fc9:   00 66 66 66 0f 1f 84 00 00 00 00 00 66 66 66 90
0x000002291a540fd9:   0f 1f 80 00 00 00 00 58 5b 50 8b 5b 24 48 c1 e3
0x000002291a540fe9:   03 48 8b 5b 10 48 85 db 0f 84 10 00 00 00 41 80
0x000002291a540ff9:   bf d8 05 00 00 00 74 03 ff 63 38 ff 63 50 e9 f4
0x000002291a541009:   15 00 00 66 66 66 0f 1f 84 00 00 00 00 00 66 66
0x000002291a541019:   66 90 0f 1f 44 00 00 48 8b 53 08 0f b7 52 2e 48
0x000002291a541029:   8b 0c d4 58 5b 50 48 3b 01 8b 5b 24 48 c1 e3 03
0x000002291a541039:   48 8b 5b 10 48 85 db 0f 84 10 00 00 00 41 80 bf
0x000002291a541049:   d8 05 00 00 00 74 03 ff 63 38 ff 63 50 e9 a5 15
0x000002291a541059:   00 00 0f 1f 44 00 00 48 8b 53 08 0f b7 52 2e 48
0x000002291a541069:   8b 0c d4 58 5b 50 44 8b 51 08 49 bb 00 00 00 25
0x000002291a541079:   29 02 00 00 4d 03 d3 8b 43 18 48 c1 e0 03 48 8b
0x000002291a541089:   40 10 48 8b 5b 10 45 8b 9a a0 00 00 00 4f 8d 9c
0x000002291a541099:   da c0 01 00 00 4d 8d 14 da 49 8b 1b 48 3b c3 74
0x000002291a5410a9:   15 48 85 db 0f 84 32 00 00 00 49 83 c3 10 49 8b
0x000002291a5410b9:   1b 48 3b c3 75 eb 45 8b 5b 08 4b 8b 1c 1a 48 85
0x000002291a5410c9:   db 0f 84 10 00 00 00 41 80 bf d8 05 00 00 00 74
0x000002291a5410d9:   03 ff 63 38 ff 63 50 e9 1b 15 00 00 e9 16 12 00
0x000002291a5410e9:   00 f4 00 00 00 00 00 00 00 00 00 00 00 00 00 00
0x000002291a5410f9:   00 00 00 00 00 00 00 00 00 00 00 00 00 00 00 00
0x000002291a541109:   00 00 00 00 00 00 00 00 00 00 00 00 00 00 00 00
0x000002291a541119:   00 00 00 00 00 00 00 00 00 00 00 00 00 00 00 00
0x000002291a541129:   00 00 00 00 00 00 00 00 00 00 00 00 00 00 00 00 


Stack slot to memory mapping:

stack at sp + 0 slots: 0x000002291a519086 is at code_begin+3078 in an Interpreter codelet
return entry points  [0x000002291a518480, 0x000002291a51a298]  7704 bytes
stack at sp + 1 slots: 0x0000000706600208 is an oop: com.bachuco.mapper.rowMapper.PedidoTrasladoRowMapper 
{0x0000000706600208} - klass: 'com/bachuco/mapper/rowMapper/PedidoTrasladoRowMapper'
 - ---- fields (total size 2 words):
stack at sp + 2 slots: 0x0000000706600150 is an oop: com.zaxxer.hikari.HikariDataSource 
{0x0000000706600150} - klass: 'com/zaxxer/hikari/HikariDataSource'
 - ---- fields (total size 23 words):
 - private volatile 'maxPoolSize' 'I' @12  10 (0x0000000a)
 - private volatile 'connectionTimeout' 'J' @16  30000 (0x0000000000007530)
 - private volatile 'validationTimeout' 'J' @24  5000 (0x0000000000001388)
 - private volatile 'idleTimeout' 'J' @32  600000 (0x00000000000927c0)
 - private volatile 'leakDetectionThreshold' 'J' @40  0 (0x0000000000000000)
 - private volatile 'maxLifetime' 'J' @48  1800000 (0x00000000001b7740)
 - private 'initializationFailTimeout' 'J' @56  1 (0x0000000000000001)
 - private 'keepaliveTime' 'J' @64  120000 (0x000000000001d4c0)
 - private volatile 'minIdle' 'I' @72  10 (0x0000000a)
 - private 'isAutoCommit' 'Z' @76  true (0x01)
 - private 'isReadOnly' 'Z' @77  false (0x00)
 - private 'isIsolateInternalQueries' 'Z' @78  false (0x00)
 - private 'isRegisterMbeans' 'Z' @79  false (0x00)
 - private 'isAllowPoolSuspension' 'Z' @80  false (0x00)
 - private volatile 'sealed' 'Z' @81  true (0x01)
 - private volatile 'catalog' 'Ljava/lang/String;' @84  null (0x00000000)
 - private final 'credentials' 'Ljava/util/concurrent/atomic/AtomicReference;' @88  a 'java/util/concurrent/atomic/AtomicReference'{0x0000000706067d60} (0xe0c0cfac)
 - private 'connectionInitSql' 'Ljava/lang/String;' @92  null (0x00000000)
 - private 'connectionTestQuery' 'Ljava/lang/String;' @96  null (0x00000000)
 - private 'dataSourceClassName' 'Ljava/lang/String;' @100  null (0x00000000)
 - private 'dataSourceJndiName' 'Ljava/lang/String;' @104  null (0x00000000)
 - private 'driverClassName' 'Ljava/lang/String;' @108  "com.mysql.cj.jdbc.Driver"{0x000000070664fd80} (0xe0cc9fb0)
 - private 'exceptionOverrideClassName' 'Ljava/lang/String;' @112  null (0x00000000)
 - private 'exceptionOverride' 'Lcom/zaxxer/hikari/SQLExceptionOverride;' @116  null (0x00000000)
 - private 'jdbcUrl' 'Ljava/lang/String;' @120  "jdbc:mysql://localhost:3306/logistica_pps?useSSL=false&serverTimezone=UTC&allowPublicKeyRetrieval=true"{0x000000070664fdc0} (0xe0cc9fb8)
 - private 'poolName' 'Ljava/lang/String;' @124  "HikariPool-52"{0x0000000706047940} (0xe0c08f28)
 - private 'schema' 'Ljava/lang/String;' @128  null (0x00000000)
 - private 'transactionIsolationName' 'Ljava/lang/String;' @132  null (0x00000000)
 - private 'dataSource' 'Ljavax/sql/DataSource;' @136  null (0x00000000)
 - private 'dataSourceProperties' 'Ljava/util/Properties;' @140  a 'java/util/Properties'{0x0000000706078bd0} (0xe0c0f17a)
 - private 'threadFactory' 'Ljava/util/concurrent/ThreadFactory;' @144  null (0x00000000)
 - private 'scheduledExecutor' 'Ljava/util/concurrent/ScheduledExecutorService;' @148  null (0x00000000)
 - private 'metricsTrackerFactory' 'Lcom/zaxxer/hikari/metrics/MetricsTrackerFactory;' @152  null (0x00000000)
 - private 'metricRegistry' 'Ljava/lang/Object;' @156  null (0x00000000)
 - private 'healthCheckRegistry' 'Ljava/lang/Object;' @160  null (0x00000000)
 - private 'healthCheckProperties' 'Ljava/util/Properties;' @164  a 'java/util/Properties'{0x0000000706078b58} (0xe0c0f16b)
 - private final 'isShutdown' 'Ljava/util/concurrent/atomic/AtomicBoolean;' @168  a 'java/util/concurrent/atomic/AtomicBoolean'{0x0000000706078b48} (0xe0c0f169)
 - private final 'fastPathPool' 'Lcom/zaxxer/hikari/pool/HikariPool;' @172  null (0x00000000)
 - private volatile 'pool' 'Lcom/zaxxer/hikari/pool/HikariPool;' @176  a 'com/zaxxer/hikari/pool/HikariPool'{0x0000000706047888} (0xe0c08f11)
stack at sp + 3 slots: 0x0000000706600120 is an oop: org.springframework.jdbc.core.JdbcTemplate 
{0x0000000706600120} - klass: 'org/springframework/jdbc/core/JdbcTemplate'
 - ---- fields (total size 6 words):
 - private 'lazyInit' 'Z' @12  true (0x01)
 - protected final 'logger' 'Lorg/apache/commons/logging/Log;' @16  a 'org/apache/commons/logging/LogAdapter$Slf4jLocationAwareLog'{0x0000000706078b30} (0xe0c0f166)
 - private 'dataSource' 'Ljavax/sql/DataSource;' @20  a 'com/zaxxer/hikari/HikariDataSource'{0x0000000706600150} (0xe0cc002a)
 - private volatile 'exceptionTranslator' 'Lorg/springframework/jdbc/support/SQLExceptionTranslator;' @24  null (0x00000000)
 - private 'ignoreWarnings' 'Z' @13  true (0x01)
 - private 'skipResultsProcessing' 'Z' @14  false (0x00)
 - private 'skipUndeclaredResults' 'Z' @15  false (0x00)
 - private 'fetchSize' 'I' @28  -1 (0xffffffff)
 - private 'maxRows' 'I' @32  -1 (0xffffffff)
 - private 'queryTimeout' 'I' @36  -1 (0xffffffff)
 - private 'resultsMapCaseInsensitive' 'Z' @40  false (0x00)
stack at sp + 4 slots: 0x0000000706600100 is an oop: com.bachuco.persistence.repository.PedidoTrasladoJdbcRepository 
{0x0000000706600100} - klass: 'com/bachuco/persistence/repository/PedidoTrasladoJdbcRepository'
 - ---- fields (total size 4 words):
 - private final 'jdbcTemplate' 'Lorg/springframework/jdbc/core/JdbcTemplate;' @12  null (0x00000000)
 - private 'simpleJdbcCall' 'Lorg/springframework/jdbc/core/simple/SimpleJdbcCall;' @16  null (0x00000000)
 - private final 'dataSource' 'Ljavax/sql/DataSource;' @20  null (0x00000000)
 - private final 'pedidoTrasladoRowMapper' 'Lcom/bachuco/mapper/rowMapper/PedidoTrasladoRowMapper;' @24  null (0x00000000)
 - private final 'namedParameterJdbcTemplate' 'Lorg/springframework/jdbc/core/namedparam/NamedParameterJdbcTemplate;' @28  null (0x00000000)
stack at sp + 5 slots: 0x00000034f8cf9290 is pointing into the stack for thread: 0x000002296c28a9d0
stack at sp + 6 slots: 0x0000022966928298 is pointing into metadata
stack at sp + 7 slots: 0x0000000000000008 is an unknown value

MethodHandle::interpreter_entry::_linkToSpecial [0x000002291a54100c, 0x000002291a54105b] (79 bytes)
[MachCode]
  0x000002291a54100c: 6666 660f | 1f84 0000 | 0000 0066 | 6666 900f | 1f44 0000 | 488b 5308 | 0fb7 522e | 488b 0cd4 
  0x000002291a54102c: 585b 5048 | 3b01 8b5b | 2448 c1e3 | 0348 8b5b | 1048 85db | 0f84 1000 | 0000 4180 | bfd8 0500 
  0x000002291a54104c: 0000 7403 | ff63 38ff | 6350 e9a5 | 
[/MachCode]

---------------  P R O C E S S  ---------------

Threads class SMR info:
_java_thread_list=0x0000022972b41b10, length=29, elements={
0x0000022924784da0, 0x0000022924789f60, 0x000002292478af60, 0x000002292478cbc0,
0x000002292478f750, 0x00000229247902d0, 0x000002292479a7b0, 0x0000022924752b70,
0x0000022924901190, 0x0000022924905830, 0x0000022924907e30, 0x000002296a17bd70,
0x000002296a38b170, 0x000002296a318e30, 0x000002296a3a55e0, 0x000002296a9f22d0,
0x000002296aa190f0, 0x000002296aa19fa0, 0x000002296aa4a1c0, 0x000002296c28a340,
0x000002296c286830, 0x00000229724b0890, 0x000002296c288270, 0x000002296c28a9d0,
0x000002296c28bd80, 0x000002296c288900, 0x000002296c285b10, 0x000002296c287550,
0x000002296c289cb0
}

Java Threads: ( => current thread )
  0x0000022924784da0 JavaThread "Reference Handler"          daemon [_thread_blocked, id=28052, stack(0x00000034f7400000,0x00000034f7500000) (1024K)]
  0x0000022924789f60 JavaThread "Finalizer"                  daemon [_thread_blocked, id=25484, stack(0x00000034f7500000,0x00000034f7600000) (1024K)]
  0x000002292478af60 JavaThread "Signal Dispatcher"          daemon [_thread_blocked, id=24528, stack(0x00000034f7600000,0x00000034f7700000) (1024K)]
  0x000002292478cbc0 JavaThread "Attach Listener"            daemon [_thread_blocked, id=38856, stack(0x00000034f7700000,0x00000034f7800000) (1024K)]
  0x000002292478f750 JavaThread "Service Thread"             daemon [_thread_blocked, id=33804, stack(0x00000034f7800000,0x00000034f7900000) (1024K)]
  0x00000229247902d0 JavaThread "Monitor Deflation Thread"   daemon [_thread_blocked, id=2948, stack(0x00000034f7900000,0x00000034f7a00000) (1024K)]
  0x000002292479a7b0 JavaThread "C1 CompilerThread0"         daemon [_thread_blocked, id=33880, stack(0x00000034f7a00000,0x00000034f7b00000) (1024K)]
  0x0000022924752b70 JavaThread "Common-Cleaner"             daemon [_thread_blocked, id=33604, stack(0x00000034f7b00000,0x00000034f7c00000) (1024K)]
  0x0000022924901190 JavaThread "JDWP Transport Listener: dt_socket" daemon [_thread_blocked, id=37088, stack(0x00000034f7d00000,0x00000034f7e00000) (1024K)]
  0x0000022924905830 JavaThread "JDWP Event Helper Thread"   daemon [_thread_blocked, id=39740, stack(0x00000034f7e00000,0x00000034f7f00000) (1024K)]
  0x0000022924907e30 JavaThread "JDWP Command Reader"        daemon [_thread_in_native, id=23060, stack(0x00000034f7f00000,0x00000034f8000000) (1024K)]
  0x000002296a17bd70 JavaThread "Notification Thread"        daemon [_thread_blocked, id=34472, stack(0x00000034f8000000,0x00000034f8100000) (1024K)]
  0x000002296a38b170 JavaThread "RMI TCP Accept-0"           daemon [_thread_in_native, id=33092, stack(0x00000034f8400000,0x00000034f8500000) (1024K)]
  0x000002296a318e30 JavaThread "RMI TCP Accept-57157"       daemon [_thread_in_native, id=36156, stack(0x00000034f8500000,0x00000034f8600000) (1024K)]
  0x000002296a3a55e0 JavaThread "RMI TCP Accept-0"           daemon [_thread_in_native, id=35928, stack(0x00000034f8600000,0x00000034f8700000) (1024K)]
  0x000002296a9f22d0 JavaThread "RMI Scheduler(0)"           daemon [_thread_blocked, id=30112, stack(0x00000034f8900000,0x00000034f8a00000) (1024K)]
  0x000002296aa190f0 JavaThread "RMI TCP Connection(idle)"   daemon [_thread_blocked, id=10212, stack(0x00000034f8a00000,0x00000034f8b00000) (1024K)]
  0x000002296aa19fa0 JavaThread "JMX server connection timeout 33" daemon [_thread_blocked, id=13036, stack(0x00000034f8b00000,0x00000034f8c00000) (1024K)]
  0x000002296aa4a1c0 JavaThread "mysql-cj-abandoned-connection-cleanup" daemon [_thread_blocked, id=37756, stack(0x00000034f8e00000,0x00000034f8f00000) (1024K)]
  0x000002296c28a340 JavaThread "Live Reload Server"         daemon [_thread_in_native, id=12636, stack(0x00000034f9700000,0x00000034f9800000) (1024K)]
  0x000002296c286830 JavaThread "DestroyJavaVM"                     [_thread_blocked, id=13340, stack(0x00000034f6c00000,0x00000034f6d00000) (1024K)]
  0x00000229724b0890 JavaThread "File Watcher"               daemon [_thread_blocked, id=26864, stack(0x00000034f6a00000,0x00000034f6b00000) (1024K)]
  0x000002296c288270 JavaThread "Thread-202"                        [_thread_blocked, id=36444, stack(0x00000034f8700000,0x00000034f8800000) (1024K)]
=>0x000002296c28a9d0 JavaThread "restartedMain"                     [_thread_in_Java, id=35684, stack(0x00000034f8c00000,0x00000034f8d00000) (1024K)]
  0x000002296c28bd80 JavaThread "HikariPool-52:housekeeper"  daemon [_thread_blocked, id=35340, stack(0x00000034f8800000,0x00000034f8900000) (1024K)]
  0x000002296c288900 JavaThread "Catalina-utility-1"                [_thread_blocked, id=38304, stack(0x00000034f8f00000,0x00000034f9000000) (1024K)]
  0x000002296c285b10 JavaThread "Catalina-utility-2"                [_thread_blocked, id=14852, stack(0x00000034f9000000,0x00000034f9100000) (1024K)]
  0x000002296c287550 JavaThread "container-1"                       [_thread_blocked, id=31260, stack(0x00000034f9100000,0x00000034f9200000) (1024K)]
  0x000002296c289cb0 JavaThread "HttpClient-52-SelectorManager" daemon [_thread_in_native, id=31816, stack(0x00000034f9200000,0x00000034f9300000) (1024K)]
Total: 29

Other Threads:
  0x00000229247607b0 VMThread "VM Thread"                           [id=27384, stack(0x00000034f7300000,0x00000034f7400000) (1024K)]
  0x0000022924751f10 WatcherThread "VM Periodic Task Thread"        [id=35804, stack(0x00000034f7200000,0x00000034f7300000) (1024K)]
  0x0000022916be69b0 WorkerThread "GC Thread#0"                     [id=26144, stack(0x00000034f6d00000,0x00000034f6e00000) (1024K)]
  0x000002296a1e3da0 WorkerThread "GC Thread#1"                     [id=31544, stack(0x00000034f8100000,0x00000034f8200000) (1024K)]
  0x000002296a1e4140 WorkerThread "GC Thread#2"                     [id=37404, stack(0x00000034f8200000,0x00000034f8300000) (1024K)]
  0x000002296a1e44e0 WorkerThread "GC Thread#3"                     [id=38028, stack(0x00000034f8300000,0x00000034f8400000) (1024K)]
  0x0000022916bf7ec0 ConcurrentGCThread "G1 Main Marker"            [id=39368, stack(0x00000034f6e00000,0x00000034f6f00000) (1024K)]
  0x0000022916bf91b0 WorkerThread "G1 Conc#0"                       [id=35300, stack(0x00000034f6f00000,0x00000034f7000000) (1024K)]
  0x0000022916c2e0e0 ConcurrentGCThread "G1 Refine#0"               [id=31068, stack(0x00000034f7000000,0x00000034f7100000) (1024K)]
  0x0000022924616140 ConcurrentGCThread "G1 Service"                [id=6128, stack(0x00000034f7100000,0x00000034f7200000) (1024K)]
Total: 10

Threads with active compile tasks:
Total: 0

VM state: not at safepoint (normal execution)

VM Mutex/Monitor currently owned by a thread: None

Heap address: 0x0000000701800000, size: 4072 MB, Compressed Oops mode: Zero based, Oop shift amount: 3

CDS archive(s) mapped at: [0x0000022925000000-0x0000022925c80000-0x0000022925c80000), size 13107200, SharedBaseAddress: 0x0000022925000000, ArchiveRelocationMode: 1.
Compressed class space mapped at: 0x0000022926000000-0x0000022966000000, reserved size: 1073741824
Narrow klass base: 0x0000022925000000, Narrow klass shift: 0, Narrow klass range: 0x100000000

GC Precious Log:
 CardTable entry size: 512
 Card Set container configuration: InlinePtr #cards 4 size 8 Array Of Cards #cards 16 size 48 Howl #buckets 8 coarsen threshold 3686 Howl Bitmap #cards 512 size 80 coarsen threshold 460 Card regions per heap region 1 cards per card region 4096
 CPUs: 4 total, 4 available
 Memory: 16280M
 Large Page Support: Disabled
 NUMA Support: Disabled
 Compressed Oops: Enabled (Zero based)
 Heap Region Size: 2M
 Heap Min Capacity: 8M
 Heap Initial Capacity: 256M
 Heap Max Capacity: 4072M
 Pre-touch: Disabled
 Parallel Workers: 4
 Concurrent Workers: 1
 Concurrent Refinement Workers: 4
 Periodic GC: Disabled

Heap:
 garbage-first heap   total 172032K, used 100848K [0x0000000701800000, 0x0000000800000000)
  region size 2048K, 21 young (43008K), 4 survivors (8192K)
 Metaspace       used 198729K, committed 200768K, reserved 1245184K
  class space    used 24155K, committed 25088K, reserved 1048576K

Heap Regions: E=young(eden), S=young(survivor), O=old, HS=humongous(starts), HC=humongous(continues), CS=collection set, F=free, TAMS=top-at-mark-start, PB=parsable bottom
|   0|0x0000000701800000, 0x0000000701a00000, 0x0000000701a00000|100%| O|  |TAMS 0x0000000701800000| PB 0x0000000701800000| Untracked 
|   1|0x0000000701a00000, 0x0000000701c00000, 0x0000000701c00000|100%| O|  |TAMS 0x0000000701a00000| PB 0x0000000701a00000| Untracked 
|   2|0x0000000701c00000, 0x0000000701dffff8, 0x0000000701e00000| 99%| O|  |TAMS 0x0000000701c00000| PB 0x0000000701c00000| Untracked 
|   3|0x0000000701e00000, 0x0000000701ffa778, 0x0000000702000000| 98%| O|  |TAMS 0x0000000701e00000| PB 0x0000000701e00000| Untracked 
|   4|0x0000000702000000, 0x00000007021ffff0, 0x0000000702200000| 99%| O|  |TAMS 0x0000000702000000| PB 0x0000000702000000| Untracked 
|   5|0x0000000702200000, 0x00000007023ffff8, 0x0000000702400000| 99%| O|  |TAMS 0x0000000702200000| PB 0x0000000702200000| Untracked 
|   6|0x0000000702400000, 0x00000007025ffff0, 0x0000000702600000| 99%| O|  |TAMS 0x0000000702400000| PB 0x0000000702400000| Untracked 
|   7|0x0000000702600000, 0x00000007027fffe8, 0x0000000702800000| 99%| O|  |TAMS 0x0000000702600000| PB 0x0000000702600000| Untracked 
|   8|0x0000000702800000, 0x00000007029fffa8, 0x0000000702a00000| 99%| O|  |TAMS 0x0000000702800000| PB 0x0000000702800000| Untracked 
|   9|0x0000000702a00000, 0x0000000702bfffe8, 0x0000000702c00000| 99%| O|  |TAMS 0x0000000702a00000| PB 0x0000000702a00000| Untracked 
|  10|0x0000000702c00000, 0x0000000702dfffe0, 0x0000000702e00000| 99%| O|  |TAMS 0x0000000702c00000| PB 0x0000000702c00000| Untracked 
|  11|0x0000000702e00000, 0x0000000702ff84f0, 0x0000000703000000| 98%| O|  |TAMS 0x0000000702e00000| PB 0x0000000702e00000| Untracked 
|  12|0x0000000703000000, 0x0000000703200000, 0x0000000703200000|100%| O|  |TAMS 0x0000000703000000| PB 0x0000000703000000| Untracked 
|  13|0x0000000703200000, 0x00000007033ffd50, 0x0000000703400000| 99%| O|  |TAMS 0x0000000703200000| PB 0x0000000703200000| Untracked 
|  14|0x0000000703400000, 0x00000007035fffc8, 0x0000000703600000| 99%| O|  |TAMS 0x0000000703400000| PB 0x0000000703400000| Untracked 
|  15|0x0000000703600000, 0x00000007037fffe8, 0x0000000703800000| 99%| O|  |TAMS 0x0000000703600000| PB 0x0000000703600000| Untracked 
|  16|0x0000000703800000, 0x00000007039fffe8, 0x0000000703a00000| 99%| O|  |TAMS 0x0000000703800000| PB 0x0000000703800000| Untracked 
|  17|0x0000000703a00000, 0x0000000703c00000, 0x0000000703c00000|100%| O|  |TAMS 0x0000000703a00000| PB 0x0000000703a00000| Untracked 
|  18|0x0000000703c00000, 0x0000000703e00000, 0x0000000703e00000|100%| O|  |TAMS 0x0000000703c00000| PB 0x0000000703c00000| Untracked 
|  19|0x0000000703e00000, 0x0000000703fffff0, 0x0000000704000000| 99%| O|  |TAMS 0x0000000703e00000| PB 0x0000000703e00000| Untracked 
|  20|0x0000000704000000, 0x00000007041fffe8, 0x0000000704200000| 99%| O|  |TAMS 0x0000000704000000| PB 0x0000000704000000| Untracked 
|  21|0x0000000704200000, 0x00000007043fffc8, 0x0000000704400000| 99%| O|  |TAMS 0x0000000704200000| PB 0x0000000704200000| Untracked 
|  22|0x0000000704400000, 0x00000007045ffe98, 0x0000000704600000| 99%| O|  |TAMS 0x0000000704400000| PB 0x0000000704400000| Untracked 
|  23|0x0000000704600000, 0x00000007047ffe50, 0x0000000704800000| 99%| O|  |TAMS 0x0000000704600000| PB 0x0000000704600000| Untracked 
|  24|0x0000000704800000, 0x00000007049fffe0, 0x0000000704a00000| 99%| O|  |TAMS 0x0000000704800000| PB 0x0000000704800000| Untracked 
|  25|0x0000000704a00000, 0x0000000704c00000, 0x0000000704c00000|100%| O|  |TAMS 0x0000000704a00000| PB 0x0000000704a00000| Untracked 
|  26|0x0000000704c00000, 0x0000000704d8bf20, 0x0000000704e00000| 77%| O|  |TAMS 0x0000000704c00000| PB 0x0000000704c00000| Untracked 
|  27|0x0000000704e00000, 0x0000000704ee9e00, 0x0000000705000000| 45%| O|  |TAMS 0x0000000704e00000| PB 0x0000000704e00000| Untracked 
|  28|0x0000000705000000, 0x00000007050d5840, 0x0000000705200000| 41%| O|  |TAMS 0x0000000705000000| PB 0x0000000705000000| Untracked 
|  29|0x0000000705200000, 0x000000070522ab20, 0x0000000705400000|  8%| O|Cm|TAMS 0x0000000705200000| PB 0x0000000705200000| Complete 
|  30|0x0000000705400000, 0x0000000705600000, 0x0000000705600000|100%| O|  |TAMS 0x0000000705400000| PB 0x0000000705400000| Untracked 
|  31|0x0000000705600000, 0x0000000705800000, 0x0000000705800000|100%| O|  |TAMS 0x0000000705600000| PB 0x0000000705600000| Untracked 
|  32|0x0000000705800000, 0x0000000705972e00, 0x0000000705a00000| 72%| O|  |TAMS 0x0000000705800000| PB 0x0000000705800000| Untracked 
|  33|0x0000000705a00000, 0x0000000705a00000, 0x0000000705c00000|  0%| F|  |TAMS 0x0000000705a00000| PB 0x0000000705a00000| Untracked 
|  34|0x0000000705c00000, 0x0000000705c00000, 0x0000000705e00000|  0%| F|  |TAMS 0x0000000705c00000| PB 0x0000000705c00000| Untracked 
|  35|0x0000000705e00000, 0x0000000705e00000, 0x0000000706000000|  0%| F|  |TAMS 0x0000000705e00000| PB 0x0000000705e00000| Untracked 
|  36|0x0000000706000000, 0x00000007061a0da0, 0x0000000706200000| 81%| S|CS|TAMS 0x0000000706000000| PB 0x0000000706000000| Complete 
|  37|0x0000000706200000, 0x0000000706400000, 0x0000000706400000|100%| S|CS|TAMS 0x0000000706200000| PB 0x0000000706200000| Complete 
|  38|0x0000000706400000, 0x0000000706600000, 0x0000000706600000|100%| S|CS|TAMS 0x0000000706400000| PB 0x0000000706400000| Complete 
|  39|0x0000000706600000, 0x0000000706800000, 0x0000000706800000|100%| S|CS|TAMS 0x0000000706600000| PB 0x0000000706600000| Complete 
|  40|0x0000000706800000, 0x0000000706800000, 0x0000000706a00000|  0%| F|  |TAMS 0x0000000706800000| PB 0x0000000706800000| Untracked 
|  41|0x0000000706a00000, 0x0000000706a00000, 0x0000000706c00000|  0%| F|  |TAMS 0x0000000706a00000| PB 0x0000000706a00000| Untracked 
|  42|0x0000000706c00000, 0x0000000706c00000, 0x0000000706e00000|  0%| F|  |TAMS 0x0000000706c00000| PB 0x0000000706c00000| Untracked 
|  43|0x0000000706e00000, 0x0000000706e00000, 0x0000000707000000|  0%| F|  |TAMS 0x0000000706e00000| PB 0x0000000706e00000| Untracked 
|  44|0x0000000707000000, 0x0000000707000000, 0x0000000707200000|  0%| F|  |TAMS 0x0000000707000000| PB 0x0000000707000000| Untracked 
|  45|0x0000000707200000, 0x0000000707200000, 0x0000000707400000|  0%| F|  |TAMS 0x0000000707200000| PB 0x0000000707200000| Untracked 
|  46|0x0000000707400000, 0x0000000707400000, 0x0000000707600000|  0%| F|  |TAMS 0x0000000707400000| PB 0x0000000707400000| Untracked 
|  47|0x0000000707600000, 0x0000000707600000, 0x0000000707800000|  0%| F|  |TAMS 0x0000000707600000| PB 0x0000000707600000| Untracked 
|  48|0x0000000707800000, 0x0000000707800000, 0x0000000707a00000|  0%| F|  |TAMS 0x0000000707800000| PB 0x0000000707800000| Untracked 
|  49|0x0000000707a00000, 0x0000000707a00000, 0x0000000707c00000|  0%| F|  |TAMS 0x0000000707a00000| PB 0x0000000707a00000| Untracked 
|  50|0x0000000707c00000, 0x0000000707c00000, 0x0000000707e00000|  0%| F|  |TAMS 0x0000000707c00000| PB 0x0000000707c00000| Untracked 
|  51|0x0000000707e00000, 0x0000000707e00000, 0x0000000708000000|  0%| F|  |TAMS 0x0000000707e00000| PB 0x0000000707e00000| Untracked 
|  52|0x0000000708000000, 0x0000000708000000, 0x0000000708200000|  0%| F|  |TAMS 0x0000000708000000| PB 0x0000000708000000| Untracked 
|  53|0x0000000708200000, 0x0000000708200000, 0x0000000708400000|  0%| F|  |TAMS 0x0000000708200000| PB 0x0000000708200000| Untracked 
|  54|0x0000000708400000, 0x0000000708400000, 0x0000000708600000|  0%| F|  |TAMS 0x0000000708400000| PB 0x0000000708400000| Untracked 
|  55|0x0000000708600000, 0x0000000708600000, 0x0000000708800000|  0%| F|  |TAMS 0x0000000708600000| PB 0x0000000708600000| Untracked 
|  56|0x0000000708800000, 0x0000000708800000, 0x0000000708a00000|  0%| F|  |TAMS 0x0000000708800000| PB 0x0000000708800000| Untracked 
|  57|0x0000000708a00000, 0x0000000708a00000, 0x0000000708c00000|  0%| F|  |TAMS 0x0000000708a00000| PB 0x0000000708a00000| Untracked 
|  58|0x0000000708c00000, 0x0000000708c00000, 0x0000000708e00000|  0%| F|  |TAMS 0x0000000708c00000| PB 0x0000000708c00000| Untracked 
|  59|0x0000000708e00000, 0x0000000708e00000, 0x0000000709000000|  0%| F|  |TAMS 0x0000000708e00000| PB 0x0000000708e00000| Untracked 
|  60|0x0000000709000000, 0x0000000709000000, 0x0000000709200000|  0%| F|  |TAMS 0x0000000709000000| PB 0x0000000709000000| Untracked 
|  61|0x0000000709200000, 0x0000000709200000, 0x0000000709400000|  0%| F|  |TAMS 0x0000000709200000| PB 0x0000000709200000| Untracked 
|  62|0x0000000709400000, 0x0000000709400000, 0x0000000709600000|  0%| F|  |TAMS 0x0000000709400000| PB 0x0000000709400000| Untracked 
|  63|0x0000000709600000, 0x0000000709600000, 0x0000000709800000|  0%| F|  |TAMS 0x0000000709600000| PB 0x0000000709600000| Untracked 
|  64|0x0000000709800000, 0x0000000709800000, 0x0000000709a00000|  0%| F|  |TAMS 0x0000000709800000| PB 0x0000000709800000| Untracked 
|  65|0x0000000709a00000, 0x0000000709a00000, 0x0000000709c00000|  0%| F|  |TAMS 0x0000000709a00000| PB 0x0000000709a00000| Untracked 
|  66|0x0000000709c00000, 0x0000000709c00000, 0x0000000709e00000|  0%| F|  |TAMS 0x0000000709c00000| PB 0x0000000709c00000| Untracked 
|  67|0x0000000709e00000, 0x0000000709ee9300, 0x000000070a000000| 45%| E|  |TAMS 0x0000000709e00000| PB 0x0000000709e00000| Complete 
|  68|0x000000070a000000, 0x000000070a200000, 0x000000070a200000|100%| E|CS|TAMS 0x000000070a000000| PB 0x000000070a000000| Complete 
|  69|0x000000070a200000, 0x000000070a400000, 0x000000070a400000|100%| E|CS|TAMS 0x000000070a200000| PB 0x000000070a200000| Complete 
|  70|0x000000070a400000, 0x000000070a600000, 0x000000070a600000|100%| E|CS|TAMS 0x000000070a400000| PB 0x000000070a400000| Complete 
|  71|0x000000070a600000, 0x000000070a800000, 0x000000070a800000|100%| E|CS|TAMS 0x000000070a600000| PB 0x000000070a600000| Complete 
|  72|0x000000070a800000, 0x000000070aa00000, 0x000000070aa00000|100%| E|CS|TAMS 0x000000070a800000| PB 0x000000070a800000| Complete 
|  73|0x000000070aa00000, 0x000000070ac00000, 0x000000070ac00000|100%| E|CS|TAMS 0x000000070aa00000| PB 0x000000070aa00000| Complete 
|  74|0x000000070ac00000, 0x000000070ae00000, 0x000000070ae00000|100%| E|CS|TAMS 0x000000070ac00000| PB 0x000000070ac00000| Complete 
|  75|0x000000070ae00000, 0x000000070b000000, 0x000000070b000000|100%| E|CS|TAMS 0x000000070ae00000| PB 0x000000070ae00000| Complete 
|  76|0x000000070b000000, 0x000000070b200000, 0x000000070b200000|100%| E|CS|TAMS 0x000000070b000000| PB 0x000000070b000000| Complete 
|  77|0x000000070b200000, 0x000000070b400000, 0x000000070b400000|100%| E|  |TAMS 0x000000070b200000| PB 0x000000070b200000| Complete 
|  78|0x000000070b400000, 0x000000070b600000, 0x000000070b600000|100%| E|CS|TAMS 0x000000070b400000| PB 0x000000070b400000| Complete 
|  79|0x000000070b600000, 0x000000070b800000, 0x000000070b800000|100%| E|CS|TAMS 0x000000070b600000| PB 0x000000070b600000| Complete 
|  80|0x000000070b800000, 0x000000070ba00000, 0x000000070ba00000|100%| E|CS|TAMS 0x000000070b800000| PB 0x000000070b800000| Complete 
|  81|0x000000070ba00000, 0x000000070bc00000, 0x000000070bc00000|100%| E|CS|TAMS 0x000000070ba00000| PB 0x000000070ba00000| Complete 
|  82|0x000000070bc00000, 0x000000070be00000, 0x000000070be00000|100%| E|CS|TAMS 0x000000070bc00000| PB 0x000000070bc00000| Complete 
|  83|0x000000070be00000, 0x000000070c000000, 0x000000070c000000|100%| E|CS|TAMS 0x000000070be00000| PB 0x000000070be00000| Complete 

Card table byte_map: [0x000002291dd10000,0x000002291e510000] _byte_map_base: 0x000002291a504000

Marking Bits: (CMBitMap*) 0x0000022916be6f50
 Bits: [0x000002291e510000, 0x00000229224b0000)

Polling page: 0x0000022914980000

Metaspace:

Usage:
  Non-class:    170.48 MB used.
      Class:     23.59 MB used.
       Both:    194.07 MB used.

Virtual space:
  Non-class space:      192.00 MB reserved,     171.56 MB ( 89%) committed,  3 nodes.
      Class space:        1.00 GB reserved,      24.50 MB (  2%) committed,  1 nodes.
             Both:        1.19 GB reserved,     196.06 MB ( 16%) committed. 

Chunk freelists:
   Non-Class:  4.20 MB
       Class:  7.35 MB
        Both:  11.55 MB

MaxMetaspaceSize: unlimited
CompressedClassSpaceSize: 1.00 GB
Initial GC threshold: 21.00 MB
Current GC threshold: 325.56 MB
CDS: on
 - commit_granule_bytes: 65536.
 - commit_granule_words: 8192.
 - virtual_space_node_default_size: 8388608.
 - enlarge_chunks_in_place: 1.
 - use_allocation_guard: 0.


Internal statistics:

num_allocs_failed_limit: 6.
num_arena_births: 11736.
num_arena_deaths: 9540.
num_vsnodes_births: 4.
num_vsnodes_deaths: 0.
num_space_committed: 3137.
num_space_uncommitted: 1.
num_chunks_returned_to_freelist: 13149.
num_chunks_taken_from_freelist: 30724.
num_chunk_merges: 2861.
num_chunk_splits: 12552.
num_chunks_enlarged: 5965.
num_inconsistent_stats: 0.

CodeCache: size=49152Kb used=17984Kb max_used=33576Kb free=31167Kb
 bounds [0x000002291a510000, 0x000002291c640000, 0x000002291d510000]
 total_blobs=9692 nmethods=8922 adapters=691
 compilation: enabled
              stopped_count=0, restarted_count=0
 full_count=0

Compilation events (20 events):
Event: 15002.214 Thread 0x000002292479a7b0 nmethod 56900 0x000002291b5a7f90 code [0x000002291b5a8140, 0x000002291b5a8258]
Event: 15002.214 Thread 0x000002292479a7b0 56899       1       java.io.ObjectStreamClass::getSuperDesc (9 bytes)
Event: 15002.214 Thread 0x000002296cc3a7f0 nmethod 56898 0x000002291b5a7c10 code [0x000002291b5a7dc0, 0x000002291b5a7ea8]
Event: 15002.214 Thread 0x000002296cc3a7f0 56895   !   1       java.io.ObjectStreamClass::<init> (309 bytes)
Event: 15002.215 Thread 0x000002292479a7b0 nmethod 56899 0x000002291b5a7810 code [0x000002291b5a79c0, 0x000002291b5a7b40]
Event: 15002.215 Thread 0x000002292479a7b0 56893       1       java.io.ObjectStreamClass$Caches$1::computeValue (6 bytes)
Event: 15002.215 Thread 0x000002292479a7b0 nmethod 56893 0x000002291b5a7410 code [0x000002291b5a75c0, 0x000002291b5a7728]
Event: 15002.215 Thread 0x000002292479a7b0 56894       1       java.io.ObjectStreamClass$Caches$1::computeValue (9 bytes)
Event: 15002.215 Thread 0x000002292479a7b0 nmethod 56894 0x000002291b5a7010 code [0x000002291b5a71c0, 0x000002291b5a7328]
Event: 15002.215 Thread 0x000002292479a7b0 56891       1       java.net.ServerSocket::implAccept (75 bytes)
Event: 15002.216 Thread 0x000002292479a7b0 nmethod 56891 0x000002291b5a6610 code [0x000002291b5a6860, 0x000002291b5a6d50]
Event: 15002.216 Thread 0x000002292479a7b0 56892       1       java.net.ServerSocket::platformImplAccept (36 bytes)
Event: 15002.216 Thread 0x000002292479a7b0 nmethod 56892 0x000002291b5a6210 code [0x000002291b5a63c0, 0x000002291b5a6548]
Event: 15002.222 Thread 0x000002296cc3a7f0 nmethod 56895 0x000002291b5a4210 code [0x000002291b5a4580, 0x000002291b5a5a38]
Event: 15002.222 Thread 0x000002292479a7b0 56901       1       java.io.ObjectStreamClass::hasWriteObjectMethod (17 bytes)
Event: 15002.222 Thread 0x000002292479a7b0 nmethod 56901 0x000002291b5a3e10 code [0x000002291b5a3fc0, 0x000002291b5a4150]
Event: 15065.465 Thread 0x000002292479a7b0 56902       1       java.net.Inet4Address::getHostAddress (8 bytes)
Event: 15065.466 Thread 0x000002292479a7b0 nmethod 56902 0x000002291b5a3a90 code [0x000002291b5a3c40, 0x000002291b5a3d48]
Event: 15065.466 Thread 0x000002292479a7b0 56903       1       java.net.Inet4Address::numericToTextFormat (66 bytes)
Event: 15065.466 Thread 0x000002292479a7b0 nmethod 56903 0x000002291b5a3290 code [0x000002291b5a34c0, 0x000002291b5a3840]

GC Heap History (20 events):
Event: 14213.334 GC heap before
{Heap before GC invocations=349 (full 49):
 garbage-first heap   total 172032K, used 155491K [0x0000000701800000, 0x0000000800000000)
  region size 2048K, 47 young (96256K), 1 survivors (2048K)
 Metaspace       used 196780K, committed 198976K, reserved 1245184K
  class space    used 23910K, committed 24896K, reserved 1048576K
}
Event: 14213.342 GC heap after
{Heap after GC invocations=350 (full 49):
 garbage-first heap   total 172032K, used 62314K [0x0000000701800000, 0x0000000800000000)
  region size 2048K, 1 young (2048K), 1 survivors (2048K)
 Metaspace       used 196780K, committed 198976K, reserved 1245184K
  class space    used 23910K, committed 24896K, reserved 1048576K
}
Event: 14344.402 GC heap before
{Heap before GC invocations=350 (full 49):
 garbage-first heap   total 172032K, used 158570K [0x0000000701800000, 0x0000000800000000)
  region size 2048K, 48 young (98304K), 1 survivors (2048K)
 Metaspace       used 196780K, committed 198976K, reserved 1245184K
  class space    used 23910K, committed 24896K, reserved 1048576K
}
Event: 14344.405 GC heap after
{Heap after GC invocations=351 (full 49):
 garbage-first heap   total 172032K, used 62066K [0x0000000701800000, 0x0000000800000000)
  region size 2048K, 1 young (2048K), 1 survivors (2048K)
 Metaspace       used 196780K, committed 198976K, reserved 1245184K
  class space    used 23910K, committed 24896K, reserved 1048576K
}
Event: 14472.634 GC heap before
{Heap before GC invocations=352 (full 49):
 garbage-first heap   total 172032K, used 158322K [0x0000000701800000, 0x0000000800000000)
  region size 2048K, 48 young (98304K), 1 survivors (2048K)
 Metaspace       used 196782K, committed 198976K, reserved 1245184K
  class space    used 23910K, committed 24896K, reserved 1048576K
}
Event: 14472.637 GC heap after
{Heap after GC invocations=353 (full 49):
 garbage-first heap   total 172032K, used 62295K [0x0000000701800000, 0x0000000800000000)
  region size 2048K, 1 young (2048K), 1 survivors (2048K)
 Metaspace       used 196782K, committed 198976K, reserved 1245184K
  class space    used 23910K, committed 24896K, reserved 1048576K
}
Event: 14609.121 GC heap before
{Heap before GC invocations=353 (full 49):
 garbage-first heap   total 172032K, used 158551K [0x0000000701800000, 0x0000000800000000)
  region size 2048K, 48 young (98304K), 1 survivors (2048K)
 Metaspace       used 196782K, committed 198976K, reserved 1245184K
  class space    used 23910K, committed 24896K, reserved 1048576K
}
Event: 14609.145 GC heap after
{Heap after GC invocations=354 (full 49):
 garbage-first heap   total 172032K, used 61352K [0x0000000701800000, 0x0000000800000000)
  region size 2048K, 1 young (2048K), 1 survivors (2048K)
 Metaspace       used 196782K, committed 198976K, reserved 1245184K
  class space    used 23910K, committed 24896K, reserved 1048576K
}
Event: 14736.292 GC heap before
{Heap before GC invocations=354 (full 49):
 garbage-first heap   total 172032K, used 157608K [0x0000000701800000, 0x0000000800000000)
  region size 2048K, 48 young (98304K), 1 survivors (2048K)
 Metaspace       used 196792K, committed 198976K, reserved 1245184K
  class space    used 23912K, committed 24896K, reserved 1048576K
}
Event: 14736.295 GC heap after
{Heap after GC invocations=355 (full 49):
 garbage-first heap   total 172032K, used 61418K [0x0000000701800000, 0x0000000800000000)
  region size 2048K, 1 young (2048K), 1 survivors (2048K)
 Metaspace       used 196792K, committed 198976K, reserved 1245184K
  class space    used 23912K, committed 24896K, reserved 1048576K
}
Event: 14858.574 GC heap before
{Heap before GC invocations=356 (full 49):
 garbage-first heap   total 172032K, used 155626K [0x0000000701800000, 0x0000000800000000)
  region size 2048K, 48 young (98304K), 1 survivors (2048K)
 Metaspace       used 196782K, committed 198976K, reserved 1245184K
  class space    used 23910K, committed 24896K, reserved 1048576K
}
Event: 14858.578 GC heap after
{Heap after GC invocations=357 (full 49):
 garbage-first heap   total 172032K, used 61567K [0x0000000701800000, 0x0000000800000000)
  region size 2048K, 1 young (2048K), 1 survivors (2048K)
 Metaspace       used 196782K, committed 198976K, reserved 1245184K
  class space    used 23910K, committed 24896K, reserved 1048576K
}
Event: 14914.533 GC heap before
{Heap before GC invocations=357 (full 49):
 garbage-first heap   total 172032K, used 108671K [0x0000000701800000, 0x0000000800000000)
  region size 2048K, 25 young (51200K), 1 survivors (2048K)
 Metaspace       used 196789K, committed 198976K, reserved 1245184K
  class space    used 23912K, committed 24896K, reserved 1048576K
}
Event: 14914.688 GC heap after
{Heap after GC invocations=358 (full 50):
 garbage-first heap   total 172032K, used 56737K [0x0000000701800000, 0x0000000800000000)
  region size 2048K, 0 young (0K), 0 survivors (0K)
 Metaspace       used 196691K, committed 198976K, reserved 1245184K
  class space    used 23894K, committed 24896K, reserved 1048576K
}
Event: 14918.010 GC heap before
{Heap before GC invocations=358 (full 50):
 garbage-first heap   total 172032K, used 124321K [0x0000000701800000, 0x0000000800000000)
  region size 2048K, 34 young (69632K), 0 survivors (0K)
 Metaspace       used 197416K, committed 199360K, reserved 1245184K
  class space    used 24016K, committed 24896K, reserved 1048576K
}
Event: 14918.019 GC heap after
{Heap after GC invocations=359 (full 50):
 garbage-first heap   total 172032K, used 62687K [0x0000000701800000, 0x0000000800000000)
  region size 2048K, 3 young (6144K), 3 survivors (6144K)
 Metaspace       used 197416K, committed 199360K, reserved 1245184K
  class space    used 24016K, committed 24896K, reserved 1048576K
}
Event: 14919.918 GC heap before
{Heap before GC invocations=360 (full 50):
 garbage-first heap   total 172032K, used 124127K [0x0000000701800000, 0x0000000800000000)
  region size 2048K, 35 young (71680K), 3 survivors (6144K)
 Metaspace       used 197918K, committed 199872K, reserved 1245184K
  class space    used 24080K, committed 24960K, reserved 1048576K
}
Event: 14919.934 GC heap after
{Heap after GC invocations=361 (full 50):
 garbage-first heap   total 172032K, used 66977K [0x0000000701800000, 0x0000000800000000)
  region size 2048K, 5 young (10240K), 5 survivors (10240K)
 Metaspace       used 197918K, committed 199872K, reserved 1245184K
  class space    used 24080K, committed 24960K, reserved 1048576K
}
Event: 15003.406 GC heap before
{Heap before GC invocations=362 (full 50):
 garbage-first heap   total 172032K, used 146849K [0x0000000701800000, 0x0000000800000000)
  region size 2048K, 44 young (90112K), 5 survivors (10240K)
 Metaspace       used 198717K, committed 200768K, reserved 1245184K
  class space    used 24154K, committed 25088K, reserved 1048576K
}
Event: 15003.430 GC heap after
{Heap after GC invocations=363 (full 50):
 garbage-first heap   total 172032K, used 70128K [0x0000000701800000, 0x0000000800000000)
  region size 2048K, 4 young (8192K), 4 survivors (8192K)
 Metaspace       used 198717K, committed 200768K, reserved 1245184K
  class space    used 24154K, committed 25088K, reserved 1048576K
}

Dll operation events (12 events):
Event: 0.018 Loaded shared library C:\Users\Angel Hernandez\Documents\ides\sts-4.31.0.RELEASE\plugins\org.eclipse.justj.openjdk.hotspot.jre.full.win32.x86_64_21.0.7.v20250502-0916\jre\bin\java.dll
Event: 0.103 Loaded shared library C:\Users\Angel Hernandez\Documents\ides\sts-4.31.0.RELEASE\plugins\org.eclipse.justj.openjdk.hotspot.jre.full.win32.x86_64_21.0.7.v20250502-0916\jre\bin\zip.dll
Event: 0.443 Loaded shared library C:\Users\Angel Hernandez\Documents\ides\sts-4.31.0.RELEASE\plugins\org.eclipse.justj.openjdk.hotspot.jre.full.win32.x86_64_21.0.7.v20250502-0916\jre\bin\instrument.dll
Event: 0.452 Loaded shared library C:\Users\Angel Hernandez\Documents\ides\sts-4.31.0.RELEASE\plugins\org.eclipse.justj.openjdk.hotspot.jre.full.win32.x86_64_21.0.7.v20250502-0916\jre\bin\net.dll
Event: 0.454 Loaded shared library C:\Users\Angel Hernandez\Documents\ides\sts-4.31.0.RELEASE\plugins\org.eclipse.justj.openjdk.hotspot.jre.full.win32.x86_64_21.0.7.v20250502-0916\jre\bin\nio.dll
Event: 0.459 Loaded shared library C:\Users\Angel Hernandez\Documents\ides\sts-4.31.0.RELEASE\plugins\org.eclipse.justj.openjdk.hotspot.jre.full.win32.x86_64_21.0.7.v20250502-0916\jre\bin\zip.dll
Event: 0.700 Loaded shared library C:\Users\Angel Hernandez\Documents\ides\sts-4.31.0.RELEASE\plugins\org.eclipse.justj.openjdk.hotspot.jre.full.win32.x86_64_21.0.7.v20250502-0916\jre\bin\jimage.dll
Event: 0.768 Loaded shared library C:\Users\Angel Hernandez\Documents\ides\sts-4.31.0.RELEASE\plugins\org.eclipse.justj.openjdk.hotspot.jre.full.win32.x86_64_21.0.7.v20250502-0916\jre\bin\management.dll
Event: 0.783 Loaded shared library C:\Users\Angel Hernandez\Documents\ides\sts-4.31.0.RELEASE\plugins\org.eclipse.justj.openjdk.hotspot.jre.full.win32.x86_64_21.0.7.v20250502-0916\jre\bin\management_ext.dll
Event: 1.106 Loaded shared library C:\Users\Angel Hernandez\Documents\ides\sts-4.31.0.RELEASE\plugins\org.eclipse.justj.openjdk.hotspot.jre.full.win32.x86_64_21.0.7.v20250502-0916\jre\bin\extnet.dll
Event: 1.143 Loaded shared library C:\Users\Angel Hernandez\Documents\ides\sts-4.31.0.RELEASE\plugins\org.eclipse.justj.openjdk.hotspot.jre.full.win32.x86_64_21.0.7.v20250502-0916\jre\bin\verify.dll
Event: 3.361 Loaded shared library C:\Users\Angel Hernandez\Documents\ides\sts-4.31.0.RELEASE\plugins\org.eclipse.justj.openjdk.hotspot.jre.full.win32.x86_64_21.0.7.v20250502-0916\jre\bin\sunmscapi.dll

Deoptimization events (20 events):
Event: 15002.217 Thread 0x000002296aa190f0 DEOPT PACKING pc=0x000002291a72613c sp=0x00000034f8afd290
Event: 15002.217 Thread 0x000002296aa190f0 DEOPT UNPACKING pc=0x000002291a564e42 sp=0x00000034f8afc7b8 mode 1
Event: 15002.217 Thread 0x000002296aa190f0 DEOPT PACKING pc=0x000002291b4601f4 sp=0x00000034f8afd180
Event: 15002.217 Thread 0x000002296aa190f0 DEOPT UNPACKING pc=0x000002291a564e42 sp=0x00000034f8afc6d0 mode 1
Event: 15002.217 Thread 0x000002296aa190f0 DEOPT PACKING pc=0x000002291a72613c sp=0x00000034f8afd290
Event: 15002.217 Thread 0x000002296aa190f0 DEOPT UNPACKING pc=0x000002291a564e42 sp=0x00000034f8afc7b8 mode 1
Event: 15002.217 Thread 0x000002296aa190f0 DEOPT PACKING pc=0x000002291b4601f4 sp=0x00000034f8afd160
Event: 15002.217 Thread 0x000002296aa190f0 DEOPT UNPACKING pc=0x000002291a564e42 sp=0x00000034f8afc6b0 mode 1
Event: 15002.217 Thread 0x000002296aa190f0 DEOPT PACKING pc=0x000002291ae2958c sp=0x00000034f8afd270
Event: 15002.217 Thread 0x000002296aa190f0 DEOPT UNPACKING pc=0x000002291a564e42 sp=0x00000034f8afc7b0 mode 1
Event: 15002.217 Thread 0x000002296aa190f0 DEOPT PACKING pc=0x000002291b4601f4 sp=0x00000034f8afd1c0
Event: 15002.217 Thread 0x000002296aa190f0 DEOPT UNPACKING pc=0x000002291a564e42 sp=0x00000034f8afc728 mode 1
Event: 15002.217 Thread 0x000002296aa190f0 DEOPT PACKING pc=0x000002291b4601f4 sp=0x00000034f8afd160
Event: 15002.217 Thread 0x000002296aa190f0 DEOPT UNPACKING pc=0x000002291a564e42 sp=0x00000034f8afc6b0 mode 1
Event: 15002.217 Thread 0x000002296aa190f0 DEOPT PACKING pc=0x000002291ae2958c sp=0x00000034f8afd270
Event: 15002.217 Thread 0x000002296aa190f0 DEOPT UNPACKING pc=0x000002291a564e42 sp=0x00000034f8afc7b0 mode 1
Event: 15002.217 Thread 0x000002296aa190f0 DEOPT PACKING pc=0x000002291b4601f4 sp=0x00000034f8afd1c0
Event: 15002.217 Thread 0x000002296aa190f0 DEOPT UNPACKING pc=0x000002291a564e42 sp=0x00000034f8afc728 mode 1
Event: 15037.285 Thread 0x000002296c28a9d0 DEOPT PACKING pc=0x000002291accca6c sp=0x00000034f8cf9270
Event: 15037.285 Thread 0x000002296c28a9d0 DEOPT UNPACKING pc=0x000002291a564e42 sp=0x00000034f8cf8728 mode 0

Classes loaded (20 events):
Event: 7729.791 Loading class sun/security/ssl/NewSessionTicket$NewSessionTicketMessage done
Event: 7729.792 Loading class sun/security/ssl/NewSessionTicket$T13NewSessionTicketMessage done
Event: 7733.564 Loading class sun/security/ssl/Alert
Event: 7733.566 Loading class sun/security/ssl/Alert done
Event: 7733.566 Loading class sun/security/ssl/Alert$AlertConsumer
Event: 7733.567 Loading class sun/security/ssl/Alert$AlertConsumer done
Event: 7733.567 Loading class sun/security/ssl/Alert$Level
Event: 7733.567 Loading class sun/security/ssl/Alert$Level done
Event: 8610.230 Loading class java/time/DurationEditor
Event: 8610.230 Loading class java/time/DurationEditor done
Event: 9134.083 Loading class java/time/DurationEditor
Event: 9134.083 Loading class java/time/DurationEditor done
Event: 9927.874 Loading class java/time/DurationEditor
Event: 9927.874 Loading class java/time/DurationEditor done
Event: 10901.404 Loading class java/time/DurationEditor
Event: 10901.404 Loading class java/time/DurationEditor done
Event: 11215.222 Loading class java/time/DurationEditor
Event: 11215.222 Loading class java/time/DurationEditor done
Event: 11674.605 Loading class java/time/DurationEditor
Event: 11674.605 Loading class java/time/DurationEditor done

Classes unloaded (20 events):
Event: 14914.595 Thread 0x00000229247607b0 Unloading class 0x0000022927768000 'java/lang/invoke/LambdaForm$MH+0x0000022927768000'
Event: 14914.595 Thread 0x00000229247607b0 Unloading class 0x000002292778b400 'java/lang/invoke/LambdaForm$MH+0x000002292778b400'
Event: 14914.595 Thread 0x00000229247607b0 Unloading class 0x00000229277e4400 'java/lang/invoke/LambdaForm$MH+0x00000229277e4400'
Event: 14914.595 Thread 0x00000229247607b0 Unloading class 0x00000229277e6400 'jdk/internal/reflect/GeneratedSerializationConstructorAccessor1013'
Event: 14914.595 Thread 0x00000229247607b0 Unloading class 0x00000229277e7400 'jdk/internal/reflect/GeneratedSerializationConstructorAccessor1012'
Event: 14914.595 Thread 0x00000229247607b0 Unloading class 0x00000229277e7c00 'jdk/internal/reflect/GeneratedSerializationConstructorAccessor1011'
Event: 14914.595 Thread 0x00000229247607b0 Unloading class 0x00000229277eac00 'java/lang/invoke/LambdaForm$MH+0x00000229277eac00'
Event: 14914.595 Thread 0x00000229247607b0 Unloading class 0x00000229277ebc00 'jdk/internal/reflect/GeneratedSerializationConstructorAccessor1010'
Event: 14914.595 Thread 0x00000229247607b0 Unloading class 0x00000229277f0000 'jdk/internal/reflect/GeneratedSerializationConstructorAccessor1009'
Event: 14914.595 Thread 0x00000229247607b0 Unloading class 0x00000229277f1400 'jdk/internal/reflect/GeneratedSerializationConstructorAccessor1008'
Event: 14914.595 Thread 0x00000229247607b0 Unloading class 0x00000229277fb000 'java/lang/invoke/LambdaForm$MH+0x00000229277fb000'
Event: 14914.595 Thread 0x00000229247607b0 Unloading class 0x0000022927801800 'java/lang/invoke/LambdaForm$MH+0x0000022927801800'
Event: 14914.595 Thread 0x00000229247607b0 Unloading class 0x0000022927802400 'java/lang/invoke/LambdaForm$MH+0x0000022927802400'
Event: 14914.595 Thread 0x00000229247607b0 Unloading class 0x0000022927803c00 'jdk/internal/reflect/GeneratedSerializationConstructorAccessor1007'
Event: 14914.595 Thread 0x00000229247607b0 Unloading class 0x0000022927804400 'jdk/internal/reflect/GeneratedSerializationConstructorAccessor1006'
Event: 14914.595 Thread 0x00000229247607b0 Unloading class 0x0000022927804800 'jdk/internal/reflect/GeneratedSerializationConstructorAccessor1005'
Event: 14914.595 Thread 0x00000229247607b0 Unloading class 0x00000229276d3400 'java/lang/invoke/LambdaForm$MH+0x00000229276d3400'
Event: 14914.595 Thread 0x00000229247607b0 Unloading class 0x0000022927640c00 'java/lang/invoke/LambdaForm$MH+0x0000022927640c00'
Event: 14914.595 Thread 0x00000229247607b0 Unloading class 0x0000022927555800 'java/lang/invoke/LambdaForm$DMH+0x0000022927555800'
Event: 14914.595 Thread 0x00000229247607b0 Unloading class 0x000002292771b800 'java/lang/invoke/LambdaForm$MH+0x000002292771b800'

Classes redefined (20 events):
Event: 11247.676 Thread 0x00000229247607b0 redefined class name=com.bachuco.service.usecase.PedidoTrasladoJdbcUseCase, count=1
Event: 11247.676 Thread 0x00000229247607b0 redefined class name=com.bachuco.service.usecase.PedidoTrasladoJdbcUseCase, count=1
Event: 11247.676 Thread 0x00000229247607b0 redefined class name=com.bachuco.service.usecase.PedidoTrasladoJdbcUseCase, count=1
Event: 11247.676 Thread 0x00000229247607b0 redefined class name=com.bachuco.service.usecase.PedidoTrasladoJdbcUseCase, count=1
Event: 11247.676 Thread 0x00000229247607b0 redefined class name=com.bachuco.service.usecase.PedidoTrasladoJdbcUseCase, count=1
Event: 11247.676 Thread 0x00000229247607b0 redefined class name=com.bachuco.service.usecase.PedidoTrasladoJdbcUseCase, count=1
Event: 11247.677 Thread 0x00000229247607b0 redefined class name=com.bachuco.service.usecase.PedidoTrasladoJdbcUseCase, count=1
Event: 11247.677 Thread 0x00000229247607b0 redefined class name=com.bachuco.service.usecase.PedidoTrasladoJdbcUseCase, count=1
Event: 11247.677 Thread 0x00000229247607b0 redefined class name=com.bachuco.service.usecase.PedidoTrasladoJdbcUseCase, count=1
Event: 11247.677 Thread 0x00000229247607b0 redefined class name=com.bachuco.service.usecase.PedidoTrasladoJdbcUseCase, count=1
Event: 11247.677 Thread 0x00000229247607b0 redefined class name=com.bachuco.service.usecase.PedidoTrasladoJdbcUseCase, count=1
Event: 11247.677 Thread 0x00000229247607b0 redefined class name=com.bachuco.service.usecase.PedidoTrasladoJdbcUseCase, count=1
Event: 11247.677 Thread 0x00000229247607b0 redefined class name=com.bachuco.service.usecase.PedidoTrasladoJdbcUseCase, count=1
Event: 11247.677 Thread 0x00000229247607b0 redefined class name=com.bachuco.service.usecase.PedidoTrasladoJdbcUseCase, count=1
Event: 11247.677 Thread 0x00000229247607b0 redefined class name=com.bachuco.service.usecase.PedidoTrasladoJdbcUseCase, count=1
Event: 11247.677 Thread 0x00000229247607b0 redefined class name=com.bachuco.service.usecase.PedidoTrasladoJdbcUseCase, count=1
Event: 11247.677 Thread 0x00000229247607b0 redefined class name=com.bachuco.service.usecase.PedidoTrasladoJdbcUseCase, count=1
Event: 11247.677 Thread 0x00000229247607b0 redefined class name=com.bachuco.service.usecase.PedidoTrasladoJdbcUseCase, count=1
Event: 11247.677 Thread 0x00000229247607b0 redefined class name=com.bachuco.service.usecase.PedidoTrasladoJdbcUseCase, count=1
Event: 11247.677 Thread 0x00000229247607b0 redefined class name=com.bachuco.service.usecase.PedidoTrasladoJdbcUseCase, count=1

Internal exceptions (20 events):
Event: 14918.112 Thread 0x000002296c28a9d0 Exception <a 'java/lang/NoSuchMethodError'{0x000000070bb73df8}: 'int java.lang.invoke.DirectMethodHandle$Holder.invokeVirtual(java.lang.Object, java.lang.Object, java.lang.Object, java.lang.Object)'> (0x000000070bb73df8) 
thrown [s\src\hotspot\share\interpreter\linkResolver.cpp, line 773]
Event: 14918.113 Thread 0x000002296c28a9d0 Exception <a 'java/lang/NoSuchMethodError'{0x000000070bb773f0}: 'int java.lang.invoke.DelegatingMethodHandle$Holder.reinvoke_L(java.lang.Object, java.lang.Object, java.lang.Object, java.lang.Object)'> (0x000000070bb773f0) 
thrown [s\src\hotspot\share\interpreter\linkResolver.cpp, line 773]
Event: 14918.146 Thread 0x000002296c28a9d0 Exception <a 'java/io/FileNotFoundException'{0x000000070bbcda80}> (0x000000070bbcda80) 
thrown [s\src\hotspot\share\prims\jni.cpp, line 520]
Event: 14918.194 Thread 0x000002296c28a9d0 Exception <a 'java/io/FileNotFoundException'{0x000000070b8ed7e0}> (0x000000070b8ed7e0) 
thrown [s\src\hotspot\share\prims\jni.cpp, line 520]
Event: 14918.195 Thread 0x000002296c28a9d0 Exception <a 'java/io/FileNotFoundException'{0x000000070b8ef320}> (0x000000070b8ef320) 
thrown [s\src\hotspot\share\prims\jni.cpp, line 520]
Event: 14918.195 Thread 0x000002296c28a9d0 Exception <a 'java/io/FileNotFoundException'{0x000000070b8f28c0}> (0x000000070b8f28c0) 
thrown [s\src\hotspot\share\prims\jni.cpp, line 520]
Event: 14918.429 Thread 0x000002296c28a9d0 Exception <a 'sun/nio/fs/WindowsException'{0x000000070b300a88}> (0x000000070b300a88) 
thrown [s\src\hotspot\share\prims\jni.cpp, line 520]
Event: 14918.430 Thread 0x000002296c28a9d0 Exception <a 'sun/nio/fs/WindowsException'{0x000000070b303dd0}> (0x000000070b303dd0) 
thrown [s\src\hotspot\share\prims\jni.cpp, line 520]
Event: 14918.430 Thread 0x000002296c28a9d0 Exception <a 'sun/nio/fs/WindowsException'{0x000000070b3070c0}> (0x000000070b3070c0) 
thrown [s\src\hotspot\share\prims\jni.cpp, line 520]
Event: 14918.430 Thread 0x000002296c28a9d0 Exception <a 'sun/nio/fs/WindowsException'{0x000000070b30a3c0}> (0x000000070b30a3c0) 
thrown [s\src\hotspot\share\prims\jni.cpp, line 520]
Event: 14918.431 Thread 0x000002296c28a9d0 Exception <a 'sun/nio/fs/WindowsException'{0x000000070b30d9a0}> (0x000000070b30d9a0) 
thrown [s\src\hotspot\share\prims\jni.cpp, line 520]
Event: 14918.431 Thread 0x000002296c28a9d0 Exception <a 'sun/nio/fs/WindowsException'{0x000000070b310b08}> (0x000000070b310b08) 
thrown [s\src\hotspot\share\prims\jni.cpp, line 520]
Event: 14918.432 Thread 0x000002296c28a9d0 Exception <a 'sun/nio/fs/WindowsException'{0x000000070b313c10}> (0x000000070b313c10) 
thrown [s\src\hotspot\share\prims\jni.cpp, line 520]
Event: 14919.851 Thread 0x000002296c28a9d0 Exception <a 'java/io/FileNotFoundException'{0x00000007085630f8}> (0x00000007085630f8) 
thrown [s\src\hotspot\share\prims\jni.cpp, line 520]
Event: 14920.082 Thread 0x000002296c28a9d0 Exception <a 'java/io/FileNotFoundException'{0x000000070baf4f48}> (0x000000070baf4f48) 
thrown [s\src\hotspot\share\prims\jni.cpp, line 520]
Event: 14920.084 Thread 0x000002296c28a9d0 Exception <a 'java/io/FileNotFoundException'{0x000000070bb04778}> (0x000000070bb04778) 
thrown [s\src\hotspot\share\prims\jni.cpp, line 520]
Event: 14920.599 Thread 0x000002296c28a9d0 Exception <a 'sun/nio/fs/WindowsException'{0x000000070a509370}> (0x000000070a509370) 
thrown [s\src\hotspot\share\prims\jni.cpp, line 520]
Event: 14920.599 Thread 0x000002296c28a9d0 Exception <a 'sun/nio/fs/WindowsException'{0x000000070a50cdd0}> (0x000000070a50cdd0) 
thrown [s\src\hotspot\share\prims\jni.cpp, line 520]
Event: 14920.599 Thread 0x000002296c28a9d0 Exception <a 'sun/nio/fs/WindowsException'{0x000000070a5108a8}> (0x000000070a5108a8) 
thrown [s\src\hotspot\share\prims\jni.cpp, line 520]
Event: 15002.218 Thread 0x000002296aa190f0 Exception <a 'java/lang/NoSuchMethodError'{0x00000007069a6858}: static [B.<clinit>()V> (0x00000007069a6858) 
thrown [s\src\hotspot\share\prims\jni.cpp, line 1111]

ZGC Phase Switch (0 events):
No events

VM Operations (20 events):
Event: 15037.904 Executing VM operation: get/set locals
Event: 15037.905 Executing VM operation: get/set locals done
Event: 15037.905 Executing VM operation: get/set locals
Event: 15037.905 Executing VM operation: get/set locals done
Event: 15037.906 Executing VM operation: get/set locals
Event: 15037.906 Executing VM operation: get/set locals done
Event: 15037.907 Executing VM operation: get/set locals
Event: 15037.907 Executing VM operation: get/set locals done
Event: 15037.909 Executing VM operation: get/set locals
Event: 15037.909 Executing VM operation: get/set locals done
Event: 15037.910 Executing VM operation: get/set locals
Event: 15037.910 Executing VM operation: get/set locals done
Event: 15037.911 Executing VM operation: get/set locals
Event: 15037.911 Executing VM operation: get/set locals done
Event: 15037.912 Executing VM operation: get/set locals
Event: 15037.912 Executing VM operation: get/set locals done
Event: 15037.913 Executing VM operation: get/set locals
Event: 15037.913 Executing VM operation: get/set locals done
Event: 15037.915 Executing VM operation: get/set locals
Event: 15037.915 Executing VM operation: get/set locals done

Memory protections (0 events):
No events

Nmethod flushes (20 events):
Event: 14920.166 Thread 0x00000229247607b0 flushing  nmethod 0x000002291ab4bd10
Event: 14920.166 Thread 0x00000229247607b0 flushing  nmethod 0x000002291aff0c90
Event: 14920.166 Thread 0x00000229247607b0 flushing  nmethod 0x000002291aff1f10
Event: 14920.166 Thread 0x00000229247607b0 flushing  nmethod 0x000002291aff3090
Event: 14920.166 Thread 0x00000229247607b0 flushing  nmethod 0x000002291b575f10
Event: 14920.166 Thread 0x00000229247607b0 flushing  nmethod 0x000002291b6bf290
Event: 14920.166 Thread 0x00000229247607b0 flushing  nmethod 0x000002291b771810
Event: 14920.166 Thread 0x00000229247607b0 flushing  nmethod 0x000002291b861890
Event: 14920.166 Thread 0x00000229247607b0 flushing  nmethod 0x000002291c382610
Event: 14920.166 Thread 0x00000229247607b0 flushing  nmethod 0x000002291a720690
Event: 14920.166 Thread 0x00000229247607b0 flushing  nmethod 0x000002291a978590
Event: 14920.166 Thread 0x00000229247607b0 flushing  nmethod 0x000002291ae1a210
Event: 14920.166 Thread 0x00000229247607b0 flushing  nmethod 0x000002291b003490
Event: 14920.166 Thread 0x00000229247607b0 flushing  nmethod 0x000002291b02b490
Event: 14920.166 Thread 0x00000229247607b0 flushing  nmethod 0x000002291b118e90
Event: 14920.166 Thread 0x00000229247607b0 flushing  nmethod 0x000002291b1cee90
Event: 14920.166 Thread 0x00000229247607b0 flushing  nmethod 0x000002291b673810
Event: 14920.166 Thread 0x00000229247607b0 flushing  nmethod 0x000002291b693290
Event: 14920.166 Thread 0x00000229247607b0 flushing  nmethod 0x000002291b829390
Event: 14920.166 Thread 0x00000229247607b0 flushing  nmethod 0x000002291c006d10

Events (20 events):
Event: 14914.533 Thread 0x000002296c451350 Thread exited: 0x000002296c451350
Event: 14914.698 Thread 0x000002296c288270 Thread added: 0x000002296c285480
Event: 14914.700 Thread 0x000002296c457c50 Thread exited: 0x000002296c457c50
Event: 14914.726 Thread 0x000002296c288270 Thread added: 0x000002296c28a9d0
Event: 14914.726 Thread 0x000002296c285480 Thread exited: 0x000002296c285480
Event: 14914.909 Thread 0x000002296c455b80 Thread exited: 0x000002296c455b80
Event: 14915.676 Thread 0x000002296c456210 Thread exited: 0x000002296c456210
Event: 14916.426 Thread 0x000002296c28a9d0 Thread added: 0x000002296c286ec0
Event: 14916.577 Thread 0x000002296c286ec0 Thread exited: 0x000002296c286ec0
Event: 14918.524 Thread 0x000002296c28a9d0 Thread added: 0x000002296c28bd80
Event: 14918.627 Thread 0x000002296c28bd80 Thread added: 0x000002296c2861a0
Event: 14919.854 Thread 0x000002296c28a9d0 Thread added: 0x000002296c288900
Event: 14919.855 Thread 0x000002296c28a9d0 Thread added: 0x000002296c285b10
Event: 14919.855 Thread 0x000002296c28a9d0 Thread added: 0x000002296c287550
Event: 14920.661 Thread 0x000002296c28a9d0 Thread added: 0x000002296c289cb0
Event: 14923.968 Thread 0x000002296cc3f2e0 Thread exited: 0x000002296cc3f2e0
Event: 14923.968 Thread 0x000002296c2861a0 Thread exited: 0x000002296c2861a0
Event: 14928.969 Thread 0x000002296cc39380 Thread exited: 0x000002296cc39380
Event: 15002.214 Thread 0x000002292479a7b0 Thread added: 0x000002296cc3a7f0
Event: 15007.230 Thread 0x000002296cc3a7f0 Thread exited: 0x000002296cc3a7f0


Dynamic libraries:
0x00007ff69ff50000 - 0x00007ff69ff5e000 	C:\Users\Angel Hernandez\Documents\ides\sts-4.31.0.RELEASE\plugins\org.eclipse.justj.openjdk.hotspot.jre.full.win32.x86_64_21.0.7.v20250502-0916\jre\bin\javaw.exe
0x00007ffd80b90000 - 0x00007ffd80da7000 	C:\Windows\SYSTEM32\ntdll.dll
0x00007ffd7f8a0000 - 0x00007ffd7f964000 	C:\Windows\System32\KERNEL32.DLL
0x00007ffd7e0b0000 - 0x00007ffd7e467000 	C:\Windows\System32\KERNELBASE.dll
0x00007ffd7de70000 - 0x00007ffd7df81000 	C:\Windows\System32\ucrtbase.dll
0x00007ffd76ee0000 - 0x00007ffd76ef8000 	C:\Users\Angel Hernandez\Documents\ides\sts-4.31.0.RELEASE\plugins\org.eclipse.justj.openjdk.hotspot.jre.full.win32.x86_64_21.0.7.v20250502-0916\jre\bin\jli.dll
0x00007ffd7f580000 - 0x00007ffd7f72f000 	C:\Windows\System32\USER32.dll
0x00007ffd7e470000 - 0x00007ffd7e496000 	C:\Windows\System32\win32u.dll
0x00007ffd7f360000 - 0x00007ffd7f389000 	C:\Windows\System32\GDI32.dll
0x00007ffd7e770000 - 0x00007ffd7e888000 	C:\Windows\System32\gdi32full.dll
0x00007ffd7e010000 - 0x00007ffd7e0aa000 	C:\Windows\System32\msvcp_win.dll
0x00007ffd77180000 - 0x00007ffd7719e000 	C:\Users\Angel Hernandez\Documents\ides\sts-4.31.0.RELEASE\plugins\org.eclipse.justj.openjdk.hotspot.jre.full.win32.x86_64_21.0.7.v20250502-0916\jre\bin\VCRUNTIME140.dll
0x00007ffd61c80000 - 0x00007ffd61f13000 	C:\Windows\WinSxS\amd64_microsoft.windows.common-controls_6595b64144ccf1df_6.0.22621.3672_none_2713b9d173822955\COMCTL32.dll
0x00007ffd7f290000 - 0x00007ffd7f337000 	C:\Windows\System32\msvcrt.dll
0x00007ffd7ead0000 - 0x00007ffd7eb01000 	C:\Windows\System32\IMM32.DLL
0x00007ffd77170000 - 0x00007ffd7717c000 	C:\Users\Angel Hernandez\Documents\ides\sts-4.31.0.RELEASE\plugins\org.eclipse.justj.openjdk.hotspot.jre.full.win32.x86_64_21.0.7.v20250502-0916\jre\bin\vcruntime140_1.dll
0x00007ffd3a400000 - 0x00007ffd3a48d000 	C:\Users\Angel Hernandez\Documents\ides\sts-4.31.0.RELEASE\plugins\org.eclipse.justj.openjdk.hotspot.jre.full.win32.x86_64_21.0.7.v20250502-0916\jre\bin\msvcp140.dll
0x00007ffcb0f40000 - 0x00007ffcb1cd0000 	C:\Users\Angel Hernandez\Documents\ides\sts-4.31.0.RELEASE\plugins\org.eclipse.justj.openjdk.hotspot.jre.full.win32.x86_64_21.0.7.v20250502-0916\jre\bin\server\jvm.dll
0x00007ffd7f390000 - 0x00007ffd7f442000 	C:\Windows\System32\ADVAPI32.dll
0x00007ffd7f450000 - 0x00007ffd7f4f8000 	C:\Windows\System32\sechost.dll
0x00007ffd7e610000 - 0x00007ffd7e638000 	C:\Windows\System32\bcrypt.dll
0x00007ffd80a00000 - 0x00007ffd80b14000 	C:\Windows\System32\RPCRT4.dll
0x00007ffd7ff20000 - 0x00007ffd7ff91000 	C:\Windows\System32\WS2_32.dll
0x00007ffd7dd40000 - 0x00007ffd7dd8d000 	C:\Windows\SYSTEM32\POWRPROF.dll
0x00007ffd746c0000 - 0x00007ffd746f4000 	C:\Windows\SYSTEM32\WINMM.dll
0x00007ffd73300000 - 0x00007ffd7330a000 	C:\Windows\SYSTEM32\VERSION.dll
0x00007ffd7dd20000 - 0x00007ffd7dd33000 	C:\Windows\SYSTEM32\UMPDC.dll
0x00007ffd7cec0000 - 0x00007ffd7ced8000 	C:\Windows\SYSTEM32\kernel.appcore.dll
0x00007ffd7b4b0000 - 0x00007ffd7b4ba000 	C:\Users\Angel Hernandez\Documents\ides\sts-4.31.0.RELEASE\plugins\org.eclipse.justj.openjdk.hotspot.jre.full.win32.x86_64_21.0.7.v20250502-0916\jre\bin\jimage.dll
0x00007ffd77630000 - 0x00007ffd77862000 	C:\Windows\SYSTEM32\DBGHELP.DLL
0x00007ffd7f970000 - 0x00007ffd7fcfe000 	C:\Windows\System32\combase.dll
0x00007ffd7e8f0000 - 0x00007ffd7e9c7000 	C:\Windows\System32\OLEAUT32.dll
0x00007ffd5d9c0000 - 0x00007ffd5d9f2000 	C:\Windows\SYSTEM32\dbgcore.DLL
0x00007ffd7df90000 - 0x00007ffd7e00b000 	C:\Windows\System32\bcryptPrimitives.dll
0x00007ffd3a330000 - 0x00007ffd3a36c000 	C:\Users\Angel Hernandez\Documents\ides\sts-4.31.0.RELEASE\plugins\org.eclipse.justj.openjdk.hotspot.jre.full.win32.x86_64_21.0.7.v20250502-0916\jre\bin\jdwp.dll
0x00007ffd7b4a0000 - 0x00007ffd7b4af000 	C:\Users\Angel Hernandez\Documents\ides\sts-4.31.0.RELEASE\plugins\org.eclipse.justj.openjdk.hotspot.jre.full.win32.x86_64_21.0.7.v20250502-0916\jre\bin\instrument.dll
0x00007ffd77030000 - 0x00007ffd7704f000 	C:\Users\Angel Hernandez\Documents\ides\sts-4.31.0.RELEASE\plugins\org.eclipse.justj.openjdk.hotspot.jre.full.win32.x86_64_21.0.7.v20250502-0916\jre\bin\java.dll
0x00007ffd80100000 - 0x00007ffd80969000 	C:\Windows\System32\SHELL32.dll
0x00007ffd7bde0000 - 0x00007ffd7c6df000 	C:\Windows\SYSTEM32\windows.storage.dll
0x00007ffd7bca0000 - 0x00007ffd7bddf000 	C:\Windows\SYSTEM32\wintypes.dll
0x00007ffd7e9d0000 - 0x00007ffd7eac9000 	C:\Windows\System32\SHCORE.dll
0x00007ffd7fd00000 - 0x00007ffd7fd5e000 	C:\Windows\System32\shlwapi.dll
0x00007ffd7dda0000 - 0x00007ffd7ddc7000 	C:\Windows\SYSTEM32\profapi.dll
0x00007ffd76ec0000 - 0x00007ffd76ed8000 	C:\Users\Angel Hernandez\Documents\ides\sts-4.31.0.RELEASE\plugins\org.eclipse.justj.openjdk.hotspot.jre.full.win32.x86_64_21.0.7.v20250502-0916\jre\bin\zip.dll
0x00007ffd7b540000 - 0x00007ffd7b54b000 	C:\Users\Angel Hernandez\Documents\ides\sts-4.31.0.RELEASE\plugins\org.eclipse.justj.openjdk.hotspot.jre.full.win32.x86_64_21.0.7.v20250502-0916\jre\bin\dt_socket.dll
0x00007ffd7c940000 - 0x00007ffd7c96d000 	C:\Windows\SYSTEM32\IPHLPAPI.DLL
0x00007ffd7d330000 - 0x00007ffd7d399000 	C:\Windows\system32\mswsock.dll
0x00007ffd7c9b0000 - 0x00007ffd7cab2000 	C:\Windows\SYSTEM32\DNSAPI.dll
0x00007ffd7f890000 - 0x00007ffd7f899000 	C:\Windows\System32\NSI.dll
0x00007ffd642b0000 - 0x00007ffd642ba000 	C:\Windows\System32\rasadhlp.dll
0x00007ffd73310000 - 0x00007ffd73393000 	C:\Windows\System32\fwpuclnt.dll
0x00007ffd76de0000 - 0x00007ffd76df0000 	C:\Users\Angel Hernandez\Documents\ides\sts-4.31.0.RELEASE\plugins\org.eclipse.justj.openjdk.hotspot.jre.full.win32.x86_64_21.0.7.v20250502-0916\jre\bin\net.dll
0x00007ffd73e00000 - 0x00007ffd73f36000 	C:\Windows\SYSTEM32\WINHTTP.dll
0x00007ffd76dc0000 - 0x00007ffd76dd6000 	C:\Users\Angel Hernandez\Documents\ides\sts-4.31.0.RELEASE\plugins\org.eclipse.justj.openjdk.hotspot.jre.full.win32.x86_64_21.0.7.v20250502-0916\jre\bin\nio.dll
0x00007ffd76da0000 - 0x00007ffd76daa000 	C:\Users\Angel Hernandez\Documents\ides\sts-4.31.0.RELEASE\plugins\org.eclipse.justj.openjdk.hotspot.jre.full.win32.x86_64_21.0.7.v20250502-0916\jre\bin\management.dll
0x00007ffd76d90000 - 0x00007ffd76d9b000 	C:\Users\Angel Hernandez\Documents\ides\sts-4.31.0.RELEASE\plugins\org.eclipse.justj.openjdk.hotspot.jre.full.win32.x86_64_21.0.7.v20250502-0916\jre\bin\management_ext.dll
0x00007ffd7eb10000 - 0x00007ffd7eb18000 	C:\Windows\System32\PSAPI.DLL
0x00007ffd59b00000 - 0x00007ffd59b17000 	C:\Windows\system32\napinsp.dll
0x00007ffd59ae0000 - 0x00007ffd59afb000 	C:\Windows\system32\pnrpnsp.dll
0x00007ffd59ac0000 - 0x00007ffd59ad1000 	C:\Windows\System32\winrnr.dll
0x00007ffd59aa0000 - 0x00007ffd59ab5000 	C:\Windows\system32\wshbth.dll
0x00007ffd59a70000 - 0x00007ffd59a97000 	C:\Windows\system32\nlansp_c.dll
0x00007ffd7d590000 - 0x00007ffd7d5ab000 	C:\Windows\SYSTEM32\CRYPTSP.dll
0x00007ffd7ce20000 - 0x00007ffd7ce55000 	C:\Windows\system32\rsaenh.dll
0x00007ffd7d420000 - 0x00007ffd7d448000 	C:\Windows\SYSTEM32\USERENV.dll
0x00007ffd7d580000 - 0x00007ffd7d58c000 	C:\Windows\SYSTEM32\CRYPTBASE.dll
0x00007ffd770b0000 - 0x00007ffd770b9000 	C:\Users\Angel Hernandez\Documents\ides\sts-4.31.0.RELEASE\plugins\org.eclipse.justj.openjdk.hotspot.jre.full.win32.x86_64_21.0.7.v20250502-0916\jre\bin\extnet.dll
0x00007ffd76db0000 - 0x00007ffd76dc0000 	C:\Users\Angel Hernandez\Documents\ides\sts-4.31.0.RELEASE\plugins\org.eclipse.justj.openjdk.hotspot.jre.full.win32.x86_64_21.0.7.v20250502-0916\jre\bin\verify.dll
0x00007ffd7bb20000 - 0x00007ffd7bb2e000 	C:\Users\Angel Hernandez\Documents\ides\sts-4.31.0.RELEASE\plugins\org.eclipse.justj.openjdk.hotspot.jre.full.win32.x86_64_21.0.7.v20250502-0916\jre\bin\sunmscapi.dll
0x00007ffd7e4a0000 - 0x00007ffd7e606000 	C:\Windows\System32\CRYPT32.dll
0x00007ffd7d740000 - 0x00007ffd7d76d000 	C:\Windows\SYSTEM32\ncrypt.dll
0x00007ffd7d700000 - 0x00007ffd7d737000 	C:\Windows\SYSTEM32\NTASN1.dll
0x00007ffd70820000 - 0x00007ffd70828000 	C:\Windows\system32\wshunix.dll

dbghelp: loaded successfully - version: 4.0.5 - missing functions: none
symbol engine: initialized successfully - sym options: 0x614 - pdb path: .;C:\Users\Angel Hernandez\Documents\ides\sts-4.31.0.RELEASE\plugins\org.eclipse.justj.openjdk.hotspot.jre.full.win32.x86_64_21.0.7.v20250502-0916\jre\bin;C:\Windows\SYSTEM32;C:\Windows\WinSxS\amd64_microsoft.windows.common-controls_6595b64144ccf1df_6.0.22621.3672_none_2713b9d173822955;C:\Users\Angel Hernandez\Documents\ides\sts-4.31.0.RELEASE\plugins\org.eclipse.justj.openjdk.hotspot.jre.full.win32.x86_64_21.0.7.v20250502-0916\jre\bin\server

VM Arguments:
jvm_args: -XX:+ShowCodeDetailsInExceptionMessages -agentlib:jdwp=transport=dt_socket,suspend=y,address=localhost:57162 -Dcom.sun.management.jmxremote -Dcom.sun.management.jmxremote.port=57157 -Dcom.sun.management.jmxremote.authenticate=false -Dcom.sun.management.jmxremote.ssl=false -Djava.rmi.server.hostname=localhost -Dspring.jmx.enabled=true -Dmanagement.endpoints.jmx.exposure.include=* -Dspring.application.admin.enabled=true -Dspring.output.ansi.enabled=always -XX:TieredStopAtLevel=1 -Dspring.boot.project.name=app-boot -javaagent:C:\Users\Angel Hernandez\Documents\ides\sts-4.31.0.RELEASE\configuration\org.eclipse.osgi\273\0\.cp\lib\javaagent-shaded.jar -Dfile.encoding=UTF-8 -Dstdout.encoding=UTF-8 -Dstderr.encoding=UTF-8 
java_command: com.bachuco.app_boot.AppBootApplication
java_class_path (initial): C:\Users\Angel Hernandez\Documents\proyecto-bachuco\proyecto-bachuco-arq-hexagonal\portalBachuco\app-boot\target\classes;C:\Users\Angel Hernandez\.m2\repository\org\springframework\boot\spring-boot-starter-data-jpa\3.5.4\spring-boot-starter-data-jpa-3.5.4.jar;C:\Users\Angel Hernandez\.m2\repository\org\springframework\boot\spring-boot-starter\3.5.4\spring-boot-starter-3.5.4.jar;C:\Users\Angel Hernandez\.m2\repository\org\springframework\boot\spring-boot-starter-logging\3.5.4\spring-boot-starter-logging-3.5.4.jar;C:\Users\Angel Hernandez\.m2\repository\ch\qos\logback\logback-classic\1.5.18\logback-classic-1.5.18.jar;C:\Users\Angel Hernandez\.m2\repository\ch\qos\logback\logback-core\1.5.18\logback-core-1.5.18.jar;C:\Users\Angel Hernandez\.m2\repository\org\apache\logging\log4j\log4j-to-slf4j\2.24.3\log4j-to-slf4j-2.24.3.jar;C:\Users\Angel Hernandez\.m2\repository\org\apache\logging\log4j\log4j-api\2.24.3\log4j-api-2.24.3.jar;C:\Users\Angel Hernandez\.m2\repository\org\slf4j\jul-to-slf4j\2.0.17\jul-to-slf4j-2.0.17.jar;C:\Users\Angel Hernandez\.m2\repository\jakarta\annotation\jakarta.annotation-api\2.1.1\jakarta.annotation-api-2.1.1.jar;C:\Users\Angel Hernandez\.m2\repository\org\yaml\snakeyaml\2.4\snakeyaml-2.4.jar;C:\Users\Angel Hernandez\.m2\repository\org\springframework\boot\spring-boot-starter-jdbc\3.5.4\spring-boot-starter-jdbc-3.5.4.jar;C:\Users\Angel Hernandez\.m2\repository\com\zaxxer\HikariCP\6.3.1\HikariCP-6.3.1.jar;C:\Users\Angel Hernandez\.m2\repository\org\springframework\spring-jdbc\6.2.9\spring-jdbc-6.2.9.jar;C:\Users\Angel Hernandez\.m2\repository\org\hibernate\orm\hibernate-core\6.6.22.Final\hibernate-core-6.6.22.Final.jar;C:\Users\Angel Hernandez\.m2\repository\jakarta\transaction\jakarta.transaction-api\2.0.1\jakarta.transaction-api-2.0.1.jar;C:\Users\Angel Hernandez\.m2\repository\org\jboss\logging\jboss-logging\3.6.1.Final\jboss-logging-3.6.1.Final.jar;C:\Users\Angel Hernandez\.m2\repository\org\hibernate\common\hibernate-commons-annotations\7.0.3.Final\hibernate-commons-annotations-7.0.3.Final.jar;C:\Users\Angel Hernandez\.m2\repository\io\smallrye\jandex\3.2.0\jandex-3.2.0.jar;C:\Users\Angel Hernandez\.m2\repository\com\fasterxml\classmate\1.7.0\classmate-1.7.0.jar;C:\Users\Angel Hernandez\.m2\repository\net\bytebuddy\byte-buddy\1.17.6\byte-buddy-1.17.6.jar;C:\Users\Angel Hernandez\.m2\repository\org\glassfish\jaxb\jaxb-runtime\4.0.5\jaxb-runtime-4.0.5.jar;C:\Users\Angel Hernandez\.m2\repository\org\glassfish\jaxb\jaxb-core\4.0.5\jaxb-core-4.0.5.jar;C:\Users\Angel Hernandez\.m2\repository\org\glassfish\jaxb\txw2\4.0.5\txw2-4.0.5.jar;C:\Users\Angel Hernandez\.m2\repository\com\sun\istack\istack-commons-runtime\4.1.2\istack-commons-runtime-4.1.2.jar;C:\Users\Angel Hernandez\.m2\repository\jakarta\inject\jakarta.inject-api\2.0.1\jakarta.inject-api-2.0.1.jar;C:\Users\Angel Hernandez\.m2\repository\org\antlr\antlr4-runtime\4.13.0\antlr4-runtime-4.13.0.jar;C:\Users\Angel Hernandez\.m2\repository\org\springframework\data\spring-data-jpa\3.5.2\spring-data-jpa-3.5.2.jar;C:\Users\Angel Hernandez\.m2\repository\org\springframework\data\spring-data-commons\3.5.2\spring-data-commons-3.5.2.jar;C:\Users\Angel Hernandez\.m2\repository\org\springframework\spring-orm\6.2.9\spring-orm-6.2.9.jar;C:\Users\Angel Hernandez\.m2\repository\org\springframework\spring-context\6.2.9\spring-context-6.2.9.jar;C:\Users\Angel Hernandez\.m2\repository\org\springframework\spring-aop\6.2.9\spring-aop-6.2.9.jar;C:\Users\Angel Hernandez\.m2\repository\org\springframework\spring-tx\6.2.9\spring-tx-6.2.9.jar;C:\Users\Angel Hernandez\.m2\repository\org\springframework\spring-beans\6.2.9\spring-beans-6.2.9.jar;C:\Users\Angel Hernandez\.m2\repository\org\slf4j\slf4j-api\2.0.17\slf4j-api-2.0.17.jar;C:\Users\Angel Hernandez\.m2\repository\org\springframework\spring-aspects\6.2.9\spring-aspects-6.2.9.jar;C:\Users\Angel Hernandez\.m2\repository\org\aspectj\aspectjweaver\1.9.24\aspectjweaver-1.9.24.jar;C:\Users\Angel Hernandez\.m2\repository\org\springframework\boot\spring-boot-starter-validation\3.5.4\spring-boot-starter-validation-3.5.4.jar;C:\Users\Angel Hernandez\.m2\repository\org\apache\tomcat\embed\tomcat-embed-el\10.1.43\tomcat-embed-el-10.1.43.jar;C:\Users\Angel Hernandez\.m2\repository\org\hibernate\validator\hibernate-validator\8.0.2.Final\hibernate-validator-8.0.2.Final.jar;C:\Users\Angel Hernandez\.m2\repository\jakarta\validation\jakarta.validation-api\3.0.2\jakarta.validation-api-3.0.2.jar;C:\Users\Angel Hernandez\.m2\repository\org\springframework\boot\spring-boot-starter-web\3.5.4\spring-boot-starter-web-3.5.4.jar;C:\Users\Angel Hernandez\.m2\repository\org\springframework\boot\spring-boot-starter-json\3.5.4\spring-boot-starter-json-3.5.4.jar;C:\Users\Angel Hernandez\.m2\repository\com\fasterxml\jackson\core\jackson-databind\2.19.2\jackson-databind-2.19.2.jar;C:\Users\Angel Hernandez\.m2\repository\com\fasterxml\jackson\core\jackson-annotations\2.19.2\jackson-annotations-2.19.2.jar;C:\Users\Angel Hernandez\.m2\repository\com\fasterxml\jackson\core\jackson-core\2.19.2\jackson-core-2.19.2.jar;C:\Users\Angel Hernandez\.m2\repository\com\fasterxml\jackson\datatype\jackson-datatype-jdk8\2.19.2\jackson-datatype-jdk8-2.19.2.jar;C:\Users\Angel Hernandez\.m2\repository\com\fasterxml\jackson\datatype\jackson-datatype-jsr310\2.19.2\jackson-datatype-jsr310-2.19.2.jar;C:\Users\Angel Hernandez\.m2\repository\com\fasterxml\jackson\module\jackson-module-parameter-names\2.19.2\jackson-module-parameter-names-2.19.2.jar;C:\Users\Angel Hernandez\.m2\repository\org\springframework\boot\spring-boot-starter-tomcat\3.5.4\spring-boot-starter-tomcat-3.5.4.jar;C:\Users\Angel Hernandez\.m2\repository\org\apache\tomcat\embed\tomcat-embed-core\10.1.43\tomcat-embed-core-10.1.43.jar;C:\Users\Angel Hernandez\.m2\repository\org\apache\tomcat\embed\tomcat-embed-websocket\10.1.43\tomcat-embed-websocket-10.1.43.jar;C:\Users\Angel Hernandez\.m2\repository\org\springframework\spring-web\6.2.9\spring-web-6.2.9.jar;C:\Users\Angel Hernandez\.m2\repository\io\micrometer\micrometer-observation\1.15.2\micrometer-observation-1.15.2.jar;C:\Users\Angel Hernandez\.m2\repository\io\micrometer\micrometer-commons\1.15.2\micrometer-commons-1.15.2.jar;C:\Users\Angel Hernandez\.m2\repository\org\springframework\spring-webmvc\6.2.9\spring-webmvc-6.2.9.jar;C:\Users\Angel Hernandez\.m2\repository\org\springframework\spring-expression\6.2.9\spring-expression-6.2.9.jar;C:\Users\Angel Hernandez\.m2\repository\org\springframework\boot\spring-boot-devtools\3.5.4\spring-boot-devtools-3.5.4.jar;C:\Users\Angel Hernandez\.m2\repository\org\springframework\boot\spring-boot\3.5.4\spring-boot-3.5.4.jar;C:\Users\Angel Hernandez\.m2\repository\org\springframework\boot\spring-boot-autoconfigure\3.5.4\spring-boot-autoconfigure-3.5.4.jar;C:\Users\Angel Hernandez\.m2\repository\com\mysql\mysql-connector-j\9.3.0\mysql-connector-j-9.3.0.jar;C:\Users\Angel Hernandez\.m2\repository\org\springframework\boot\spring-boot-starter-mail\3.5.4\spring-boot-starter-mail-3.5.4.jar;C:\Users\Angel Hernandez\.m2\repository\org\springframework\spring-context-support\6.2.9\spring-context-support-6.2.9.jar;C:\Users\Angel Hernandez\.m2\repository\org\eclipse\angus\jakarta.mail\2.0.3\jakarta.mail-2.0.3.jar;C:\Users\Angel Hernandez\.m2\repository\jakarta\activation\jakarta.activation-api\2.1.3\jakarta.activation-api-2.1.3.jar;C:\Users\Angel Hernandez\.m2\repository\org\eclipse\angus\angus-activation\2.0.2\angus-activation-2.0.2.jar;C:\Users\Angel Hernandez\.m2\repository\jakarta\xml\bind\jakarta.xml.bind-api\4.0.2\jakarta.xml.bind-api-4.0.2.jar;C:\Users\Angel Hernandez\.m2\repository\org\springframework\spring-core\6.2.9\spring-core-6.2.9.jar;C:\Users\Angel Hernandez\.m2\repository\org\springframework\spring-jcl\6.2.9\spring-jcl-6.2.9.jar;C:\Users\Angel Hernandez\Documents\proyecto-bachuco\proyecto-bachuco-arq-hexagonal\portalBachuco\core-application\target\classes;C:\Users\Angel Hernandez\Documents\proyecto-bachuco\proyecto-bachuco-arq-hexagonal\portalBachuco\core-domain\target\classes;C:\Users\Angel Hernandez\.m2\repository\jakarta\persistence\jakarta.persistence-api\3.1.0\jakarta.persistence-api-3.1.0.jar;C:\Users\Angel Hernandez\Documents\proyecto-bachuco\proyecto-bachuco-arq-hexagonal\portalBachuco\infrastructure\target\classes;C:\Users\Angel Hernandez\.m2\repository\org\springframework\boot\spring-boot-starter-security\3.5.4\spring-boot-starter-security-3.5.4.jar;C:\Users\Angel Hernandez\.m2\repository\org\springframework\security\spring-security-config\6.5.2\spring-security-config-6.5.2.jar;C:\Users\Angel Hernandez\.m2\repository\org\springframework\security\spring-security-core\6.5.2\spring-security-core-6.5.2.jar;C:\Users\Angel Hernandez\.m2\repository\org\springframework\security\spring-security-crypto\6.5.2\spring-security-crypto-6.5.2.jar;C:\Users\Angel Hernandez\.m2\repository\org\springframework\security\spring-security-web\6.5.2\spring-security-web-6.5.2.jar;C:\Users\Angel Hernandez\.m2\repository\io\jsonwebtoken\jjwt-api\0.12.5\jjwt-api-0.12.5.jar;C:\Users\Angel Hernandez\.m2\repository\io\jsonwebtoken\jjwt-impl\0.12.5\jjwt-impl-0.12.5.jar;C:\Users\Angel Hernandez\.m2\repository\io\jsonwebtoken\jjwt-jackson\0.12.5\jjwt-jackson-0.12.5.jar
Launcher Type: SUN_STANDARD

[Global flags]
     intx CICompilerCount                          = 3                                         {product} {ergonomic}
     uint ConcGCThreads                            = 1                                         {product} {ergonomic}
     uint G1ConcRefinementThreads                  = 4                                         {product} {ergonomic}
   size_t G1HeapRegionSize                         = 2097152                                   {product} {ergonomic}
    uintx GCDrainStackTargetSize                   = 64                                        {product} {ergonomic}
   size_t InitialHeapSize                          = 268435456                                 {product} {ergonomic}
     bool ManagementServer                         = true                                      {product} {command line}
   size_t MarkStackSize                            = 4194304                                   {product} {ergonomic}
   size_t MaxHeapSize                              = 4269801472                                {product} {ergonomic}
   size_t MaxNewSize                               = 2560622592                                {product} {ergonomic}
   size_t MinHeapDeltaBytes                        = 2097152                                   {product} {ergonomic}
   size_t MinHeapSize                              = 8388608                                   {product} {ergonomic}
    uintx NonNMethodCodeHeapSize                   = 4096                                   {pd product} {ergonomic}
    uintx NonProfiledCodeHeapSize                  = 0                                      {pd product} {ergonomic}
     bool ProfileInterpreter                       = false                                  {pd product} {command line}
    uintx ProfiledCodeHeapSize                     = 0                                      {pd product} {ergonomic}
     bool ShowCodeDetailsInExceptionMessages       = true                                   {manageable} {command line}
   size_t SoftMaxHeapSize                          = 4269801472                             {manageable} {ergonomic}
     intx TieredStopAtLevel                        = 1                                         {product} {command line}
     bool UseCompressedOops                        = true                           {product lp64_product} {ergonomic}
     bool UseG1GC                                  = true                                      {product} {ergonomic}
     bool UseLargePagesIndividualAllocation        = false                                  {pd product} {ergonomic}

Logging:
Log output configuration:
 #0: stdout all=warning uptime,level,tags foldmultilines=false
 #1: stderr all=off uptime,level,tags foldmultilines=false

Environment Variables:
JAVA_HOME=C:\Users\Angel Hernandez\Documents\Jdks\jdk-17.0.2
PATH=C:\Users\Angel Hernandez\Documents\ides\sts-4.31.0.RELEASE\plugins\org.eclipse.justj.openjdk.hotspot.jre.full.win32.x86_64_21.0.7.v20250502-0916\jre\bin;C:/Users/Angel Hernandez/Documents/ides/sts-4.31.0.RELEASE//plugins/org.eclipse.justj.openjdk.hotspot.jre.full.win32.x86_64_21.0.7.v20250502-0916/jre/bin/server;C:/Users/Angel Hernandez/Documents/ides/sts-4.31.0.RELEASE//plugins/org.eclipse.justj.openjdk.hotspot.jre.full.win32.x86_64_21.0.7.v20250502-0916/jre/bin;C:\Windows\system32;C:\Windows;C:\Windows\System32\Wbem;C:\Windows\System32\WindowsPowerShell\v1.0\;C:\Windows\System32\OpenSSH\;C:\Program Files\Git\cmd;C:\Users\Angel Hernandez\Documents\Jdks\jdk-17.0.2\bin;C:\Program Files (x86)\Microsoft SQL Server\160\Tools\Binn\;C:\Program Files\Microsoft SQL Server\160\Tools\Binn\;C:\Program Files\Microsoft SQL Server\Client SDK\ODBC\170\Tools\Binn\;C:\Program Files\Microsoft SQL Server\160\DTS\Binn\;C:\apache-maven-3.9.11\bin;C:\Users\Angel Hernandez\AppData\Local\nvm;C:\nvm4w\nodejs;C:\Users\Angel Hernandez\AppData\Local\Microsoft\WindowsApps;C:\Users\Angel Hernandez\AppData\Local\Programs\Microsoft VS Code\bin;C:\Users\Angel Hernandez\Documents\Jdks\jdk-17.0.2\bin;C:\apache-maven-3.9.11\bin;C:\Users\Angel Hernandez\AppData\Local\nvm;C:\nvm4w\nodejs;C:\Users\Angel Hernandez\Documents\ides\sts-4.31.0.RELEASE;
USERNAME=Angel Hernandez
OS=Windows_NT
PROCESSOR_IDENTIFIER=Intel64 Family 6 Model 78 Stepping 3, GenuineIntel
TMP=C:\Users\ANGELH~1\AppData\Local\Temp
TEMP=C:\Users\ANGELH~1\AppData\Local\Temp




Periodic native trim disabled

---------------  S Y S T E M  ---------------

OS:
 Windows 11 , 64 bit Build 22621 (10.0.22621.3958)
OS uptime: 7 days 11:14 hours

CPU: total 4 (initial active 4) (2 cores per cpu, 2 threads per core) family 6 model 78 stepping 3 microcode 0xea, cx8, cmov, fxsr, ht, mmx, 3dnowpref, sse, sse2, sse3, ssse3, sse4.1, sse4.2, popcnt, lzcnt, tsc, tscinvbit, avx, avx2, aes, erms, clmul, bmi1, bmi2, adx, fma, vzeroupper, clflush, clflushopt, rdtscp, f16c
Processor Information for the first 4 processors :
  Max Mhz: 2400, Current Mhz: 2300, Mhz Limit: 2280

Memory: 4k page, system-wide physical 16280M (1532M free)
TotalPageFile size 32561M (AvailPageFile size 8502M)
current process WorkingSet (physical memory assigned to process): 480M, peak: 513M
current process commit charge ("private bytes"): 551M, peak: 563M

vm_info: OpenJDK 64-Bit Server VM (21.0.7+6-LTS) for windows-amd64 JRE (21.0.7+6-LTS), built on 2025-04-15T00:00:00Z by "admin" with MS VC++ 17.7 (VS2022)

END.
