#
# A fatal error has been detected by the Java Runtime Environment:
#
#  EXCEPTION_ACCESS_VIOLATION (0xc0000005) at pc=0x00007ffcb0f4c506, pid=34912, tid=41224
#
# JRE version: OpenJDK Runtime Environment Temurin-21.0.7+6 (21.0.7+6) (build 21.0.7+6-LTS)
# Java VM: OpenJDK 64-Bit Server VM Temurin-21.0.7+6 (21.0.7+6-LTS, mixed mode, emulated-client, sharing, tiered, compressed oops, compressed class ptrs, g1 gc, windows-amd64)
# Problematic frame:
# V  [jvm.dll+0xc506]
#
# No core dump will be written. Minidumps are not enabled by default on client versions of Windows
#
# If you would like to submit a bug report, please visit:
#   https://github.com/adoptium/adoptium-support/issues
#

---------------  S U M M A R Y ------------

Command Line: -XX:+ShowCodeDetailsInExceptionMessages -agentlib:jdwp=transport=dt_socket,suspend=y,address=localhost:54705 -Dcom.sun.management.jmxremote -Dcom.sun.management.jmxremote.port=65143 -Dcom.sun.management.jmxremote.authenticate=false -Dcom.sun.management.jmxremote.ssl=false -Djava.rmi.server.hostname=localhost -Dspring.jmx.enabled=true -Dmanagement.endpoints.jmx.exposure.include=* -Dspring.application.admin.enabled=true -Dspring.output.ansi.enabled=always -XX:TieredStopAtLevel=1 -Dspring.boot.project.name=app-boot -javaagent:C:\Users\Angel Hernandez\Documents\ides\sts-4.31.0.RELEASE\configuration\org.eclipse.osgi\273\0\.cp\lib\javaagent-shaded.jar -Dfile.encoding=UTF-8 -Dstdout.encoding=UTF-8 -Dstderr.encoding=UTF-8 com.bachuco.app_boot.AppBootApplication

Host: Intel(R) Core(TM) i5-6200U CPU @ 2.30GHz, 4 cores, 15G,  Windows 11 , 64 bit Build 22621 (10.0.22621.3958)
Time: Thu Oct 16 09:42:57 2025 Hora estándar central (México) elapsed time: 3967.896386 seconds (0d 1h 6m 7s)

---------------  T H R E A D  ---------------

Current thread (0x000002396c27f0e0):  WorkerThread "GC Thread#2"    [id=41224, stack(0x00000077ab600000,0x00000077ab700000) (1024K)]

Stack: [0x00000077ab600000,0x00000077ab700000],  sp=0x00000077ab6fdc58,  free space=1015k
Native frames: (J=compiled Java code, j=interpreted, Vv=VM code, C=native code)
V  [jvm.dll+0xc506]

JavaThread 0x000002396cbb9c20 (nid = 49452) was being processed
Java frames: (J=compiled Java code, j=interpreted, Vv=VM code)
j  java.lang.invoke.DirectMethodHandle$Holder.newInvokeSpecial(Ljava/lang/Object;Ljava/lang/Object;Ljava/lang/Object;Ljava/lang/Object;)Ljava/lang/Object;+22 java.base@21.0.7
j  java.lang.invoke.LambdaForm$MH+0x0000023928fa9c00.invoke(Ljava/lang/Object;Ljava/lang/Object;Ljava/lang/Object;Ljava/lang/Object;)Ljava/lang/Object;+73 java.base@21.0.7
j  java.lang.invoke.LambdaForm$MH+0x0000023928004400.invokeExact_MT(Ljava/lang/Object;Ljava/lang/Object;Ljava/lang/Object;Ljava/lang/Object;Ljava/lang/Object;)Ljava/lang/Object;+22 java.base@21.0.7
J 920 c1 jdk.internal.reflect.DirectConstructorHandleAccessor.newInstance([Ljava/lang/Object;)Ljava/lang/Object; java.base@21.0.7 (130 bytes) @ 0x000002391c43d434 [0x000002391c43d0e0+0x0000000000000354]
J 919 c1 java.lang.reflect.Constructor.newInstanceWithCaller([Ljava/lang/Object;ZLjava/lang/Class;)Ljava/lang/Object; java.base@21.0.7 (51 bytes) @ 0x000002391c43bd3c [0x000002391c43bc60+0x00000000000000dc]
J 15860 c1 org.springframework.beans.BeanUtils.instantiateClass(Ljava/lang/reflect/Constructor;[Ljava/lang/Object;)Ljava/lang/Object; (208 bytes) @ 0x000002391c46b5e4 [0x000002391c46b0e0+0x0000000000000504]
J 21641 c1 org.springframework.beans.factory.support.ConstructorResolver.instantiate(Ljava/lang/String;Lorg/springframework/beans/factory/support/RootBeanDefinition;Ljava/lang/reflect/Constructor;[Ljava/lang/Object;)Ljava/lang/Object; (48 bytes) @ 0x000002391d423f4c [0x000002391d423e20+0x000000000000012c]
J 21640 c1 org.springframework.beans.factory.support.ConstructorResolver.autowireConstructor(Ljava/lang/String;Lorg/springframework/beans/factory/support/RootBeanDefinition;[Ljava/lang/reflect/Constructor;[Ljava/lang/Object;)Lorg/springframework/beans/BeanWrapper; (921 bytes) @ 0x000002391d41db4c [0x000002391d41bf60+0x0000000000001bec]
J 17441 c1 org.springframework.beans.factory.support.AbstractAutowireCapableBeanFactory.createBeanInstance(Ljava/lang/String;Lorg/springframework/beans/factory/support/RootBeanDefinition;[Ljava/lang/Object;)Lorg/springframework/beans/BeanWrapper; (245 bytes) @ 0x000002391d112104 [0x000002391d1119c0+0x0000000000000744]
J 20114 c1 org.springframework.beans.factory.support.AbstractAutowireCapableBeanFactory.doCreateBean(Ljava/lang/String;Lorg/springframework/beans/factory/support/RootBeanDefinition;[Ljava/lang/Object;)Ljava/lang/Object; (465 bytes) @ 0x000002391cb1a62c [0x000002391cb1a480+0x00000000000001ac]
J 20109 c1 org.springframework.beans.factory.support.AbstractAutowireCapableBeanFactory.createBean(Ljava/lang/String;Lorg/springframework/beans/factory/support/RootBeanDefinition;[Ljava/lang/Object;)Ljava/lang/Object; (214 bytes) @ 0x000002391cb2782c [0x000002391cb27340+0x00000000000004ec]
J 20112 c1 org.springframework.beans.factory.support.AbstractBeanFactory$$Lambda+0x0000023928294420.getObject()Ljava/lang/Object; (20 bytes) @ 0x000002391cb1eebc [0x000002391cb1ee20+0x000000000000009c]
J 20100 c1 org.springframework.beans.factory.support.DefaultSingletonBeanRegistry.getSingleton(Ljava/lang/String;Lorg/springframework/beans/factory/ObjectFactory;)Ljava/lang/Object; (1299 bytes) @ 0x000002391cb21db4 [0x000002391cb20b00+0x00000000000012b4]
J 15718 c1 org.springframework.beans.factory.support.AbstractBeanFactory.doGetBean(Ljava/lang/String;Ljava/lang/Class;[Ljava/lang/Object;Z)Ljava/lang/Object; (787 bytes) @ 0x000002391c98710c [0x000002391c986a80+0x000000000000068c]
J 20549 c1 org.springframework.beans.factory.support.DefaultListableBeanFactory.doResolveDependency(Lorg/springframework/beans/factory/config/DependencyDescriptor;Ljava/lang/String;Ljava/util/Set;Lorg/springframework/beans/TypeConverter;)Ljava/lang/Object; (703 bytes) @ 0x000002391cb54a14 [0x000002391cb52b60+0x0000000000001eb4]
J 20426 c1 org.springframework.beans.factory.support.DefaultListableBeanFactory.resolveDependency(Lorg/springframework/beans/factory/config/DependencyDescriptor;Ljava/lang/String;Ljava/util/Set;Lorg/springframework/beans/TypeConverter;)Ljava/lang/Object; (121 bytes) @ 0x000002391ce5855c [0x000002391ce58380+0x00000000000001dc]
J 20586 c1 org.springframework.beans.factory.support.ConstructorResolver.resolveAutowiredArgument(Lorg/springframework/beans/factory/config/DependencyDescriptor;Ljava/lang/Class;Ljava/lang/String;Ljava/util/Set;Lorg/springframework/beans/TypeConverter;Z)Ljava/lang/Object; (117 bytes) @ 0x000002391d15c344 [0x000002391d15c100+0x0000000000000244]
J 20613 c1 org.springframework.beans.factory.support.ConstructorResolver.createArgumentArray(Ljava/lang/String;Lorg/springframework/beans/factory/support/RootBeanDefinition;Lorg/springframework/beans/factory/config/ConstructorArgumentValues;Lorg/springframework/beans/BeanWrapper;[Ljava/lang/Class;[Ljava/lang/String;Ljava/lang/reflect/Executable;ZZ)Lorg/springframework/beans/factory/support/ConstructorResolver$ArgumentsHolder; (533 bytes) @ 0x000002391d14e4d4 [0x000002391d14d600+0x0000000000000ed4]
J 21640 c1 org.springframework.beans.factory.support.ConstructorResolver.autowireConstructor(Ljava/lang/String;Lorg/springframework/beans/factory/support/RootBeanDefinition;[Ljava/lang/reflect/Constructor;[Ljava/lang/Object;)Lorg/springframework/beans/BeanWrapper; (921 bytes) @ 0x000002391d41cee4 [0x000002391d41bf60+0x0000000000000f84]
J 17441 c1 org.springframework.beans.factory.support.AbstractAutowireCapableBeanFactory.createBeanInstance(Ljava/lang/String;Lorg/springframework/beans/factory/support/RootBeanDefinition;[Ljava/lang/Object;)Lorg/springframework/beans/BeanWrapper; (245 bytes) @ 0x000002391d112104 [0x000002391d1119c0+0x0000000000000744]
J 20114 c1 org.springframework.beans.factory.support.AbstractAutowireCapableBeanFactory.doCreateBean(Ljava/lang/String;Lorg/springframework/beans/factory/support/RootBeanDefinition;[Ljava/lang/Object;)Ljava/lang/Object; (465 bytes) @ 0x000002391cb1a62c [0x000002391cb1a480+0x00000000000001ac]
J 20109 c1 org.springframework.beans.factory.support.AbstractAutowireCapableBeanFactory.createBean(Ljava/lang/String;Lorg/springframework/beans/factory/support/RootBeanDefinition;[Ljava/lang/Object;)Ljava/lang/Object; (214 bytes) @ 0x000002391cb2782c [0x000002391cb27340+0x00000000000004ec]
J 20112 c1 org.springframework.beans.factory.support.AbstractBeanFactory$$Lambda+0x0000023928294420.getObject()Ljava/lang/Object; (20 bytes) @ 0x000002391cb1eebc [0x000002391cb1ee20+0x000000000000009c]
J 20100 c1 org.springframework.beans.factory.support.DefaultSingletonBeanRegistry.getSingleton(Ljava/lang/String;Lorg/springframework/beans/factory/ObjectFactory;)Ljava/lang/Object; (1299 bytes) @ 0x000002391cb21db4 [0x000002391cb20b00+0x00000000000012b4]
J 15718 c1 org.springframework.beans.factory.support.AbstractBeanFactory.doGetBean(Ljava/lang/String;Ljava/lang/Class;[Ljava/lang/Object;Z)Ljava/lang/Object; (787 bytes) @ 0x000002391c98710c [0x000002391c986a80+0x000000000000068c]
J 20549 c1 org.springframework.beans.factory.support.DefaultListableBeanFactory.doResolveDependency(Lorg/springframework/beans/factory/config/DependencyDescriptor;Ljava/lang/String;Ljava/util/Set;Lorg/springframework/beans/TypeConverter;)Ljava/lang/Object; (703 bytes) @ 0x000002391cb54a14 [0x000002391cb52b60+0x0000000000001eb4]
J 20426 c1 org.springframework.beans.factory.support.DefaultListableBeanFactory.resolveDependency(Lorg/springframework/beans/factory/config/DependencyDescriptor;Ljava/lang/String;Ljava/util/Set;Lorg/springframework/beans/TypeConverter;)Ljava/lang/Object; (121 bytes) @ 0x000002391ce5855c [0x000002391ce58380+0x00000000000001dc]
J 20586 c1 org.springframework.beans.factory.support.ConstructorResolver.resolveAutowiredArgument(Lorg/springframework/beans/factory/config/DependencyDescriptor;Ljava/lang/Class;Ljava/lang/String;Ljava/util/Set;Lorg/springframework/beans/TypeConverter;Z)Ljava/lang/Object; (117 bytes) @ 0x000002391d15c344 [0x000002391d15c100+0x0000000000000244]
J 20613 c1 org.springframework.beans.factory.support.ConstructorResolver.createArgumentArray(Ljava/lang/String;Lorg/springframework/beans/factory/support/RootBeanDefinition;Lorg/springframework/beans/factory/config/ConstructorArgumentValues;Lorg/springframework/beans/BeanWrapper;[Ljava/lang/Class;[Ljava/lang/String;Ljava/lang/reflect/Executable;ZZ)Lorg/springframework/beans/factory/support/ConstructorResolver$ArgumentsHolder; (533 bytes) @ 0x000002391d14e4d4 [0x000002391d14d600+0x0000000000000ed4]
J 21640 c1 org.springframework.beans.factory.support.ConstructorResolver.autowireConstructor(Ljava/lang/String;Lorg/springframework/beans/factory/support/RootBeanDefinition;[Ljava/lang/reflect/Constructor;[Ljava/lang/Object;)Lorg/springframework/beans/BeanWrapper; (921 bytes) @ 0x000002391d41cee4 [0x000002391d41bf60+0x0000000000000f84]
J 17441 c1 org.springframework.beans.factory.support.AbstractAutowireCapableBeanFactory.createBeanInstance(Ljava/lang/String;Lorg/springframework/beans/factory/support/RootBeanDefinition;[Ljava/lang/Object;)Lorg/springframework/beans/BeanWrapper; (245 bytes) @ 0x000002391d112104 [0x000002391d1119c0+0x0000000000000744]
J 20114 c1 org.springframework.beans.factory.support.AbstractAutowireCapableBeanFactory.doCreateBean(Ljava/lang/String;Lorg/springframework/beans/factory/support/RootBeanDefinition;[Ljava/lang/Object;)Ljava/lang/Object; (465 bytes) @ 0x000002391cb1a62c [0x000002391cb1a480+0x00000000000001ac]
J 20109 c1 org.springframework.beans.factory.support.AbstractAutowireCapableBeanFactory.createBean(Ljava/lang/String;Lorg/springframework/beans/factory/support/RootBeanDefinition;[Ljava/lang/Object;)Ljava/lang/Object; (214 bytes) @ 0x000002391cb2782c [0x000002391cb27340+0x00000000000004ec]
J 20112 c1 org.springframework.beans.factory.support.AbstractBeanFactory$$Lambda+0x0000023928294420.getObject()Ljava/lang/Object; (20 bytes) @ 0x000002391cb1eebc [0x000002391cb1ee20+0x000000000000009c]
J 20100 c1 org.springframework.beans.factory.support.DefaultSingletonBeanRegistry.getSingleton(Ljava/lang/String;Lorg/springframework/beans/factory/ObjectFactory;)Ljava/lang/Object; (1299 bytes) @ 0x000002391cb21db4 [0x000002391cb20b00+0x00000000000012b4]
J 15718 c1 org.springframework.beans.factory.support.AbstractBeanFactory.doGetBean(Ljava/lang/String;Ljava/lang/Class;[Ljava/lang/Object;Z)Ljava/lang/Object; (787 bytes) @ 0x000002391c98710c [0x000002391c986a80+0x000000000000068c]
J 27175 c1 org.springframework.beans.factory.support.DefaultListableBeanFactory.instantiateSingleton(Ljava/lang/String;)V (56 bytes) @ 0x000002391c9aa274 [0x000002391c9a9e20+0x0000000000000454]
J 27176 c1 org.springframework.beans.factory.support.DefaultListableBeanFactory.preInstantiateSingleton(Ljava/lang/String;Lorg/springframework/beans/factory/support/RootBeanDefinition;)Ljava/util/concurrent/CompletableFuture; (165 bytes) @ 0x000002391c9a933c [0x000002391c9a9080+0x00000000000002bc]
j  org.springframework.beans.factory.support.DefaultListableBeanFactory.preInstantiateSingletons()V+123
j  org.springframework.context.support.AbstractApplicationContext.finishBeanFactoryInitialization(Lorg/springframework/beans/factory/config/ConfigurableListableBeanFactory;)V+284
j  org.springframework.context.support.AbstractApplicationContext.refresh()V+94
j  org.springframework.boot.web.servlet.context.ServletWebServerApplicationContext.refresh()V+1
j  org.springframework.boot.SpringApplication.refresh(Lorg/springframework/context/ConfigurableApplicationContext;)V+1
j  org.springframework.boot.SpringApplication.refreshContext(Lorg/springframework/context/ConfigurableApplicationContext;)V+19
j  org.springframework.boot.SpringApplication.run([Ljava/lang/String;)Lorg/springframework/context/ConfigurableApplicationContext;+113
j  org.springframework.boot.SpringApplication.run([Ljava/lang/Class;[Ljava/lang/String;)Lorg/springframework/context/ConfigurableApplicationContext;+9
j  org.springframework.boot.SpringApplication.run(Ljava/lang/Class;[Ljava/lang/String;)Lorg/springframework/context/ConfigurableApplicationContext;+9
j  com.bachuco.app_boot.AppBootApplication.main([Ljava/lang/String;)V+3
j  java.lang.invoke.LambdaForm$DMH+0x0000023928004c00.invokeStatic(Ljava/lang/Object;Ljava/lang/Object;)V+10 java.base@21.0.7
j  java.lang.invoke.LambdaForm$MH+0x0000023928e33800.invoke(Ljava/lang/Object;Ljava/lang/Object;Ljava/lang/Object;)Ljava/lang/Object;+33 java.base@21.0.7
J 4304 c1 jdk.internal.reflect.DirectMethodHandleAccessor.invoke(Ljava/lang/Object;[Ljava/lang/Object;)Ljava/lang/Object; java.base@21.0.7 (92 bytes) @ 0x000002391cab8e84 [0x000002391cab8b20+0x0000000000000364]
J 4309 c1 java.lang.reflect.Method.invoke(Ljava/lang/Object;[Ljava/lang/Object;)Ljava/lang/Object; java.base@21.0.7 (108 bytes) @ 0x000002391cabd374 [0x000002391cabd180+0x00000000000001f4]
j  org.springframework.boot.devtools.restart.RestartLauncher.run()V+47
v  ~StubRoutines::call_stub 0x000002391c12100d

siginfo: EXCEPTION_ACCESS_VIOLATION (0xc0000005), reading address 0x000002394e72b49e


Registers:
RAX=0x0000000000000000, RBX=0x0000000000000007, RCX=0x00000077a9ffa008, RDX=0x00000077a9ffa008
RSP=0x00000077ab6fdc58, RBP=0x00000077ab6fde30, RSI=0x00000077ab6fe000, RDI=0x00000077a9ffa008
R8 =0x000002394e72b496, R9 =0x00000077a9ffa008, R10=0x000002391c120000, R11=0x00000077ab6fdea8
R12=0x0000023927542a40, R13=0x00000077a9ffa008, R14=0x00000239747483c0, R15=0x000002394e72b496
RIP=0x00007ffcb0f4c506, EFLAGS=0x0000000000010206

XMM[0]=0x3b3b3b3b3b3b3b3b 0x3b3b3b3b3b3b3b3b
XMM[1]=0x00000000000000ff 0x0000000000000000
XMM[2]=0x0000000000000000 0x0000000000000000
XMM[3]=0x0000000000000000 0x40aeffb6a2b17050
XMM[4]=0x0000000000000000 0x0000000000000000
XMM[5]=0x0000000000000000 0x0000000000000000
XMM[6]=0x0000000000000000 0x0000000000000000
XMM[7]=0x0000000000000000 0x0000000000000000
XMM[8]=0x0000000000000000 0x0000000000000000
XMM[9]=0x0000000000000000 0x0000000000000000
XMM[10]=0x0000000000000000 0x0000000000000000
XMM[11]=0x0000000000000000 0x0000000000000000
XMM[12]=0x0000000000000000 0x0000000000000000
XMM[13]=0x0000000000000000 0x0000000000000000
XMM[14]=0x0000000000000000 0x0000000000000000
XMM[15]=0x0000000000000000 0x0000000000000000
  MXCSR=0x00001fa0


Register to memory mapping:

RAX=0x0 is null
RBX=0x0000000000000007 is an unknown value
RCX=0x00000077a9ffa008 is pointing into the stack for thread: 0x000002396cbb9c20
RDX=0x00000077a9ffa008 is pointing into the stack for thread: 0x000002396cbb9c20
RSP=0x00000077ab6fdc58 points into unknown readable memory: 0x00007ffcb1297f3b | 3b 7f 29 b1 fc 7f 00 00
RBP=0x00000077ab6fde30 points into unknown readable memory: 0x0000023900000000 | 00 00 00 00 39 02 00 00
RSI=0x00000077ab6fe000 points into unknown readable memory: 0x00000077a9ff9fe8 | e8 9f ff a9 77 00 00 00
RDI=0x00000077a9ffa008 is pointing into the stack for thread: 0x000002396cbb9c20
R8 =0x000002394e72b496 is an unknown value
R9 =0x00000077a9ffa008 is pointing into the stack for thread: 0x000002396cbb9c20
R10=0x000002391c120000 points into unknown readable memory: 0x0000000000000006 | 06 00 00 00 00 00 00 00
R11=0x00000077ab6fdea8 points into unknown readable memory: 0x00007ffcb12547cd | cd 47 25 b1 fc 7f 00 00
R12=0x0000023927542a40 is pointing into metadata
R13=0x00000077a9ffa008 is pointing into the stack for thread: 0x000002396cbb9c20
R14=0x00000239747483c0 points into unknown readable memory: 0x00007ffcb196bca8 | a8 bc 96 b1 fc 7f 00 00
R15=0x000002394e72b496 is an unknown value

Top of Stack: (sp=0x00000077ab6fdc58)
0x00000077ab6fdc58:   00007ffcb1297f3b 0000000000000000
0x00000077ab6fdc68:   0000000000000004 00000239747483c0
0x00000077ab6fdc78:   0000000000000000 0000023974748548
0x00000077ab6fdc88:   00007ffcb12666f5 0000023974436a28
0x00000077ab6fdc98:   00007ffcb16d7411 000000000000012f
0x00000077ab6fdca8:   00007ffcb15fc362 00000239744369c8
0x00000077ab6fdcb8:   0000000000000000 0000023926633030
0x00000077ab6fdcc8:   0000023926547600 0000023927542a40
0x00000077ab6fdcd8:   00000077a9ffa008 00000077ab6fe000
0x00000077ab6fdce8:   00000077ab6fde30 00000239744369c8
0x00000077ab6fdcf8:   00007ffcb12a6504 00000077ab6fddc0
0x00000077ab6fdd08:   00000077ab6fe000 0000023927480090
0x00000077ab6fdd18:   0000000000000000 00000239744369c8
0x00000077ab6fdd28:   00007ffcb1254d7b 0000000000000004
0x00000077ab6fdd38:   00000239270b5ac8 00000239744369c8
0x00000077ab6fdd48:   00000077ab6fe000 000000161c2dca01
0x00000077ab6fdd58:   00000239270b5ac8 000002396c27f0e0
0x00000077ab6fdd68:   0000023900000006 00000000000003d8
0x00000077ab6fdd78:   0000023926547610 00000239265479e8
0x00000077ab6fdd88:   000002392772b496 00000239000000b8
0x00000077ab6fdd98:   00000239270b5ac8 00007ffcb1963210
0x00000077ab6fdda8:   00000077ab6fe000 00000239744369c8
0x00000077ab6fddb8:   0000000400000003 0000023927542a40
0x00000077ab6fddc8:   0000001300000001 0000000000000068
0x00000077ab6fddd8:   000000010000000c 0000023927480090
0x00000077ab6fdde8:   0000000000000000 000002391c2dca10
0x00000077ab6fddf8:   0000e74bafb55059 00007ffcb179b100
0x00000077ab6fde08:   00000077ab6fde90 00000000000003d8
0x00000077ab6fde18:   00000239265479e8 0000023927017358
0x00000077ab6fde28:   000000061c2d0013 0000023900000000
0x00000077ab6fde38:   0000000000000015 00000239744369c8
0x00000077ab6fde48:   00007ffcb12a655e 0000000000000000 

Instructions: (pc=0x00007ffcb0f4c506)
0x00007ffcb0f4c406:   48 8b 05 e3 f5 cc 00 48 8b 48 60 48 8b 04 d1 48
0x00007ffcb0f4c416:   85 c0 75 08 48 8b 05 d7 f5 cc 00 c3 48 8b 05 c7
0x00007ffcb0f4c426:   f5 cc 00 c3 cc cc cc cc cc cc 8b 05 82 cb c1 00
0x00007ffcb0f4c436:   c3 cc cc cc cc cc cc cc cc cc 0f b6 05 db e1 c1
0x00007ffcb0f4c446:   00 48 8b d1 84 c0 74 16 44 8b 41 08 8b 0d 60 cb
0x00007ffcb0f4c456:   c1 00 49 d3 e0 4c 03 05 4e cb c1 00 eb 04 4c 8b
0x00007ffcb0f4c466:   41 08 45 8b 48 08 45 85 c9 7e 0e 41 f6 c1 01 75
0x00007ffcb0f4c476:   53 41 c1 f9 03 49 63 c1 c3 79 49 84 c0 41 b8 0c
0x00007ffcb0f4c486:   00 00 00 8b 05 99 dc c1 00 b9 10 00 00 00 41 0f
0x00007ffcb0f4c496:   45 c8 ff c8 4c 63 c0 41 8b c1 48 c1 f8 10 0f b6
0x00007ffcb0f4c4a6:   c0 48 63 14 11 41 8b c9 83 e1 3f 48 d3 e2 49 8d
0x00007ffcb0f4c4b6:   0c 10 49 f7 d0 48 03 c1 49 c1 e8 03 48 c1 e8 03
0x00007ffcb0f4c4c6:   49 23 c0 c3 49 8b 00 49 8b c8 48 ff a0 00 01 00
0x00007ffcb0f4c4d6:   00 cc cc cc cc cc cc cc cc cc 8b 44 24 30 45 03
0x00007ffcb0f4c4e6:   c9 44 2b 4c 24 28 83 c0 0b 44 03 ca 45 03 c8 41
0x00007ffcb0f4c4f6:   03 c1 c3 cc cc cc cc cc cc cc 4c 8b c2 48 8b d1
0x00007ffcb0f4c506:   45 8b 48 08 45 85 c9 7e 0e 41 f6 c1 01 75 56 41
0x00007ffcb0f4c516:   c1 f9 03 49 63 c1 c3 79 4c 80 3d fc e0 c1 00 00
0x00007ffcb0f4c526:   b8 0c 00 00 00 b9 10 00 00 00 0f 45 c8 8b 05 ef
0x00007ffcb0f4c536:   db c1 00 ff c8 4c 63 c0 41 8b c1 48 c1 f8 10 48
0x00007ffcb0f4c546:   63 14 11 41 8b c9 83 e1 3f 0f b6 c0 48 d3 e2 49
0x00007ffcb0f4c556:   8d 0c 10 49 f7 d0 48 03 c1 49 c1 e8 03 48 c1 e8
0x00007ffcb0f4c566:   03 49 23 c0 c3 49 8b 00 49 8b c8 48 ff a0 00 01
0x00007ffcb0f4c576:   00 00 cc cc cc cc cc cc cc cc 48 8b 41 08 0f b7
0x00007ffcb0f4c586:   48 2c 0f b7 40 2a 83 c0 48 03 c1 c3 cc cc cc cc
0x00007ffcb0f4c596:   cc cc cc cc cc cc cc cc cc cc 48 89 5c 24 08 57
0x00007ffcb0f4c5a6:   48 83 ec 20 0f b6 05 8f dd cc 00 48 8b fa 48 8b
0x00007ffcb0f4c5b6:   d9 84 c0 74 4f 48 85 15 26 d5 cc 00 74 38 48 8b
0x00007ffcb0f4c5c6:   ca e8 54 d5 8c 00 48 8b d0 48 85 db 74 25 48 85
0x00007ffcb0f4c5d6:   c0 74 20 48 8b c7 f0 48 0f b1 13 74 16 48 85 05
0x00007ffcb0f4c5e6:   fe d4 cc 00 74 0d 48 8b c8 f0 48 0f b1 13 48 3b
0x00007ffcb0f4c5f6:   c1 75 ea 48 8b fa 48 8b c7 48 8b 5c 24 30 48 83 


Stack slot to memory mapping:

stack at sp + 0 slots: 0x00007ffcb1297f3b jvm.dll
stack at sp + 1 slots: 0x0 is null
stack at sp + 2 slots: 0x0000000000000004 is an unknown value
stack at sp + 3 slots: 0x00000239747483c0 points into unknown readable memory: 0x00007ffcb196bca8 | a8 bc 96 b1 fc 7f 00 00
stack at sp + 4 slots: 0x0 is null
stack at sp + 5 slots: 0x0000023974748548 points into unknown readable memory: 0x00007ffcb196bc60 | 60 bc 96 b1 fc 7f 00 00
stack at sp + 6 slots: 0x00007ffcb12666f5 jvm.dll
stack at sp + 7 slots: 0x0000023974436a28 points into unknown readable memory: 0x00007ffcb196d9b0 | b0 d9 96 b1 fc 7f 00 00


---------------  P R O C E S S  ---------------

Threads class SMR info:
_java_thread_list=0x000002397401dae0, length=28, elements={
0x00000239264af430, 0x00000239264afe80, 0x00000239264b5120, 0x00000239264b6e00,
0x00000239264b7980, 0x00000239264c3a10, 0x00000239264c65a0, 0x00000239265b0ae0,
0x000002392662ec30, 0x00000239266316c0, 0x0000023926631d40, 0x00000239265adcf0,
0x00000239265af730, 0x00000239265ae380, 0x00000239265afdc0, 0x00000239265af0a0,
0x00000239265ad660, 0x00000239265b0450, 0x000002396cbbafd0, 0x000002396cbbb660,
0x000002396f6c5e60, 0x000002396cbbf800, 0x000002396cbbc380, 0x000002396cbb9c20,
0x000002396cbb8f00, 0x000002396cbbca10, 0x000002396cbbf170, 0x000002396cbbd730
}

Java Threads: ( => current thread )
  0x00000239264af430 JavaThread "Reference Handler"          daemon [_thread_blocked, id=44228, stack(0x00000077aa800000,0x00000077aa900000) (1024K)]
  0x00000239264afe80 JavaThread "Finalizer"                  daemon [_thread_blocked, id=47760, stack(0x00000077aa900000,0x00000077aaa00000) (1024K)]
  0x00000239264b5120 JavaThread "Signal Dispatcher"          daemon [_thread_blocked, id=30300, stack(0x00000077aaa00000,0x00000077aab00000) (1024K)]
  0x00000239264b6e00 JavaThread "Attach Listener"            daemon [_thread_blocked, id=37168, stack(0x00000077aab00000,0x00000077aac00000) (1024K)]
  0x00000239264b7980 JavaThread "Service Thread"             daemon [_thread_blocked, id=33708, stack(0x00000077aac00000,0x00000077aad00000) (1024K)]
  0x00000239264c3a10 JavaThread "Monitor Deflation Thread"   daemon [_thread_blocked, id=42508, stack(0x00000077aad00000,0x00000077aae00000) (1024K)]
  0x00000239264c65a0 JavaThread "C1 CompilerThread0"         daemon [_thread_blocked, id=48600, stack(0x00000077aae00000,0x00000077aaf00000) (1024K)]
  0x00000239265b0ae0 JavaThread "Common-Cleaner"             daemon [_thread_blocked, id=50080, stack(0x00000077aaf00000,0x00000077ab000000) (1024K)]
  0x000002392662ec30 JavaThread "JDWP Transport Listener: dt_socket" daemon [_thread_blocked, id=44464, stack(0x00000077ab100000,0x00000077ab200000) (1024K)]
  0x00000239266316c0 JavaThread "JDWP Event Helper Thread"   daemon [_thread_blocked, id=49752, stack(0x00000077ab200000,0x00000077ab300000) (1024K)]
  0x0000023926631d40 JavaThread "JDWP Command Reader"        daemon [_thread_in_native, id=22176, stack(0x00000077ab300000,0x00000077ab400000) (1024K)]
  0x00000239265adcf0 JavaThread "Notification Thread"        daemon [_thread_blocked, id=48684, stack(0x00000077ab400000,0x00000077ab500000) (1024K)]
  0x00000239265af730 JavaThread "RMI TCP Accept-0"           daemon [_thread_in_native, id=49808, stack(0x00000077ab800000,0x00000077ab900000) (1024K)]
  0x00000239265ae380 JavaThread "RMI TCP Accept-65143"       daemon [_thread_in_native, id=48852, stack(0x00000077ab900000,0x00000077aba00000) (1024K)]
  0x00000239265afdc0 JavaThread "RMI TCP Accept-0"           daemon [_thread_in_native, id=37820, stack(0x00000077aba00000,0x00000077abb00000) (1024K)]
  0x00000239265af0a0 JavaThread "RMI Scheduler(0)"           daemon [_thread_blocked, id=10408, stack(0x00000077abc00000,0x00000077abd00000) (1024K)]
  0x00000239265ad660 JavaThread "RMI TCP Connection(68)-127.0.0.1" daemon [_thread_in_native, id=47204, stack(0x00000077abd00000,0x00000077abe00000) (1024K)]
  0x00000239265b0450 JavaThread "JMX server connection timeout 33" daemon [_thread_blocked, id=32476, stack(0x00000077abe00000,0x00000077abf00000) (1024K)]
  0x000002396cbbafd0 JavaThread "mysql-cj-abandoned-connection-cleanup" daemon [_thread_blocked, id=46696, stack(0x00000077ac200000,0x00000077ac300000) (1024K)]
  0x000002396cbbb660 JavaThread "Live Reload Server"         daemon [_thread_in_native, id=22212, stack(0x00000077acb00000,0x00000077acc00000) (1024K)]
  0x000002396f6c5e60 JavaThread "DestroyJavaVM"                     [_thread_blocked, id=48168, stack(0x00000077aa000000,0x00000077aa100000) (1024K)]
  0x000002396cbbf800 JavaThread "File Watcher"               daemon [_thread_blocked, id=46988, stack(0x00000077abb00000,0x00000077abc00000) (1024K)]
  0x000002396cbbc380 JavaThread "Thread-26"                         [_thread_blocked, id=14292, stack(0x00000077a9d00000,0x00000077a9e00000) (1024K)]
  0x000002396cbb9c20 JavaThread "restartedMain"                     [_thread_blocked, id=49452, stack(0x00000077a9f00000,0x00000077aa000000) (1024K)]
  0x000002396cbb8f00 JavaThread "HikariPool-8:housekeeper"   daemon [_thread_blocked, id=41928, stack(0x00000077abf00000,0x00000077ac000000) (1024K)]
  0x000002396cbbca10 JavaThread "Catalina-utility-1"                [_thread_blocked, id=36188, stack(0x00000077ac100000,0x00000077ac200000) (1024K)]
  0x000002396cbbf170 JavaThread "Catalina-utility-2"                [_thread_blocked, id=6744, stack(0x00000077ac300000,0x00000077ac400000) (1024K)]
  0x000002396cbbd730 JavaThread "container-1"                       [_thread_blocked, id=35816, stack(0x00000077ac400000,0x00000077ac500000) (1024K)]
Total: 28

Other Threads:
  0x0000023926491640 VMThread "VM Thread"                           [id=45384, stack(0x00000077aa700000,0x00000077aa800000) (1024K)]
  0x0000023926482890 WatcherThread "VM Periodic Task Thread"        [id=35872, stack(0x00000077aa600000,0x00000077aa700000) (1024K)]
  0x0000023918803140 WorkerThread "GC Thread#0"                     [id=47140, stack(0x00000077aa100000,0x00000077aa200000) (1024K)]
  0x000002396c27ed40 WorkerThread "GC Thread#1"                     [id=45300, stack(0x00000077ab500000,0x00000077ab600000) (1024K)]
=>0x000002396c27f0e0 WorkerThread "GC Thread#2"                     [id=41224, stack(0x00000077ab600000,0x00000077ab700000) (1024K)]
  0x000002396c27f480 WorkerThread "GC Thread#3"                     [id=19924, stack(0x00000077ab700000,0x00000077ab800000) (1024K)]
  0x0000023918814ea0 ConcurrentGCThread "G1 Main Marker"            [id=40908, stack(0x00000077aa200000,0x00000077aa300000) (1024K)]
  0x00000239188158f0 WorkerThread "G1 Conc#0"                       [id=37900, stack(0x00000077aa300000,0x00000077aa400000) (1024K)]
  0x0000023926344600 ConcurrentGCThread "G1 Refine#0"               [id=48872, stack(0x00000077aa400000,0x00000077aa500000) (1024K)]
  0x0000023926344e20 ConcurrentGCThread "G1 Service"                [id=38452, stack(0x00000077aa500000,0x00000077aa600000) (1024K)]
Total: 10

Threads with active compile tasks:
Total: 0

VM state: at safepoint (normal execution)

VM Mutex/Monitor currently owned by a thread:  ([mutex/lock_event])
[0x00007ffcb1bee308] Threads_lock - owner thread: 0x0000023926491640
[0x00007ffcb1bee408] Heap_lock - owner thread: 0x000002396cbbf800

Heap address: 0x0000000701800000, size: 4072 MB, Compressed Oops mode: Zero based, Oop shift amount: 3

CDS archive(s) mapped at: [0x0000023927000000-0x0000023927c80000-0x0000023927c80000), size 13107200, SharedBaseAddress: 0x0000023927000000, ArchiveRelocationMode: 1.
Compressed class space mapped at: 0x0000023928000000-0x0000023968000000, reserved size: 1073741824
Narrow klass base: 0x0000023927000000, Narrow klass shift: 0, Narrow klass range: 0x100000000

GC Precious Log:
 CardTable entry size: 512
 Card Set container configuration: InlinePtr #cards 4 size 8 Array Of Cards #cards 16 size 48 Howl #buckets 8 coarsen threshold 3686 Howl Bitmap #cards 512 size 80 coarsen threshold 460 Card regions per heap region 1 cards per card region 4096
 CPUs: 4 total, 4 available
 Memory: 16280M
 Large Page Support: Disabled
 NUMA Support: Disabled
 Compressed Oops: Enabled (Zero based)
 Heap Region Size: 2M
 Heap Min Capacity: 8M
 Heap Initial Capacity: 256M
 Heap Max Capacity: 4072M
 Pre-touch: Disabled
 Parallel Workers: 4
 Concurrent Workers: 1
 Concurrent Refinement Workers: 4
 Periodic GC: Disabled

Heap:
 garbage-first heap   total 151552K, used 129459K [0x0000000701800000, 0x0000000800000000)
  region size 2048K, 40 young (81920K), 3 survivors (6144K)
 Metaspace       used 116203K, committed 117184K, reserved 1179648K
  class space    used 15663K, committed 16128K, reserved 1048576K

Heap Regions: E=young(eden), S=young(survivor), O=old, HS=humongous(starts), HC=humongous(continues), CS=collection set, F=free, TAMS=top-at-mark-start, PB=parsable bottom
|   0|0x0000000701800000, 0x0000000701a00000, 0x0000000701a00000|100%| O|  |TAMS 0x0000000701800000| PB 0x0000000701800000| Untracked 
|   1|0x0000000701a00000, 0x0000000701c00000, 0x0000000701c00000|100%| O|  |TAMS 0x0000000701a00000| PB 0x0000000701a00000| Untracked 
|   2|0x0000000701c00000, 0x0000000701dfff88, 0x0000000701e00000| 99%| O|  |TAMS 0x0000000701c00000| PB 0x0000000701c00000| Untracked 
|   3|0x0000000701e00000, 0x0000000702000000, 0x0000000702000000|100%| O|  |TAMS 0x0000000701e00000| PB 0x0000000701e00000| Untracked 
|   4|0x0000000702000000, 0x00000007021ffff8, 0x0000000702200000| 99%| O|  |TAMS 0x0000000702000000| PB 0x0000000702000000| Untracked 
|   5|0x0000000702200000, 0x00000007023fffd8, 0x0000000702400000| 99%| O|  |TAMS 0x0000000702200000| PB 0x0000000702200000| Untracked 
|   6|0x0000000702400000, 0x00000007025fff98, 0x0000000702600000| 99%| O|  |TAMS 0x0000000702400000| PB 0x0000000702400000| Untracked 
|   7|0x0000000702600000, 0x00000007027fffc0, 0x0000000702800000| 99%| O|  |TAMS 0x0000000702600000| PB 0x0000000702600000| Untracked 
|   8|0x0000000702800000, 0x00000007029ffff0, 0x0000000702a00000| 99%| O|  |TAMS 0x0000000702800000| PB 0x0000000702800000| Untracked 
|   9|0x0000000702a00000, 0x0000000702bffff0, 0x0000000702c00000| 99%| O|  |TAMS 0x0000000702a00000| PB 0x0000000702a00000| Untracked 
|  10|0x0000000702c00000, 0x0000000702e00000, 0x0000000702e00000|100%| O|  |TAMS 0x0000000702c00000| PB 0x0000000702c00000| Untracked 
|  11|0x0000000702e00000, 0x0000000702ffffe8, 0x0000000703000000| 99%| O|  |TAMS 0x0000000702e00000| PB 0x0000000702e00000| Untracked 
|  12|0x0000000703000000, 0x00000007031fffe0, 0x0000000703200000| 99%| O|  |TAMS 0x0000000703000000| PB 0x0000000703000000| Untracked 
|  13|0x0000000703200000, 0x0000000703400000, 0x0000000703400000|100%| O|  |TAMS 0x0000000703200000| PB 0x0000000703200000| Untracked 
|  14|0x0000000703400000, 0x00000007035ff438, 0x0000000703600000| 99%| O|  |TAMS 0x0000000703400000| PB 0x0000000703400000| Untracked 
|  15|0x0000000703600000, 0x00000007037ffff0, 0x0000000703800000| 99%| O|  |TAMS 0x0000000703600000| PB 0x0000000703600000| Untracked 
|  16|0x0000000703800000, 0x00000007039fffe8, 0x0000000703a00000| 99%| O|  |TAMS 0x0000000703800000| PB 0x0000000703800000| Untracked 
|  17|0x0000000703a00000, 0x0000000703ad2fa8, 0x0000000703c00000| 41%| O|  |TAMS 0x0000000703a00000| PB 0x0000000703a00000| Untracked 
|  18|0x0000000703c00000, 0x0000000703dfffd8, 0x0000000703e00000| 99%| O|  |TAMS 0x0000000703c00000| PB 0x0000000703c00000| Untracked 
|  19|0x0000000703e00000, 0x0000000703ffffe8, 0x0000000704000000| 99%| O|  |TAMS 0x0000000703e00000| PB 0x0000000703e00000| Untracked 
|  20|0x0000000704000000, 0x0000000704200000, 0x0000000704200000|100%| O|  |TAMS 0x0000000704000000| PB 0x0000000704000000| Untracked 
|  21|0x0000000704200000, 0x00000007043663e0, 0x0000000704400000| 69%| O|  |TAMS 0x0000000704200000| PB 0x0000000704200000| Untracked 
|  22|0x0000000704400000, 0x0000000704473430, 0x0000000704600000| 22%| O|CS|TAMS 0x0000000704400000| PB 0x0000000704400000| Complete 
|  23|0x0000000704600000, 0x0000000704800000, 0x0000000704800000|100%| O|  |TAMS 0x0000000704600000| PB 0x0000000704600000| Untracked 
|  24|0x0000000704800000, 0x0000000704a00000, 0x0000000704a00000|100%| O|  |TAMS 0x0000000704800000| PB 0x0000000704800000| Untracked 
|  25|0x0000000704a00000, 0x0000000704bebfd0, 0x0000000704c00000| 96%| O|  |TAMS 0x0000000704a00000| PB 0x0000000704a00000| Untracked 
|  26|0x0000000704c00000, 0x0000000704c00000, 0x0000000704e00000|  0%| F|  |TAMS 0x0000000704c00000| PB 0x0000000704c00000| Untracked 
|  27|0x0000000704e00000, 0x0000000704e00000, 0x0000000705000000|  0%| F|  |TAMS 0x0000000704e00000| PB 0x0000000704e00000| Untracked 
|  28|0x0000000705000000, 0x0000000705000000, 0x0000000705200000|  0%| F|  |TAMS 0x0000000705000000| PB 0x0000000705000000| Untracked 
|  29|0x0000000705200000, 0x0000000705200000, 0x0000000705400000|  0%| F|  |TAMS 0x0000000705200000| PB 0x0000000705200000| Untracked 
|  30|0x0000000705400000, 0x0000000705400000, 0x0000000705600000|  0%| F|  |TAMS 0x0000000705400000| PB 0x0000000705400000| Untracked 
|  31|0x0000000705600000, 0x00000007056e5d60, 0x0000000705800000| 44%| S|  |TAMS 0x0000000705600000| PB 0x0000000705600000| Complete 
|  32|0x0000000705800000, 0x000000070589ad60, 0x0000000705a00000| 30%| E|CS|TAMS 0x0000000705800000| PB 0x0000000705800000| Complete 
|  33|0x0000000705a00000, 0x0000000705c00000, 0x0000000705c00000|100%| E|CS|TAMS 0x0000000705a00000| PB 0x0000000705a00000| Complete 
|  34|0x0000000705c00000, 0x0000000705e00000, 0x0000000705e00000|100%| E|CS|TAMS 0x0000000705c00000| PB 0x0000000705c00000| Complete 
|  35|0x0000000705e00000, 0x0000000706000000, 0x0000000706000000|100%| S|  |TAMS 0x0000000705e00000| PB 0x0000000705e00000| Complete 
|  36|0x0000000706000000, 0x0000000706200000, 0x0000000706200000|100%| S|  |TAMS 0x0000000706000000| PB 0x0000000706000000| Complete 
|  37|0x0000000706200000, 0x0000000706400000, 0x0000000706400000|100%| E|CS|TAMS 0x0000000706200000| PB 0x0000000706200000| Complete 
|  38|0x0000000706400000, 0x0000000706600000, 0x0000000706600000|100%| E|CS|TAMS 0x0000000706400000| PB 0x0000000706400000| Complete 
|  39|0x0000000706600000, 0x0000000706800000, 0x0000000706800000|100%| E|CS|TAMS 0x0000000706600000| PB 0x0000000706600000| Complete 
|  40|0x0000000706800000, 0x0000000706a00000, 0x0000000706a00000|100%| E|CS|TAMS 0x0000000706800000| PB 0x0000000706800000| Complete 
|  41|0x0000000706a00000, 0x0000000706c00000, 0x0000000706c00000|100%| E|CS|TAMS 0x0000000706a00000| PB 0x0000000706a00000| Complete 
|  42|0x0000000706c00000, 0x0000000706e00000, 0x0000000706e00000|100%| E|CS|TAMS 0x0000000706c00000| PB 0x0000000706c00000| Complete 
|  43|0x0000000706e00000, 0x0000000707000000, 0x0000000707000000|100%| E|CS|TAMS 0x0000000706e00000| PB 0x0000000706e00000| Complete 
|  44|0x0000000707000000, 0x0000000707200000, 0x0000000707200000|100%| E|CS|TAMS 0x0000000707000000| PB 0x0000000707000000| Complete 
|  45|0x0000000707200000, 0x0000000707400000, 0x0000000707400000|100%| E|CS|TAMS 0x0000000707200000| PB 0x0000000707200000| Complete 
|  46|0x0000000707400000, 0x0000000707600000, 0x0000000707600000|100%| E|CS|TAMS 0x0000000707400000| PB 0x0000000707400000| Complete 
|  47|0x0000000707600000, 0x0000000707800000, 0x0000000707800000|100%| E|CS|TAMS 0x0000000707600000| PB 0x0000000707600000| Complete 
|  48|0x0000000707800000, 0x0000000707a00000, 0x0000000707a00000|100%| E|CS|TAMS 0x0000000707800000| PB 0x0000000707800000| Complete 
|  49|0x0000000707a00000, 0x0000000707c00000, 0x0000000707c00000|100%| E|CS|TAMS 0x0000000707a00000| PB 0x0000000707a00000| Complete 
|  50|0x0000000707c00000, 0x0000000707e00000, 0x0000000707e00000|100%| E|CS|TAMS 0x0000000707c00000| PB 0x0000000707c00000| Complete 
|  51|0x0000000707e00000, 0x0000000708000000, 0x0000000708000000|100%| E|CS|TAMS 0x0000000707e00000| PB 0x0000000707e00000| Complete 
|  52|0x0000000708000000, 0x0000000708200000, 0x0000000708200000|100%| E|CS|TAMS 0x0000000708000000| PB 0x0000000708000000| Complete 
|  53|0x0000000708200000, 0x0000000708400000, 0x0000000708400000|100%| E|CS|TAMS 0x0000000708200000| PB 0x0000000708200000| Complete 
|  54|0x0000000708400000, 0x0000000708600000, 0x0000000708600000|100%| E|CS|TAMS 0x0000000708400000| PB 0x0000000708400000| Complete 
|  55|0x0000000708600000, 0x0000000708800000, 0x0000000708800000|100%| E|CS|TAMS 0x0000000708600000| PB 0x0000000708600000| Complete 
|  56|0x0000000708800000, 0x0000000708a00000, 0x0000000708a00000|100%| E|CS|TAMS 0x0000000708800000| PB 0x0000000708800000| Complete 
|  57|0x0000000708a00000, 0x0000000708c00000, 0x0000000708c00000|100%| E|CS|TAMS 0x0000000708a00000| PB 0x0000000708a00000| Complete 
|  58|0x0000000708c00000, 0x0000000708e00000, 0x0000000708e00000|100%| E|CS|TAMS 0x0000000708c00000| PB 0x0000000708c00000| Complete 
|  59|0x0000000708e00000, 0x0000000709000000, 0x0000000709000000|100%| E|CS|TAMS 0x0000000708e00000| PB 0x0000000708e00000| Complete 
|  60|0x0000000709000000, 0x0000000709200000, 0x0000000709200000|100%| E|CS|TAMS 0x0000000709000000| PB 0x0000000709000000| Complete 
|  61|0x0000000709200000, 0x0000000709400000, 0x0000000709400000|100%| E|CS|TAMS 0x0000000709200000| PB 0x0000000709200000| Complete 
|  62|0x0000000709400000, 0x0000000709600000, 0x0000000709600000|100%| E|CS|TAMS 0x0000000709400000| PB 0x0000000709400000| Complete 
|  63|0x0000000709600000, 0x0000000709800000, 0x0000000709800000|100%| E|CS|TAMS 0x0000000709600000| PB 0x0000000709600000| Complete 
|  64|0x0000000709800000, 0x0000000709a00000, 0x0000000709a00000|100%| E|CS|TAMS 0x0000000709800000| PB 0x0000000709800000| Complete 
|  65|0x0000000709a00000, 0x0000000709c00000, 0x0000000709c00000|100%| E|CS|TAMS 0x0000000709a00000| PB 0x0000000709a00000| Complete 
|  66|0x0000000709c00000, 0x0000000709e00000, 0x0000000709e00000|100%| E|CS|TAMS 0x0000000709c00000| PB 0x0000000709c00000| Complete 
|  67|0x0000000709e00000, 0x000000070a000000, 0x000000070a000000|100%| E|CS|TAMS 0x0000000709e00000| PB 0x0000000709e00000| Complete 
|  68|0x000000070a000000, 0x000000070a200000, 0x000000070a200000|100%| E|CS|TAMS 0x000000070a000000| PB 0x000000070a000000| Complete 
|  69|0x000000070a200000, 0x000000070a400000, 0x000000070a400000|100%| E|CS|TAMS 0x000000070a200000| PB 0x000000070a200000| Complete 
|  70|0x000000070a400000, 0x000000070a600000, 0x000000070a600000|100%| E|CS|TAMS 0x000000070a400000| PB 0x000000070a400000| Complete 
|  71|0x000000070a600000, 0x000000070a800000, 0x000000070a800000|100%| E|CS|TAMS 0x000000070a600000| PB 0x000000070a600000| Complete 
|  72|0x000000070a800000, 0x000000070aa00000, 0x000000070aa00000|100%| E|CS|TAMS 0x000000070a800000| PB 0x000000070a800000| Complete 
|  73|0x000000070aa00000, 0x000000070ac00000, 0x000000070ac00000|100%| E|CS|TAMS 0x000000070aa00000| PB 0x000000070aa00000| Complete 

Card table byte_map: [0x000002391f920000,0x0000023920120000] _byte_map_base: 0x000002391c114000

Marking Bits: (CMBitMap*) 0x00000239188035e0
 Bits: [0x0000023920120000, 0x00000239240c0000)

Polling page: 0x00000239167a0000

Metaspace:

Usage:
  Non-class:     98.18 MB used.
      Class:     15.30 MB used.
       Both:    113.48 MB used.

Virtual space:
  Non-class space:      128.00 MB reserved,      98.69 MB ( 77%) committed,  2 nodes.
      Class space:        1.00 GB reserved,      15.75 MB (  2%) committed,  1 nodes.
             Both:        1.12 GB reserved,     114.44 MB ( 10%) committed. 

Chunk freelists:
   Non-Class:  12.92 MB
       Class:  236.00 KB
        Both:  13.15 MB

MaxMetaspaceSize: unlimited
CompressedClassSpaceSize: 1.00 GB
Initial GC threshold: 21.00 MB
Current GC threshold: 189.00 MB
CDS: on
 - commit_granule_bytes: 65536.
 - commit_granule_words: 8192.
 - virtual_space_node_default_size: 8388608.
 - enlarge_chunks_in_place: 1.
 - use_allocation_guard: 0.


Internal statistics:

num_allocs_failed_limit: 9.
num_arena_births: 3210.
num_arena_deaths: 1974.
num_vsnodes_births: 3.
num_vsnodes_deaths: 0.
num_space_committed: 1831.
num_space_uncommitted: 0.
num_chunks_returned_to_freelist: 2496.
num_chunks_taken_from_freelist: 9316.
num_chunk_merges: 559.
num_chunk_splits: 5062.
num_chunks_enlarged: 3382.
num_inconsistent_stats: 0.

CodeCache: size=49152Kb used=19742Kb max_used=21910Kb free=29409Kb
 bounds [0x000002391c120000, 0x000002391d720000, 0x000002391f120000]
 total_blobs=10531 nmethods=9642 adapters=811
 compilation: enabled
              stopped_count=0, restarted_count=0
 full_count=0

Compilation events (20 events):
Event: 3902.095 Thread 0x00000239264c65a0 29686       1       java.lang.reflect.Constructor::setAccessible (21 bytes)
Event: 3902.096 Thread 0x00000239264c65a0 nmethod 29686 0x000002391d3fdc90 code [0x000002391d3fde60, 0x000002391d3fe0a0]
Event: 3902.096 Thread 0x00000239264c65a0 29687       1       java.io.ObjectInputStream$BlockDataInputStream::setBlockDataMode (74 bytes)
Event: 3902.096 Thread 0x00000239264c65a0 nmethod 29687 0x000002391d3fd810 code [0x000002391d3fd9c0, 0x000002391d3fdbb8]
Event: 3902.096 Thread 0x00000239264c65a0 29688       1       java.io.ObjectOutputStream$BlockDataOutputStream::getUTFLength (124 bytes)
Event: 3902.097 Thread 0x00000239264c65a0 nmethod 29688 0x000002391d3fd210 code [0x000002391d3fd3c0, 0x000002391d3fd608]
Event: 3902.097 Thread 0x00000239264c65a0 29689       1       java.io.ObjectOutputStream$BlockDataOutputStream::writeByte (33 bytes)
Event: 3902.097 Thread 0x00000239264c65a0 nmethod 29689 0x000002391d3fce10 code [0x000002391d3fcfc0, 0x000002391d3fd108]
Event: 3910.289 Thread 0x00000239264c65a0 29690       1       org.apache.catalina.webresources.Cache::evict (79 bytes)
Event: 3910.290 Thread 0x00000239264c65a0 nmethod 29690 0x000002391d3fc790 code [0x000002391d3fc960, 0x000002391d3fcbd8]
Event: 3910.290 Thread 0x00000239264c65a0 29691       1       org.apache.tomcat.util.collections.ManagedConcurrentWeakHashMap::maintain (44 bytes)
Event: 3910.290 Thread 0x00000239264c65a0 nmethod 29691 0x000002391d3fc290 code [0x000002391d3fc440, 0x000002391d3fc608]
Event: 3910.290 Thread 0x00000239264c65a0 29692  s    1       org.apache.catalina.core.StandardWrapper::backgroundProcess (38 bytes)
Event: 3910.291 Thread 0x00000239264c65a0 nmethod 29692 0x000002391d3fbc90 code [0x000002391d3fbe60, 0x000002391d3fc188]
Event: 3930.416 Thread 0x00000239264c65a0 29693       1       org.springframework.boot.devtools.filewatch.DirectorySnapshot::getFilesMap (54 bytes)
Event: 3930.418 Thread 0x00000239264c65a0 nmethod 29693 0x000002391d3fb410 code [0x000002391d3fb620, 0x000002391d3fb970]
Event: 3930.419 Thread 0x00000239264c65a0 29694       1       org.springframework.boot.devtools.filewatch.DirectorySnapshot::getChangedFiles (256 bytes)
Event: 3930.423 Thread 0x00000239264c65a0 nmethod 29694 0x000002391d3f9610 code [0x000002391d3f99c0, 0x000002391d3fa8f0]
Event: 3962.956 Thread 0x00000239264c65a0 29695       1       java.io.ObjectOutputStream$BlockDataOutputStream::drain (45 bytes)
Event: 3962.956 Thread 0x00000239264c65a0 nmethod 29695 0x000002391d3f9210 code [0x000002391d3f93c0, 0x000002391d3f9548]

GC Heap History (20 events):
Event: 3490.218 GC heap after
{Heap after GC invocations=110 (full 5):
 garbage-first heap   total 124928K, used 48890K [0x0000000701800000, 0x0000000800000000)
  region size 2048K, 3 young (6144K), 3 survivors (6144K)
 Metaspace       used 112922K, committed 113792K, reserved 1179648K
  class space    used 15316K, committed 15744K, reserved 1048576K
}
Event: 3491.587 GC heap before
{Heap before GC invocations=111 (full 5):
 garbage-first heap   total 124928K, used 98042K [0x0000000701800000, 0x0000000800000000)
  region size 2048K, 28 young (57344K), 3 survivors (6144K)
 Metaspace       used 113226K, committed 114112K, reserved 1179648K
  class space    used 15371K, committed 15808K, reserved 1048576K
}
Event: 3491.600 GC heap after
{Heap after GC invocations=112 (full 5):
 garbage-first heap   total 124928K, used 52784K [0x0000000701800000, 0x0000000800000000)
  region size 2048K, 2 young (4096K), 2 survivors (4096K)
 Metaspace       used 113226K, committed 114112K, reserved 1179648K
  class space    used 15371K, committed 15808K, reserved 1048576K
}
Event: 3492.554 GC heap before
{Heap before GC invocations=113 (full 5):
 garbage-first heap   total 124928K, used 108080K [0x0000000701800000, 0x0000000800000000)
  region size 2048K, 29 young (59392K), 2 survivors (4096K)
 Metaspace       used 114101K, committed 115008K, reserved 1179648K
  class space    used 15447K, committed 15872K, reserved 1048576K
}
Event: 3492.565 GC heap after
{Heap after GC invocations=114 (full 5):
 garbage-first heap   total 124928K, used 56797K [0x0000000701800000, 0x0000000800000000)
  region size 2048K, 4 young (8192K), 4 survivors (8192K)
 Metaspace       used 114101K, committed 115008K, reserved 1179648K
  class space    used 15447K, committed 15872K, reserved 1048576K
}
Event: 3493.313 GC heap before
{Heap before GC invocations=114 (full 5):
 garbage-first heap   total 124928K, used 103901K [0x0000000701800000, 0x0000000800000000)
  region size 2048K, 27 young (55296K), 4 survivors (8192K)
 Metaspace       used 114636K, committed 115648K, reserved 1179648K
  class space    used 15502K, committed 16000K, reserved 1048576K
}
Event: 3493.329 GC heap after
{Heap after GC invocations=115 (full 5):
 garbage-first heap   total 124928K, used 59302K [0x0000000701800000, 0x0000000800000000)
  region size 2048K, 4 young (8192K), 4 survivors (8192K)
 Metaspace       used 114636K, committed 115648K, reserved 1179648K
  class space    used 15502K, committed 16000K, reserved 1048576K
}
Event: 3547.808 GC heap before
{Heap before GC invocations=115 (full 5):
 garbage-first heap   total 124928K, used 104358K [0x0000000701800000, 0x0000000800000000)
  region size 2048K, 26 young (53248K), 4 survivors (8192K)
 Metaspace       used 114636K, committed 115648K, reserved 1179648K
  class space    used 15502K, committed 16000K, reserved 1048576K
}
Event: 3547.823 GC heap after
{Heap after GC invocations=116 (full 5):
 garbage-first heap   total 151552K, used 59355K [0x0000000701800000, 0x0000000800000000)
  region size 2048K, 2 young (4096K), 2 survivors (4096K)
 Metaspace       used 114636K, committed 115648K, reserved 1179648K
  class space    used 15502K, committed 16000K, reserved 1048576K
}
Event: 3638.336 GC heap before
{Heap before GC invocations=117 (full 5):
 garbage-first heap   total 151552K, used 133083K [0x0000000701800000, 0x0000000800000000)
  region size 2048K, 38 young (77824K), 2 survivors (4096K)
 Metaspace       used 114561K, committed 115648K, reserved 1179648K
  class space    used 15483K, committed 16000K, reserved 1048576K
}
Event: 3638.342 GC heap after
{Heap after GC invocations=118 (full 5):
 garbage-first heap   total 151552K, used 59231K [0x0000000701800000, 0x0000000800000000)
  region size 2048K, 2 young (4096K), 2 survivors (4096K)
 Metaspace       used 114561K, committed 115648K, reserved 1179648K
  class space    used 15483K, committed 16000K, reserved 1048576K
}
Event: 3728.948 GC heap before
{Heap before GC invocations=118 (full 5):
 garbage-first heap   total 151552K, used 132959K [0x0000000701800000, 0x0000000800000000)
  region size 2048K, 38 young (77824K), 2 survivors (4096K)
 Metaspace       used 114561K, committed 115648K, reserved 1179648K
  class space    used 15483K, committed 16000K, reserved 1048576K
}
Event: 3728.958 GC heap after
{Heap after GC invocations=119 (full 5):
 garbage-first heap   total 151552K, used 56083K [0x0000000701800000, 0x0000000800000000)
  region size 2048K, 2 young (4096K), 2 survivors (4096K)
 Metaspace       used 114561K, committed 115648K, reserved 1179648K
  class space    used 15483K, committed 16000K, reserved 1048576K
}
Event: 3766.144 GC heap before
{Heap before GC invocations=119 (full 5):
 garbage-first heap   total 151552K, used 88851K [0x0000000701800000, 0x0000000800000000)
  region size 2048K, 19 young (38912K), 2 survivors (4096K)
 Metaspace       used 114564K, committed 115648K, reserved 1179648K
  class space    used 15483K, committed 16000K, reserved 1048576K
}
Event: 3766.250 GC heap after
{Heap after GC invocations=120 (full 6):
 garbage-first heap   total 151552K, used 41646K [0x0000000701800000, 0x0000000800000000)
  region size 2048K, 0 young (0K), 0 survivors (0K)
 Metaspace       used 114306K, committed 115648K, reserved 1179648K
  class space    used 15423K, committed 16000K, reserved 1048576K
}
Event: 3769.317 GC heap before
{Heap before GC invocations=120 (full 6):
 garbage-first heap   total 151552K, used 129710K [0x0000000701800000, 0x0000000800000000)
  region size 2048K, 44 young (90112K), 0 survivors (0K)
 Metaspace       used 115188K, committed 116096K, reserved 1179648K
  class space    used 15573K, committed 16000K, reserved 1048576K
}
Event: 3769.330 GC heap after
{Heap after GC invocations=121 (full 6):
 garbage-first heap   total 151552K, used 49460K [0x0000000701800000, 0x0000000800000000)
  region size 2048K, 4 young (8192K), 4 survivors (8192K)
 Metaspace       used 115188K, committed 116096K, reserved 1179648K
  class space    used 15573K, committed 16000K, reserved 1048576K
}
Event: 3793.134 GC heap before
{Heap before GC invocations=122 (full 6):
 garbage-first heap   total 151552K, used 129332K [0x0000000701800000, 0x0000000800000000)
  region size 2048K, 43 young (88064K), 4 survivors (8192K)
 Metaspace       used 116022K, committed 116992K, reserved 1179648K
  class space    used 15658K, committed 16128K, reserved 1048576K
}
Event: 3793.148 GC heap after
{Heap after GC invocations=123 (full 6):
 garbage-first heap   total 151552K, used 53683K [0x0000000701800000, 0x0000000800000000)
  region size 2048K, 3 young (6144K), 3 survivors (6144K)
 Metaspace       used 116022K, committed 116992K, reserved 1179648K
  class space    used 15658K, committed 16128K, reserved 1048576K
}
Event: 3967.856 GC heap before
{Heap before GC invocations=123 (full 6):
 garbage-first heap   total 151552K, used 127411K [0x0000000701800000, 0x0000000800000000)
  region size 2048K, 40 young (81920K), 3 survivors (6144K)
 Metaspace       used 116203K, committed 117184K, reserved 1179648K
  class space    used 15663K, committed 16128K, reserved 1048576K
}

Dll operation events (13 events):
Event: 0.077 Loaded shared library C:\Users\Angel Hernandez\Documents\ides\sts-4.31.0.RELEASE\plugins\org.eclipse.justj.openjdk.hotspot.jre.full.win32.x86_64_21.0.7.v20250502-0916\jre\bin\java.dll
Event: 0.130 Loaded shared library C:\Users\Angel Hernandez\Documents\ides\sts-4.31.0.RELEASE\plugins\org.eclipse.justj.openjdk.hotspot.jre.full.win32.x86_64_21.0.7.v20250502-0916\jre\bin\zip.dll
Event: 0.547 Loaded shared library C:\Users\Angel Hernandez\Documents\ides\sts-4.31.0.RELEASE\plugins\org.eclipse.justj.openjdk.hotspot.jre.full.win32.x86_64_21.0.7.v20250502-0916\jre\bin\instrument.dll
Event: 0.558 Loaded shared library C:\Users\Angel Hernandez\Documents\ides\sts-4.31.0.RELEASE\plugins\org.eclipse.justj.openjdk.hotspot.jre.full.win32.x86_64_21.0.7.v20250502-0916\jre\bin\net.dll
Event: 0.562 Loaded shared library C:\Users\Angel Hernandez\Documents\ides\sts-4.31.0.RELEASE\plugins\org.eclipse.justj.openjdk.hotspot.jre.full.win32.x86_64_21.0.7.v20250502-0916\jre\bin\nio.dll
Event: 0.565 Loaded shared library C:\Users\Angel Hernandez\Documents\ides\sts-4.31.0.RELEASE\plugins\org.eclipse.justj.openjdk.hotspot.jre.full.win32.x86_64_21.0.7.v20250502-0916\jre\bin\zip.dll
Event: 0.818 Loaded shared library C:\Users\Angel Hernandez\Documents\ides\sts-4.31.0.RELEASE\plugins\org.eclipse.justj.openjdk.hotspot.jre.full.win32.x86_64_21.0.7.v20250502-0916\jre\bin\jimage.dll
Event: 0.910 Loaded shared library C:\Users\Angel Hernandez\Documents\ides\sts-4.31.0.RELEASE\plugins\org.eclipse.justj.openjdk.hotspot.jre.full.win32.x86_64_21.0.7.v20250502-0916\jre\bin\management.dll
Event: 0.930 Loaded shared library C:\Users\Angel Hernandez\Documents\ides\sts-4.31.0.RELEASE\plugins\org.eclipse.justj.openjdk.hotspot.jre.full.win32.x86_64_21.0.7.v20250502-0916\jre\bin\management_ext.dll
Event: 1.616 Loaded shared library C:\Users\Angel Hernandez\Documents\ides\sts-4.31.0.RELEASE\plugins\org.eclipse.justj.openjdk.hotspot.jre.full.win32.x86_64_21.0.7.v20250502-0916\jre\bin\extnet.dll
Event: 1.665 Loaded shared library C:\Users\Angel Hernandez\Documents\ides\sts-4.31.0.RELEASE\plugins\org.eclipse.justj.openjdk.hotspot.jre.full.win32.x86_64_21.0.7.v20250502-0916\jre\bin\verify.dll
Event: 4.564 Loaded shared library C:\Users\Angel Hernandez\Documents\ides\sts-4.31.0.RELEASE\plugins\org.eclipse.justj.openjdk.hotspot.jre.full.win32.x86_64_21.0.7.v20250502-0916\jre\bin\sunmscapi.dll
Event: 3341.602 Loaded shared library C:\Users\Angel Hernandez\Documents\ides\sts-4.31.0.RELEASE\plugins\org.eclipse.justj.openjdk.hotspot.jre.full.win32.x86_64_21.0.7.v20250502-0916\jre\bin\awt.dll

Deoptimization events (20 events):
Event: 3902.093 Thread 0x00000239265ad660 DEOPT PACKING pc=0x000002391d03ae74 sp=0x00000077abdfdfc0
Event: 3902.093 Thread 0x00000239265ad660 DEOPT UNPACKING pc=0x000002391c174e42 sp=0x00000077abdfd528 mode 1
Event: 3902.093 Thread 0x00000239265ad660 DEOPT PACKING pc=0x000002391d03ae74 sp=0x00000077abdfdfc0
Event: 3902.093 Thread 0x00000239265ad660 DEOPT UNPACKING pc=0x000002391c174e42 sp=0x00000077abdfd528 mode 1
Event: 3902.094 Thread 0x00000239265ad660 DEOPT PACKING pc=0x000002391ce4d4bc sp=0x00000077abdfdca0
Event: 3902.094 Thread 0x00000239265ad660 DEOPT UNPACKING pc=0x000002391c174e42 sp=0x00000077abdfd208 mode 1
Event: 3902.095 Thread 0x00000239265ad660 DEOPT PACKING pc=0x000002391d03ae74 sp=0x00000077abdfdd10
Event: 3902.095 Thread 0x00000239265ad660 DEOPT UNPACKING pc=0x000002391c174e42 sp=0x00000077abdfd278 mode 1
Event: 3902.095 Thread 0x00000239265ad660 DEOPT PACKING pc=0x000002391d03ae74 sp=0x00000077abdfdd10
Event: 3902.095 Thread 0x00000239265ad660 DEOPT UNPACKING pc=0x000002391c174e42 sp=0x00000077abdfd278 mode 1
Event: 3902.095 Thread 0x00000239265ad660 DEOPT PACKING pc=0x000002391d03ae74 sp=0x00000077abdfdd10
Event: 3902.095 Thread 0x00000239265ad660 DEOPT UNPACKING pc=0x000002391c174e42 sp=0x00000077abdfd278 mode 1
Event: 3902.095 Thread 0x00000239265ad660 DEOPT PACKING pc=0x000002391d03ae74 sp=0x00000077abdfdd10
Event: 3902.095 Thread 0x00000239265ad660 DEOPT UNPACKING pc=0x000002391c174e42 sp=0x00000077abdfd278 mode 1
Event: 3902.095 Thread 0x00000239265ad660 DEOPT PACKING pc=0x000002391d03ae74 sp=0x00000077abdfdd10
Event: 3902.095 Thread 0x00000239265ad660 DEOPT UNPACKING pc=0x000002391c174e42 sp=0x00000077abdfd278 mode 1
Event: 3902.095 Thread 0x00000239265ad660 DEOPT PACKING pc=0x000002391d03ae74 sp=0x00000077abdfdd10
Event: 3902.096 Thread 0x00000239265ad660 DEOPT UNPACKING pc=0x000002391c174e42 sp=0x00000077abdfd278 mode 1
Event: 3902.096 Thread 0x00000239265ad660 DEOPT PACKING pc=0x000002391d03ae74 sp=0x00000077abdfdd10
Event: 3902.096 Thread 0x00000239265ad660 DEOPT UNPACKING pc=0x000002391c174e42 sp=0x00000077abdfd278 mode 1

Classes loaded (20 events):
Event: 3353.870 Loading class java/awt/geom/Path2D$Float
Event: 3353.870 Loading class java/awt/geom/Path2D$Float done
Event: 3353.871 Loading class java/awt/geom/Path2D$Double
Event: 3353.871 Loading class java/awt/geom/Path2D$Double done
Event: 3353.883 Loading class java/awt/geom/Path2D$Double$TxIterator
Event: 3353.883 Loading class java/awt/geom/Path2D$Iterator
Event: 3353.883 Loading class java/awt/geom/Path2D$Iterator done
Event: 3353.883 Loading class java/awt/geom/Path2D$Double$TxIterator done
Event: 3353.939 Loading class java/awt/geom/Path2D$Float$TxIterator
Event: 3353.939 Loading class java/awt/geom/Path2D$Float$TxIterator done
Event: 3354.053 Loading class java/awt/geom/Path2D$Float$CopyIterator
Event: 3354.053 Loading class java/awt/geom/Path2D$Float$CopyIterator done
Event: 3354.053 Loading class java/awt/geom/AreaIterator
Event: 3354.053 Loading class java/awt/geom/AreaIterator done
Event: 3354.144 Loading class java/util/zip/Deflater
Event: 3354.144 Loading class java/util/zip/Deflater done
Event: 3354.147 Loading class java/util/zip/Deflater$DeflaterZStreamRef
Event: 3354.147 Loading class java/util/zip/Deflater$DeflaterZStreamRef done
Event: 3492.827 Loading class java/time/DurationEditor
Event: 3492.827 Loading class java/time/DurationEditor done

Classes unloaded (20 events):
Event: 3766.188 Thread 0x0000023926491640 Unloading class 0x0000023928df1c00 'java/lang/invoke/LambdaForm$MH+0x0000023928df1c00'
Event: 3766.188 Thread 0x0000023926491640 Unloading class 0x0000023928df5400 'java/lang/invoke/LambdaForm$MH+0x0000023928df5400'
Event: 3766.188 Thread 0x0000023926491640 Unloading class 0x0000023928df8000 'java/lang/invoke/LambdaForm$MH+0x0000023928df8000'
Event: 3766.188 Thread 0x0000023926491640 Unloading class 0x0000023928e00400 'java/lang/invoke/LambdaForm$MH+0x0000023928e00400'
Event: 3766.188 Thread 0x0000023926491640 Unloading class 0x0000023928e01400 'java/lang/invoke/LambdaForm$MH+0x0000023928e01400'
Event: 3766.188 Thread 0x0000023926491640 Unloading class 0x0000023928e01c00 'java/lang/invoke/LambdaForm$MH+0x0000023928e01c00'
Event: 3766.188 Thread 0x0000023926491640 Unloading class 0x0000023928e03800 'java/lang/invoke/LambdaForm$MH+0x0000023928e03800'
Event: 3766.188 Thread 0x0000023926491640 Unloading class 0x0000023928e04400 'java/lang/invoke/LambdaForm$MH+0x0000023928e04400'
Event: 3766.188 Thread 0x0000023926491640 Unloading class 0x0000023928e04800 'java/lang/invoke/LambdaForm$MH+0x0000023928e04800'
Event: 3766.188 Thread 0x0000023926491640 Unloading class 0x0000023928e06800 'java/lang/invoke/LambdaForm$BMH+0x0000023928e06800'
Event: 3766.188 Thread 0x0000023926491640 Unloading class 0x0000023928e08400 'java/lang/invoke/LambdaForm$MH+0x0000023928e08400'
Event: 3766.188 Thread 0x0000023926491640 Unloading class 0x0000023928e3d400 'java/lang/invoke/LambdaForm$DMH+0x0000023928e3d400'
Event: 3766.188 Thread 0x0000023926491640 Unloading class 0x0000023928e3e000 'java/lang/invoke/LambdaForm$DMH+0x0000023928e3e000'
Event: 3766.188 Thread 0x0000023926491640 Unloading class 0x0000023928e91800 'java/lang/invoke/LambdaForm$MH+0x0000023928e91800'
Event: 3766.188 Thread 0x0000023926491640 Unloading class 0x0000023928e9c400 'java/lang/invoke/LambdaForm$MH+0x0000023928e9c400'
Event: 3766.188 Thread 0x0000023926491640 Unloading class 0x0000023928ea4400 'java/lang/invoke/LambdaForm$MH+0x0000023928ea4400'
Event: 3766.188 Thread 0x0000023926491640 Unloading class 0x0000023928ea5400 'java/lang/invoke/LambdaForm$MH+0x0000023928ea5400'
Event: 3766.188 Thread 0x0000023926491640 Unloading class 0x0000023928ea8000 'java/lang/invoke/LambdaForm$MH+0x0000023928ea8000'
Event: 3766.188 Thread 0x0000023926491640 Unloading class 0x0000023928ea8800 'java/lang/invoke/LambdaForm$MH+0x0000023928ea8800'
Event: 3769.471 Thread 0x0000023926491640 Unloading class 0x0000023928c9d400 'jdk/internal/reflect/GeneratedSerializationConstructorAccessor108'

Classes redefined (0 events):
No events

Internal exceptions (20 events):
Event: 3768.757 Thread 0x000002396cbb9c20 Exception <a 'java/lang/NoClassDefFoundError'{0x0000000706d7c6e0}: org/quartz/Scheduler> (0x0000000706d7c6e0) 
thrown [s\src\hotspot\share\oops\constantPool.cpp, line 873]
Event: 3768.758 Thread 0x000002396cbb9c20 Exception <a 'java/lang/NoClassDefFoundError'{0x0000000706d7cd60}: org/springframework/session/jdbc/JdbcIndexedSessionRepository> (0x0000000706d7cd60) 
thrown [s\src\hotspot\share\oops\constantPool.cpp, line 873]
Event: 3768.774 Thread 0x000002396cbb9c20 Exception <a 'java/lang/NoSuchMethodError'{0x0000000706a51600}: 'void java.lang.invoke.DelegatingMethodHandle$Holder.reinvoke_L(java.lang.Object, java.lang.Object, int)'> (0x0000000706a51600) 
thrown [s\src\hotspot\share\interpreter\linkResolver.cpp, line 773]
Event: 3768.911 Thread 0x000002396cbb9c20 Exception <a 'java/lang/NoSuchMethodError'{0x0000000706076180}: 'int java.lang.invoke.DirectMethodHandle$Holder.invokeVirtual(java.lang.Object, java.lang.Object, java.lang.Object, java.lang.Object)'> (0x0000000706076180) 
thrown [s\src\hotspot\share\interpreter\linkResolver.cpp, line 773]
Event: 3768.911 Thread 0x000002396cbb9c20 Exception <a 'java/lang/NoSuchMethodError'{0x0000000706079778}: 'int java.lang.invoke.DelegatingMethodHandle$Holder.reinvoke_L(java.lang.Object, java.lang.Object, java.lang.Object, java.lang.Object)'> (0x0000000706079778) 
thrown [s\src\hotspot\share\interpreter\linkResolver.cpp, line 773]
Event: 3768.920 Thread 0x000002396cbb9c20 Exception <a 'java/io/FileNotFoundException'{0x00000007060d9278}> (0x00000007060d9278) 
thrown [s\src\hotspot\share\prims\jni.cpp, line 520]
Event: 3768.946 Thread 0x000002396cbb9c20 Exception <a 'java/io/FileNotFoundException'{0x00000007061f96b8}> (0x00000007061f96b8) 
thrown [s\src\hotspot\share\prims\jni.cpp, line 520]
Event: 3768.947 Thread 0x000002396cbb9c20 Exception <a 'java/io/FileNotFoundException'{0x00000007061fb1f8}> (0x00000007061fb1f8) 
thrown [s\src\hotspot\share\prims\jni.cpp, line 520]
Event: 3768.948 Thread 0x000002396cbb9c20 Exception <a 'java/io/FileNotFoundException'{0x00000007061fe798}> (0x00000007061fe798) 
thrown [s\src\hotspot\share\prims\jni.cpp, line 520]
Event: 3769.112 Thread 0x000002396cbb9c20 Exception <a 'sun/nio/fs/WindowsException'{0x00000007058117b0}> (0x00000007058117b0) 
thrown [s\src\hotspot\share\prims\jni.cpp, line 520]
Event: 3769.113 Thread 0x000002396cbb9c20 Exception <a 'sun/nio/fs/WindowsException'{0x0000000705814af8}> (0x0000000705814af8) 
thrown [s\src\hotspot\share\prims\jni.cpp, line 520]
Event: 3769.113 Thread 0x000002396cbb9c20 Exception <a 'sun/nio/fs/WindowsException'{0x0000000705817de8}> (0x0000000705817de8) 
thrown [s\src\hotspot\share\prims\jni.cpp, line 520]
Event: 3769.113 Thread 0x000002396cbb9c20 Exception <a 'sun/nio/fs/WindowsException'{0x000000070581b0e8}> (0x000000070581b0e8) 
thrown [s\src\hotspot\share\prims\jni.cpp, line 520]
Event: 3769.114 Thread 0x000002396cbb9c20 Exception <a 'sun/nio/fs/WindowsException'{0x000000070581e6c8}> (0x000000070581e6c8) 
thrown [s\src\hotspot\share\prims\jni.cpp, line 520]
Event: 3769.114 Thread 0x000002396cbb9c20 Exception <a 'sun/nio/fs/WindowsException'{0x0000000705821830}> (0x0000000705821830) 
thrown [s\src\hotspot\share\prims\jni.cpp, line 520]
Event: 3769.114 Thread 0x000002396cbb9c20 Exception <a 'sun/nio/fs/WindowsException'{0x0000000705824938}> (0x0000000705824938) 
thrown [s\src\hotspot\share\prims\jni.cpp, line 520]
Event: 3770.256 Thread 0x000002396cbb9c20 Exception <a 'java/io/FileNotFoundException'{0x000000070832c698}> (0x000000070832c698) 
thrown [s\src\hotspot\share\prims\jni.cpp, line 520]
Event: 3770.379 Thread 0x000002396cbb9c20 Exception <a 'java/io/FileNotFoundException'{0x0000000707ac3cb0}> (0x0000000707ac3cb0) 
thrown [s\src\hotspot\share\prims\jni.cpp, line 520]
Event: 3770.380 Thread 0x000002396cbb9c20 Exception <a 'java/io/FileNotFoundException'{0x0000000707acf7b0}> (0x0000000707acf7b0) 
thrown [s\src\hotspot\share\prims\jni.cpp, line 520]
Event: 3902.096 Thread 0x00000239265ad660 Exception <a 'java/lang/NoSuchMethodError'{0x0000000707c72a68}: static [B.<clinit>()V> (0x0000000707c72a68) 
thrown [s\src\hotspot\share\prims\jni.cpp, line 1111]

ZGC Phase Switch (0 events):
No events

VM Operations (20 events):
Event: 3799.722 Executing VM operation: get/set locals done
Event: 3799.722 Executing VM operation: get/set locals
Event: 3799.722 Executing VM operation: get/set locals done
Event: 3799.723 Executing VM operation: get/set locals
Event: 3799.723 Executing VM operation: get/set locals done
Event: 3799.724 Executing VM operation: get/set locals
Event: 3799.724 Executing VM operation: get/set locals done
Event: 3799.725 Executing VM operation: get/set locals
Event: 3799.726 Executing VM operation: get/set locals done
Event: 3799.727 Executing VM operation: get/set locals
Event: 3799.727 Executing VM operation: get/set locals done
Event: 3799.727 Executing VM operation: get/set locals
Event: 3799.727 Executing VM operation: get/set locals done
Event: 3799.728 Executing VM operation: get/set locals
Event: 3799.728 Executing VM operation: get/set locals done
Event: 3799.729 Executing VM operation: get/set locals
Event: 3799.729 Executing VM operation: get/set locals done
Event: 3843.750 Executing VM operation: Cleanup
Event: 3843.750 Executing VM operation: Cleanup done
Event: 3967.855 Executing VM operation: G1CollectForAllocation (G1 Evacuation Pause)

Memory protections (0 events):
No events

Nmethod flushes (20 events):
Event: 3769.484 Thread 0x0000023926491640 flushing  nmethod 0x000002391d45d610
Event: 3769.484 Thread 0x0000023926491640 flushing  nmethod 0x000002391d475b10
Event: 3769.484 Thread 0x0000023926491640 flushing  nmethod 0x000002391d475e90
Event: 3769.484 Thread 0x0000023926491640 flushing  nmethod 0x000002391d47b110
Event: 3769.484 Thread 0x0000023926491640 flushing  nmethod 0x000002391d551510
Event: 3769.484 Thread 0x0000023926491640 flushing  nmethod 0x000002391d551c10
Event: 3769.484 Thread 0x0000023926491640 flushing  nmethod 0x000002391d552710
Event: 3769.484 Thread 0x0000023926491640 flushing  nmethod 0x000002391d552c90
Event: 3769.484 Thread 0x0000023926491640 flushing  nmethod 0x000002391d553010
Event: 3769.484 Thread 0x0000023926491640 flushing  nmethod 0x000002391d553390
Event: 3769.484 Thread 0x0000023926491640 flushing  nmethod 0x000002391d553690
Event: 3769.484 Thread 0x0000023926491640 flushing  nmethod 0x000002391d553b90
Event: 3769.484 Thread 0x0000023926491640 flushing  nmethod 0x000002391d553e90
Event: 3769.484 Thread 0x0000023926491640 flushing  nmethod 0x000002391d569c90
Event: 3769.484 Thread 0x0000023926491640 flushing  nmethod 0x000002391d56a390
Event: 3769.484 Thread 0x0000023926491640 flushing  nmethod 0x000002391d56b990
Event: 3769.484 Thread 0x0000023926491640 flushing  nmethod 0x000002391d56bc90
Event: 3769.484 Thread 0x0000023926491640 flushing  nmethod 0x000002391d56c490
Event: 3769.484 Thread 0x0000023926491640 flushing  nmethod 0x000002391d5da590
Event: 3769.484 Thread 0x0000023926491640 flushing  nmethod 0x000002391d5dc810

Events (20 events):
Event: 3766.137 Thread 0x000002396cbbfe90 Thread exited: 0x000002396cbbfe90
Event: 3766.143 Thread 0x000002396f6ca000 Thread exited: 0x000002396f6ca000
Event: 3766.251 Thread 0x000002396f6c57d0 Thread exited: 0x000002396f6c57d0
Event: 3766.251 Thread 0x000002396cbbc380 Thread added: 0x000002396cbba2b0
Event: 3766.261 Thread 0x000002396cbbc380 Thread added: 0x000002396cbb9c20
Event: 3766.261 Thread 0x000002396cbba2b0 Thread exited: 0x000002396cbba2b0
Event: 3766.274 Thread 0x000002396f6c92e0 Thread exited: 0x000002396f6c92e0
Event: 3766.274 Thread 0x000002396f6c9970 Thread exited: 0x000002396f6c9970
Event: 3766.594 Thread 0x000002396cbb9c20 Thread added: 0x000002396cbbf170
Event: 3766.707 Thread 0x000002396cbbf170 Thread exited: 0x000002396cbbf170
Event: 3768.925 Thread 0x00000239264c65a0 Thread added: 0x0000023974cae7e0
Event: 3768.927 Thread 0x0000023974cae7e0 Thread added: 0x0000023974ca9620
Event: 3769.173 Thread 0x000002396cbb9c20 Thread added: 0x000002396cbb8f00
Event: 3769.274 Thread 0x000002396cbb8f00 Thread added: 0x000002396cbbbcf0
Event: 3770.257 Thread 0x000002396cbb9c20 Thread added: 0x000002396cbbca10
Event: 3770.257 Thread 0x000002396cbb9c20 Thread added: 0x000002396cbbf170
Event: 3770.258 Thread 0x000002396cbb9c20 Thread added: 0x000002396cbbd730
Event: 3774.638 Thread 0x0000023974ca9620 Thread exited: 0x0000023974ca9620
Event: 3774.638 Thread 0x000002396cbbbcf0 Thread exited: 0x000002396cbbbcf0
Event: 3779.638 Thread 0x0000023974cae7e0 Thread exited: 0x0000023974cae7e0


Dynamic libraries:
0x00007ff69ff50000 - 0x00007ff69ff5e000 	C:\Users\Angel Hernandez\Documents\ides\sts-4.31.0.RELEASE\plugins\org.eclipse.justj.openjdk.hotspot.jre.full.win32.x86_64_21.0.7.v20250502-0916\jre\bin\javaw.exe
0x00007ffd80b90000 - 0x00007ffd80da7000 	C:\Windows\SYSTEM32\ntdll.dll
0x00007ffd7f8a0000 - 0x00007ffd7f964000 	C:\Windows\System32\KERNEL32.DLL
0x00007ffd7e0b0000 - 0x00007ffd7e467000 	C:\Windows\System32\KERNELBASE.dll
0x00007ffd7de70000 - 0x00007ffd7df81000 	C:\Windows\System32\ucrtbase.dll
0x00007ffd77180000 - 0x00007ffd7719e000 	C:\Users\Angel Hernandez\Documents\ides\sts-4.31.0.RELEASE\plugins\org.eclipse.justj.openjdk.hotspot.jre.full.win32.x86_64_21.0.7.v20250502-0916\jre\bin\VCRUNTIME140.dll
0x00007ffd76ee0000 - 0x00007ffd76ef8000 	C:\Users\Angel Hernandez\Documents\ides\sts-4.31.0.RELEASE\plugins\org.eclipse.justj.openjdk.hotspot.jre.full.win32.x86_64_21.0.7.v20250502-0916\jre\bin\jli.dll
0x00007ffd7f580000 - 0x00007ffd7f72f000 	C:\Windows\System32\USER32.dll
0x00007ffd7e470000 - 0x00007ffd7e496000 	C:\Windows\System32\win32u.dll
0x00007ffd61c80000 - 0x00007ffd61f13000 	C:\Windows\WinSxS\amd64_microsoft.windows.common-controls_6595b64144ccf1df_6.0.22621.3672_none_2713b9d173822955\COMCTL32.dll
0x00007ffd7f360000 - 0x00007ffd7f389000 	C:\Windows\System32\GDI32.dll
0x00007ffd7e770000 - 0x00007ffd7e888000 	C:\Windows\System32\gdi32full.dll
0x00007ffd7f290000 - 0x00007ffd7f337000 	C:\Windows\System32\msvcrt.dll
0x00007ffd7e010000 - 0x00007ffd7e0aa000 	C:\Windows\System32\msvcp_win.dll
0x00007ffd7ead0000 - 0x00007ffd7eb01000 	C:\Windows\System32\IMM32.DLL
0x00007ffd77170000 - 0x00007ffd7717c000 	C:\Users\Angel Hernandez\Documents\ides\sts-4.31.0.RELEASE\plugins\org.eclipse.justj.openjdk.hotspot.jre.full.win32.x86_64_21.0.7.v20250502-0916\jre\bin\vcruntime140_1.dll
0x00007ffd3a400000 - 0x00007ffd3a48d000 	C:\Users\Angel Hernandez\Documents\ides\sts-4.31.0.RELEASE\plugins\org.eclipse.justj.openjdk.hotspot.jre.full.win32.x86_64_21.0.7.v20250502-0916\jre\bin\msvcp140.dll
0x00007ffcb0f40000 - 0x00007ffcb1cd0000 	C:\Users\Angel Hernandez\Documents\ides\sts-4.31.0.RELEASE\plugins\org.eclipse.justj.openjdk.hotspot.jre.full.win32.x86_64_21.0.7.v20250502-0916\jre\bin\server\jvm.dll
0x00007ffd7f390000 - 0x00007ffd7f442000 	C:\Windows\System32\ADVAPI32.dll
0x00007ffd7f450000 - 0x00007ffd7f4f8000 	C:\Windows\System32\sechost.dll
0x00007ffd7e610000 - 0x00007ffd7e638000 	C:\Windows\System32\bcrypt.dll
0x00007ffd80a00000 - 0x00007ffd80b14000 	C:\Windows\System32\RPCRT4.dll
0x00007ffd7ff20000 - 0x00007ffd7ff91000 	C:\Windows\System32\WS2_32.dll
0x00007ffd7dd40000 - 0x00007ffd7dd8d000 	C:\Windows\SYSTEM32\POWRPROF.dll
0x00007ffd73300000 - 0x00007ffd7330a000 	C:\Windows\SYSTEM32\VERSION.dll
0x00007ffd746c0000 - 0x00007ffd746f4000 	C:\Windows\SYSTEM32\WINMM.dll
0x00007ffd7dd20000 - 0x00007ffd7dd33000 	C:\Windows\SYSTEM32\UMPDC.dll
0x00007ffd7cec0000 - 0x00007ffd7ced8000 	C:\Windows\SYSTEM32\kernel.appcore.dll
0x00007ffd7b4b0000 - 0x00007ffd7b4ba000 	C:\Users\Angel Hernandez\Documents\ides\sts-4.31.0.RELEASE\plugins\org.eclipse.justj.openjdk.hotspot.jre.full.win32.x86_64_21.0.7.v20250502-0916\jre\bin\jimage.dll
0x00007ffd77630000 - 0x00007ffd77862000 	C:\Windows\SYSTEM32\DBGHELP.DLL
0x00007ffd7f970000 - 0x00007ffd7fcfe000 	C:\Windows\System32\combase.dll
0x00007ffd7e8f0000 - 0x00007ffd7e9c7000 	C:\Windows\System32\OLEAUT32.dll
0x00007ffd5d9c0000 - 0x00007ffd5d9f2000 	C:\Windows\SYSTEM32\dbgcore.DLL
0x00007ffd7df90000 - 0x00007ffd7e00b000 	C:\Windows\System32\bcryptPrimitives.dll
0x00007ffd39b10000 - 0x00007ffd39b4c000 	C:\Users\Angel Hernandez\Documents\ides\sts-4.31.0.RELEASE\plugins\org.eclipse.justj.openjdk.hotspot.jre.full.win32.x86_64_21.0.7.v20250502-0916\jre\bin\jdwp.dll
0x00007ffd7b4a0000 - 0x00007ffd7b4af000 	C:\Users\Angel Hernandez\Documents\ides\sts-4.31.0.RELEASE\plugins\org.eclipse.justj.openjdk.hotspot.jre.full.win32.x86_64_21.0.7.v20250502-0916\jre\bin\instrument.dll
0x00007ffd77030000 - 0x00007ffd7704f000 	C:\Users\Angel Hernandez\Documents\ides\sts-4.31.0.RELEASE\plugins\org.eclipse.justj.openjdk.hotspot.jre.full.win32.x86_64_21.0.7.v20250502-0916\jre\bin\java.dll
0x00007ffd80100000 - 0x00007ffd80969000 	C:\Windows\System32\SHELL32.dll
0x00007ffd7bde0000 - 0x00007ffd7c6df000 	C:\Windows\SYSTEM32\windows.storage.dll
0x00007ffd7bca0000 - 0x00007ffd7bddf000 	C:\Windows\SYSTEM32\wintypes.dll
0x00007ffd7e9d0000 - 0x00007ffd7eac9000 	C:\Windows\System32\SHCORE.dll
0x00007ffd7fd00000 - 0x00007ffd7fd5e000 	C:\Windows\System32\shlwapi.dll
0x00007ffd7dda0000 - 0x00007ffd7ddc7000 	C:\Windows\SYSTEM32\profapi.dll
0x00007ffd76ec0000 - 0x00007ffd76ed8000 	C:\Users\Angel Hernandez\Documents\ides\sts-4.31.0.RELEASE\plugins\org.eclipse.justj.openjdk.hotspot.jre.full.win32.x86_64_21.0.7.v20250502-0916\jre\bin\zip.dll
0x00007ffd66630000 - 0x00007ffd6663b000 	C:\Users\Angel Hernandez\Documents\ides\sts-4.31.0.RELEASE\plugins\org.eclipse.justj.openjdk.hotspot.jre.full.win32.x86_64_21.0.7.v20250502-0916\jre\bin\dt_socket.dll
0x00007ffd7c940000 - 0x00007ffd7c96d000 	C:\Windows\SYSTEM32\IPHLPAPI.DLL
0x00007ffd7d330000 - 0x00007ffd7d399000 	C:\Windows\system32\mswsock.dll
0x00007ffd7c9b0000 - 0x00007ffd7cab2000 	C:\Windows\SYSTEM32\DNSAPI.dll
0x00007ffd7f890000 - 0x00007ffd7f899000 	C:\Windows\System32\NSI.dll
0x00007ffd642b0000 - 0x00007ffd642ba000 	C:\Windows\System32\rasadhlp.dll
0x00007ffd73310000 - 0x00007ffd73393000 	C:\Windows\System32\fwpuclnt.dll
0x00007ffd76de0000 - 0x00007ffd76df0000 	C:\Users\Angel Hernandez\Documents\ides\sts-4.31.0.RELEASE\plugins\org.eclipse.justj.openjdk.hotspot.jre.full.win32.x86_64_21.0.7.v20250502-0916\jre\bin\net.dll
0x00007ffd73e00000 - 0x00007ffd73f36000 	C:\Windows\SYSTEM32\WINHTTP.dll
0x00007ffd76dc0000 - 0x00007ffd76dd6000 	C:\Users\Angel Hernandez\Documents\ides\sts-4.31.0.RELEASE\plugins\org.eclipse.justj.openjdk.hotspot.jre.full.win32.x86_64_21.0.7.v20250502-0916\jre\bin\nio.dll
0x00007ffd76da0000 - 0x00007ffd76daa000 	C:\Users\Angel Hernandez\Documents\ides\sts-4.31.0.RELEASE\plugins\org.eclipse.justj.openjdk.hotspot.jre.full.win32.x86_64_21.0.7.v20250502-0916\jre\bin\management.dll
0x00007ffd76d90000 - 0x00007ffd76d9b000 	C:\Users\Angel Hernandez\Documents\ides\sts-4.31.0.RELEASE\plugins\org.eclipse.justj.openjdk.hotspot.jre.full.win32.x86_64_21.0.7.v20250502-0916\jre\bin\management_ext.dll
0x00007ffd7eb10000 - 0x00007ffd7eb18000 	C:\Windows\System32\PSAPI.DLL
0x00007ffd59b00000 - 0x00007ffd59b17000 	C:\Windows\system32\napinsp.dll
0x00007ffd59ae0000 - 0x00007ffd59afb000 	C:\Windows\system32\pnrpnsp.dll
0x00007ffd59ac0000 - 0x00007ffd59ad1000 	C:\Windows\System32\winrnr.dll
0x00007ffd59aa0000 - 0x00007ffd59ab5000 	C:\Windows\system32\wshbth.dll
0x00007ffd59a70000 - 0x00007ffd59a97000 	C:\Windows\system32\nlansp_c.dll
0x00007ffd7d590000 - 0x00007ffd7d5ab000 	C:\Windows\SYSTEM32\CRYPTSP.dll
0x00007ffd7ce20000 - 0x00007ffd7ce55000 	C:\Windows\system32\rsaenh.dll
0x00007ffd7d420000 - 0x00007ffd7d448000 	C:\Windows\SYSTEM32\USERENV.dll
0x00007ffd7d580000 - 0x00007ffd7d58c000 	C:\Windows\SYSTEM32\CRYPTBASE.dll
0x00007ffd770b0000 - 0x00007ffd770b9000 	C:\Users\Angel Hernandez\Documents\ides\sts-4.31.0.RELEASE\plugins\org.eclipse.justj.openjdk.hotspot.jre.full.win32.x86_64_21.0.7.v20250502-0916\jre\bin\extnet.dll
0x00007ffd76db0000 - 0x00007ffd76dc0000 	C:\Users\Angel Hernandez\Documents\ides\sts-4.31.0.RELEASE\plugins\org.eclipse.justj.openjdk.hotspot.jre.full.win32.x86_64_21.0.7.v20250502-0916\jre\bin\verify.dll
0x00007ffd7bb20000 - 0x00007ffd7bb2e000 	C:\Users\Angel Hernandez\Documents\ides\sts-4.31.0.RELEASE\plugins\org.eclipse.justj.openjdk.hotspot.jre.full.win32.x86_64_21.0.7.v20250502-0916\jre\bin\sunmscapi.dll
0x00007ffd7e4a0000 - 0x00007ffd7e606000 	C:\Windows\System32\CRYPT32.dll
0x00007ffd7d740000 - 0x00007ffd7d76d000 	C:\Windows\SYSTEM32\ncrypt.dll
0x00007ffd7d700000 - 0x00007ffd7d737000 	C:\Windows\SYSTEM32\NTASN1.dll
0x00007ffd70820000 - 0x00007ffd70828000 	C:\Windows\system32\wshunix.dll
0x00007ffceef50000 - 0x00007ffcef0de000 	C:\Users\Angel Hernandez\Documents\ides\sts-4.31.0.RELEASE\plugins\org.eclipse.justj.openjdk.hotspot.jre.full.win32.x86_64_21.0.7.v20250502-0916\jre\bin\awt.dll
0x00007ffd76b30000 - 0x00007ffd76bc7000 	C:\Windows\SYSTEM32\apphelp.dll

dbghelp: loaded successfully - version: 4.0.5 - missing functions: none
symbol engine: initialized successfully - sym options: 0x614 - pdb path: .;C:\Users\Angel Hernandez\Documents\ides\sts-4.31.0.RELEASE\plugins\org.eclipse.justj.openjdk.hotspot.jre.full.win32.x86_64_21.0.7.v20250502-0916\jre\bin;C:\Windows\SYSTEM32;C:\Windows\WinSxS\amd64_microsoft.windows.common-controls_6595b64144ccf1df_6.0.22621.3672_none_2713b9d173822955;C:\Users\Angel Hernandez\Documents\ides\sts-4.31.0.RELEASE\plugins\org.eclipse.justj.openjdk.hotspot.jre.full.win32.x86_64_21.0.7.v20250502-0916\jre\bin\server

VM Arguments:
jvm_args: -XX:+ShowCodeDetailsInExceptionMessages -agentlib:jdwp=transport=dt_socket,suspend=y,address=localhost:54705 -Dcom.sun.management.jmxremote -Dcom.sun.management.jmxremote.port=65143 -Dcom.sun.management.jmxremote.authenticate=false -Dcom.sun.management.jmxremote.ssl=false -Djava.rmi.server.hostname=localhost -Dspring.jmx.enabled=true -Dmanagement.endpoints.jmx.exposure.include=* -Dspring.application.admin.enabled=true -Dspring.output.ansi.enabled=always -XX:TieredStopAtLevel=1 -Dspring.boot.project.name=app-boot -javaagent:C:\Users\Angel Hernandez\Documents\ides\sts-4.31.0.RELEASE\configuration\org.eclipse.osgi\273\0\.cp\lib\javaagent-shaded.jar -Dfile.encoding=UTF-8 -Dstdout.encoding=UTF-8 -Dstderr.encoding=UTF-8 
java_command: com.bachuco.app_boot.AppBootApplication
java_class_path (initial): C:\Users\Angel Hernandez\Documents\proyecto-bachuco\proyecto-bachuco-arq-hexagonal\portalBachuco\app-boot\target\classes;C:\Users\Angel Hernandez\.m2\repository\org\springframework\boot\spring-boot-starter-data-jpa\3.5.4\spring-boot-starter-data-jpa-3.5.4.jar;C:\Users\Angel Hernandez\.m2\repository\org\springframework\boot\spring-boot-starter\3.5.4\spring-boot-starter-3.5.4.jar;C:\Users\Angel Hernandez\.m2\repository\org\springframework\boot\spring-boot-starter-logging\3.5.4\spring-boot-starter-logging-3.5.4.jar;C:\Users\Angel Hernandez\.m2\repository\ch\qos\logback\logback-classic\1.5.18\logback-classic-1.5.18.jar;C:\Users\Angel Hernandez\.m2\repository\ch\qos\logback\logback-core\1.5.18\logback-core-1.5.18.jar;C:\Users\Angel Hernandez\.m2\repository\org\apache\logging\log4j\log4j-to-slf4j\2.24.3\log4j-to-slf4j-2.24.3.jar;C:\Users\Angel Hernandez\.m2\repository\org\apache\logging\log4j\log4j-api\2.24.3\log4j-api-2.24.3.jar;C:\Users\Angel Hernandez\.m2\repository\org\slf4j\jul-to-slf4j\2.0.17\jul-to-slf4j-2.0.17.jar;C:\Users\Angel Hernandez\.m2\repository\jakarta\annotation\jakarta.annotation-api\2.1.1\jakarta.annotation-api-2.1.1.jar;C:\Users\Angel Hernandez\.m2\repository\org\yaml\snakeyaml\2.4\snakeyaml-2.4.jar;C:\Users\Angel Hernandez\.m2\repository\org\springframework\boot\spring-boot-starter-jdbc\3.5.4\spring-boot-starter-jdbc-3.5.4.jar;C:\Users\Angel Hernandez\.m2\repository\com\zaxxer\HikariCP\6.3.1\HikariCP-6.3.1.jar;C:\Users\Angel Hernandez\.m2\repository\org\springframework\spring-jdbc\6.2.9\spring-jdbc-6.2.9.jar;C:\Users\Angel Hernandez\.m2\repository\org\hibernate\orm\hibernate-core\6.6.22.Final\hibernate-core-6.6.22.Final.jar;C:\Users\Angel Hernandez\.m2\repository\jakarta\transaction\jakarta.transaction-api\2.0.1\jakarta.transaction-api-2.0.1.jar;C:\Users\Angel Hernandez\.m2\repository\org\jboss\logging\jboss-logging\3.6.1.Final\jboss-logging-3.6.1.Final.jar;C:\Users\Angel Hernandez\.m2\repository\org\hibernate\common\hibernate-commons-annotations\7.0.3.Final\hibernate-commons-annotations-7.0.3.Final.jar;C:\Users\Angel Hernandez\.m2\repository\io\smallrye\jandex\3.2.0\jandex-3.2.0.jar;C:\Users\Angel Hernandez\.m2\repository\com\fasterxml\classmate\1.7.0\classmate-1.7.0.jar;C:\Users\Angel Hernandez\.m2\repository\net\bytebuddy\byte-buddy\1.17.6\byte-buddy-1.17.6.jar;C:\Users\Angel Hernandez\.m2\repository\org\glassfish\jaxb\jaxb-runtime\4.0.5\jaxb-runtime-4.0.5.jar;C:\Users\Angel Hernandez\.m2\repository\org\glassfish\jaxb\jaxb-core\4.0.5\jaxb-core-4.0.5.jar;C:\Users\Angel Hernandez\.m2\repository\org\glassfish\jaxb\txw2\4.0.5\txw2-4.0.5.jar;C:\Users\Angel Hernandez\.m2\repository\com\sun\istack\istack-commons-runtime\4.1.2\istack-commons-runtime-4.1.2.jar;C:\Users\Angel Hernandez\.m2\repository\jakarta\inject\jakarta.inject-api\2.0.1\jakarta.inject-api-2.0.1.jar;C:\Users\Angel Hernandez\.m2\repository\org\antlr\antlr4-runtime\4.13.0\antlr4-runtime-4.13.0.jar;C:\Users\Angel Hernandez\.m2\repository\org\springframework\data\spring-data-jpa\3.5.2\spring-data-jpa-3.5.2.jar;C:\Users\Angel Hernandez\.m2\repository\org\springframework\data\spring-data-commons\3.5.2\spring-data-commons-3.5.2.jar;C:\Users\Angel Hernandez\.m2\repository\org\springframework\spring-orm\6.2.9\spring-orm-6.2.9.jar;C:\Users\Angel Hernandez\.m2\repository\org\springframework\spring-context\6.2.9\spring-context-6.2.9.jar;C:\Users\Angel Hernandez\.m2\repository\org\springframework\spring-aop\6.2.9\spring-aop-6.2.9.jar;C:\Users\Angel Hernandez\.m2\repository\org\springframework\spring-tx\6.2.9\spring-tx-6.2.9.jar;C:\Users\Angel Hernandez\.m2\repository\org\springframework\spring-beans\6.2.9\spring-beans-6.2.9.jar;C:\Users\Angel Hernandez\.m2\repository\org\slf4j\slf4j-api\2.0.17\slf4j-api-2.0.17.jar;C:\Users\Angel Hernandez\.m2\repository\org\springframework\spring-aspects\6.2.9\spring-aspects-6.2.9.jar;C:\Users\Angel Hernandez\.m2\repository\org\aspectj\aspectjweaver\1.9.24\aspectjweaver-1.9.24.jar;C:\Users\Angel Hernandez\.m2\repository\org\springframework\boot\spring-boot-starter-validation\3.5.4\spring-boot-starter-validation-3.5.4.jar;C:\Users\Angel Hernandez\.m2\repository\org\apache\tomcat\embed\tomcat-embed-el\10.1.43\tomcat-embed-el-10.1.43.jar;C:\Users\Angel Hernandez\.m2\repository\org\hibernate\validator\hibernate-validator\8.0.2.Final\hibernate-validator-8.0.2.Final.jar;C:\Users\Angel Hernandez\.m2\repository\jakarta\validation\jakarta.validation-api\3.0.2\jakarta.validation-api-3.0.2.jar;C:\Users\Angel Hernandez\.m2\repository\org\springframework\boot\spring-boot-starter-web\3.5.4\spring-boot-starter-web-3.5.4.jar;C:\Users\Angel Hernandez\.m2\repository\org\springframework\boot\spring-boot-starter-json\3.5.4\spring-boot-starter-json-3.5.4.jar;C:\Users\Angel Hernandez\.m2\repository\com\fasterxml\jackson\core\jackson-databind\2.19.2\jackson-databind-2.19.2.jar;C:\Users\Angel Hernandez\.m2\repository\com\fasterxml\jackson\core\jackson-annotations\2.19.2\jackson-annotations-2.19.2.jar;C:\Users\Angel Hernandez\.m2\repository\com\fasterxml\jackson\core\jackson-core\2.19.2\jackson-core-2.19.2.jar;C:\Users\Angel Hernandez\.m2\repository\com\fasterxml\jackson\datatype\jackson-datatype-jdk8\2.19.2\jackson-datatype-jdk8-2.19.2.jar;C:\Users\Angel Hernandez\.m2\repository\com\fasterxml\jackson\datatype\jackson-datatype-jsr310\2.19.2\jackson-datatype-jsr310-2.19.2.jar;C:\Users\Angel Hernandez\.m2\repository\com\fasterxml\jackson\module\jackson-module-parameter-names\2.19.2\jackson-module-parameter-names-2.19.2.jar;C:\Users\Angel Hernandez\.m2\repository\org\springframework\boot\spring-boot-starter-tomcat\3.5.4\spring-boot-starter-tomcat-3.5.4.jar;C:\Users\Angel Hernandez\.m2\repository\org\apache\tomcat\embed\tomcat-embed-core\10.1.43\tomcat-embed-core-10.1.43.jar;C:\Users\Angel Hernandez\.m2\repository\org\apache\tomcat\embed\tomcat-embed-websocket\10.1.43\tomcat-embed-websocket-10.1.43.jar;C:\Users\Angel Hernandez\.m2\repository\org\springframework\spring-web\6.2.9\spring-web-6.2.9.jar;C:\Users\Angel Hernandez\.m2\repository\io\micrometer\micrometer-observation\1.15.2\micrometer-observation-1.15.2.jar;C:\Users\Angel Hernandez\.m2\repository\io\micrometer\micrometer-commons\1.15.2\micrometer-commons-1.15.2.jar;C:\Users\Angel Hernandez\.m2\repository\org\springframework\spring-webmvc\6.2.9\spring-webmvc-6.2.9.jar;C:\Users\Angel Hernandez\.m2\repository\org\springframework\spring-expression\6.2.9\spring-expression-6.2.9.jar;C:\Users\Angel Hernandez\.m2\repository\org\springframework\boot\spring-boot-devtools\3.5.4\spring-boot-devtools-3.5.4.jar;C:\Users\Angel Hernandez\.m2\repository\org\springframework\boot\spring-boot\3.5.4\spring-boot-3.5.4.jar;C:\Users\Angel Hernandez\.m2\repository\org\springframework\boot\spring-boot-autoconfigure\3.5.4\spring-boot-autoconfigure-3.5.4.jar;C:\Users\Angel Hernandez\.m2\repository\com\mysql\mysql-connector-j\9.3.0\mysql-connector-j-9.3.0.jar;C:\Users\Angel Hernandez\.m2\repository\org\springframework\boot\spring-boot-starter-mail\3.5.4\spring-boot-starter-mail-3.5.4.jar;C:\Users\Angel Hernandez\.m2\repository\org\springframework\spring-context-support\6.2.9\spring-context-support-6.2.9.jar;C:\Users\Angel Hernandez\.m2\repository\org\eclipse\angus\jakarta.mail\2.0.3\jakarta.mail-2.0.3.jar;C:\Users\Angel Hernandez\.m2\repository\jakarta\activation\jakarta.activation-api\2.1.3\jakarta.activation-api-2.1.3.jar;C:\Users\Angel Hernandez\.m2\repository\org\eclipse\angus\angus-activation\2.0.2\angus-activation-2.0.2.jar;C:\Users\Angel Hernandez\.m2\repository\jakarta\xml\bind\jakarta.xml.bind-api\4.0.2\jakarta.xml.bind-api-4.0.2.jar;C:\Users\Angel Hernandez\.m2\repository\org\springframework\spring-core\6.2.9\spring-core-6.2.9.jar;C:\Users\Angel Hernandez\.m2\repository\org\springframework\spring-jcl\6.2.9\spring-jcl-6.2.9.jar;C:\Users\Angel Hernandez\Documents\proyecto-bachuco\proyecto-bachuco-arq-hexagonal\portalBachuco\core-application\target\classes;C:\Users\Angel Hernandez\Documents\proyecto-bachuco\proyecto-bachuco-arq-hexagonal\portalBachuco\core-domain\target\classes;C:\Users\Angel Hernandez\.m2\repository\jakarta\persistence\jakarta.persistence-api\3.1.0\jakarta.persistence-api-3.1.0.jar;C:\Users\Angel Hernandez\Documents\proyecto-bachuco\proyecto-bachuco-arq-hexagonal\portalBachuco\infrastructure\target\classes;C:\Users\Angel Hernandez\.m2\repository\org\springframework\boot\spring-boot-starter-security\3.5.4\spring-boot-starter-security-3.5.4.jar;C:\Users\Angel Hernandez\.m2\repository\org\springframework\security\spring-security-config\6.5.2\spring-security-config-6.5.2.jar;C:\Users\Angel Hernandez\.m2\repository\org\springframework\security\spring-security-core\6.5.2\spring-security-core-6.5.2.jar;C:\Users\Angel Hernandez\.m2\repository\org\springframework\security\spring-security-crypto\6.5.2\spring-security-crypto-6.5.2.jar;C:\Users\Angel Hernandez\.m2\repository\org\springframework\security\spring-security-web\6.5.2\spring-security-web-6.5.2.jar;C:\Users\Angel Hernandez\.m2\repository\com\itextpdf\kernel\8.0.3\kernel-8.0.3.jar;C:\Users\Angel Hernandez\.m2\repository\com\itextpdf\bouncy-castle-connector\8.0.3\bouncy-castle-connector-8.0.3.jar;C:\Users\Angel Hernandez\.m2\repository\com\itextpdf\layout\8.0.3\layout-8.0.3.jar;C:\Users\Angel Hernandez\.m2\repository\com\itextpdf\io\8.0.3\io-8.0.3.jar;C:\Users\Angel Hernandez\.m2\repository\com\itextpdf\commons\8.0.3\commons-8.0.3.jar;C:\Users\Angel Hernandez\.m2\repository\org\springframework\boot\spring-boot-starter-thymeleaf\3.5.4\spring-boot-starter-thymeleaf-3.5.4.jar;C:\Users\Angel Hernandez\.m2\repository\org\thymeleaf\thymeleaf-spring6\3.1.3.RELEASE\thymeleaf-spring6-3.1.3.RELEASE.jar;C:\Users\Angel Hernandez\.m2\repository\org\thymeleaf\thymeleaf\3.1.3.RELEASE\thymeleaf-3.1.3.RELEASE.jar;C:\Users\Angel Hernandez\.m2\repository\org\attoparser\attoparser\2.0.7.RELEASE\attoparser-2.0.7.RELEASE.jar;C:\Users\Angel Hernandez\.m2\repository\org\unbescape\unbescape\1.1.6.RELEASE\unbescape-1.1.6.RELEASE.jar;C:\Users\Angel Hernandez\.m2\repository\com\openhtmltopdf\openhtmltopdf-pdfbox\1.0.10\openhtmltopdf-pdfbox-1.0.10.jar;C:\Users\Angel Hernandez\.m2\repository\org\apache\pdfbox\pdfbox\2.0.24\pdfbox-2.0.24.jar;C:\Users\Angel Hernandez\.m2\repository\org\apache\pdfbox\fontbox\2.0.24\fontbox-2.0.24.jar;C:\Users\Angel Hernandez\.m2\repository\commons-logging\commons-logging\1.2\commons-logging-1.2.jar;C:\Users\Angel Hernandez\.m2\repository\org\apache\pdfbox\xmpbox\2.0.24\xmpbox-2.0.24.jar;C:\Users\Angel Hernandez\.m2\repository\com\openhtmltopdf\openhtmltopdf-core\1.0.10\openhtmltopdf-core-1.0.10.jar;C:\Users\Angel Hernandez\.m2\repository\de\rototor\pdfbox\graphics2d\0.32\graphics2d-0.32.jar;C:\Users\Angel Hernandez\.m2\repository\com\openhtmltopdf\openhtmltopdf-slf4j\1.0.10\openhtmltopdf-slf4j-1.0.10.jar;C:\Users\Angel Hernandez\.m2\repository\io\jsonwebtoken\jjwt-api\0.12.5\jjwt-api-0.12.5.jar;C:\Users\Angel Hernandez\.m2\repository\io\jsonwebtoken\jjwt-impl\0.12.5\jjwt-impl-0.12.5.jar;C:\Users\Angel Hernandez\.m2\repository\io\jsonwebtoken\jjwt-jackson\0.12.5\jjwt-jackson-0.12.5.jar
Launcher Type: SUN_STANDARD

[Global flags]
     intx CICompilerCount                          = 3                                         {product} {ergonomic}
     uint ConcGCThreads                            = 1                                         {product} {ergonomic}
     uint G1ConcRefinementThreads                  = 4                                         {product} {ergonomic}
   size_t G1HeapRegionSize                         = 2097152                                   {product} {ergonomic}
    uintx GCDrainStackTargetSize                   = 64                                        {product} {ergonomic}
   size_t InitialHeapSize                          = 268435456                                 {product} {ergonomic}
     bool ManagementServer                         = true                                      {product} {command line}
   size_t MarkStackSize                            = 4194304                                   {product} {ergonomic}
   size_t MaxHeapSize                              = 4269801472                                {product} {ergonomic}
   size_t MaxNewSize                               = 2560622592                                {product} {ergonomic}
   size_t MinHeapDeltaBytes                        = 2097152                                   {product} {ergonomic}
   size_t MinHeapSize                              = 8388608                                   {product} {ergonomic}
    uintx NonNMethodCodeHeapSize                   = 4096                                   {pd product} {ergonomic}
    uintx NonProfiledCodeHeapSize                  = 0                                      {pd product} {ergonomic}
     bool ProfileInterpreter                       = false                                  {pd product} {command line}
    uintx ProfiledCodeHeapSize                     = 0                                      {pd product} {ergonomic}
     bool ShowCodeDetailsInExceptionMessages       = true                                   {manageable} {command line}
   size_t SoftMaxHeapSize                          = 4269801472                             {manageable} {ergonomic}
     intx TieredStopAtLevel                        = 1                                         {product} {command line}
     bool UseCompressedOops                        = true                           {product lp64_product} {ergonomic}
     bool UseG1GC                                  = true                                      {product} {ergonomic}
     bool UseLargePagesIndividualAllocation        = false                                  {pd product} {ergonomic}

Logging:
Log output configuration:
 #0: stdout all=warning uptime,level,tags foldmultilines=false
 #1: stderr all=off uptime,level,tags foldmultilines=false

Environment Variables:
JAVA_HOME=C:\Users\Angel Hernandez\Documents\Jdks\jdk-17.0.2
PATH=C:\Users\Angel Hernandez\Documents\ides\sts-4.31.0.RELEASE\plugins\org.eclipse.justj.openjdk.hotspot.jre.full.win32.x86_64_21.0.7.v20250502-0916\jre\bin;C:/Users/Angel Hernandez/Documents/ides/sts-4.31.0.RELEASE//plugins/org.eclipse.justj.openjdk.hotspot.jre.full.win32.x86_64_21.0.7.v20250502-0916/jre/bin/server;C:/Users/Angel Hernandez/Documents/ides/sts-4.31.0.RELEASE//plugins/org.eclipse.justj.openjdk.hotspot.jre.full.win32.x86_64_21.0.7.v20250502-0916/jre/bin;C:\Windows\system32;C:\Windows;C:\Windows\System32\Wbem;C:\Windows\System32\WindowsPowerShell\v1.0\;C:\Windows\System32\OpenSSH\;C:\Program Files\Git\cmd;C:\Users\Angel Hernandez\Documents\Jdks\jdk-17.0.2\bin;C:\Program Files (x86)\Microsoft SQL Server\160\Tools\Binn\;C:\Program Files\Microsoft SQL Server\160\Tools\Binn\;C:\Program Files\Microsoft SQL Server\Client SDK\ODBC\170\Tools\Binn\;C:\Program Files\Microsoft SQL Server\160\DTS\Binn\;C:\apache-maven-3.9.11\bin;C:\Users\Angel Hernandez\AppData\Local\nvm;C:\nvm4w\nodejs;C:\Users\Angel Hernandez\AppData\Local\Microsoft\WindowsApps;C:\Users\Angel Hernandez\AppData\Local\Programs\Microsoft VS Code\bin;C:\Users\Angel Hernandez\Documents\Jdks\jdk-17.0.2\bin;C:\apache-maven-3.9.11\bin;C:\Users\Angel Hernandez\AppData\Local\nvm;C:\nvm4w\nodejs;C:\Users\Angel Hernandez\Documents\ides\sts-4.31.0.RELEASE;
USERNAME=Angel Hernandez
OS=Windows_NT
PROCESSOR_IDENTIFIER=Intel64 Family 6 Model 78 Stepping 3, GenuineIntel
TMP=C:\Users\ANGELH~1\AppData\Local\Temp
TEMP=C:\Users\ANGELH~1\AppData\Local\Temp




Periodic native trim disabled

---------------  S Y S T E M  ---------------

OS:
 Windows 11 , 64 bit Build 22621 (10.0.22621.3958)
OS uptime: 9 days 22:00 hours

CPU: total 4 (initial active 4) (2 cores per cpu, 2 threads per core) family 6 model 78 stepping 3 microcode 0xea, cx8, cmov, fxsr, ht, mmx, 3dnowpref, sse, sse2, sse3, ssse3, sse4.1, sse4.2, popcnt, lzcnt, tsc, tscinvbit, avx, avx2, aes, erms, clmul, bmi1, bmi2, adx, fma, vzeroupper, clflush, clflushopt, rdtscp, f16c
Processor Information for the first 4 processors :
  Max Mhz: 2400, Current Mhz: 2300, Mhz Limit: 2280

Memory: 4k page, system-wide physical 16280M (3796M free)
TotalPageFile size 32561M (AvailPageFile size 6617M)
current process WorkingSet (physical memory assigned to process): 388M, peak: 391M
current process commit charge ("private bytes"): 425M, peak: 432M

vm_info: OpenJDK 64-Bit Server VM (21.0.7+6-LTS) for windows-amd64 JRE (21.0.7+6-LTS), built on 2025-04-15T00:00:00Z by "admin" with MS VC++ 17.7 (VS2022)

END.
